CRITICAL - 2020-12-21 01:45:48 --> Undefined variable: username
#0 E:\rakatu_Fix\app\Controllers\Dashboard.php(337): CodeIgniter\Debug\Exceptions->errorHandler(8, 'Undefined varia...', 'E:\\rakatu_Fix\\a...', 337, Array)
#1 E:\rakatu_Fix\system\CodeIgniter.php(921): App\Controllers\Dashboard->materihomeadmin()
#2 E:\rakatu_Fix\system\CodeIgniter.php(407): CodeIgniter\CodeIgniter->runController(Object(App\Controllers\Dashboard))
#3 E:\rakatu_Fix\system\CodeIgniter.php(315): CodeIgniter\CodeIgniter->handleRequest(NULL, Object(Config\Cache), false)
#4 E:\rakatu_Fix\public\index.php(45): CodeIgniter\CodeIgniter->run()
#5 E:\rakatu_Fix\system\Commands\Server\rewrite.php(34): require_once('E:\\rakatu_Fix\\p...')
#6 {main}
CRITICAL - 2020-12-21 01:46:39 --> Undefined variable: foto
#0 E:\rakatu_Fix\app\Views\template_admin.php(61): CodeIgniter\Debug\Exceptions->errorHandler(8, 'Undefined varia...', 'E:\\rakatu_Fix\\a...', 61, Array)
#1 E:\rakatu_Fix\system\View\View.php(246): include('E:\\rakatu_Fix\\a...')
#2 E:\rakatu_Fix\system\View\View.php(257): CodeIgniter\View\View->render('template_admin', Array, true)
#3 E:\rakatu_Fix\system\Common.php(1119): CodeIgniter\View\View->render('content_home_ad...', Array, true)
#4 E:\rakatu_Fix\app\Controllers\Dashboard.php(338): view('content_home_ad...', Array)
#5 E:\rakatu_Fix\system\CodeIgniter.php(921): App\Controllers\Dashboard->materihomeadmin()
#6 E:\rakatu_Fix\system\CodeIgniter.php(407): CodeIgniter\CodeIgniter->runController(Object(App\Controllers\Dashboard))
#7 E:\rakatu_Fix\system\CodeIgniter.php(315): CodeIgniter\CodeIgniter->handleRequest(NULL, Object(Config\Cache), false)
#8 E:\rakatu_Fix\public\index.php(45): CodeIgniter\CodeIgniter->run()
#9 E:\rakatu_Fix\system\Commands\Server\rewrite.php(34): require_once('E:\\rakatu_Fix\\p...')
#10 {main}
CRITICAL - 2020-12-21 01:47:56 --> Undefined variable: foto
#0 E:\rakatu_Fix\app\Views\template_admin.php(61): CodeIgniter\Debug\Exceptions->errorHandler(8, 'Undefined varia...', 'E:\\rakatu_Fix\\a...', 61, Array)
#1 E:\rakatu_Fix\system\View\View.php(246): include('E:\\rakatu_Fix\\a...')
#2 E:\rakatu_Fix\system\View\View.php(257): CodeIgniter\View\View->render('template_admin', Array, true)
#3 E:\rakatu_Fix\system\Common.php(1119): CodeIgniter\View\View->render('content_home_ad...', Array, true)
#4 E:\rakatu_Fix\app\Controllers\Dashboard.php(338): view('content_home_ad...', Array)
#5 E:\rakatu_Fix\system\CodeIgniter.php(921): App\Controllers\Dashboard->materihomeadmin()
#6 E:\rakatu_Fix\system\CodeIgniter.php(407): CodeIgniter\CodeIgniter->runController(Object(App\Controllers\Dashboard))
#7 E:\rakatu_Fix\system\CodeIgniter.php(315): CodeIgniter\CodeIgniter->handleRequest(NULL, Object(Config\Cache), false)
#8 E:\rakatu_Fix\public\index.php(45): CodeIgniter\CodeIgniter->run()
#9 E:\rakatu_Fix\system\Commands\Server\rewrite.php(34): require_once('E:\\rakatu_Fix\\p...')
#10 {main}
CRITICAL - 2020-12-21 01:50:33 --> Undefined variable: foto
#0 E:\rakatu_Fix\app\Views\template_admin.php(61): CodeIgniter\Debug\Exceptions->errorHandler(8, 'Undefined varia...', 'E:\\rakatu_Fix\\a...', 61, Array)
#1 E:\rakatu_Fix\system\View\View.php(246): include('E:\\rakatu_Fix\\a...')
#2 E:\rakatu_Fix\system\View\View.php(257): CodeIgniter\View\View->render('template_admin', Array, true)
#3 E:\rakatu_Fix\system\Common.php(1119): CodeIgniter\View\View->render('content_home_ad...', Array, true)
#4 E:\rakatu_Fix\app\Controllers\Dashboard.php(338): view('content_home_ad...', Array)
#5 E:\rakatu_Fix\system\CodeIgniter.php(921): App\Controllers\Dashboard->materihomeadmin()
#6 E:\rakatu_Fix\system\CodeIgniter.php(407): CodeIgniter\CodeIgniter->runController(Object(App\Controllers\Dashboard))
#7 E:\rakatu_Fix\system\CodeIgniter.php(315): CodeIgniter\CodeIgniter->handleRequest(NULL, Object(Config\Cache), false)
#8 E:\rakatu_Fix\public\index.php(45): CodeIgniter\CodeIgniter->run()
#9 E:\rakatu_Fix\system\Commands\Server\rewrite.php(34): require_once('E:\\rakatu_Fix\\p...')
#10 {main}
CRITICAL - 2020-12-21 01:52:40 --> Undefined variable: foto
#0 E:\rakatu_Fix\app\Views\template_admin.php(61): CodeIgniter\Debug\Exceptions->errorHandler(8, 'Undefined varia...', 'E:\\rakatu_Fix\\a...', 61, Array)
#1 E:\rakatu_Fix\system\View\View.php(246): include('E:\\rakatu_Fix\\a...')
#2 E:\rakatu_Fix\system\View\View.php(257): CodeIgniter\View\View->render('template_admin', Array, true)
#3 E:\rakatu_Fix\system\Common.php(1119): CodeIgniter\View\View->render('content_home_ad...', Array, true)
#4 E:\rakatu_Fix\app\Controllers\Dashboard.php(338): view('content_home_ad...', Array)
#5 E:\rakatu_Fix\system\CodeIgniter.php(921): App\Controllers\Dashboard->materihomeadmin()
#6 E:\rakatu_Fix\system\CodeIgniter.php(407): CodeIgniter\CodeIgniter->runController(Object(App\Controllers\Dashboard))
#7 E:\rakatu_Fix\system\CodeIgniter.php(315): CodeIgniter\CodeIgniter->handleRequest(NULL, Object(Config\Cache), false)
#8 E:\rakatu_Fix\public\index.php(45): CodeIgniter\CodeIgniter->run()
#9 E:\rakatu_Fix\system\Commands\Server\rewrite.php(34): require_once('E:\\rakatu_Fix\\p...')
#10 {main}
CRITICAL - 2020-12-21 01:56:53 --> Undefined variable: foto
#0 E:\rakatu_Fix\app\Views\template_admin.php(61): CodeIgniter\Debug\Exceptions->errorHandler(8, 'Undefined varia...', 'E:\\rakatu_Fix\\a...', 61, Array)
#1 E:\rakatu_Fix\system\View\View.php(246): include('E:\\rakatu_Fix\\a...')
#2 E:\rakatu_Fix\system\View\View.php(257): CodeIgniter\View\View->render('template_admin', Array, true)
#3 E:\rakatu_Fix\system\Common.php(1119): CodeIgniter\View\View->render('content_home_ad...', Array, true)
#4 E:\rakatu_Fix\app\Controllers\Dashboard.php(338): view('content_home_ad...', Array)
#5 E:\rakatu_Fix\system\CodeIgniter.php(921): App\Controllers\Dashboard->materihomeadmin()
#6 E:\rakatu_Fix\system\CodeIgniter.php(407): CodeIgniter\CodeIgniter->runController(Object(App\Controllers\Dashboard))
#7 E:\rakatu_Fix\system\CodeIgniter.php(315): CodeIgniter\CodeIgniter->handleRequest(NULL, Object(Config\Cache), false)
#8 E:\rakatu_Fix\public\index.php(45): CodeIgniter\CodeIgniter->run()
#9 E:\rakatu_Fix\system\Commands\Server\rewrite.php(34): require_once('E:\\rakatu_Fix\\p...')
#10 {main}
CRITICAL - 2020-12-21 01:57:17 --> Undefined variable: foto
#0 E:\rakatu_Fix\app\Views\template_admin.php(61): CodeIgniter\Debug\Exceptions->errorHandler(8, 'Undefined varia...', 'E:\\rakatu_Fix\\a...', 61, Array)
#1 E:\rakatu_Fix\system\View\View.php(246): include('E:\\rakatu_Fix\\a...')
#2 E:\rakatu_Fix\system\View\View.php(257): CodeIgniter\View\View->render('template_admin', Array, true)
#3 E:\rakatu_Fix\system\Common.php(1119): CodeIgniter\View\View->render('content_home_ad...', Array, true)
#4 E:\rakatu_Fix\app\Controllers\Dashboard.php(338): view('content_home_ad...', Array)
#5 E:\rakatu_Fix\system\CodeIgniter.php(921): App\Controllers\Dashboard->materihomeadmin()
#6 E:\rakatu_Fix\system\CodeIgniter.php(407): CodeIgniter\CodeIgniter->runController(Object(App\Controllers\Dashboard))
#7 E:\rakatu_Fix\system\CodeIgniter.php(315): CodeIgniter\CodeIgniter->handleRequest(NULL, Object(Config\Cache), false)
#8 E:\rakatu_Fix\public\index.php(45): CodeIgniter\CodeIgniter->run()
#9 E:\rakatu_Fix\system\Commands\Server\rewrite.php(34): require_once('E:\\rakatu_Fix\\p...')
#10 {main}
CRITICAL - 2020-12-21 01:59:08 --> Undefined variable: foto
#0 E:\rakatu_Fix\app\Views\template_admin.php(61): CodeIgniter\Debug\Exceptions->errorHandler(8, 'Undefined varia...', 'E:\\rakatu_Fix\\a...', 61, Array)
#1 E:\rakatu_Fix\system\View\View.php(246): include('E:\\rakatu_Fix\\a...')
#2 E:\rakatu_Fix\system\View\View.php(257): CodeIgniter\View\View->render('template_admin', Array, true)
#3 E:\rakatu_Fix\system\Common.php(1119): CodeIgniter\View\View->render('content_home_ad...', Array, true)
#4 E:\rakatu_Fix\app\Controllers\Dashboard.php(338): view('content_home_ad...', Array)
#5 E:\rakatu_Fix\system\CodeIgniter.php(921): App\Controllers\Dashboard->materihomeadmin()
#6 E:\rakatu_Fix\system\CodeIgniter.php(407): CodeIgniter\CodeIgniter->runController(Object(App\Controllers\Dashboard))
#7 E:\rakatu_Fix\system\CodeIgniter.php(315): CodeIgniter\CodeIgniter->handleRequest(NULL, Object(Config\Cache), false)
#8 E:\rakatu_Fix\public\index.php(45): CodeIgniter\CodeIgniter->run()
#9 E:\rakatu_Fix\system\Commands\Server\rewrite.php(34): require_once('E:\\rakatu_Fix\\p...')
#10 {main}
CRITICAL - 2020-12-21 02:00:03 --> Undefined variable: username
#0 E:\rakatu_Fix\app\Controllers\Dashboard.php(337): CodeIgniter\Debug\Exceptions->errorHandler(8, 'Undefined varia...', 'E:\\rakatu_Fix\\a...', 337, Array)
#1 E:\rakatu_Fix\system\CodeIgniter.php(921): App\Controllers\Dashboard->materihomeadmin()
#2 E:\rakatu_Fix\system\CodeIgniter.php(407): CodeIgniter\CodeIgniter->runController(Object(App\Controllers\Dashboard))
#3 E:\rakatu_Fix\system\CodeIgniter.php(315): CodeIgniter\CodeIgniter->handleRequest(NULL, Object(Config\Cache), false)
#4 E:\rakatu_Fix\public\index.php(45): CodeIgniter\CodeIgniter->run()
#5 E:\rakatu_Fix\system\Commands\Server\rewrite.php(34): require_once('E:\\rakatu_Fix\\p...')
#6 {main}
CRITICAL - 2020-12-21 02:00:21 --> Undefined variable: nama
#0 E:\rakatu_Fix\app\Controllers\Dashboard.php(337): CodeIgniter\Debug\Exceptions->errorHandler(8, 'Undefined varia...', 'E:\\rakatu_Fix\\a...', 337, Array)
#1 E:\rakatu_Fix\system\CodeIgniter.php(921): App\Controllers\Dashboard->materihomeadmin()
#2 E:\rakatu_Fix\system\CodeIgniter.php(407): CodeIgniter\CodeIgniter->runController(Object(App\Controllers\Dashboard))
#3 E:\rakatu_Fix\system\CodeIgniter.php(315): CodeIgniter\CodeIgniter->handleRequest(NULL, Object(Config\Cache), false)
#4 E:\rakatu_Fix\public\index.php(45): CodeIgniter\CodeIgniter->run()
#5 E:\rakatu_Fix\system\Commands\Server\rewrite.php(34): require_once('E:\\rakatu_Fix\\p...')
#6 {main}
CRITICAL - 2020-12-21 02:00:42 --> Undefined variable: foto
#0 E:\rakatu_Fix\app\Views\template_admin.php(61): CodeIgniter\Debug\Exceptions->errorHandler(8, 'Undefined varia...', 'E:\\rakatu_Fix\\a...', 61, Array)
#1 E:\rakatu_Fix\system\View\View.php(246): include('E:\\rakatu_Fix\\a...')
#2 E:\rakatu_Fix\system\View\View.php(257): CodeIgniter\View\View->render('template_admin', Array, true)
#3 E:\rakatu_Fix\system\Common.php(1119): CodeIgniter\View\View->render('content_home_ad...', Array, true)
#4 E:\rakatu_Fix\app\Controllers\Dashboard.php(338): view('content_home_ad...', Array)
#5 E:\rakatu_Fix\system\CodeIgniter.php(921): App\Controllers\Dashboard->materihomeadmin()
#6 E:\rakatu_Fix\system\CodeIgniter.php(407): CodeIgniter\CodeIgniter->runController(Object(App\Controllers\Dashboard))
#7 E:\rakatu_Fix\system\CodeIgniter.php(315): CodeIgniter\CodeIgniter->handleRequest(NULL, Object(Config\Cache), false)
#8 E:\rakatu_Fix\public\index.php(45): CodeIgniter\CodeIgniter->run()
#9 E:\rakatu_Fix\system\Commands\Server\rewrite.php(34): require_once('E:\\rakatu_Fix\\p...')
#10 {main}
CRITICAL - 2020-12-21 02:01:06 --> Undefined variable: foto
#0 E:\rakatu_Fix\app\Views\template_admin.php(61): CodeIgniter\Debug\Exceptions->errorHandler(8, 'Undefined varia...', 'E:\\rakatu_Fix\\a...', 61, Array)
#1 E:\rakatu_Fix\system\View\View.php(246): include('E:\\rakatu_Fix\\a...')
#2 E:\rakatu_Fix\system\View\View.php(257): CodeIgniter\View\View->render('template_admin', Array, true)
#3 E:\rakatu_Fix\system\Common.php(1119): CodeIgniter\View\View->render('content_home_ad...', Array, true)
#4 E:\rakatu_Fix\app\Controllers\Dashboard.php(338): view('content_home_ad...', Array)
#5 E:\rakatu_Fix\system\CodeIgniter.php(921): App\Controllers\Dashboard->materihomeadmin()
#6 E:\rakatu_Fix\system\CodeIgniter.php(407): CodeIgniter\CodeIgniter->runController(Object(App\Controllers\Dashboard))
#7 E:\rakatu_Fix\system\CodeIgniter.php(315): CodeIgniter\CodeIgniter->handleRequest(NULL, Object(Config\Cache), false)
#8 E:\rakatu_Fix\public\index.php(45): CodeIgniter\CodeIgniter->run()
#9 E:\rakatu_Fix\system\Commands\Server\rewrite.php(34): require_once('E:\\rakatu_Fix\\p...')
#10 {main}
CRITICAL - 2020-12-21 02:01:09 --> Undefined variable: foto
#0 E:\rakatu_Fix\app\Views\template_admin.php(61): CodeIgniter\Debug\Exceptions->errorHandler(8, 'Undefined varia...', 'E:\\rakatu_Fix\\a...', 61, Array)
#1 E:\rakatu_Fix\system\View\View.php(246): include('E:\\rakatu_Fix\\a...')
#2 E:\rakatu_Fix\system\View\View.php(257): CodeIgniter\View\View->render('template_admin', Array, true)
#3 E:\rakatu_Fix\system\Common.php(1119): CodeIgniter\View\View->render('content_home_ad...', Array, true)
#4 E:\rakatu_Fix\app\Controllers\Dashboard.php(338): view('content_home_ad...', Array)
#5 E:\rakatu_Fix\system\CodeIgniter.php(921): App\Controllers\Dashboard->materihomeadmin()
#6 E:\rakatu_Fix\system\CodeIgniter.php(407): CodeIgniter\CodeIgniter->runController(Object(App\Controllers\Dashboard))
#7 E:\rakatu_Fix\system\CodeIgniter.php(315): CodeIgniter\CodeIgniter->handleRequest(NULL, Object(Config\Cache), false)
#8 E:\rakatu_Fix\public\index.php(45): CodeIgniter\CodeIgniter->run()
#9 E:\rakatu_Fix\system\Commands\Server\rewrite.php(34): require_once('E:\\rakatu_Fix\\p...')
#10 {main}
CRITICAL - 2020-12-21 02:01:15 --> Undefined variable: foto
#0 E:\rakatu_Fix\app\Views\template_admin.php(61): CodeIgniter\Debug\Exceptions->errorHandler(8, 'Undefined varia...', 'E:\\rakatu_Fix\\a...', 61, Array)
#1 E:\rakatu_Fix\system\View\View.php(246): include('E:\\rakatu_Fix\\a...')
#2 E:\rakatu_Fix\system\View\View.php(257): CodeIgniter\View\View->render('template_admin', Array, true)
#3 E:\rakatu_Fix\system\Common.php(1119): CodeIgniter\View\View->render('content_home_ad...', Array, true)
#4 E:\rakatu_Fix\app\Controllers\Dashboard.php(338): view('content_home_ad...', Array)
#5 E:\rakatu_Fix\system\CodeIgniter.php(921): App\Controllers\Dashboard->materihomeadmin()
#6 E:\rakatu_Fix\system\CodeIgniter.php(407): CodeIgniter\CodeIgniter->runController(Object(App\Controllers\Dashboard))
#7 E:\rakatu_Fix\system\CodeIgniter.php(315): CodeIgniter\CodeIgniter->handleRequest(NULL, Object(Config\Cache), false)
#8 E:\rakatu_Fix\public\index.php(45): CodeIgniter\CodeIgniter->run()
#9 E:\rakatu_Fix\system\Commands\Server\rewrite.php(34): require_once('E:\\rakatu_Fix\\p...')
#10 {main}
CRITICAL - 2020-12-21 02:02:18 --> Undefined variable: foto
#0 E:\rakatu_Fix\app\Views\template_admin.php(61): CodeIgniter\Debug\Exceptions->errorHandler(8, 'Undefined varia...', 'E:\\rakatu_Fix\\a...', 61, Array)
#1 E:\rakatu_Fix\system\View\View.php(246): include('E:\\rakatu_Fix\\a...')
#2 E:\rakatu_Fix\system\View\View.php(257): CodeIgniter\View\View->render('template_admin', Array, true)
#3 E:\rakatu_Fix\system\Common.php(1119): CodeIgniter\View\View->render('content_home_ad...', Array, true)
#4 E:\rakatu_Fix\app\Controllers\Dashboard.php(341): view('content_home_ad...', Array)
#5 E:\rakatu_Fix\system\CodeIgniter.php(921): App\Controllers\Dashboard->materihomeadmin()
#6 E:\rakatu_Fix\system\CodeIgniter.php(407): CodeIgniter\CodeIgniter->runController(Object(App\Controllers\Dashboard))
#7 E:\rakatu_Fix\system\CodeIgniter.php(315): CodeIgniter\CodeIgniter->handleRequest(NULL, Object(Config\Cache), false)
#8 E:\rakatu_Fix\public\index.php(45): CodeIgniter\CodeIgniter->run()
#9 E:\rakatu_Fix\system\Commands\Server\rewrite.php(34): require_once('E:\\rakatu_Fix\\p...')
#10 {main}
CRITICAL - 2020-12-21 02:02:22 --> Undefined variable: foto
#0 E:\rakatu_Fix\app\Views\template_admin.php(61): CodeIgniter\Debug\Exceptions->errorHandler(8, 'Undefined varia...', 'E:\\rakatu_Fix\\a...', 61, Array)
#1 E:\rakatu_Fix\system\View\View.php(246): include('E:\\rakatu_Fix\\a...')
#2 E:\rakatu_Fix\system\View\View.php(257): CodeIgniter\View\View->render('template_admin', Array, true)
#3 E:\rakatu_Fix\system\Common.php(1119): CodeIgniter\View\View->render('content_home_ad...', Array, true)
#4 E:\rakatu_Fix\app\Controllers\Dashboard.php(341): view('content_home_ad...', Array)
#5 E:\rakatu_Fix\system\CodeIgniter.php(921): App\Controllers\Dashboard->materihomeadmin()
#6 E:\rakatu_Fix\system\CodeIgniter.php(407): CodeIgniter\CodeIgniter->runController(Object(App\Controllers\Dashboard))
#7 E:\rakatu_Fix\system\CodeIgniter.php(315): CodeIgniter\CodeIgniter->handleRequest(NULL, Object(Config\Cache), false)
#8 E:\rakatu_Fix\public\index.php(45): CodeIgniter\CodeIgniter->run()
#9 E:\rakatu_Fix\system\Commands\Server\rewrite.php(34): require_once('E:\\rakatu_Fix\\p...')
#10 {main}
CRITICAL - 2020-12-21 07:39:40 --> Undefined variable: foto
#0 E:\rakatu_Fix\app\Views\template.php(64): CodeIgniter\Debug\Exceptions->errorHandler(8, 'Undefined varia...', 'E:\\rakatu_Fix\\a...', 64, Array)
#1 E:\rakatu_Fix\system\View\View.php(246): include('E:\\rakatu_Fix\\a...')
#2 E:\rakatu_Fix\system\View\View.php(257): CodeIgniter\View\View->render('template', Array, true)
#3 E:\rakatu_Fix\system\Common.php(1119): CodeIgniter\View\View->render('menu_user_v', Array, true)
#4 E:\rakatu_Fix\app\Controllers\Dashboard.php(208): view('menu_user_v', Array)
#5 E:\rakatu_Fix\system\CodeIgniter.php(921): App\Controllers\Dashboard->menuuser()
#6 E:\rakatu_Fix\system\CodeIgniter.php(407): CodeIgniter\CodeIgniter->runController(Object(App\Controllers\Dashboard))
#7 E:\rakatu_Fix\system\CodeIgniter.php(315): CodeIgniter\CodeIgniter->handleRequest(NULL, Object(Config\Cache), false)
#8 E:\rakatu_Fix\public\index.php(45): CodeIgniter\CodeIgniter->run()
#9 E:\rakatu_Fix\system\Commands\Server\rewrite.php(34): require_once('E:\\rakatu_Fix\\p...')
#10 {main}
CRITICAL - 2020-12-21 07:43:21 --> Undefined variable: foto
#0 E:\rakatu_Fix\app\Views\template.php(64): CodeIgniter\Debug\Exceptions->errorHandler(8, 'Undefined varia...', 'E:\\rakatu_Fix\\a...', 64, Array)
#1 E:\rakatu_Fix\system\View\View.php(246): include('E:\\rakatu_Fix\\a...')
#2 E:\rakatu_Fix\system\View\View.php(257): CodeIgniter\View\View->render('template', Array, true)
#3 E:\rakatu_Fix\system\Common.php(1119): CodeIgniter\View\View->render('menu_user_v', Array, true)
#4 E:\rakatu_Fix\app\Controllers\Dashboard.php(208): view('menu_user_v', Array)
#5 E:\rakatu_Fix\system\CodeIgniter.php(921): App\Controllers\Dashboard->menuuser()
#6 E:\rakatu_Fix\system\CodeIgniter.php(407): CodeIgniter\CodeIgniter->runController(Object(App\Controllers\Dashboard))
#7 E:\rakatu_Fix\system\CodeIgniter.php(315): CodeIgniter\CodeIgniter->handleRequest(NULL, Object(Config\Cache), false)
#8 E:\rakatu_Fix\public\index.php(45): CodeIgniter\CodeIgniter->run()
#9 E:\rakatu_Fix\system\Commands\Server\rewrite.php(34): require_once('E:\\rakatu_Fix\\p...')
#10 {main}
CRITICAL - 2020-12-21 07:56:55 --> Undefined variable: nama
#0 E:\rakatu_Fix\app\Controllers\Dashboard.php(202): CodeIgniter\Debug\Exceptions->errorHandler(8, 'Undefined varia...', 'E:\\rakatu_Fix\\a...', 202, Array)
#1 E:\rakatu_Fix\system\CodeIgniter.php(921): App\Controllers\Dashboard->menuuser()
#2 E:\rakatu_Fix\system\CodeIgniter.php(407): CodeIgniter\CodeIgniter->runController(Object(App\Controllers\Dashboard))
#3 E:\rakatu_Fix\system\CodeIgniter.php(315): CodeIgniter\CodeIgniter->handleRequest(NULL, Object(Config\Cache), false)
#4 E:\rakatu_Fix\public\index.php(45): CodeIgniter\CodeIgniter->run()
#5 E:\rakatu_Fix\system\Commands\Server\rewrite.php(34): require_once('E:\\rakatu_Fix\\p...')
#6 {main}
CRITICAL - 2020-12-21 08:26:39 --> Table 'rakatu.users' doesn't exist
#0 E:\rakatu_Fix\system\Database\MySQLi\Connection.php(331): mysqli->query('SELECT *\nFROM `...')
#1 E:\rakatu_Fix\system\Database\BaseConnection.php(741): CodeIgniter\Database\MySQLi\Connection->execute('SELECT *\nFROM `...')
#2 E:\rakatu_Fix\system\Database\BaseConnection.php(669): CodeIgniter\Database\BaseConnection->simpleQuery('SELECT *\nFROM `...')
#3 E:\rakatu_Fix\system\Database\BaseBuilder.php(1860): CodeIgniter\Database\BaseConnection->query('SELECT *\nFROM `...', Array, false)
#4 E:\rakatu_Fix\system\Model.php(404): CodeIgniter\Database\BaseBuilder->get()
#5 E:\rakatu_Fix\vendor\myth\auth\src\Authentication\AuthenticationBase.php(137): CodeIgniter\Model->find(true)
#6 E:\rakatu_Fix\vendor\myth\auth\src\Authentication\LocalAuthenticator.php(70): Myth\Auth\Authentication\AuthenticationBase->isLoggedIn()
#7 E:\rakatu_Fix\vendor\myth\auth\src\Filters\LoginFilter.php(44): Myth\Auth\Authentication\LocalAuthenticator->check()
#8 E:\rakatu_Fix\system\Filters\Filters.php(173): Myth\Auth\Filters\LoginFilter->before(Object(CodeIgniter\HTTP\IncomingRequest), NULL)
#9 E:\rakatu_Fix\system\CodeIgniter.php(385): CodeIgniter\Filters\Filters->run('Materi/menu', 'before')
#10 E:\rakatu_Fix\system\CodeIgniter.php(315): CodeIgniter\CodeIgniter->handleRequest(NULL, Object(Config\Cache), false)
#11 E:\rakatu_Fix\public\index.php(45): CodeIgniter\CodeIgniter->run()
#12 E:\rakatu_Fix\system\Commands\Server\rewrite.php(34): require_once('E:\\rakatu_Fix\\p...')
#13 {main}
CRITICAL - 2020-12-21 08:28:02 --> Table 'rakatu.users' doesn't exist
#0 E:\rakatu_Fix\system\Database\MySQLi\Connection.php(331): mysqli->query('SELECT *\nFROM `...')
#1 E:\rakatu_Fix\system\Database\BaseConnection.php(741): CodeIgniter\Database\MySQLi\Connection->execute('SELECT *\nFROM `...')
#2 E:\rakatu_Fix\system\Database\BaseConnection.php(669): CodeIgniter\Database\BaseConnection->simpleQuery('SELECT *\nFROM `...')
#3 E:\rakatu_Fix\system\Database\BaseBuilder.php(1860): CodeIgniter\Database\BaseConnection->query('SELECT *\nFROM `...', Array, false)
#4 E:\rakatu_Fix\system\Model.php(404): CodeIgniter\Database\BaseBuilder->get()
#5 E:\rakatu_Fix\vendor\myth\auth\src\Authentication\AuthenticationBase.php(137): CodeIgniter\Model->find(true)
#6 E:\rakatu_Fix\vendor\myth\auth\src\Authentication\LocalAuthenticator.php(70): Myth\Auth\Authentication\AuthenticationBase->isLoggedIn()
#7 E:\rakatu_Fix\vendor\myth\auth\src\Filters\LoginFilter.php(44): Myth\Auth\Authentication\LocalAuthenticator->check()
#8 E:\rakatu_Fix\system\Filters\Filters.php(173): Myth\Auth\Filters\LoginFilter->before(Object(CodeIgniter\HTTP\IncomingRequest), NULL)
#9 E:\rakatu_Fix\system\CodeIgniter.php(385): CodeIgniter\Filters\Filters->run('Materi/menu', 'before')
#10 E:\rakatu_Fix\system\CodeIgniter.php(315): CodeIgniter\CodeIgniter->handleRequest(NULL, Object(Config\Cache), false)
#11 E:\rakatu_Fix\public\index.php(45): CodeIgniter\CodeIgniter->run()
#12 E:\rakatu_Fix\system\Commands\Server\rewrite.php(34): require_once('E:\\rakatu_Fix\\p...')
#13 {main}
CRITICAL - 2020-12-21 08:29:11 --> Table 'rakatu.users' doesn't exist
#0 E:\rakatu_Fix\system\Database\MySQLi\Connection.php(331): mysqli->query('SELECT *\nFROM `...')
#1 E:\rakatu_Fix\system\Database\BaseConnection.php(741): CodeIgniter\Database\MySQLi\Connection->execute('SELECT *\nFROM `...')
#2 E:\rakatu_Fix\system\Database\BaseConnection.php(669): CodeIgniter\Database\BaseConnection->simpleQuery('SELECT *\nFROM `...')
#3 E:\rakatu_Fix\system\Database\BaseBuilder.php(1860): CodeIgniter\Database\BaseConnection->query('SELECT *\nFROM `...', Array, false)
#4 E:\rakatu_Fix\system\Model.php(404): CodeIgniter\Database\BaseBuilder->get()
#5 E:\rakatu_Fix\vendor\myth\auth\src\Authentication\AuthenticationBase.php(137): CodeIgniter\Model->find(true)
#6 E:\rakatu_Fix\vendor\myth\auth\src\Authentication\LocalAuthenticator.php(70): Myth\Auth\Authentication\AuthenticationBase->isLoggedIn()
#7 E:\rakatu_Fix\vendor\myth\auth\src\Filters\LoginFilter.php(44): Myth\Auth\Authentication\LocalAuthenticator->check()
#8 E:\rakatu_Fix\system\Filters\Filters.php(173): Myth\Auth\Filters\LoginFilter->before(Object(CodeIgniter\HTTP\IncomingRequest), NULL)
#9 E:\rakatu_Fix\system\CodeIgniter.php(385): CodeIgniter\Filters\Filters->run('Materi/menu', 'before')
#10 E:\rakatu_Fix\system\CodeIgniter.php(315): CodeIgniter\CodeIgniter->handleRequest(NULL, Object(Config\Cache), false)
#11 E:\rakatu_Fix\public\index.php(45): CodeIgniter\CodeIgniter->run()
#12 E:\rakatu_Fix\system\Commands\Server\rewrite.php(34): require_once('E:\\rakatu_Fix\\p...')
#13 {main}
CRITICAL - 2020-12-21 08:34:10 --> Table 'rakatu.users' doesn't exist
#0 E:\rakatu_Fix\system\Database\MySQLi\Connection.php(331): mysqli->query('SELECT *\nFROM `...')
#1 E:\rakatu_Fix\system\Database\BaseConnection.php(741): CodeIgniter\Database\MySQLi\Connection->execute('SELECT *\nFROM `...')
#2 E:\rakatu_Fix\system\Database\BaseConnection.php(669): CodeIgniter\Database\BaseConnection->simpleQuery('SELECT *\nFROM `...')
#3 E:\rakatu_Fix\system\Database\BaseBuilder.php(1860): CodeIgniter\Database\BaseConnection->query('SELECT *\nFROM `...', Array, false)
#4 E:\rakatu_Fix\system\Model.php(404): CodeIgniter\Database\BaseBuilder->get()
#5 E:\rakatu_Fix\vendor\myth\auth\src\Authentication\AuthenticationBase.php(137): CodeIgniter\Model->find(true)
#6 E:\rakatu_Fix\vendor\myth\auth\src\Authentication\LocalAuthenticator.php(70): Myth\Auth\Authentication\AuthenticationBase->isLoggedIn()
#7 E:\rakatu_Fix\vendor\myth\auth\src\Filters\LoginFilter.php(44): Myth\Auth\Authentication\LocalAuthenticator->check()
#8 E:\rakatu_Fix\system\Filters\Filters.php(173): Myth\Auth\Filters\LoginFilter->before(Object(CodeIgniter\HTTP\IncomingRequest), NULL)
#9 E:\rakatu_Fix\system\CodeIgniter.php(385): CodeIgniter\Filters\Filters->run('Materi/menu', 'before')
#10 E:\rakatu_Fix\system\CodeIgniter.php(315): CodeIgniter\CodeIgniter->handleRequest(NULL, Object(Config\Cache), false)
#11 E:\rakatu_Fix\public\index.php(45): CodeIgniter\CodeIgniter->run()
#12 E:\rakatu_Fix\system\Commands\Server\rewrite.php(34): require_once('E:\\rakatu_Fix\\p...')
#13 {main}
CRITICAL - 2020-12-21 08:34:14 --> Table 'rakatu.users' doesn't exist
#0 E:\rakatu_Fix\system\Database\MySQLi\Connection.php(331): mysqli->query('SELECT *\nFROM `...')
#1 E:\rakatu_Fix\system\Database\BaseConnection.php(741): CodeIgniter\Database\MySQLi\Connection->execute('SELECT *\nFROM `...')
#2 E:\rakatu_Fix\system\Database\BaseConnection.php(669): CodeIgniter\Database\BaseConnection->simpleQuery('SELECT *\nFROM `...')
#3 E:\rakatu_Fix\system\Database\BaseBuilder.php(1860): CodeIgniter\Database\BaseConnection->query('SELECT *\nFROM `...', Array, false)
#4 E:\rakatu_Fix\system\Model.php(404): CodeIgniter\Database\BaseBuilder->get()
#5 E:\rakatu_Fix\vendor\myth\auth\src\Authentication\AuthenticationBase.php(137): CodeIgniter\Model->find(true)
#6 E:\rakatu_Fix\vendor\myth\auth\src\Authentication\LocalAuthenticator.php(70): Myth\Auth\Authentication\AuthenticationBase->isLoggedIn()
#7 E:\rakatu_Fix\vendor\myth\auth\src\Filters\LoginFilter.php(44): Myth\Auth\Authentication\LocalAuthenticator->check()
#8 E:\rakatu_Fix\system\Filters\Filters.php(173): Myth\Auth\Filters\LoginFilter->before(Object(CodeIgniter\HTTP\IncomingRequest), NULL)
#9 E:\rakatu_Fix\system\CodeIgniter.php(385): CodeIgniter\Filters\Filters->run('Materi/menu', 'before')
#10 E:\rakatu_Fix\system\CodeIgniter.php(315): CodeIgniter\CodeIgniter->handleRequest(NULL, Object(Config\Cache), false)
#11 E:\rakatu_Fix\public\index.php(45): CodeIgniter\CodeIgniter->run()
#12 E:\rakatu_Fix\system\Commands\Server\rewrite.php(34): require_once('E:\\rakatu_Fix\\p...')
#13 {main}
CRITICAL - 2020-12-21 08:34:57 --> Table 'rakatu.users' doesn't exist
#0 E:\rakatu_Fix\system\Database\MySQLi\Connection.php(331): mysqli->query('SELECT *\nFROM `...')
#1 E:\rakatu_Fix\system\Database\BaseConnection.php(741): CodeIgniter\Database\MySQLi\Connection->execute('SELECT *\nFROM `...')
#2 E:\rakatu_Fix\system\Database\BaseConnection.php(669): CodeIgniter\Database\BaseConnection->simpleQuery('SELECT *\nFROM `...')
#3 E:\rakatu_Fix\system\Database\BaseBuilder.php(1860): CodeIgniter\Database\BaseConnection->query('SELECT *\nFROM `...', Array, false)
#4 E:\rakatu_Fix\system\Model.php(404): CodeIgniter\Database\BaseBuilder->get()
#5 E:\rakatu_Fix\vendor\myth\auth\src\Authentication\AuthenticationBase.php(137): CodeIgniter\Model->find(true)
#6 E:\rakatu_Fix\vendor\myth\auth\src\Authentication\LocalAuthenticator.php(70): Myth\Auth\Authentication\AuthenticationBase->isLoggedIn()
#7 E:\rakatu_Fix\vendor\myth\auth\src\Filters\LoginFilter.php(44): Myth\Auth\Authentication\LocalAuthenticator->check()
#8 E:\rakatu_Fix\system\Filters\Filters.php(173): Myth\Auth\Filters\LoginFilter->before(Object(CodeIgniter\HTTP\IncomingRequest), NULL)
#9 E:\rakatu_Fix\system\CodeIgniter.php(385): CodeIgniter\Filters\Filters->run('Materi/menu', 'before')
#10 E:\rakatu_Fix\system\CodeIgniter.php(315): CodeIgniter\CodeIgniter->handleRequest(NULL, Object(Config\Cache), false)
#11 E:\rakatu_Fix\public\index.php(45): CodeIgniter\CodeIgniter->run()
#12 E:\rakatu_Fix\system\Commands\Server\rewrite.php(34): require_once('E:\\rakatu_Fix\\p...')
#13 {main}
CRITICAL - 2020-12-21 08:36:21 --> Table 'rakatu.users' doesn't exist
#0 E:\rakatu_Fix\system\Database\MySQLi\Connection.php(331): mysqli->query('SELECT *\nFROM `...')
#1 E:\rakatu_Fix\system\Database\BaseConnection.php(741): CodeIgniter\Database\MySQLi\Connection->execute('SELECT *\nFROM `...')
#2 E:\rakatu_Fix\system\Database\BaseConnection.php(669): CodeIgniter\Database\BaseConnection->simpleQuery('SELECT *\nFROM `...')
#3 E:\rakatu_Fix\system\Database\BaseBuilder.php(1860): CodeIgniter\Database\BaseConnection->query('SELECT *\nFROM `...', Array, false)
#4 E:\rakatu_Fix\system\Model.php(404): CodeIgniter\Database\BaseBuilder->get()
#5 E:\rakatu_Fix\vendor\myth\auth\src\Authentication\AuthenticationBase.php(137): CodeIgniter\Model->find(true)
#6 E:\rakatu_Fix\vendor\myth\auth\src\Authentication\LocalAuthenticator.php(70): Myth\Auth\Authentication\AuthenticationBase->isLoggedIn()
#7 E:\rakatu_Fix\vendor\myth\auth\src\Filters\LoginFilter.php(44): Myth\Auth\Authentication\LocalAuthenticator->check()
#8 E:\rakatu_Fix\system\Filters\Filters.php(173): Myth\Auth\Filters\LoginFilter->before(Object(CodeIgniter\HTTP\IncomingRequest), NULL)
#9 E:\rakatu_Fix\system\CodeIgniter.php(385): CodeIgniter\Filters\Filters->run('Materi/menu', 'before')
#10 E:\rakatu_Fix\system\CodeIgniter.php(315): CodeIgniter\CodeIgniter->handleRequest(NULL, Object(Config\Cache), false)
#11 E:\rakatu_Fix\public\index.php(45): CodeIgniter\CodeIgniter->run()
#12 E:\rakatu_Fix\system\Commands\Server\rewrite.php(34): require_once('E:\\rakatu_Fix\\p...')
#13 {main}
CRITICAL - 2020-12-21 08:48:06 --> Table 'rakatu.users' doesn't exist
#0 E:\rakatu_Fix\system\Database\MySQLi\Connection.php(331): mysqli->query('SELECT *\nFROM `...')
#1 E:\rakatu_Fix\system\Database\BaseConnection.php(741): CodeIgniter\Database\MySQLi\Connection->execute('SELECT *\nFROM `...')
#2 E:\rakatu_Fix\system\Database\BaseConnection.php(669): CodeIgniter\Database\BaseConnection->simpleQuery('SELECT *\nFROM `...')
#3 E:\rakatu_Fix\system\Database\BaseBuilder.php(1860): CodeIgniter\Database\BaseConnection->query('SELECT *\nFROM `...', Array, false)
#4 E:\rakatu_Fix\system\Model.php(404): CodeIgniter\Database\BaseBuilder->get()
#5 E:\rakatu_Fix\vendor\myth\auth\src\Authentication\AuthenticationBase.php(137): CodeIgniter\Model->find(true)
#6 E:\rakatu_Fix\vendor\myth\auth\src\Authentication\LocalAuthenticator.php(70): Myth\Auth\Authentication\AuthenticationBase->isLoggedIn()
#7 E:\rakatu_Fix\vendor\myth\auth\src\Filters\LoginFilter.php(44): Myth\Auth\Authentication\LocalAuthenticator->check()
#8 E:\rakatu_Fix\system\Filters\Filters.php(173): Myth\Auth\Filters\LoginFilter->before(Object(CodeIgniter\HTTP\IncomingRequest), NULL)
#9 E:\rakatu_Fix\system\CodeIgniter.php(385): CodeIgniter\Filters\Filters->run('Materi/menu', 'before')
#10 E:\rakatu_Fix\system\CodeIgniter.php(315): CodeIgniter\CodeIgniter->handleRequest(NULL, Object(Config\Cache), false)
#11 E:\rakatu_Fix\public\index.php(45): CodeIgniter\CodeIgniter->run()
#12 E:\rakatu_Fix\system\Commands\Server\rewrite.php(34): require_once('E:\\rakatu_Fix\\p...')
#13 {main}
CRITICAL - 2020-12-21 08:48:13 --> Table 'rakatu.users' doesn't exist
#0 E:\rakatu_Fix\system\Database\MySQLi\Connection.php(331): mysqli->query('SELECT *\nFROM `...')
#1 E:\rakatu_Fix\system\Database\BaseConnection.php(741): CodeIgniter\Database\MySQLi\Connection->execute('SELECT *\nFROM `...')
#2 E:\rakatu_Fix\system\Database\BaseConnection.php(669): CodeIgniter\Database\BaseConnection->simpleQuery('SELECT *\nFROM `...')
#3 E:\rakatu_Fix\system\Database\BaseBuilder.php(1860): CodeIgniter\Database\BaseConnection->query('SELECT *\nFROM `...', Array, false)
#4 E:\rakatu_Fix\system\Model.php(404): CodeIgniter\Database\BaseBuilder->get()
#5 E:\rakatu_Fix\vendor\myth\auth\src\Authentication\AuthenticationBase.php(137): CodeIgniter\Model->find(true)
#6 E:\rakatu_Fix\vendor\myth\auth\src\Authentication\LocalAuthenticator.php(70): Myth\Auth\Authentication\AuthenticationBase->isLoggedIn()
#7 E:\rakatu_Fix\vendor\myth\auth\src\Filters\LoginFilter.php(44): Myth\Auth\Authentication\LocalAuthenticator->check()
#8 E:\rakatu_Fix\system\Filters\Filters.php(173): Myth\Auth\Filters\LoginFilter->before(Object(CodeIgniter\HTTP\IncomingRequest), NULL)
#9 E:\rakatu_Fix\system\CodeIgniter.php(385): CodeIgniter\Filters\Filters->run('Materi/menu', 'before')
#10 E:\rakatu_Fix\system\CodeIgniter.php(315): CodeIgniter\CodeIgniter->handleRequest(NULL, Object(Config\Cache), false)
#11 E:\rakatu_Fix\public\index.php(45): CodeIgniter\CodeIgniter->run()
#12 E:\rakatu_Fix\system\Commands\Server\rewrite.php(34): require_once('E:\\rakatu_Fix\\p...')
#13 {main}
CRITICAL - 2020-12-21 08:49:31 --> Table 'rakatu.users' doesn't exist
#0 E:\rakatu_Fix\system\Database\MySQLi\Connection.php(331): mysqli->query('SELECT *\nFROM `...')
#1 E:\rakatu_Fix\system\Database\BaseConnection.php(741): CodeIgniter\Database\MySQLi\Connection->execute('SELECT *\nFROM `...')
#2 E:\rakatu_Fix\system\Database\BaseConnection.php(669): CodeIgniter\Database\BaseConnection->simpleQuery('SELECT *\nFROM `...')
#3 E:\rakatu_Fix\system\Database\BaseBuilder.php(1860): CodeIgniter\Database\BaseConnection->query('SELECT *\nFROM `...', Array, false)
#4 E:\rakatu_Fix\system\Model.php(404): CodeIgniter\Database\BaseBuilder->get()
#5 E:\rakatu_Fix\vendor\myth\auth\src\Authentication\AuthenticationBase.php(137): CodeIgniter\Model->find(true)
#6 E:\rakatu_Fix\vendor\myth\auth\src\Authentication\LocalAuthenticator.php(70): Myth\Auth\Authentication\AuthenticationBase->isLoggedIn()
#7 E:\rakatu_Fix\vendor\myth\auth\src\Filters\LoginFilter.php(44): Myth\Auth\Authentication\LocalAuthenticator->check()
#8 E:\rakatu_Fix\system\Filters\Filters.php(173): Myth\Auth\Filters\LoginFilter->before(Object(CodeIgniter\HTTP\IncomingRequest), NULL)
#9 E:\rakatu_Fix\system\CodeIgniter.php(385): CodeIgniter\Filters\Filters->run('Materi/menu', 'before')
#10 E:\rakatu_Fix\system\CodeIgniter.php(315): CodeIgniter\CodeIgniter->handleRequest(NULL, Object(Config\Cache), false)
#11 E:\rakatu_Fix\public\index.php(45): CodeIgniter\CodeIgniter->run()
#12 E:\rakatu_Fix\system\Commands\Server\rewrite.php(34): require_once('E:\\rakatu_Fix\\p...')
#13 {main}
CRITICAL - 2020-12-21 08:50:33 --> Table 'rakatu.users' doesn't exist
#0 E:\rakatu_Fix\system\Database\MySQLi\Connection.php(331): mysqli->query('SELECT *\nFROM `...')
#1 E:\rakatu_Fix\system\Database\BaseConnection.php(741): CodeIgniter\Database\MySQLi\Connection->execute('SELECT *\nFROM `...')
#2 E:\rakatu_Fix\system\Database\BaseConnection.php(669): CodeIgniter\Database\BaseConnection->simpleQuery('SELECT *\nFROM `...')
#3 E:\rakatu_Fix\system\Database\BaseBuilder.php(1860): CodeIgniter\Database\BaseConnection->query('SELECT *\nFROM `...', Array, false)
#4 E:\rakatu_Fix\system\Model.php(404): CodeIgniter\Database\BaseBuilder->get()
#5 E:\rakatu_Fix\vendor\myth\auth\src\Authentication\AuthenticationBase.php(137): CodeIgniter\Model->find(true)
#6 E:\rakatu_Fix\vendor\myth\auth\src\Authentication\LocalAuthenticator.php(70): Myth\Auth\Authentication\AuthenticationBase->isLoggedIn()
#7 E:\rakatu_Fix\vendor\myth\auth\src\Filters\LoginFilter.php(44): Myth\Auth\Authentication\LocalAuthenticator->check()
#8 E:\rakatu_Fix\system\Filters\Filters.php(173): Myth\Auth\Filters\LoginFilter->before(Object(CodeIgniter\HTTP\IncomingRequest), NULL)
#9 E:\rakatu_Fix\system\CodeIgniter.php(385): CodeIgniter\Filters\Filters->run('Materi/menu', 'before')
#10 E:\rakatu_Fix\system\CodeIgniter.php(315): CodeIgniter\CodeIgniter->handleRequest(NULL, Object(Config\Cache), false)
#11 E:\rakatu_Fix\public\index.php(45): CodeIgniter\CodeIgniter->run()
#12 E:\rakatu_Fix\system\Commands\Server\rewrite.php(34): require_once('E:\\rakatu_Fix\\p...')
#13 {main}
CRITICAL - 2020-12-21 08:52:36 --> Table 'rakatu.users' doesn't exist
#0 E:\rakatu_Fix\system\Database\MySQLi\Connection.php(331): mysqli->query('SELECT *\nFROM `...')
#1 E:\rakatu_Fix\system\Database\BaseConnection.php(741): CodeIgniter\Database\MySQLi\Connection->execute('SELECT *\nFROM `...')
#2 E:\rakatu_Fix\system\Database\BaseConnection.php(669): CodeIgniter\Database\BaseConnection->simpleQuery('SELECT *\nFROM `...')
#3 E:\rakatu_Fix\system\Database\BaseBuilder.php(1860): CodeIgniter\Database\BaseConnection->query('SELECT *\nFROM `...', Array, false)
#4 E:\rakatu_Fix\system\Model.php(404): CodeIgniter\Database\BaseBuilder->get()
#5 E:\rakatu_Fix\vendor\myth\auth\src\Authentication\AuthenticationBase.php(137): CodeIgniter\Model->find(true)
#6 E:\rakatu_Fix\vendor\myth\auth\src\Authentication\LocalAuthenticator.php(70): Myth\Auth\Authentication\AuthenticationBase->isLoggedIn()
#7 E:\rakatu_Fix\vendor\myth\auth\src\Filters\LoginFilter.php(44): Myth\Auth\Authentication\LocalAuthenticator->check()
#8 E:\rakatu_Fix\system\Filters\Filters.php(173): Myth\Auth\Filters\LoginFilter->before(Object(CodeIgniter\HTTP\IncomingRequest), NULL)
#9 E:\rakatu_Fix\system\CodeIgniter.php(385): CodeIgniter\Filters\Filters->run('Materi/menu', 'before')
#10 E:\rakatu_Fix\system\CodeIgniter.php(315): CodeIgniter\CodeIgniter->handleRequest(NULL, Object(Config\Cache), false)
#11 E:\rakatu_Fix\public\index.php(45): CodeIgniter\CodeIgniter->run()
#12 E:\rakatu_Fix\system\Commands\Server\rewrite.php(34): require_once('E:\\rakatu_Fix\\p...')
#13 {main}
CRITICAL - 2020-12-21 09:19:42 --> Table 'rakatu.users' doesn't exist
#0 E:\rakatu_Fix\system\Database\MySQLi\Connection.php(331): mysqli->query('SELECT *\nFROM `...')
#1 E:\rakatu_Fix\system\Database\BaseConnection.php(741): CodeIgniter\Database\MySQLi\Connection->execute('SELECT *\nFROM `...')
#2 E:\rakatu_Fix\system\Database\BaseConnection.php(669): CodeIgniter\Database\BaseConnection->simpleQuery('SELECT *\nFROM `...')
#3 E:\rakatu_Fix\system\Database\BaseBuilder.php(1860): CodeIgniter\Database\BaseConnection->query('SELECT *\nFROM `...', Array, false)
#4 E:\rakatu_Fix\system\Model.php(404): CodeIgniter\Database\BaseBuilder->get()
#5 E:\rakatu_Fix\vendor\myth\auth\src\Authentication\AuthenticationBase.php(137): CodeIgniter\Model->find(true)
#6 E:\rakatu_Fix\vendor\myth\auth\src\Authentication\LocalAuthenticator.php(70): Myth\Auth\Authentication\AuthenticationBase->isLoggedIn()
#7 E:\rakatu_Fix\vendor\myth\auth\src\Filters\LoginFilter.php(44): Myth\Auth\Authentication\LocalAuthenticator->check()
#8 E:\rakatu_Fix\system\Filters\Filters.php(173): Myth\Auth\Filters\LoginFilter->before(Object(CodeIgniter\HTTP\IncomingRequest), NULL)
#9 E:\rakatu_Fix\system\CodeIgniter.php(385): CodeIgniter\Filters\Filters->run('Materi/menu', 'before')
#10 E:\rakatu_Fix\system\CodeIgniter.php(315): CodeIgniter\CodeIgniter->handleRequest(NULL, Object(Config\Cache), false)
#11 E:\rakatu_Fix\public\index.php(45): CodeIgniter\CodeIgniter->run()
#12 E:\rakatu_Fix\system\Commands\Server\rewrite.php(34): require_once('E:\\rakatu_Fix\\p...')
#13 {main}
CRITICAL - 2020-12-21 09:19:49 --> Table 'rakatu.users' doesn't exist
#0 E:\rakatu_Fix\system\Database\MySQLi\Connection.php(331): mysqli->query('SELECT *\nFROM `...')
#1 E:\rakatu_Fix\system\Database\BaseConnection.php(741): CodeIgniter\Database\MySQLi\Connection->execute('SELECT *\nFROM `...')
#2 E:\rakatu_Fix\system\Database\BaseConnection.php(669): CodeIgniter\Database\BaseConnection->simpleQuery('SELECT *\nFROM `...')
#3 E:\rakatu_Fix\system\Database\BaseBuilder.php(1860): CodeIgniter\Database\BaseConnection->query('SELECT *\nFROM `...', Array, false)
#4 E:\rakatu_Fix\system\Model.php(404): CodeIgniter\Database\BaseBuilder->get()
#5 E:\rakatu_Fix\vendor\myth\auth\src\Authentication\AuthenticationBase.php(137): CodeIgniter\Model->find(true)
#6 E:\rakatu_Fix\vendor\myth\auth\src\Authentication\LocalAuthenticator.php(70): Myth\Auth\Authentication\AuthenticationBase->isLoggedIn()
#7 E:\rakatu_Fix\vendor\myth\auth\src\Filters\LoginFilter.php(44): Myth\Auth\Authentication\LocalAuthenticator->check()
#8 E:\rakatu_Fix\system\Filters\Filters.php(173): Myth\Auth\Filters\LoginFilter->before(Object(CodeIgniter\HTTP\IncomingRequest), NULL)
#9 E:\rakatu_Fix\system\CodeIgniter.php(385): CodeIgniter\Filters\Filters->run('Materi/menu', 'before')
#10 E:\rakatu_Fix\system\CodeIgniter.php(315): CodeIgniter\CodeIgniter->handleRequest(NULL, Object(Config\Cache), false)
#11 E:\rakatu_Fix\public\index.php(45): CodeIgniter\CodeIgniter->run()
#12 E:\rakatu_Fix\system\Commands\Server\rewrite.php(34): require_once('E:\\rakatu_Fix\\p...')
#13 {main}
CRITICAL - 2020-12-21 10:15:29 --> Table 'rakatu.users' doesn't exist
#0 E:\rakatu_Fix\system\Database\MySQLi\Connection.php(331): mysqli->query('SELECT *\nFROM `...')
#1 E:\rakatu_Fix\system\Database\BaseConnection.php(741): CodeIgniter\Database\MySQLi\Connection->execute('SELECT *\nFROM `...')
#2 E:\rakatu_Fix\system\Database\BaseConnection.php(669): CodeIgniter\Database\BaseConnection->simpleQuery('SELECT *\nFROM `...')
#3 E:\rakatu_Fix\system\Database\BaseBuilder.php(1860): CodeIgniter\Database\BaseConnection->query('SELECT *\nFROM `...', Array, false)
#4 E:\rakatu_Fix\system\Model.php(404): CodeIgniter\Database\BaseBuilder->get()
#5 E:\rakatu_Fix\vendor\myth\auth\src\Authentication\AuthenticationBase.php(137): CodeIgniter\Model->find(true)
#6 E:\rakatu_Fix\vendor\myth\auth\src\Authentication\LocalAuthenticator.php(70): Myth\Auth\Authentication\AuthenticationBase->isLoggedIn()
#7 E:\rakatu_Fix\vendor\myth\auth\src\Filters\LoginFilter.php(44): Myth\Auth\Authentication\LocalAuthenticator->check()
#8 E:\rakatu_Fix\system\Filters\Filters.php(173): Myth\Auth\Filters\LoginFilter->before(Object(CodeIgniter\HTTP\IncomingRequest), NULL)
#9 E:\rakatu_Fix\system\CodeIgniter.php(385): CodeIgniter\Filters\Filters->run('Materi/menu', 'before')
#10 E:\rakatu_Fix\system\CodeIgniter.php(315): CodeIgniter\CodeIgniter->handleRequest(NULL, Object(Config\Cache), false)
#11 E:\rakatu_Fix\public\index.php(45): CodeIgniter\CodeIgniter->run()
#12 E:\rakatu_Fix\system\Commands\Server\rewrite.php(34): require_once('E:\\rakatu_Fix\\p...')
#13 {main}
CRITICAL - 2020-12-21 10:17:55 --> Table 'rakatu.users' doesn't exist
#0 E:\rakatu_Fix\system\Database\MySQLi\Connection.php(331): mysqli->query('SELECT *\nFROM `...')
#1 E:\rakatu_Fix\system\Database\BaseConnection.php(741): CodeIgniter\Database\MySQLi\Connection->execute('SELECT *\nFROM `...')
#2 E:\rakatu_Fix\system\Database\BaseConnection.php(669): CodeIgniter\Database\BaseConnection->simpleQuery('SELECT *\nFROM `...')
#3 E:\rakatu_Fix\system\Database\BaseBuilder.php(1860): CodeIgniter\Database\BaseConnection->query('SELECT *\nFROM `...', Array, false)
#4 E:\rakatu_Fix\system\Model.php(404): CodeIgniter\Database\BaseBuilder->get()
#5 E:\rakatu_Fix\vendor\myth\auth\src\Authentication\AuthenticationBase.php(137): CodeIgniter\Model->find(true)
#6 E:\rakatu_Fix\vendor\myth\auth\src\Authentication\LocalAuthenticator.php(70): Myth\Auth\Authentication\AuthenticationBase->isLoggedIn()
#7 E:\rakatu_Fix\vendor\myth\auth\src\Filters\LoginFilter.php(44): Myth\Auth\Authentication\LocalAuthenticator->check()
#8 E:\rakatu_Fix\system\Filters\Filters.php(173): Myth\Auth\Filters\LoginFilter->before(Object(CodeIgniter\HTTP\IncomingRequest), NULL)
#9 E:\rakatu_Fix\system\CodeIgniter.php(385): CodeIgniter\Filters\Filters->run('Materi/menu', 'before')
#10 E:\rakatu_Fix\system\CodeIgniter.php(315): CodeIgniter\CodeIgniter->handleRequest(NULL, Object(Config\Cache), false)
#11 E:\rakatu_Fix\public\index.php(45): CodeIgniter\CodeIgniter->run()
#12 E:\rakatu_Fix\system\Commands\Server\rewrite.php(34): require_once('E:\\rakatu_Fix\\p...')
#13 {main}
CRITICAL - 2020-12-21 10:18:15 --> Table 'rakatu.users' doesn't exist
#0 E:\rakatu_Fix\system\Database\MySQLi\Connection.php(331): mysqli->query('SELECT *\nFROM `...')
#1 E:\rakatu_Fix\system\Database\BaseConnection.php(741): CodeIgniter\Database\MySQLi\Connection->execute('SELECT *\nFROM `...')
#2 E:\rakatu_Fix\system\Database\BaseConnection.php(669): CodeIgniter\Database\BaseConnection->simpleQuery('SELECT *\nFROM `...')
#3 E:\rakatu_Fix\system\Database\BaseBuilder.php(1860): CodeIgniter\Database\BaseConnection->query('SELECT *\nFROM `...', Array, false)
#4 E:\rakatu_Fix\system\Model.php(404): CodeIgniter\Database\BaseBuilder->get()
#5 E:\rakatu_Fix\vendor\myth\auth\src\Authentication\AuthenticationBase.php(137): CodeIgniter\Model->find(true)
#6 E:\rakatu_Fix\vendor\myth\auth\src\Authentication\LocalAuthenticator.php(70): Myth\Auth\Authentication\AuthenticationBase->isLoggedIn()
#7 E:\rakatu_Fix\vendor\myth\auth\src\Filters\LoginFilter.php(44): Myth\Auth\Authentication\LocalAuthenticator->check()
#8 E:\rakatu_Fix\system\Filters\Filters.php(173): Myth\Auth\Filters\LoginFilter->before(Object(CodeIgniter\HTTP\IncomingRequest), NULL)
#9 E:\rakatu_Fix\system\CodeIgniter.php(385): CodeIgniter\Filters\Filters->run('Materi/menu', 'before')
#10 E:\rakatu_Fix\system\CodeIgniter.php(315): CodeIgniter\CodeIgniter->handleRequest(NULL, Object(Config\Cache), false)
#11 E:\rakatu_Fix\public\index.php(45): CodeIgniter\CodeIgniter->run()
#12 E:\rakatu_Fix\system\Commands\Server\rewrite.php(34): require_once('E:\\rakatu_Fix\\p...')
#13 {main}
