CRITICAL - 2020-12-13 23:01:27 --> Undefined variable: foto
#0 E:\KULIAH\SEMESTER 5\RPL\UTS-UAS PROJECT\rakatu\app\Views\template.php(64): CodeIgniter\Debug\Exceptions->errorHandler(8, 'Undefined varia...', 'E:\\KULIAH\\SEMES...', 64, Array)
#1 E:\KULIAH\SEMESTER 5\RPL\UTS-UAS PROJECT\rakatu\system\View\View.php(246): include('E:\\KULIAH\\SEMES...')
#2 E:\KULIAH\SEMESTER 5\RPL\UTS-UAS PROJECT\rakatu\system\View\View.php(257): CodeIgniter\View\View->render('template', Array, true)
#3 E:\KULIAH\SEMESTER 5\RPL\UTS-UAS PROJECT\rakatu\system\Common.php(1119): CodeIgniter\View\View->render('ujian_v', Array, true)
#4 E:\KULIAH\SEMESTER 5\RPL\UTS-UAS PROJECT\rakatu\app\Controllers\Dashboard.php(207): view('ujian_v', Array)
#5 E:\KULIAH\SEMESTER 5\RPL\UTS-UAS PROJECT\rakatu\system\CodeIgniter.php(921): App\Controllers\Dashboard->ujian()
#6 E:\KULIAH\SEMESTER 5\RPL\UTS-UAS PROJECT\rakatu\system\CodeIgniter.php(407): CodeIgniter\CodeIgniter->runController(Object(App\Controllers\Dashboard))
#7 E:\KULIAH\SEMESTER 5\RPL\UTS-UAS PROJECT\rakatu\system\CodeIgniter.php(315): CodeIgniter\CodeIgniter->handleRequest(NULL, Object(Config\Cache), false)
#8 E:\KULIAH\SEMESTER 5\RPL\UTS-UAS PROJECT\rakatu\public\index.php(45): CodeIgniter\CodeIgniter->run()
#9 E:\KULIAH\SEMESTER 5\RPL\UTS-UAS PROJECT\rakatu\system\Commands\Server\rewrite.php(34): require_once('E:\\KULIAH\\SEMES...')
#10 {main}
CRITICAL - 2020-12-13 23:02:06 --> Undefined variable: namadepan
#0 E:\KULIAH\SEMESTER 5\RPL\UTS-UAS PROJECT\rakatu\app\Views\index_v.php(11): CodeIgniter\Debug\Exceptions->errorHandler(8, 'Undefined varia...', 'E:\\KULIAH\\SEMES...', 11, Array)
#1 E:\KULIAH\SEMESTER 5\RPL\UTS-UAS PROJECT\rakatu\system\View\View.php(246): include('E:\\KULIAH\\SEMES...')
#2 E:\KULIAH\SEMESTER 5\RPL\UTS-UAS PROJECT\rakatu\system\Common.php(1119): CodeIgniter\View\View->render('index_v', Array, true)
#3 E:\KULIAH\SEMESTER 5\RPL\UTS-UAS PROJECT\rakatu\app\Controllers\Dashboard.php(20): view('index_v', Array)
#4 E:\KULIAH\SEMESTER 5\RPL\UTS-UAS PROJECT\rakatu\system\CodeIgniter.php(921): App\Controllers\Dashboard->index()
#5 E:\KULIAH\SEMESTER 5\RPL\UTS-UAS PROJECT\rakatu\system\CodeIgniter.php(407): CodeIgniter\CodeIgniter->runController(Object(App\Controllers\Dashboard))
#6 E:\KULIAH\SEMESTER 5\RPL\UTS-UAS PROJECT\rakatu\system\CodeIgniter.php(315): CodeIgniter\CodeIgniter->handleRequest(NULL, Object(Config\Cache), false)
#7 E:\KULIAH\SEMESTER 5\RPL\UTS-UAS PROJECT\rakatu\public\index.php(45): CodeIgniter\CodeIgniter->run()
#8 E:\KULIAH\SEMESTER 5\RPL\UTS-UAS PROJECT\rakatu\system\Commands\Server\rewrite.php(34): require_once('E:\\KULIAH\\SEMES...')
#9 {main}
CRITICAL - 2020-12-13 23:02:22 --> Undefined variable: foto
#0 E:\KULIAH\SEMESTER 5\RPL\UTS-UAS PROJECT\rakatu\app\Views\template.php(64): CodeIgniter\Debug\Exceptions->errorHandler(8, 'Undefined varia...', 'E:\\KULIAH\\SEMES...', 64, Array)
#1 E:\KULIAH\SEMESTER 5\RPL\UTS-UAS PROJECT\rakatu\system\View\View.php(246): include('E:\\KULIAH\\SEMES...')
#2 E:\KULIAH\SEMESTER 5\RPL\UTS-UAS PROJECT\rakatu\system\View\View.php(257): CodeIgniter\View\View->render('template', Array, true)
#3 E:\KULIAH\SEMESTER 5\RPL\UTS-UAS PROJECT\rakatu\system\Common.php(1119): CodeIgniter\View\View->render('about_us_v', Array, true)
#4 E:\KULIAH\SEMESTER 5\RPL\UTS-UAS PROJECT\rakatu\app\Controllers\Dashboard.php(356): view('about_us_v', Array)
#5 E:\KULIAH\SEMESTER 5\RPL\UTS-UAS PROJECT\rakatu\system\CodeIgniter.php(921): App\Controllers\Dashboard->kontak_user()
#6 E:\KULIAH\SEMESTER 5\RPL\UTS-UAS PROJECT\rakatu\system\CodeIgniter.php(407): CodeIgniter\CodeIgniter->runController(Object(App\Controllers\Dashboard))
#7 E:\KULIAH\SEMESTER 5\RPL\UTS-UAS PROJECT\rakatu\system\CodeIgniter.php(315): CodeIgniter\CodeIgniter->handleRequest(NULL, Object(Config\Cache), false)
#8 E:\KULIAH\SEMESTER 5\RPL\UTS-UAS PROJECT\rakatu\public\index.php(45): CodeIgniter\CodeIgniter->run()
#9 E:\KULIAH\SEMESTER 5\RPL\UTS-UAS PROJECT\rakatu\system\Commands\Server\rewrite.php(34): require_once('E:\\KULIAH\\SEMES...')
#10 {main}
CRITICAL - 2020-12-13 23:03:26 --> Undefined variable: foto
#0 E:\KULIAH\SEMESTER 5\RPL\UTS-UAS PROJECT\rakatu\app\Views\template.php(64): CodeIgniter\Debug\Exceptions->errorHandler(8, 'Undefined varia...', 'E:\\KULIAH\\SEMES...', 64, Array)
#1 E:\KULIAH\SEMESTER 5\RPL\UTS-UAS PROJECT\rakatu\system\View\View.php(246): include('E:\\KULIAH\\SEMES...')
#2 E:\KULIAH\SEMESTER 5\RPL\UTS-UAS PROJECT\rakatu\system\View\View.php(257): CodeIgniter\View\View->render('template', Array, true)
#3 E:\KULIAH\SEMESTER 5\RPL\UTS-UAS PROJECT\rakatu\system\Common.php(1119): CodeIgniter\View\View->render('about_us_v', Array, true)
#4 E:\KULIAH\SEMESTER 5\RPL\UTS-UAS PROJECT\rakatu\app\Controllers\Dashboard.php(356): view('about_us_v', Array)
#5 E:\KULIAH\SEMESTER 5\RPL\UTS-UAS PROJECT\rakatu\system\CodeIgniter.php(921): App\Controllers\Dashboard->kontak_user()
#6 E:\KULIAH\SEMESTER 5\RPL\UTS-UAS PROJECT\rakatu\system\CodeIgniter.php(407): CodeIgniter\CodeIgniter->runController(Object(App\Controllers\Dashboard))
#7 E:\KULIAH\SEMESTER 5\RPL\UTS-UAS PROJECT\rakatu\system\CodeIgniter.php(315): CodeIgniter\CodeIgniter->handleRequest(NULL, Object(Config\Cache), false)
#8 E:\KULIAH\SEMESTER 5\RPL\UTS-UAS PROJECT\rakatu\public\index.php(45): CodeIgniter\CodeIgniter->run()
#9 E:\KULIAH\SEMESTER 5\RPL\UTS-UAS PROJECT\rakatu\system\Commands\Server\rewrite.php(34): require_once('E:\\KULIAH\\SEMES...')
#10 {main}
CRITICAL - 2020-12-13 23:03:33 --> Undefined variable: foto
#0 E:\KULIAH\SEMESTER 5\RPL\UTS-UAS PROJECT\rakatu\app\Views\template.php(64): CodeIgniter\Debug\Exceptions->errorHandler(8, 'Undefined varia...', 'E:\\KULIAH\\SEMES...', 64, Array)
#1 E:\KULIAH\SEMESTER 5\RPL\UTS-UAS PROJECT\rakatu\system\View\View.php(246): include('E:\\KULIAH\\SEMES...')
#2 E:\KULIAH\SEMESTER 5\RPL\UTS-UAS PROJECT\rakatu\system\View\View.php(257): CodeIgniter\View\View->render('template', Array, true)
#3 E:\KULIAH\SEMESTER 5\RPL\UTS-UAS PROJECT\rakatu\system\Common.php(1119): CodeIgniter\View\View->render('about_us_v', Array, true)
#4 E:\KULIAH\SEMESTER 5\RPL\UTS-UAS PROJECT\rakatu\app\Controllers\Dashboard.php(356): view('about_us_v', Array)
#5 E:\KULIAH\SEMESTER 5\RPL\UTS-UAS PROJECT\rakatu\system\CodeIgniter.php(921): App\Controllers\Dashboard->kontak_user()
#6 E:\KULIAH\SEMESTER 5\RPL\UTS-UAS PROJECT\rakatu\system\CodeIgniter.php(407): CodeIgniter\CodeIgniter->runController(Object(App\Controllers\Dashboard))
#7 E:\KULIAH\SEMESTER 5\RPL\UTS-UAS PROJECT\rakatu\system\CodeIgniter.php(315): CodeIgniter\CodeIgniter->handleRequest(NULL, Object(Config\Cache), false)
#8 E:\KULIAH\SEMESTER 5\RPL\UTS-UAS PROJECT\rakatu\public\index.php(45): CodeIgniter\CodeIgniter->run()
#9 E:\KULIAH\SEMESTER 5\RPL\UTS-UAS PROJECT\rakatu\system\Commands\Server\rewrite.php(34): require_once('E:\\KULIAH\\SEMES...')
#10 {main}
CRITICAL - 2020-12-13 23:04:14 --> Undefined variable: namadepan
#0 E:\KULIAH\SEMESTER 5\RPL\UTS-UAS PROJECT\rakatu\app\Views\index_v.php(11): CodeIgniter\Debug\Exceptions->errorHandler(8, 'Undefined varia...', 'E:\\KULIAH\\SEMES...', 11, Array)
#1 E:\KULIAH\SEMESTER 5\RPL\UTS-UAS PROJECT\rakatu\system\View\View.php(246): include('E:\\KULIAH\\SEMES...')
#2 E:\KULIAH\SEMESTER 5\RPL\UTS-UAS PROJECT\rakatu\system\Common.php(1119): CodeIgniter\View\View->render('index_v', Array, true)
#3 E:\KULIAH\SEMESTER 5\RPL\UTS-UAS PROJECT\rakatu\app\Controllers\Dashboard.php(20): view('index_v', Array)
#4 E:\KULIAH\SEMESTER 5\RPL\UTS-UAS PROJECT\rakatu\system\CodeIgniter.php(921): App\Controllers\Dashboard->index()
#5 E:\KULIAH\SEMESTER 5\RPL\UTS-UAS PROJECT\rakatu\system\CodeIgniter.php(407): CodeIgniter\CodeIgniter->runController(Object(App\Controllers\Dashboard))
#6 E:\KULIAH\SEMESTER 5\RPL\UTS-UAS PROJECT\rakatu\system\CodeIgniter.php(315): CodeIgniter\CodeIgniter->handleRequest(NULL, Object(Config\Cache), false)
#7 E:\KULIAH\SEMESTER 5\RPL\UTS-UAS PROJECT\rakatu\public\index.php(45): CodeIgniter\CodeIgniter->run()
#8 E:\KULIAH\SEMESTER 5\RPL\UTS-UAS PROJECT\rakatu\system\Commands\Server\rewrite.php(34): require_once('E:\\KULIAH\\SEMES...')
#9 {main}
CRITICAL - 2020-12-13 23:06:07 --> Undefined variable: foto
#0 E:\KULIAH\SEMESTER 5\RPL\UTS-UAS PROJECT\rakatu\app\Views\profil_user_v.php(11): CodeIgniter\Debug\Exceptions->errorHandler(8, 'Undefined varia...', 'E:\\KULIAH\\SEMES...', 11, Array)
#1 E:\KULIAH\SEMESTER 5\RPL\UTS-UAS PROJECT\rakatu\system\View\View.php(246): include('E:\\KULIAH\\SEMES...')
#2 E:\KULIAH\SEMESTER 5\RPL\UTS-UAS PROJECT\rakatu\system\Common.php(1119): CodeIgniter\View\View->render('profil_user_v', Array, true)
#3 E:\KULIAH\SEMESTER 5\RPL\UTS-UAS PROJECT\rakatu\app\Controllers\Dashboard.php(49): view('profil_user_v', Array)
#4 E:\KULIAH\SEMESTER 5\RPL\UTS-UAS PROJECT\rakatu\system\CodeIgniter.php(921): App\Controllers\Dashboard->ProfilUser()
#5 E:\KULIAH\SEMESTER 5\RPL\UTS-UAS PROJECT\rakatu\system\CodeIgniter.php(407): CodeIgniter\CodeIgniter->runController(Object(App\Controllers\Dashboard))
#6 E:\KULIAH\SEMESTER 5\RPL\UTS-UAS PROJECT\rakatu\system\CodeIgniter.php(315): CodeIgniter\CodeIgniter->handleRequest(NULL, Object(Config\Cache), false)
#7 E:\KULIAH\SEMESTER 5\RPL\UTS-UAS PROJECT\rakatu\public\index.php(45): CodeIgniter\CodeIgniter->run()
#8 E:\KULIAH\SEMESTER 5\RPL\UTS-UAS PROJECT\rakatu\system\Commands\Server\rewrite.php(34): require_once('E:\\KULIAH\\SEMES...')
#9 {main}
CRITICAL - 2020-12-13 23:06:14 --> Undefined variable: foto
#0 E:\KULIAH\SEMESTER 5\RPL\UTS-UAS PROJECT\rakatu\app\Views\template_admin.php(61): CodeIgniter\Debug\Exceptions->errorHandler(8, 'Undefined varia...', 'E:\\KULIAH\\SEMES...', 61, Array)
#1 E:\KULIAH\SEMESTER 5\RPL\UTS-UAS PROJECT\rakatu\system\View\View.php(246): include('E:\\KULIAH\\SEMES...')
#2 E:\KULIAH\SEMESTER 5\RPL\UTS-UAS PROJECT\rakatu\system\View\View.php(257): CodeIgniter\View\View->render('template_admin', Array, true)
#3 E:\KULIAH\SEMESTER 5\RPL\UTS-UAS PROJECT\rakatu\system\Common.php(1119): CodeIgniter\View\View->render('log_in_admin_v', Array, true)
#4 E:\KULIAH\SEMESTER 5\RPL\UTS-UAS PROJECT\rakatu\app\Controllers\Index.php(34): view('log_in_admin_v', Array)
#5 E:\KULIAH\SEMESTER 5\RPL\UTS-UAS PROJECT\rakatu\system\CodeIgniter.php(921): App\Controllers\Index->loginadmin()
#6 E:\KULIAH\SEMESTER 5\RPL\UTS-UAS PROJECT\rakatu\system\CodeIgniter.php(407): CodeIgniter\CodeIgniter->runController(Object(App\Controllers\Index))
#7 E:\KULIAH\SEMESTER 5\RPL\UTS-UAS PROJECT\rakatu\system\CodeIgniter.php(315): CodeIgniter\CodeIgniter->handleRequest(NULL, Object(Config\Cache), false)
#8 E:\KULIAH\SEMESTER 5\RPL\UTS-UAS PROJECT\rakatu\public\index.php(45): CodeIgniter\CodeIgniter->run()
#9 E:\KULIAH\SEMESTER 5\RPL\UTS-UAS PROJECT\rakatu\system\Commands\Server\rewrite.php(34): require_once('E:\\KULIAH\\SEMES...')
#10 {main}
CRITICAL - 2020-12-13 23:07:09 --> Undefined variable: foto
#0 E:\KULIAH\SEMESTER 5\RPL\UTS-UAS PROJECT\rakatu\app\Views\template.php(64): CodeIgniter\Debug\Exceptions->errorHandler(8, 'Undefined varia...', 'E:\\KULIAH\\SEMES...', 64, Array)
#1 E:\KULIAH\SEMESTER 5\RPL\UTS-UAS PROJECT\rakatu\system\View\View.php(246): include('E:\\KULIAH\\SEMES...')
#2 E:\KULIAH\SEMESTER 5\RPL\UTS-UAS PROJECT\rakatu\system\View\View.php(257): CodeIgniter\View\View->render('template', Array, true)
#3 E:\KULIAH\SEMESTER 5\RPL\UTS-UAS PROJECT\rakatu\system\Common.php(1119): CodeIgniter\View\View->render('flashcard_v.php', Array, true)
#4 E:\KULIAH\SEMESTER 5\RPL\UTS-UAS PROJECT\rakatu\app\Controllers\FlashCard.php(14): view('flashcard_v.php', Array)
#5 E:\KULIAH\SEMESTER 5\RPL\UTS-UAS PROJECT\rakatu\system\CodeIgniter.php(921): App\Controllers\FlashCard->kartu()
#6 E:\KULIAH\SEMESTER 5\RPL\UTS-UAS PROJECT\rakatu\system\CodeIgniter.php(407): CodeIgniter\CodeIgniter->runController(Object(App\Controllers\FlashCard))
#7 E:\KULIAH\SEMESTER 5\RPL\UTS-UAS PROJECT\rakatu\system\CodeIgniter.php(315): CodeIgniter\CodeIgniter->handleRequest(NULL, Object(Config\Cache), false)
#8 E:\KULIAH\SEMESTER 5\RPL\UTS-UAS PROJECT\rakatu\public\index.php(45): CodeIgniter\CodeIgniter->run()
#9 E:\KULIAH\SEMESTER 5\RPL\UTS-UAS PROJECT\rakatu\system\Commands\Server\rewrite.php(34): require_once('E:\\KULIAH\\SEMES...')
#10 {main}
CRITICAL - 2020-12-13 23:07:22 --> Undefined variable: foto
#0 E:\KULIAH\SEMESTER 5\RPL\UTS-UAS PROJECT\rakatu\app\Views\template.php(64): CodeIgniter\Debug\Exceptions->errorHandler(8, 'Undefined varia...', 'E:\\KULIAH\\SEMES...', 64, Array)
#1 E:\KULIAH\SEMESTER 5\RPL\UTS-UAS PROJECT\rakatu\system\View\View.php(246): include('E:\\KULIAH\\SEMES...')
#2 E:\KULIAH\SEMESTER 5\RPL\UTS-UAS PROJECT\rakatu\system\View\View.php(257): CodeIgniter\View\View->render('template', Array, true)
#3 E:\KULIAH\SEMESTER 5\RPL\UTS-UAS PROJECT\rakatu\system\Common.php(1119): CodeIgniter\View\View->render('flashcard_v.php', Array, true)
#4 E:\KULIAH\SEMESTER 5\RPL\UTS-UAS PROJECT\rakatu\app\Controllers\FlashCard.php(14): view('flashcard_v.php', Array)
#5 E:\KULIAH\SEMESTER 5\RPL\UTS-UAS PROJECT\rakatu\system\CodeIgniter.php(921): App\Controllers\FlashCard->kartu()
#6 E:\KULIAH\SEMESTER 5\RPL\UTS-UAS PROJECT\rakatu\system\CodeIgniter.php(407): CodeIgniter\CodeIgniter->runController(Object(App\Controllers\FlashCard))
#7 E:\KULIAH\SEMESTER 5\RPL\UTS-UAS PROJECT\rakatu\system\CodeIgniter.php(315): CodeIgniter\CodeIgniter->handleRequest(NULL, Object(Config\Cache), false)
#8 E:\KULIAH\SEMESTER 5\RPL\UTS-UAS PROJECT\rakatu\public\index.php(45): CodeIgniter\CodeIgniter->run()
#9 E:\KULIAH\SEMESTER 5\RPL\UTS-UAS PROJECT\rakatu\system\Commands\Server\rewrite.php(34): require_once('E:\\KULIAH\\SEMES...')
#10 {main}
CRITICAL - 2020-12-13 23:07:30 --> Undefined variable: foto
#0 E:\KULIAH\SEMESTER 5\RPL\UTS-UAS PROJECT\rakatu\app\Views\template.php(64): CodeIgniter\Debug\Exceptions->errorHandler(8, 'Undefined varia...', 'E:\\KULIAH\\SEMES...', 64, Array)
#1 E:\KULIAH\SEMESTER 5\RPL\UTS-UAS PROJECT\rakatu\system\View\View.php(246): include('E:\\KULIAH\\SEMES...')
#2 E:\KULIAH\SEMESTER 5\RPL\UTS-UAS PROJECT\rakatu\system\View\View.php(257): CodeIgniter\View\View->render('template', Array, true)
#3 E:\KULIAH\SEMESTER 5\RPL\UTS-UAS PROJECT\rakatu\system\Common.php(1119): CodeIgniter\View\View->render('ujian_v', Array, true)
#4 E:\KULIAH\SEMESTER 5\RPL\UTS-UAS PROJECT\rakatu\app\Controllers\Dashboard.php(207): view('ujian_v', Array)
#5 E:\KULIAH\SEMESTER 5\RPL\UTS-UAS PROJECT\rakatu\system\CodeIgniter.php(921): App\Controllers\Dashboard->ujian()
#6 E:\KULIAH\SEMESTER 5\RPL\UTS-UAS PROJECT\rakatu\system\CodeIgniter.php(407): CodeIgniter\CodeIgniter->runController(Object(App\Controllers\Dashboard))
#7 E:\KULIAH\SEMESTER 5\RPL\UTS-UAS PROJECT\rakatu\system\CodeIgniter.php(315): CodeIgniter\CodeIgniter->handleRequest(NULL, Object(Config\Cache), false)
#8 E:\KULIAH\SEMESTER 5\RPL\UTS-UAS PROJECT\rakatu\public\index.php(45): CodeIgniter\CodeIgniter->run()
#9 E:\KULIAH\SEMESTER 5\RPL\UTS-UAS PROJECT\rakatu\system\Commands\Server\rewrite.php(34): require_once('E:\\KULIAH\\SEMES...')
#10 {main}
CRITICAL - 2020-12-13 23:08:49 --> Undefined variable: namadepan
#0 E:\KULIAH\SEMESTER 5\RPL\UTS-UAS PROJECT\rakatu\app\Views\index_v.php(11): CodeIgniter\Debug\Exceptions->errorHandler(8, 'Undefined varia...', 'E:\\KULIAH\\SEMES...', 11, Array)
#1 E:\KULIAH\SEMESTER 5\RPL\UTS-UAS PROJECT\rakatu\system\View\View.php(246): include('E:\\KULIAH\\SEMES...')
#2 E:\KULIAH\SEMESTER 5\RPL\UTS-UAS PROJECT\rakatu\system\Common.php(1119): CodeIgniter\View\View->render('index_v', Array, true)
#3 E:\KULIAH\SEMESTER 5\RPL\UTS-UAS PROJECT\rakatu\app\Controllers\Dashboard.php(20): view('index_v', Array)
#4 E:\KULIAH\SEMESTER 5\RPL\UTS-UAS PROJECT\rakatu\system\CodeIgniter.php(921): App\Controllers\Dashboard->index()
#5 E:\KULIAH\SEMESTER 5\RPL\UTS-UAS PROJECT\rakatu\system\CodeIgniter.php(407): CodeIgniter\CodeIgniter->runController(Object(App\Controllers\Dashboard))
#6 E:\KULIAH\SEMESTER 5\RPL\UTS-UAS PROJECT\rakatu\system\CodeIgniter.php(315): CodeIgniter\CodeIgniter->handleRequest(NULL, Object(Config\Cache), false)
#7 E:\KULIAH\SEMESTER 5\RPL\UTS-UAS PROJECT\rakatu\public\index.php(45): CodeIgniter\CodeIgniter->run()
#8 E:\KULIAH\SEMESTER 5\RPL\UTS-UAS PROJECT\rakatu\system\Commands\Server\rewrite.php(34): require_once('E:\\KULIAH\\SEMES...')
#9 {main}
CRITICAL - 2020-12-13 23:12:06 --> Undefined property: App\Controllers\Dashboard::$model_upload
#0 E:\KULIAH\SEMESTER 5\RPL\UTS-UAS PROJECT\rakatu\app\Controllers\Dashboard.php(167): CodeIgniter\Debug\Exceptions->errorHandler(8, 'Undefined prope...', 'E:\\KULIAH\\SEMES...', 167, Array)
#1 E:\KULIAH\SEMESTER 5\RPL\UTS-UAS PROJECT\rakatu\system\CodeIgniter.php(921): App\Controllers\Dashboard->process_user()
#2 E:\KULIAH\SEMESTER 5\RPL\UTS-UAS PROJECT\rakatu\system\CodeIgniter.php(407): CodeIgniter\CodeIgniter->runController(Object(App\Controllers\Dashboard))
#3 E:\KULIAH\SEMESTER 5\RPL\UTS-UAS PROJECT\rakatu\system\CodeIgniter.php(315): CodeIgniter\CodeIgniter->handleRequest(NULL, Object(Config\Cache), false)
#4 E:\KULIAH\SEMESTER 5\RPL\UTS-UAS PROJECT\rakatu\public\index.php(45): CodeIgniter\CodeIgniter->run()
#5 E:\KULIAH\SEMESTER 5\RPL\UTS-UAS PROJECT\rakatu\system\Commands\Server\rewrite.php(34): require_once('E:\\KULIAH\\SEMES...')
#6 {main}
CRITICAL - 2020-12-13 23:13:26 --> Undefined property: App\Controllers\Dashboard::$model
#0 E:\KULIAH\SEMESTER 5\RPL\UTS-UAS PROJECT\rakatu\app\Controllers\Dashboard.php(167): CodeIgniter\Debug\Exceptions->errorHandler(8, 'Undefined prope...', 'E:\\KULIAH\\SEMES...', 167, Array)
#1 E:\KULIAH\SEMESTER 5\RPL\UTS-UAS PROJECT\rakatu\system\CodeIgniter.php(921): App\Controllers\Dashboard->process_user()
#2 E:\KULIAH\SEMESTER 5\RPL\UTS-UAS PROJECT\rakatu\system\CodeIgniter.php(407): CodeIgniter\CodeIgniter->runController(Object(App\Controllers\Dashboard))
#3 E:\KULIAH\SEMESTER 5\RPL\UTS-UAS PROJECT\rakatu\system\CodeIgniter.php(315): CodeIgniter\CodeIgniter->handleRequest(NULL, Object(Config\Cache), false)
#4 E:\KULIAH\SEMESTER 5\RPL\UTS-UAS PROJECT\rakatu\public\index.php(45): CodeIgniter\CodeIgniter->run()
#5 E:\KULIAH\SEMESTER 5\RPL\UTS-UAS PROJECT\rakatu\system\Commands\Server\rewrite.php(34): require_once('E:\\KULIAH\\SEMES...')
#6 {main}
CRITICAL - 2020-12-13 23:15:22 --> Call to undefined method App\Models\UserModel::insert_gambar
#0 E:\KULIAH\SEMESTER 5\RPL\UTS-UAS PROJECT\rakatu\app\Controllers\Dashboard.php(167): CodeIgniter\Model->__call('insert_gambar', Array)
#1 E:\KULIAH\SEMESTER 5\RPL\UTS-UAS PROJECT\rakatu\system\CodeIgniter.php(921): App\Controllers\Dashboard->process_user()
#2 E:\KULIAH\SEMESTER 5\RPL\UTS-UAS PROJECT\rakatu\system\CodeIgniter.php(407): CodeIgniter\CodeIgniter->runController(Object(App\Controllers\Dashboard))
#3 E:\KULIAH\SEMESTER 5\RPL\UTS-UAS PROJECT\rakatu\system\CodeIgniter.php(315): CodeIgniter\CodeIgniter->handleRequest(NULL, Object(Config\Cache), false)
#4 E:\KULIAH\SEMESTER 5\RPL\UTS-UAS PROJECT\rakatu\public\index.php(45): CodeIgniter\CodeIgniter->run()
#5 E:\KULIAH\SEMESTER 5\RPL\UTS-UAS PROJECT\rakatu\system\Commands\Server\rewrite.php(34): require_once('E:\\KULIAH\\SEMES...')
#6 {main}
CRITICAL - 2020-12-13 23:15:57 --> syntax error, unexpected 'public' (T_PUBLIC), expecting end of file
#0 E:\KULIAH\SEMESTER 5\RPL\UTS-UAS PROJECT\rakatu\system\Autoloader\Autoloader.php(296): CodeIgniter\Autoloader\Autoloader->requireFile('E:\\KULIAH\\SEMES...')
#1 E:\KULIAH\SEMESTER 5\RPL\UTS-UAS PROJECT\rakatu\system\Autoloader\Autoloader.php(258): CodeIgniter\Autoloader\Autoloader->loadInNamespace('App\\Models\\User...')
#2 [internal function]: CodeIgniter\Autoloader\Autoloader->loadClass('App\\Models\\User...')
#3 E:\KULIAH\SEMESTER 5\RPL\UTS-UAS PROJECT\rakatu\app\Controllers\Dashboard.php(141): spl_autoload_call('App\\Models\\User...')
#4 E:\KULIAH\SEMESTER 5\RPL\UTS-UAS PROJECT\rakatu\system\CodeIgniter.php(921): App\Controllers\Dashboard->process_user()
#5 E:\KULIAH\SEMESTER 5\RPL\UTS-UAS PROJECT\rakatu\system\CodeIgniter.php(407): CodeIgniter\CodeIgniter->runController(Object(App\Controllers\Dashboard))
#6 E:\KULIAH\SEMESTER 5\RPL\UTS-UAS PROJECT\rakatu\system\CodeIgniter.php(315): CodeIgniter\CodeIgniter->handleRequest(NULL, Object(Config\Cache), false)
#7 E:\KULIAH\SEMESTER 5\RPL\UTS-UAS PROJECT\rakatu\public\index.php(45): CodeIgniter\CodeIgniter->run()
#8 E:\KULIAH\SEMESTER 5\RPL\UTS-UAS PROJECT\rakatu\system\Commands\Server\rewrite.php(34): require_once('E:\\KULIAH\\SEMES...')
#9 {main}
CRITICAL - 2020-12-13 23:16:11 --> syntax error, unexpected '}', expecting end of file
#0 E:\KULIAH\SEMESTER 5\RPL\UTS-UAS PROJECT\rakatu\system\Autoloader\Autoloader.php(296): CodeIgniter\Autoloader\Autoloader->requireFile('E:\\KULIAH\\SEMES...')
#1 E:\KULIAH\SEMESTER 5\RPL\UTS-UAS PROJECT\rakatu\system\Autoloader\Autoloader.php(258): CodeIgniter\Autoloader\Autoloader->loadInNamespace('App\\Models\\User...')
#2 [internal function]: CodeIgniter\Autoloader\Autoloader->loadClass('App\\Models\\User...')
#3 E:\KULIAH\SEMESTER 5\RPL\UTS-UAS PROJECT\rakatu\app\Controllers\Dashboard.php(141): spl_autoload_call('App\\Models\\User...')
#4 E:\KULIAH\SEMESTER 5\RPL\UTS-UAS PROJECT\rakatu\system\CodeIgniter.php(921): App\Controllers\Dashboard->process_user()
#5 E:\KULIAH\SEMESTER 5\RPL\UTS-UAS PROJECT\rakatu\system\CodeIgniter.php(407): CodeIgniter\CodeIgniter->runController(Object(App\Controllers\Dashboard))
#6 E:\KULIAH\SEMESTER 5\RPL\UTS-UAS PROJECT\rakatu\system\CodeIgniter.php(315): CodeIgniter\CodeIgniter->handleRequest(NULL, Object(Config\Cache), false)
#7 E:\KULIAH\SEMESTER 5\RPL\UTS-UAS PROJECT\rakatu\public\index.php(45): CodeIgniter\CodeIgniter->run()
#8 E:\KULIAH\SEMESTER 5\RPL\UTS-UAS PROJECT\rakatu\system\Commands\Server\rewrite.php(34): require_once('E:\\KULIAH\\SEMES...')
#9 {main}
CRITICAL - 2020-12-13 23:16:20 --> Call to a member function insert() on string
#0 E:\KULIAH\SEMESTER 5\RPL\UTS-UAS PROJECT\rakatu\app\Controllers\Dashboard.php(167): App\Models\UserModel->insert_gambar(Array)
#1 E:\KULIAH\SEMESTER 5\RPL\UTS-UAS PROJECT\rakatu\system\CodeIgniter.php(921): App\Controllers\Dashboard->process_user()
#2 E:\KULIAH\SEMESTER 5\RPL\UTS-UAS PROJECT\rakatu\system\CodeIgniter.php(407): CodeIgniter\CodeIgniter->runController(Object(App\Controllers\Dashboard))
#3 E:\KULIAH\SEMESTER 5\RPL\UTS-UAS PROJECT\rakatu\system\CodeIgniter.php(315): CodeIgniter\CodeIgniter->handleRequest(NULL, Object(Config\Cache), false)
#4 E:\KULIAH\SEMESTER 5\RPL\UTS-UAS PROJECT\rakatu\public\index.php(45): CodeIgniter\CodeIgniter->run()
#5 E:\KULIAH\SEMESTER 5\RPL\UTS-UAS PROJECT\rakatu\system\Commands\Server\rewrite.php(34): require_once('E:\\KULIAH\\SEMES...')
#6 {main}
CRITICAL - 2020-12-13 23:19:35 --> Call to a member function insert() on string
#0 E:\KULIAH\SEMESTER 5\RPL\UTS-UAS PROJECT\rakatu\app\Controllers\Dashboard.php(168): App\Models\UserModel->insert_gambar(Array)
#1 E:\KULIAH\SEMESTER 5\RPL\UTS-UAS PROJECT\rakatu\system\CodeIgniter.php(921): App\Controllers\Dashboard->process_user()
#2 E:\KULIAH\SEMESTER 5\RPL\UTS-UAS PROJECT\rakatu\system\CodeIgniter.php(407): CodeIgniter\CodeIgniter->runController(Object(App\Controllers\Dashboard))
#3 E:\KULIAH\SEMESTER 5\RPL\UTS-UAS PROJECT\rakatu\system\CodeIgniter.php(315): CodeIgniter\CodeIgniter->handleRequest(NULL, Object(Config\Cache), false)
#4 E:\KULIAH\SEMESTER 5\RPL\UTS-UAS PROJECT\rakatu\public\index.php(45): CodeIgniter\CodeIgniter->run()
#5 E:\KULIAH\SEMESTER 5\RPL\UTS-UAS PROJECT\rakatu\system\Commands\Server\rewrite.php(34): require_once('E:\\KULIAH\\SEMES...')
#6 {main}
CRITICAL - 2020-12-13 23:21:37 --> Call to a member function insert() on string
#0 E:\KULIAH\SEMESTER 5\RPL\UTS-UAS PROJECT\rakatu\app\Controllers\Dashboard.php(169): App\Models\UserModel->insert_gambar(Array)
#1 E:\KULIAH\SEMESTER 5\RPL\UTS-UAS PROJECT\rakatu\system\CodeIgniter.php(921): App\Controllers\Dashboard->process_user()
#2 E:\KULIAH\SEMESTER 5\RPL\UTS-UAS PROJECT\rakatu\system\CodeIgniter.php(407): CodeIgniter\CodeIgniter->runController(Object(App\Controllers\Dashboard))
#3 E:\KULIAH\SEMESTER 5\RPL\UTS-UAS PROJECT\rakatu\system\CodeIgniter.php(315): CodeIgniter\CodeIgniter->handleRequest(NULL, Object(Config\Cache), false)
#4 E:\KULIAH\SEMESTER 5\RPL\UTS-UAS PROJECT\rakatu\public\index.php(45): CodeIgniter\CodeIgniter->run()
#5 E:\KULIAH\SEMESTER 5\RPL\UTS-UAS PROJECT\rakatu\system\Commands\Server\rewrite.php(34): require_once('E:\\KULIAH\\SEMES...')
#6 {main}
CRITICAL - 2020-12-13 23:24:17 --> Too few arguments to function App\Models\UserModel::insert_gambar(), 1 passed in E:\KULIAH\SEMESTER 5\RPL\UTS-UAS PROJECT\rakatu\app\Controllers\Dashboard.php on line 169 and exactly 2 expected
#0 E:\KULIAH\SEMESTER 5\RPL\UTS-UAS PROJECT\rakatu\app\Controllers\Dashboard.php(169): App\Models\UserModel->insert_gambar(Array)
#1 E:\KULIAH\SEMESTER 5\RPL\UTS-UAS PROJECT\rakatu\system\CodeIgniter.php(921): App\Controllers\Dashboard->process_user()
#2 E:\KULIAH\SEMESTER 5\RPL\UTS-UAS PROJECT\rakatu\system\CodeIgniter.php(407): CodeIgniter\CodeIgniter->runController(Object(App\Controllers\Dashboard))
#3 E:\KULIAH\SEMESTER 5\RPL\UTS-UAS PROJECT\rakatu\system\CodeIgniter.php(315): CodeIgniter\CodeIgniter->handleRequest(NULL, Object(Config\Cache), false)
#4 E:\KULIAH\SEMESTER 5\RPL\UTS-UAS PROJECT\rakatu\public\index.php(45): CodeIgniter\CodeIgniter->run()
#5 E:\KULIAH\SEMESTER 5\RPL\UTS-UAS PROJECT\rakatu\system\Commands\Server\rewrite.php(34): require_once('E:\\KULIAH\\SEMES...')
#6 {main}
CRITICAL - 2020-12-13 23:24:34 --> Call to a member function update() on string
#0 E:\KULIAH\SEMESTER 5\RPL\UTS-UAS PROJECT\rakatu\app\Controllers\Dashboard.php(169): App\Models\UserModel->insert_gambar(Array, NULL)
#1 E:\KULIAH\SEMESTER 5\RPL\UTS-UAS PROJECT\rakatu\system\CodeIgniter.php(921): App\Controllers\Dashboard->process_user()
#2 E:\KULIAH\SEMESTER 5\RPL\UTS-UAS PROJECT\rakatu\system\CodeIgniter.php(407): CodeIgniter\CodeIgniter->runController(Object(App\Controllers\Dashboard))
#3 E:\KULIAH\SEMESTER 5\RPL\UTS-UAS PROJECT\rakatu\system\CodeIgniter.php(315): CodeIgniter\CodeIgniter->handleRequest(NULL, Object(Config\Cache), false)
#4 E:\KULIAH\SEMESTER 5\RPL\UTS-UAS PROJECT\rakatu\public\index.php(45): CodeIgniter\CodeIgniter->run()
#5 E:\KULIAH\SEMESTER 5\RPL\UTS-UAS PROJECT\rakatu\system\Commands\Server\rewrite.php(34): require_once('E:\\KULIAH\\SEMES...')
#6 {main}
CRITICAL - 2020-12-13 23:28:00 --> syntax error, unexpected '$data' (T_VARIABLE)
#0 E:\KULIAH\SEMESTER 5\RPL\UTS-UAS PROJECT\rakatu\system\Router\Router.php(195): CodeIgniter\Router\Router->autoRoute('Dashboard/proce...')
#1 E:\KULIAH\SEMESTER 5\RPL\UTS-UAS PROJECT\rakatu\system\CodeIgniter.php(796): CodeIgniter\Router\Router->handle('Dashboard/proce...')
#2 E:\KULIAH\SEMESTER 5\RPL\UTS-UAS PROJECT\rakatu\system\CodeIgniter.php(367): CodeIgniter\CodeIgniter->tryToRouteIt(Object(CodeIgniter\Router\RouteCollection))
#3 E:\KULIAH\SEMESTER 5\RPL\UTS-UAS PROJECT\rakatu\system\CodeIgniter.php(315): CodeIgniter\CodeIgniter->handleRequest(NULL, Object(Config\Cache), false)
#4 E:\KULIAH\SEMESTER 5\RPL\UTS-UAS PROJECT\rakatu\public\index.php(45): CodeIgniter\CodeIgniter->run()
#5 E:\KULIAH\SEMESTER 5\RPL\UTS-UAS PROJECT\rakatu\system\Commands\Server\rewrite.php(34): require_once('E:\\KULIAH\\SEMES...')
#6 {main}
CRITICAL - 2020-12-13 23:28:08 --> Call to a member function update() on string
#0 E:\KULIAH\SEMESTER 5\RPL\UTS-UAS PROJECT\rakatu\app\Controllers\Dashboard.php(169): App\Models\UserModel->insert_gambar(Array, NULL)
#1 E:\KULIAH\SEMESTER 5\RPL\UTS-UAS PROJECT\rakatu\system\CodeIgniter.php(921): App\Controllers\Dashboard->process_user()
#2 E:\KULIAH\SEMESTER 5\RPL\UTS-UAS PROJECT\rakatu\system\CodeIgniter.php(407): CodeIgniter\CodeIgniter->runController(Object(App\Controllers\Dashboard))
#3 E:\KULIAH\SEMESTER 5\RPL\UTS-UAS PROJECT\rakatu\system\CodeIgniter.php(315): CodeIgniter\CodeIgniter->handleRequest(NULL, Object(Config\Cache), false)
#4 E:\KULIAH\SEMESTER 5\RPL\UTS-UAS PROJECT\rakatu\public\index.php(45): CodeIgniter\CodeIgniter->run()
#5 E:\KULIAH\SEMESTER 5\RPL\UTS-UAS PROJECT\rakatu\system\Commands\Server\rewrite.php(34): require_once('E:\\KULIAH\\SEMES...')
#6 {main}
CRITICAL - 2020-12-13 23:30:06 --> syntax error, unexpected '=>' (T_DOUBLE_ARROW)
#0 E:\KULIAH\SEMESTER 5\RPL\UTS-UAS PROJECT\rakatu\system\Router\Router.php(195): CodeIgniter\Router\Router->autoRoute('Dashboard/proce...')
#1 E:\KULIAH\SEMESTER 5\RPL\UTS-UAS PROJECT\rakatu\system\CodeIgniter.php(796): CodeIgniter\Router\Router->handle('Dashboard/proce...')
#2 E:\KULIAH\SEMESTER 5\RPL\UTS-UAS PROJECT\rakatu\system\CodeIgniter.php(367): CodeIgniter\CodeIgniter->tryToRouteIt(Object(CodeIgniter\Router\RouteCollection))
#3 E:\KULIAH\SEMESTER 5\RPL\UTS-UAS PROJECT\rakatu\system\CodeIgniter.php(315): CodeIgniter\CodeIgniter->handleRequest(NULL, Object(Config\Cache), false)
#4 E:\KULIAH\SEMESTER 5\RPL\UTS-UAS PROJECT\rakatu\public\index.php(45): CodeIgniter\CodeIgniter->run()
#5 E:\KULIAH\SEMESTER 5\RPL\UTS-UAS PROJECT\rakatu\system\Commands\Server\rewrite.php(34): require_once('E:\\KULIAH\\SEMES...')
#6 {main}
CRITICAL - 2020-12-13 23:30:20 --> Call to a member function update() on string
#0 E:\KULIAH\SEMESTER 5\RPL\UTS-UAS PROJECT\rakatu\app\Controllers\Dashboard.php(169): App\Models\UserModel->insert_gambar(Array, NULL)
#1 E:\KULIAH\SEMESTER 5\RPL\UTS-UAS PROJECT\rakatu\system\CodeIgniter.php(921): App\Controllers\Dashboard->process_user()
#2 E:\KULIAH\SEMESTER 5\RPL\UTS-UAS PROJECT\rakatu\system\CodeIgniter.php(407): CodeIgniter\CodeIgniter->runController(Object(App\Controllers\Dashboard))
#3 E:\KULIAH\SEMESTER 5\RPL\UTS-UAS PROJECT\rakatu\system\CodeIgniter.php(315): CodeIgniter\CodeIgniter->handleRequest(NULL, Object(Config\Cache), false)
#4 E:\KULIAH\SEMESTER 5\RPL\UTS-UAS PROJECT\rakatu\public\index.php(45): CodeIgniter\CodeIgniter->run()
#5 E:\KULIAH\SEMESTER 5\RPL\UTS-UAS PROJECT\rakatu\system\Commands\Server\rewrite.php(34): require_once('E:\\KULIAH\\SEMES...')
#6 {main}
CRITICAL - 2020-12-13 23:30:52 --> Call to a member function update() on string
#0 E:\KULIAH\SEMESTER 5\RPL\UTS-UAS PROJECT\rakatu\app\Controllers\Dashboard.php(170): App\Models\UserModel->insert_gambar(Array, NULL)
#1 E:\KULIAH\SEMESTER 5\RPL\UTS-UAS PROJECT\rakatu\system\CodeIgniter.php(921): App\Controllers\Dashboard->process_user()
#2 E:\KULIAH\SEMESTER 5\RPL\UTS-UAS PROJECT\rakatu\system\CodeIgniter.php(407): CodeIgniter\CodeIgniter->runController(Object(App\Controllers\Dashboard))
#3 E:\KULIAH\SEMESTER 5\RPL\UTS-UAS PROJECT\rakatu\system\CodeIgniter.php(315): CodeIgniter\CodeIgniter->handleRequest(NULL, Object(Config\Cache), false)
#4 E:\KULIAH\SEMESTER 5\RPL\UTS-UAS PROJECT\rakatu\public\index.php(45): CodeIgniter\CodeIgniter->run()
#5 E:\KULIAH\SEMESTER 5\RPL\UTS-UAS PROJECT\rakatu\system\Commands\Server\rewrite.php(34): require_once('E:\\KULIAH\\SEMES...')
#6 {main}
CRITICAL - 2020-12-13 23:31:54 --> Call to a member function update() on string
#0 E:\KULIAH\SEMESTER 5\RPL\UTS-UAS PROJECT\rakatu\app\Controllers\Dashboard.php(169): App\Models\UserModel->insert_gambar(Array, NULL)
#1 E:\KULIAH\SEMESTER 5\RPL\UTS-UAS PROJECT\rakatu\system\CodeIgniter.php(921): App\Controllers\Dashboard->process_user()
#2 E:\KULIAH\SEMESTER 5\RPL\UTS-UAS PROJECT\rakatu\system\CodeIgniter.php(407): CodeIgniter\CodeIgniter->runController(Object(App\Controllers\Dashboard))
#3 E:\KULIAH\SEMESTER 5\RPL\UTS-UAS PROJECT\rakatu\system\CodeIgniter.php(315): CodeIgniter\CodeIgniter->handleRequest(NULL, Object(Config\Cache), false)
#4 E:\KULIAH\SEMESTER 5\RPL\UTS-UAS PROJECT\rakatu\public\index.php(45): CodeIgniter\CodeIgniter->run()
#5 E:\KULIAH\SEMESTER 5\RPL\UTS-UAS PROJECT\rakatu\system\Commands\Server\rewrite.php(34): require_once('E:\\KULIAH\\SEMES...')
#6 {main}
CRITICAL - 2020-12-13 23:32:44 --> Call to a member function update() on string
#0 E:\KULIAH\SEMESTER 5\RPL\UTS-UAS PROJECT\rakatu\app\Controllers\Dashboard.php(169): App\Models\UserModel->insert_gambar(Array, NULL)
#1 E:\KULIAH\SEMESTER 5\RPL\UTS-UAS PROJECT\rakatu\system\CodeIgniter.php(921): App\Controllers\Dashboard->process_user()
#2 E:\KULIAH\SEMESTER 5\RPL\UTS-UAS PROJECT\rakatu\system\CodeIgniter.php(407): CodeIgniter\CodeIgniter->runController(Object(App\Controllers\Dashboard))
#3 E:\KULIAH\SEMESTER 5\RPL\UTS-UAS PROJECT\rakatu\system\CodeIgniter.php(315): CodeIgniter\CodeIgniter->handleRequest(NULL, Object(Config\Cache), false)
#4 E:\KULIAH\SEMESTER 5\RPL\UTS-UAS PROJECT\rakatu\public\index.php(45): CodeIgniter\CodeIgniter->run()
#5 E:\KULIAH\SEMESTER 5\RPL\UTS-UAS PROJECT\rakatu\system\Commands\Server\rewrite.php(34): require_once('E:\\KULIAH\\SEMES...')
#6 {main}
CRITICAL - 2020-12-13 23:34:59 --> Call to a member function insert() on string
#0 E:\KULIAH\SEMESTER 5\RPL\UTS-UAS PROJECT\rakatu\app\Controllers\Dashboard.php(169): App\Models\UserModel->insert_gambar(Array)
#1 E:\KULIAH\SEMESTER 5\RPL\UTS-UAS PROJECT\rakatu\system\CodeIgniter.php(921): App\Controllers\Dashboard->process_user()
#2 E:\KULIAH\SEMESTER 5\RPL\UTS-UAS PROJECT\rakatu\system\CodeIgniter.php(407): CodeIgniter\CodeIgniter->runController(Object(App\Controllers\Dashboard))
#3 E:\KULIAH\SEMESTER 5\RPL\UTS-UAS PROJECT\rakatu\system\CodeIgniter.php(315): CodeIgniter\CodeIgniter->handleRequest(NULL, Object(Config\Cache), false)
#4 E:\KULIAH\SEMESTER 5\RPL\UTS-UAS PROJECT\rakatu\public\index.php(45): CodeIgniter\CodeIgniter->run()
#5 E:\KULIAH\SEMESTER 5\RPL\UTS-UAS PROJECT\rakatu\system\Commands\Server\rewrite.php(34): require_once('E:\\KULIAH\\SEMES...')
#6 {main}
CRITICAL - 2020-12-13 23:35:55 --> Call to a member function insert() on string
#0 E:\KULIAH\SEMESTER 5\RPL\UTS-UAS PROJECT\rakatu\app\Controllers\Dashboard.php(169): App\Models\UserModel->insert_gambar(Array)
#1 E:\KULIAH\SEMESTER 5\RPL\UTS-UAS PROJECT\rakatu\system\CodeIgniter.php(921): App\Controllers\Dashboard->process_user()
#2 E:\KULIAH\SEMESTER 5\RPL\UTS-UAS PROJECT\rakatu\system\CodeIgniter.php(407): CodeIgniter\CodeIgniter->runController(Object(App\Controllers\Dashboard))
#3 E:\KULIAH\SEMESTER 5\RPL\UTS-UAS PROJECT\rakatu\system\CodeIgniter.php(315): CodeIgniter\CodeIgniter->handleRequest(NULL, Object(Config\Cache), false)
#4 E:\KULIAH\SEMESTER 5\RPL\UTS-UAS PROJECT\rakatu\public\index.php(45): CodeIgniter\CodeIgniter->run()
#5 E:\KULIAH\SEMESTER 5\RPL\UTS-UAS PROJECT\rakatu\system\Commands\Server\rewrite.php(34): require_once('E:\\KULIAH\\SEMES...')
#6 {main}
CRITICAL - 2020-12-13 23:37:17 --> syntax error, unexpected '=>' (T_DOUBLE_ARROW)
#0 E:\KULIAH\SEMESTER 5\RPL\UTS-UAS PROJECT\rakatu\system\Router\Router.php(195): CodeIgniter\Router\Router->autoRoute('Dashboard/proce...')
#1 E:\KULIAH\SEMESTER 5\RPL\UTS-UAS PROJECT\rakatu\system\CodeIgniter.php(796): CodeIgniter\Router\Router->handle('Dashboard/proce...')
#2 E:\KULIAH\SEMESTER 5\RPL\UTS-UAS PROJECT\rakatu\system\CodeIgniter.php(367): CodeIgniter\CodeIgniter->tryToRouteIt(Object(CodeIgniter\Router\RouteCollection))
#3 E:\KULIAH\SEMESTER 5\RPL\UTS-UAS PROJECT\rakatu\system\CodeIgniter.php(315): CodeIgniter\CodeIgniter->handleRequest(NULL, Object(Config\Cache), false)
#4 E:\KULIAH\SEMESTER 5\RPL\UTS-UAS PROJECT\rakatu\public\index.php(45): CodeIgniter\CodeIgniter->run()
#5 E:\KULIAH\SEMESTER 5\RPL\UTS-UAS PROJECT\rakatu\system\Commands\Server\rewrite.php(34): require_once('E:\\KULIAH\\SEMES...')
#6 {main}
CRITICAL - 2020-12-13 23:37:27 --> Call to undefined method App\Models\UserModel::getDataAdmin
#0 E:\KULIAH\SEMESTER 5\RPL\UTS-UAS PROJECT\rakatu\app\Controllers\Dashboard.php(169): CodeIgniter\Model->__call('getDataAdmin', Array)
#1 E:\KULIAH\SEMESTER 5\RPL\UTS-UAS PROJECT\rakatu\system\CodeIgniter.php(921): App\Controllers\Dashboard->process_user()
#2 E:\KULIAH\SEMESTER 5\RPL\UTS-UAS PROJECT\rakatu\system\CodeIgniter.php(407): CodeIgniter\CodeIgniter->runController(Object(App\Controllers\Dashboard))
#3 E:\KULIAH\SEMESTER 5\RPL\UTS-UAS PROJECT\rakatu\system\CodeIgniter.php(315): CodeIgniter\CodeIgniter->handleRequest(NULL, Object(Config\Cache), false)
#4 E:\KULIAH\SEMESTER 5\RPL\UTS-UAS PROJECT\rakatu\public\index.php(45): CodeIgniter\CodeIgniter->run()
#5 E:\KULIAH\SEMESTER 5\RPL\UTS-UAS PROJECT\rakatu\system\Commands\Server\rewrite.php(34): require_once('E:\\KULIAH\\SEMES...')
#6 {main}
CRITICAL - 2020-12-13 23:37:57 --> Undefined variable: foto
#0 E:\KULIAH\SEMESTER 5\RPL\UTS-UAS PROJECT\rakatu\app\Views\profil_admin_v.php(14): CodeIgniter\Debug\Exceptions->errorHandler(8, 'Undefined varia...', 'E:\\KULIAH\\SEMES...', 14, Array)
#1 E:\KULIAH\SEMESTER 5\RPL\UTS-UAS PROJECT\rakatu\system\View\View.php(246): include('E:\\KULIAH\\SEMES...')
#2 E:\KULIAH\SEMESTER 5\RPL\UTS-UAS PROJECT\rakatu\system\Common.php(1119): CodeIgniter\View\View->render('profil_admin_v', Array, true)
#3 E:\KULIAH\SEMESTER 5\RPL\UTS-UAS PROJECT\rakatu\app\Controllers\Dashboard.php(258): view('profil_admin_v', Array)
#4 E:\KULIAH\SEMESTER 5\RPL\UTS-UAS PROJECT\rakatu\system\CodeIgniter.php(921): App\Controllers\Dashboard->ProfilAdmin()
#5 E:\KULIAH\SEMESTER 5\RPL\UTS-UAS PROJECT\rakatu\system\CodeIgniter.php(407): CodeIgniter\CodeIgniter->runController(Object(App\Controllers\Dashboard))
#6 E:\KULIAH\SEMESTER 5\RPL\UTS-UAS PROJECT\rakatu\system\CodeIgniter.php(315): CodeIgniter\CodeIgniter->handleRequest(NULL, Object(Config\Cache), false)
#7 E:\KULIAH\SEMESTER 5\RPL\UTS-UAS PROJECT\rakatu\public\index.php(45): CodeIgniter\CodeIgniter->run()
#8 E:\KULIAH\SEMESTER 5\RPL\UTS-UAS PROJECT\rakatu\system\Commands\Server\rewrite.php(34): require_once('E:\\KULIAH\\SEMES...')
#9 {main}
CRITICAL - 2020-12-13 23:39:26 --> Undefined variable: foto
#0 E:\KULIAH\SEMESTER 5\RPL\UTS-UAS PROJECT\rakatu\app\Views\profil_admin_v.php(14): CodeIgniter\Debug\Exceptions->errorHandler(8, 'Undefined varia...', 'E:\\KULIAH\\SEMES...', 14, Array)
#1 E:\KULIAH\SEMESTER 5\RPL\UTS-UAS PROJECT\rakatu\system\View\View.php(246): include('E:\\KULIAH\\SEMES...')
#2 E:\KULIAH\SEMESTER 5\RPL\UTS-UAS PROJECT\rakatu\system\Common.php(1119): CodeIgniter\View\View->render('profil_admin_v', Array, true)
#3 E:\KULIAH\SEMESTER 5\RPL\UTS-UAS PROJECT\rakatu\app\Controllers\Dashboard.php(258): view('profil_admin_v', Array)
#4 E:\KULIAH\SEMESTER 5\RPL\UTS-UAS PROJECT\rakatu\system\CodeIgniter.php(921): App\Controllers\Dashboard->ProfilAdmin()
#5 E:\KULIAH\SEMESTER 5\RPL\UTS-UAS PROJECT\rakatu\system\CodeIgniter.php(407): CodeIgniter\CodeIgniter->runController(Object(App\Controllers\Dashboard))
#6 E:\KULIAH\SEMESTER 5\RPL\UTS-UAS PROJECT\rakatu\system\CodeIgniter.php(315): CodeIgniter\CodeIgniter->handleRequest(NULL, Object(Config\Cache), false)
#7 E:\KULIAH\SEMESTER 5\RPL\UTS-UAS PROJECT\rakatu\public\index.php(45): CodeIgniter\CodeIgniter->run()
#8 E:\KULIAH\SEMESTER 5\RPL\UTS-UAS PROJECT\rakatu\system\Commands\Server\rewrite.php(34): require_once('E:\\KULIAH\\SEMES...')
#9 {main}
CRITICAL - 2020-12-13 23:40:35 --> Undefined variable: foto
#0 E:\KULIAH\SEMESTER 5\RPL\UTS-UAS PROJECT\rakatu\app\Views\profil_admin_v.php(14): CodeIgniter\Debug\Exceptions->errorHandler(8, 'Undefined varia...', 'E:\\KULIAH\\SEMES...', 14, Array)
#1 E:\KULIAH\SEMESTER 5\RPL\UTS-UAS PROJECT\rakatu\system\View\View.php(246): include('E:\\KULIAH\\SEMES...')
#2 E:\KULIAH\SEMESTER 5\RPL\UTS-UAS PROJECT\rakatu\system\Common.php(1119): CodeIgniter\View\View->render('profil_admin_v', Array, true)
#3 E:\KULIAH\SEMESTER 5\RPL\UTS-UAS PROJECT\rakatu\app\Controllers\Dashboard.php(241): view('profil_admin_v', Array)
#4 E:\KULIAH\SEMESTER 5\RPL\UTS-UAS PROJECT\rakatu\system\CodeIgniter.php(921): App\Controllers\Dashboard->ProfilAdmin()
#5 E:\KULIAH\SEMESTER 5\RPL\UTS-UAS PROJECT\rakatu\system\CodeIgniter.php(407): CodeIgniter\CodeIgniter->runController(Object(App\Controllers\Dashboard))
#6 E:\KULIAH\SEMESTER 5\RPL\UTS-UAS PROJECT\rakatu\system\CodeIgniter.php(315): CodeIgniter\CodeIgniter->handleRequest(NULL, Object(Config\Cache), false)
#7 E:\KULIAH\SEMESTER 5\RPL\UTS-UAS PROJECT\rakatu\public\index.php(45): CodeIgniter\CodeIgniter->run()
#8 E:\KULIAH\SEMESTER 5\RPL\UTS-UAS PROJECT\rakatu\system\Commands\Server\rewrite.php(34): require_once('E:\\KULIAH\\SEMES...')
#9 {main}
CRITICAL - 2020-12-13 23:41:03 --> Call to a member function insert() on string
#0 E:\KULIAH\SEMESTER 5\RPL\UTS-UAS PROJECT\rakatu\app\Controllers\Dashboard.php(169): App\Models\UserModel->insert_gambar(Array)
#1 E:\KULIAH\SEMESTER 5\RPL\UTS-UAS PROJECT\rakatu\system\CodeIgniter.php(921): App\Controllers\Dashboard->process_user()
#2 E:\KULIAH\SEMESTER 5\RPL\UTS-UAS PROJECT\rakatu\system\CodeIgniter.php(407): CodeIgniter\CodeIgniter->runController(Object(App\Controllers\Dashboard))
#3 E:\KULIAH\SEMESTER 5\RPL\UTS-UAS PROJECT\rakatu\system\CodeIgniter.php(315): CodeIgniter\CodeIgniter->handleRequest(NULL, Object(Config\Cache), false)
#4 E:\KULIAH\SEMESTER 5\RPL\UTS-UAS PROJECT\rakatu\public\index.php(45): CodeIgniter\CodeIgniter->run()
#5 E:\KULIAH\SEMESTER 5\RPL\UTS-UAS PROJECT\rakatu\system\Commands\Server\rewrite.php(34): require_once('E:\\KULIAH\\SEMES...')
#6 {main}
CRITICAL - 2020-12-13 23:43:52 --> Call to a member function insert() on string
#0 E:\KULIAH\SEMESTER 5\RPL\UTS-UAS PROJECT\rakatu\app\Controllers\Dashboard.php(170): App\Models\UserModel->insert_gambar(Array)
#1 E:\KULIAH\SEMESTER 5\RPL\UTS-UAS PROJECT\rakatu\system\CodeIgniter.php(921): App\Controllers\Dashboard->process_user()
#2 E:\KULIAH\SEMESTER 5\RPL\UTS-UAS PROJECT\rakatu\system\CodeIgniter.php(407): CodeIgniter\CodeIgniter->runController(Object(App\Controllers\Dashboard))
#3 E:\KULIAH\SEMESTER 5\RPL\UTS-UAS PROJECT\rakatu\system\CodeIgniter.php(315): CodeIgniter\CodeIgniter->handleRequest(NULL, Object(Config\Cache), false)
#4 E:\KULIAH\SEMESTER 5\RPL\UTS-UAS PROJECT\rakatu\public\index.php(45): CodeIgniter\CodeIgniter->run()
#5 E:\KULIAH\SEMESTER 5\RPL\UTS-UAS PROJECT\rakatu\system\Commands\Server\rewrite.php(34): require_once('E:\\KULIAH\\SEMES...')
#6 {main}
CRITICAL - 2020-12-13 23:45:20 --> Call to a member function insert() on string
#0 E:\KULIAH\SEMESTER 5\RPL\UTS-UAS PROJECT\rakatu\app\Controllers\Dashboard.php(169): App\Models\UserModel->insert_gambar(Array)
#1 E:\KULIAH\SEMESTER 5\RPL\UTS-UAS PROJECT\rakatu\system\CodeIgniter.php(921): App\Controllers\Dashboard->process_user()
#2 E:\KULIAH\SEMESTER 5\RPL\UTS-UAS PROJECT\rakatu\system\CodeIgniter.php(407): CodeIgniter\CodeIgniter->runController(Object(App\Controllers\Dashboard))
#3 E:\KULIAH\SEMESTER 5\RPL\UTS-UAS PROJECT\rakatu\system\CodeIgniter.php(315): CodeIgniter\CodeIgniter->handleRequest(NULL, Object(Config\Cache), false)
#4 E:\KULIAH\SEMESTER 5\RPL\UTS-UAS PROJECT\rakatu\public\index.php(45): CodeIgniter\CodeIgniter->run()
#5 E:\KULIAH\SEMESTER 5\RPL\UTS-UAS PROJECT\rakatu\system\Commands\Server\rewrite.php(34): require_once('E:\\KULIAH\\SEMES...')
#6 {main}
CRITICAL - 2020-12-13 23:45:51 --> Call to a member function insert() on string
#0 E:\KULIAH\SEMESTER 5\RPL\UTS-UAS PROJECT\rakatu\app\Controllers\Dashboard.php(169): App\Models\UserModel->insert_gambar(Array)
#1 E:\KULIAH\SEMESTER 5\RPL\UTS-UAS PROJECT\rakatu\system\CodeIgniter.php(921): App\Controllers\Dashboard->process_user()
#2 E:\KULIAH\SEMESTER 5\RPL\UTS-UAS PROJECT\rakatu\system\CodeIgniter.php(407): CodeIgniter\CodeIgniter->runController(Object(App\Controllers\Dashboard))
#3 E:\KULIAH\SEMESTER 5\RPL\UTS-UAS PROJECT\rakatu\system\CodeIgniter.php(315): CodeIgniter\CodeIgniter->handleRequest(NULL, Object(Config\Cache), false)
#4 E:\KULIAH\SEMESTER 5\RPL\UTS-UAS PROJECT\rakatu\public\index.php(45): CodeIgniter\CodeIgniter->run()
#5 E:\KULIAH\SEMESTER 5\RPL\UTS-UAS PROJECT\rakatu\system\Commands\Server\rewrite.php(34): require_once('E:\\KULIAH\\SEMES...')
#6 {main}
CRITICAL - 2020-12-13 23:49:09 --> Call to a member function insert() on string
#0 E:\KULIAH\SEMESTER 5\RPL\UTS-UAS PROJECT\rakatu\app\Controllers\Dashboard.php(169): App\Models\UserModel->insert_gambar(Array)
#1 E:\KULIAH\SEMESTER 5\RPL\UTS-UAS PROJECT\rakatu\system\CodeIgniter.php(921): App\Controllers\Dashboard->process_user()
#2 E:\KULIAH\SEMESTER 5\RPL\UTS-UAS PROJECT\rakatu\system\CodeIgniter.php(407): CodeIgniter\CodeIgniter->runController(Object(App\Controllers\Dashboard))
#3 E:\KULIAH\SEMESTER 5\RPL\UTS-UAS PROJECT\rakatu\system\CodeIgniter.php(315): CodeIgniter\CodeIgniter->handleRequest(NULL, Object(Config\Cache), false)
#4 E:\KULIAH\SEMESTER 5\RPL\UTS-UAS PROJECT\rakatu\public\index.php(45): CodeIgniter\CodeIgniter->run()
#5 E:\KULIAH\SEMESTER 5\RPL\UTS-UAS PROJECT\rakatu\system\Commands\Server\rewrite.php(34): require_once('E:\\KULIAH\\SEMES...')
#6 {main}
CRITICAL - 2020-12-13 23:49:19 --> Call to a member function insert() on string
#0 E:\KULIAH\SEMESTER 5\RPL\UTS-UAS PROJECT\rakatu\app\Controllers\Dashboard.php(169): App\Models\UserModel->insert_gambar(Array)
#1 E:\KULIAH\SEMESTER 5\RPL\UTS-UAS PROJECT\rakatu\system\CodeIgniter.php(921): App\Controllers\Dashboard->process_user()
#2 E:\KULIAH\SEMESTER 5\RPL\UTS-UAS PROJECT\rakatu\system\CodeIgniter.php(407): CodeIgniter\CodeIgniter->runController(Object(App\Controllers\Dashboard))
#3 E:\KULIAH\SEMESTER 5\RPL\UTS-UAS PROJECT\rakatu\system\CodeIgniter.php(315): CodeIgniter\CodeIgniter->handleRequest(NULL, Object(Config\Cache), false)
#4 E:\KULIAH\SEMESTER 5\RPL\UTS-UAS PROJECT\rakatu\public\index.php(45): CodeIgniter\CodeIgniter->run()
#5 E:\KULIAH\SEMESTER 5\RPL\UTS-UAS PROJECT\rakatu\system\Commands\Server\rewrite.php(34): require_once('E:\\KULIAH\\SEMES...')
#6 {main}
CRITICAL - 2020-12-13 23:49:55 --> Call to a member function insert() on string
#0 E:\KULIAH\SEMESTER 5\RPL\UTS-UAS PROJECT\rakatu\app\Controllers\Dashboard.php(169): App\Models\UserModel->insert_gambar(Array)
#1 E:\KULIAH\SEMESTER 5\RPL\UTS-UAS PROJECT\rakatu\system\CodeIgniter.php(921): App\Controllers\Dashboard->process_user()
#2 E:\KULIAH\SEMESTER 5\RPL\UTS-UAS PROJECT\rakatu\system\CodeIgniter.php(407): CodeIgniter\CodeIgniter->runController(Object(App\Controllers\Dashboard))
#3 E:\KULIAH\SEMESTER 5\RPL\UTS-UAS PROJECT\rakatu\system\CodeIgniter.php(315): CodeIgniter\CodeIgniter->handleRequest(NULL, Object(Config\Cache), false)
#4 E:\KULIAH\SEMESTER 5\RPL\UTS-UAS PROJECT\rakatu\public\index.php(45): CodeIgniter\CodeIgniter->run()
#5 E:\KULIAH\SEMESTER 5\RPL\UTS-UAS PROJECT\rakatu\system\Commands\Server\rewrite.php(34): require_once('E:\\KULIAH\\SEMES...')
#6 {main}
CRITICAL - 2020-12-13 23:50:34 --> Column 'foto' cannot be null
#0 E:\KULIAH\SEMESTER 5\RPL\UTS-UAS PROJECT\rakatu\system\Database\MySQLi\Connection.php(331): mysqli->query('INSERT INTO `us...')
#1 E:\KULIAH\SEMESTER 5\RPL\UTS-UAS PROJECT\rakatu\system\Database\BaseConnection.php(741): CodeIgniter\Database\MySQLi\Connection->execute('INSERT INTO `us...')
#2 E:\KULIAH\SEMESTER 5\RPL\UTS-UAS PROJECT\rakatu\system\Database\BaseConnection.php(669): CodeIgniter\Database\BaseConnection->simpleQuery('INSERT INTO `us...')
#3 E:\KULIAH\SEMESTER 5\RPL\UTS-UAS PROJECT\rakatu\system\Database\BaseBuilder.php(2249): CodeIgniter\Database\BaseConnection->query('INSERT INTO `us...', Array, false)
#4 E:\KULIAH\SEMESTER 5\RPL\UTS-UAS PROJECT\rakatu\app\Models\UserModel.php(48): CodeIgniter\Database\BaseBuilder->insert(Array)
#5 E:\KULIAH\SEMESTER 5\RPL\UTS-UAS PROJECT\rakatu\app\Controllers\Dashboard.php(169): App\Models\UserModel->insert_gambar(Array)
#6 E:\KULIAH\SEMESTER 5\RPL\UTS-UAS PROJECT\rakatu\system\CodeIgniter.php(921): App\Controllers\Dashboard->process_user()
#7 E:\KULIAH\SEMESTER 5\RPL\UTS-UAS PROJECT\rakatu\system\CodeIgniter.php(407): CodeIgniter\CodeIgniter->runController(Object(App\Controllers\Dashboard))
#8 E:\KULIAH\SEMESTER 5\RPL\UTS-UAS PROJECT\rakatu\system\CodeIgniter.php(315): CodeIgniter\CodeIgniter->handleRequest(NULL, Object(Config\Cache), false)
#9 E:\KULIAH\SEMESTER 5\RPL\UTS-UAS PROJECT\rakatu\public\index.php(45): CodeIgniter\CodeIgniter->run()
#10 E:\KULIAH\SEMESTER 5\RPL\UTS-UAS PROJECT\rakatu\system\Commands\Server\rewrite.php(34): require_once('E:\\KULIAH\\SEMES...')
#11 {main}
CRITICAL - 2020-12-13 23:55:59 --> syntax error, unexpected '$avatar' (T_VARIABLE), expecting ']'
#0 E:\KULIAH\SEMESTER 5\RPL\UTS-UAS PROJECT\rakatu\system\Router\Router.php(195): CodeIgniter\Router\Router->autoRoute('Dashboard/Profi...')
#1 E:\KULIAH\SEMESTER 5\RPL\UTS-UAS PROJECT\rakatu\system\CodeIgniter.php(796): CodeIgniter\Router\Router->handle('Dashboard/Profi...')
#2 E:\KULIAH\SEMESTER 5\RPL\UTS-UAS PROJECT\rakatu\system\CodeIgniter.php(367): CodeIgniter\CodeIgniter->tryToRouteIt(Object(CodeIgniter\Router\RouteCollection))
#3 E:\KULIAH\SEMESTER 5\RPL\UTS-UAS PROJECT\rakatu\system\CodeIgniter.php(315): CodeIgniter\CodeIgniter->handleRequest(NULL, Object(Config\Cache), false)
#4 E:\KULIAH\SEMESTER 5\RPL\UTS-UAS PROJECT\rakatu\public\index.php(45): CodeIgniter\CodeIgniter->run()
#5 E:\KULIAH\SEMESTER 5\RPL\UTS-UAS PROJECT\rakatu\system\Commands\Server\rewrite.php(34): require_once('E:\\KULIAH\\SEMES...')
#6 {main}
CRITICAL - 2020-12-13 23:57:39 --> Undefined property: CodeIgniter\HTTP\Files\UploadedFile::$getName
#0 E:\KULIAH\SEMESTER 5\RPL\UTS-UAS PROJECT\rakatu\app\Controllers\Dashboard.php(166): CodeIgniter\Debug\Exceptions->errorHandler(8, 'Undefined prope...', 'E:\\KULIAH\\SEMES...', 166, Array)
#1 E:\KULIAH\SEMESTER 5\RPL\UTS-UAS PROJECT\rakatu\system\CodeIgniter.php(921): App\Controllers\Dashboard->process_user()
#2 E:\KULIAH\SEMESTER 5\RPL\UTS-UAS PROJECT\rakatu\system\CodeIgniter.php(407): CodeIgniter\CodeIgniter->runController(Object(App\Controllers\Dashboard))
#3 E:\KULIAH\SEMESTER 5\RPL\UTS-UAS PROJECT\rakatu\system\CodeIgniter.php(315): CodeIgniter\CodeIgniter->handleRequest(NULL, Object(Config\Cache), false)
#4 E:\KULIAH\SEMESTER 5\RPL\UTS-UAS PROJECT\rakatu\public\index.php(45): CodeIgniter\CodeIgniter->run()
#5 E:\KULIAH\SEMESTER 5\RPL\UTS-UAS PROJECT\rakatu\system\Commands\Server\rewrite.php(34): require_once('E:\\KULIAH\\SEMES...')
#6 {main}
