CRITICAL - 2020-11-30 05:04:18 --> Undefined property: CodeIgniter\View\View::$url
#0 E:\KULIAH\SEMESTER 5\RPL\UTS-UAS PROJECT\siratu\app\Views\template.php(40): CodeIgniter\Debug\Exceptions->errorHandler(8, 'Undefined prope...', 'E:\\KULIAH\\SEMES...', 40, Array)
#1 E:\KULIAH\SEMESTER 5\RPL\UTS-UAS PROJECT\siratu\system\View\View.php(246): include('E:\\KULIAH\\SEMES...')
#2 E:\KULIAH\SEMESTER 5\RPL\UTS-UAS PROJECT\siratu\system\View\View.php(257): CodeIgniter\View\View->render('template', Array, true)
#3 E:\KULIAH\SEMESTER 5\RPL\UTS-UAS PROJECT\siratu\system\Common.php(1119): CodeIgniter\View\View->render('flashcard_v.php', Array, true)
#4 E:\KULIAH\SEMESTER 5\RPL\UTS-UAS PROJECT\siratu\app\Controllers\FlashCard.php(9): view('flashcard_v.php', Array)
#5 E:\KULIAH\SEMESTER 5\RPL\UTS-UAS PROJECT\siratu\system\CodeIgniter.php(921): App\Controllers\FlashCard->kartu()
#6 E:\KULIAH\SEMESTER 5\RPL\UTS-UAS PROJECT\siratu\system\CodeIgniter.php(407): CodeIgniter\CodeIgniter->runController(Object(App\Controllers\FlashCard))
#7 E:\KULIAH\SEMESTER 5\RPL\UTS-UAS PROJECT\siratu\system\CodeIgniter.php(315): CodeIgniter\CodeIgniter->handleRequest(NULL, Object(Config\Cache), false)
#8 E:\KULIAH\SEMESTER 5\RPL\UTS-UAS PROJECT\siratu\public\index.php(45): CodeIgniter\CodeIgniter->run()
#9 E:\KULIAH\SEMESTER 5\RPL\UTS-UAS PROJECT\siratu\system\Commands\Server\rewrite.php(34): require_once('E:\\KULIAH\\SEMES...')
#10 {main}
CRITICAL - 2020-11-30 05:04:48 --> Undefined property: CodeIgniter\View\View::$url
#0 E:\KULIAH\SEMESTER 5\RPL\UTS-UAS PROJECT\siratu\app\Views\template.php(40): CodeIgniter\Debug\Exceptions->errorHandler(8, 'Undefined prope...', 'E:\\KULIAH\\SEMES...', 40, Array)
#1 E:\KULIAH\SEMESTER 5\RPL\UTS-UAS PROJECT\siratu\system\View\View.php(246): include('E:\\KULIAH\\SEMES...')
#2 E:\KULIAH\SEMESTER 5\RPL\UTS-UAS PROJECT\siratu\system\View\View.php(257): CodeIgniter\View\View->render('template', Array, true)
#3 E:\KULIAH\SEMESTER 5\RPL\UTS-UAS PROJECT\siratu\system\Common.php(1119): CodeIgniter\View\View->render('index_v', Array, true)
#4 E:\KULIAH\SEMESTER 5\RPL\UTS-UAS PROJECT\siratu\app\Controllers\Index.php(10): view('index_v', Array)
#5 E:\KULIAH\SEMESTER 5\RPL\UTS-UAS PROJECT\siratu\system\CodeIgniter.php(921): App\Controllers\Index->index()
#6 E:\KULIAH\SEMESTER 5\RPL\UTS-UAS PROJECT\siratu\system\CodeIgniter.php(407): CodeIgniter\CodeIgniter->runController(Object(App\Controllers\Index))
#7 E:\KULIAH\SEMESTER 5\RPL\UTS-UAS PROJECT\siratu\system\CodeIgniter.php(315): CodeIgniter\CodeIgniter->handleRequest(NULL, Object(Config\Cache), false)
#8 E:\KULIAH\SEMESTER 5\RPL\UTS-UAS PROJECT\siratu\public\index.php(45): CodeIgniter\CodeIgniter->run()
#9 E:\KULIAH\SEMESTER 5\RPL\UTS-UAS PROJECT\siratu\system\Commands\Server\rewrite.php(34): require_once('E:\\KULIAH\\SEMES...')
#10 {main}
CRITICAL - 2020-11-30 05:06:56 --> Undefined property: CodeIgniter\View\View::$uri
#0 E:\KULIAH\SEMESTER 5\RPL\UTS-UAS PROJECT\siratu\app\Views\template.php(40): CodeIgniter\Debug\Exceptions->errorHandler(8, 'Undefined prope...', 'E:\\KULIAH\\SEMES...', 40, Array)
#1 E:\KULIAH\SEMESTER 5\RPL\UTS-UAS PROJECT\siratu\system\View\View.php(246): include('E:\\KULIAH\\SEMES...')
#2 E:\KULIAH\SEMESTER 5\RPL\UTS-UAS PROJECT\siratu\system\View\View.php(257): CodeIgniter\View\View->render('template', Array, true)
#3 E:\KULIAH\SEMESTER 5\RPL\UTS-UAS PROJECT\siratu\system\Common.php(1119): CodeIgniter\View\View->render('index_v', Array, true)
#4 E:\KULIAH\SEMESTER 5\RPL\UTS-UAS PROJECT\siratu\app\Controllers\Index.php(10): view('index_v', Array)
#5 E:\KULIAH\SEMESTER 5\RPL\UTS-UAS PROJECT\siratu\system\CodeIgniter.php(921): App\Controllers\Index->index()
#6 E:\KULIAH\SEMESTER 5\RPL\UTS-UAS PROJECT\siratu\system\CodeIgniter.php(407): CodeIgniter\CodeIgniter->runController(Object(App\Controllers\Index))
#7 E:\KULIAH\SEMESTER 5\RPL\UTS-UAS PROJECT\siratu\system\CodeIgniter.php(315): CodeIgniter\CodeIgniter->handleRequest(NULL, Object(Config\Cache), false)
#8 E:\KULIAH\SEMESTER 5\RPL\UTS-UAS PROJECT\siratu\public\index.php(45): CodeIgniter\CodeIgniter->run()
#9 E:\KULIAH\SEMESTER 5\RPL\UTS-UAS PROJECT\siratu\system\Commands\Server\rewrite.php(34): require_once('E:\\KULIAH\\SEMES...')
#10 {main}
CRITICAL - 2020-11-30 05:16:58 --> Undefined property: CodeIgniter\View\View::$uri
#0 E:\KULIAH\SEMESTER 5\RPL\UTS-UAS PROJECT\siratu\app\Views\template.php(40): CodeIgniter\Debug\Exceptions->errorHandler(8, 'Undefined prope...', 'E:\\KULIAH\\SEMES...', 40, Array)
#1 E:\KULIAH\SEMESTER 5\RPL\UTS-UAS PROJECT\siratu\system\View\View.php(246): include('E:\\KULIAH\\SEMES...')
#2 E:\KULIAH\SEMESTER 5\RPL\UTS-UAS PROJECT\siratu\system\View\View.php(257): CodeIgniter\View\View->render('template', Array, true)
#3 E:\KULIAH\SEMESTER 5\RPL\UTS-UAS PROJECT\siratu\system\Common.php(1119): CodeIgniter\View\View->render('log_in_user_v', Array, true)
#4 E:\KULIAH\SEMESTER 5\RPL\UTS-UAS PROJECT\siratu\app\Controllers\Index.php(16): view('log_in_user_v', Array)
#5 E:\KULIAH\SEMESTER 5\RPL\UTS-UAS PROJECT\siratu\system\CodeIgniter.php(921): App\Controllers\Index->loginuser()
#6 E:\KULIAH\SEMESTER 5\RPL\UTS-UAS PROJECT\siratu\system\CodeIgniter.php(407): CodeIgniter\CodeIgniter->runController(Object(App\Controllers\Index))
#7 E:\KULIAH\SEMESTER 5\RPL\UTS-UAS PROJECT\siratu\system\CodeIgniter.php(315): CodeIgniter\CodeIgniter->handleRequest(NULL, Object(Config\Cache), false)
#8 E:\KULIAH\SEMESTER 5\RPL\UTS-UAS PROJECT\siratu\public\index.php(45): CodeIgniter\CodeIgniter->run()
#9 E:\KULIAH\SEMESTER 5\RPL\UTS-UAS PROJECT\siratu\system\Commands\Server\rewrite.php(34): require_once('E:\\KULIAH\\SEMES...')
#10 {main}
CRITICAL - 2020-11-30 05:17:47 --> Undefined property: CodeIgniter\View\View::$CI
#0 E:\KULIAH\SEMESTER 5\RPL\UTS-UAS PROJECT\siratu\app\Views\template.php(40): CodeIgniter\Debug\Exceptions->errorHandler(8, 'Undefined prope...', 'E:\\KULIAH\\SEMES...', 40, Array)
#1 E:\KULIAH\SEMESTER 5\RPL\UTS-UAS PROJECT\siratu\system\View\View.php(246): include('E:\\KULIAH\\SEMES...')
#2 E:\KULIAH\SEMESTER 5\RPL\UTS-UAS PROJECT\siratu\system\View\View.php(257): CodeIgniter\View\View->render('template', Array, true)
#3 E:\KULIAH\SEMESTER 5\RPL\UTS-UAS PROJECT\siratu\system\Common.php(1119): CodeIgniter\View\View->render('log_in_user_v', Array, true)
#4 E:\KULIAH\SEMESTER 5\RPL\UTS-UAS PROJECT\siratu\app\Controllers\Index.php(16): view('log_in_user_v', Array)
#5 E:\KULIAH\SEMESTER 5\RPL\UTS-UAS PROJECT\siratu\system\CodeIgniter.php(921): App\Controllers\Index->loginuser()
#6 E:\KULIAH\SEMESTER 5\RPL\UTS-UAS PROJECT\siratu\system\CodeIgniter.php(407): CodeIgniter\CodeIgniter->runController(Object(App\Controllers\Index))
#7 E:\KULIAH\SEMESTER 5\RPL\UTS-UAS PROJECT\siratu\system\CodeIgniter.php(315): CodeIgniter\CodeIgniter->handleRequest(NULL, Object(Config\Cache), false)
#8 E:\KULIAH\SEMESTER 5\RPL\UTS-UAS PROJECT\siratu\public\index.php(45): CodeIgniter\CodeIgniter->run()
#9 E:\KULIAH\SEMESTER 5\RPL\UTS-UAS PROJECT\siratu\system\Commands\Server\rewrite.php(34): require_once('E:\\KULIAH\\SEMES...')
#10 {main}
CRITICAL - 2020-11-30 05:18:53 --> Undefined property: CodeIgniter\View\View::$CI
#0 E:\KULIAH\SEMESTER 5\RPL\UTS-UAS PROJECT\siratu\app\Views\template.php(40): CodeIgniter\Debug\Exceptions->errorHandler(8, 'Undefined prope...', 'E:\\KULIAH\\SEMES...', 40, Array)
#1 E:\KULIAH\SEMESTER 5\RPL\UTS-UAS PROJECT\siratu\system\View\View.php(246): include('E:\\KULIAH\\SEMES...')
#2 E:\KULIAH\SEMESTER 5\RPL\UTS-UAS PROJECT\siratu\system\View\View.php(257): CodeIgniter\View\View->render('template', Array, true)
#3 E:\KULIAH\SEMESTER 5\RPL\UTS-UAS PROJECT\siratu\system\Common.php(1119): CodeIgniter\View\View->render('log_in_user_v', Array, true)
#4 E:\KULIAH\SEMESTER 5\RPL\UTS-UAS PROJECT\siratu\app\Controllers\Index.php(16): view('log_in_user_v', Array)
#5 E:\KULIAH\SEMESTER 5\RPL\UTS-UAS PROJECT\siratu\system\CodeIgniter.php(921): App\Controllers\Index->loginuser()
#6 E:\KULIAH\SEMESTER 5\RPL\UTS-UAS PROJECT\siratu\system\CodeIgniter.php(407): CodeIgniter\CodeIgniter->runController(Object(App\Controllers\Index))
#7 E:\KULIAH\SEMESTER 5\RPL\UTS-UAS PROJECT\siratu\system\CodeIgniter.php(315): CodeIgniter\CodeIgniter->handleRequest(NULL, Object(Config\Cache), false)
#8 E:\KULIAH\SEMESTER 5\RPL\UTS-UAS PROJECT\siratu\public\index.php(45): CodeIgniter\CodeIgniter->run()
#9 E:\KULIAH\SEMESTER 5\RPL\UTS-UAS PROJECT\siratu\system\Commands\Server\rewrite.php(34): require_once('E:\\KULIAH\\SEMES...')
#10 {main}
CRITICAL - 2020-11-30 05:19:45 --> Undefined property: CodeIgniter\View\View::$CI
#0 E:\KULIAH\SEMESTER 5\RPL\UTS-UAS PROJECT\siratu\app\Views\template.php(40): CodeIgniter\Debug\Exceptions->errorHandler(8, 'Undefined prope...', 'E:\\KULIAH\\SEMES...', 40, Array)
#1 E:\KULIAH\SEMESTER 5\RPL\UTS-UAS PROJECT\siratu\system\View\View.php(246): include('E:\\KULIAH\\SEMES...')
#2 E:\KULIAH\SEMESTER 5\RPL\UTS-UAS PROJECT\siratu\system\View\View.php(257): CodeIgniter\View\View->render('template', Array, true)
#3 E:\KULIAH\SEMESTER 5\RPL\UTS-UAS PROJECT\siratu\system\Common.php(1119): CodeIgniter\View\View->render('log_in_user_v', Array, true)
#4 E:\KULIAH\SEMESTER 5\RPL\UTS-UAS PROJECT\siratu\app\Controllers\Index.php(16): view('log_in_user_v', Array)
#5 E:\KULIAH\SEMESTER 5\RPL\UTS-UAS PROJECT\siratu\system\CodeIgniter.php(921): App\Controllers\Index->loginuser()
#6 E:\KULIAH\SEMESTER 5\RPL\UTS-UAS PROJECT\siratu\system\CodeIgniter.php(407): CodeIgniter\CodeIgniter->runController(Object(App\Controllers\Index))
#7 E:\KULIAH\SEMESTER 5\RPL\UTS-UAS PROJECT\siratu\system\CodeIgniter.php(315): CodeIgniter\CodeIgniter->handleRequest(NULL, Object(Config\Cache), false)
#8 E:\KULIAH\SEMESTER 5\RPL\UTS-UAS PROJECT\siratu\public\index.php(45): CodeIgniter\CodeIgniter->run()
#9 E:\KULIAH\SEMESTER 5\RPL\UTS-UAS PROJECT\siratu\system\Commands\Server\rewrite.php(34): require_once('E:\\KULIAH\\SEMES...')
#10 {main}
CRITICAL - 2020-11-30 05:20:23 --> Undefined property: CodeIgniter\View\View::$uri
#0 E:\KULIAH\SEMESTER 5\RPL\UTS-UAS PROJECT\siratu\app\Views\template.php(40): CodeIgniter\Debug\Exceptions->errorHandler(8, 'Undefined prope...', 'E:\\KULIAH\\SEMES...', 40, Array)
#1 E:\KULIAH\SEMESTER 5\RPL\UTS-UAS PROJECT\siratu\system\View\View.php(246): include('E:\\KULIAH\\SEMES...')
#2 E:\KULIAH\SEMESTER 5\RPL\UTS-UAS PROJECT\siratu\system\View\View.php(257): CodeIgniter\View\View->render('template', Array, true)
#3 E:\KULIAH\SEMESTER 5\RPL\UTS-UAS PROJECT\siratu\system\Common.php(1119): CodeIgniter\View\View->render('log_in_user_v', Array, true)
#4 E:\KULIAH\SEMESTER 5\RPL\UTS-UAS PROJECT\siratu\app\Controllers\Index.php(16): view('log_in_user_v', Array)
#5 E:\KULIAH\SEMESTER 5\RPL\UTS-UAS PROJECT\siratu\system\CodeIgniter.php(921): App\Controllers\Index->loginuser()
#6 E:\KULIAH\SEMESTER 5\RPL\UTS-UAS PROJECT\siratu\system\CodeIgniter.php(407): CodeIgniter\CodeIgniter->runController(Object(App\Controllers\Index))
#7 E:\KULIAH\SEMESTER 5\RPL\UTS-UAS PROJECT\siratu\system\CodeIgniter.php(315): CodeIgniter\CodeIgniter->handleRequest(NULL, Object(Config\Cache), false)
#8 E:\KULIAH\SEMESTER 5\RPL\UTS-UAS PROJECT\siratu\public\index.php(45): CodeIgniter\CodeIgniter->run()
#9 E:\KULIAH\SEMESTER 5\RPL\UTS-UAS PROJECT\siratu\system\Commands\Server\rewrite.php(34): require_once('E:\\KULIAH\\SEMES...')
#10 {main}
CRITICAL - 2020-11-30 05:39:52 --> Call to undefined function get_instance()
#0 E:\KULIAH\SEMESTER 5\RPL\UTS-UAS PROJECT\siratu\system\View\View.php(246): include()
#1 E:\KULIAH\SEMESTER 5\RPL\UTS-UAS PROJECT\siratu\system\View\View.php(257): CodeIgniter\View\View->render('template', Array, true)
#2 E:\KULIAH\SEMESTER 5\RPL\UTS-UAS PROJECT\siratu\system\Common.php(1119): CodeIgniter\View\View->render('log_in_user_v', Array, true)
#3 E:\KULIAH\SEMESTER 5\RPL\UTS-UAS PROJECT\siratu\app\Controllers\Index.php(16): view('log_in_user_v', Array)
#4 E:\KULIAH\SEMESTER 5\RPL\UTS-UAS PROJECT\siratu\system\CodeIgniter.php(921): App\Controllers\Index->loginuser()
#5 E:\KULIAH\SEMESTER 5\RPL\UTS-UAS PROJECT\siratu\system\CodeIgniter.php(407): CodeIgniter\CodeIgniter->runController(Object(App\Controllers\Index))
#6 E:\KULIAH\SEMESTER 5\RPL\UTS-UAS PROJECT\siratu\system\CodeIgniter.php(315): CodeIgniter\CodeIgniter->handleRequest(NULL, Object(Config\Cache), false)
#7 E:\KULIAH\SEMESTER 5\RPL\UTS-UAS PROJECT\siratu\public\index.php(45): CodeIgniter\CodeIgniter->run()
#8 E:\KULIAH\SEMESTER 5\RPL\UTS-UAS PROJECT\siratu\system\Commands\Server\rewrite.php(34): require_once('E:\\KULIAH\\SEMES...')
#9 {main}
CRITICAL - 2020-11-30 05:57:17 --> syntax error, unexpected ';', expecting ')'
#0 E:\KULIAH\SEMESTER 5\RPL\UTS-UAS PROJECT\siratu\system\View\View.php(257): CodeIgniter\View\View->render('template', Array, true)
#1 E:\KULIAH\SEMESTER 5\RPL\UTS-UAS PROJECT\siratu\system\Common.php(1119): CodeIgniter\View\View->render('flashcard_v.php', Array, true)
#2 E:\KULIAH\SEMESTER 5\RPL\UTS-UAS PROJECT\siratu\app\Controllers\FlashCard.php(9): view('flashcard_v.php', Array)
#3 E:\KULIAH\SEMESTER 5\RPL\UTS-UAS PROJECT\siratu\system\CodeIgniter.php(921): App\Controllers\FlashCard->kartu()
#4 E:\KULIAH\SEMESTER 5\RPL\UTS-UAS PROJECT\siratu\system\CodeIgniter.php(407): CodeIgniter\CodeIgniter->runController(Object(App\Controllers\FlashCard))
#5 E:\KULIAH\SEMESTER 5\RPL\UTS-UAS PROJECT\siratu\system\CodeIgniter.php(315): CodeIgniter\CodeIgniter->handleRequest(NULL, Object(Config\Cache), false)
#6 E:\KULIAH\SEMESTER 5\RPL\UTS-UAS PROJECT\siratu\public\index.php(45): CodeIgniter\CodeIgniter->run()
#7 E:\KULIAH\SEMESTER 5\RPL\UTS-UAS PROJECT\siratu\system\Commands\Server\rewrite.php(34): require_once('E:\\KULIAH\\SEMES...')
#8 {main}
CRITICAL - 2020-11-30 05:57:47 --> syntax error, unexpected ';', expecting ')'
#0 E:\KULIAH\SEMESTER 5\RPL\UTS-UAS PROJECT\siratu\system\View\View.php(257): CodeIgniter\View\View->render('template', Array, true)
#1 E:\KULIAH\SEMESTER 5\RPL\UTS-UAS PROJECT\siratu\system\Common.php(1119): CodeIgniter\View\View->render('flashcard_v.php', Array, true)
#2 E:\KULIAH\SEMESTER 5\RPL\UTS-UAS PROJECT\siratu\app\Controllers\FlashCard.php(9): view('flashcard_v.php', Array)
#3 E:\KULIAH\SEMESTER 5\RPL\UTS-UAS PROJECT\siratu\system\CodeIgniter.php(921): App\Controllers\FlashCard->kartu()
#4 E:\KULIAH\SEMESTER 5\RPL\UTS-UAS PROJECT\siratu\system\CodeIgniter.php(407): CodeIgniter\CodeIgniter->runController(Object(App\Controllers\FlashCard))
#5 E:\KULIAH\SEMESTER 5\RPL\UTS-UAS PROJECT\siratu\system\CodeIgniter.php(315): CodeIgniter\CodeIgniter->handleRequest(NULL, Object(Config\Cache), false)
#6 E:\KULIAH\SEMESTER 5\RPL\UTS-UAS PROJECT\siratu\public\index.php(45): CodeIgniter\CodeIgniter->run()
#7 E:\KULIAH\SEMESTER 5\RPL\UTS-UAS PROJECT\siratu\system\Commands\Server\rewrite.php(34): require_once('E:\\KULIAH\\SEMES...')
#8 {main}
CRITICAL - 2020-11-30 05:57:57 --> syntax error, unexpected ';', expecting ')'
#0 E:\KULIAH\SEMESTER 5\RPL\UTS-UAS PROJECT\siratu\system\View\View.php(257): CodeIgniter\View\View->render('template', Array, true)
#1 E:\KULIAH\SEMESTER 5\RPL\UTS-UAS PROJECT\siratu\system\Common.php(1119): CodeIgniter\View\View->render('flashcard_v.php', Array, true)
#2 E:\KULIAH\SEMESTER 5\RPL\UTS-UAS PROJECT\siratu\app\Controllers\FlashCard.php(9): view('flashcard_v.php', Array)
#3 E:\KULIAH\SEMESTER 5\RPL\UTS-UAS PROJECT\siratu\system\CodeIgniter.php(921): App\Controllers\FlashCard->kartu()
#4 E:\KULIAH\SEMESTER 5\RPL\UTS-UAS PROJECT\siratu\system\CodeIgniter.php(407): CodeIgniter\CodeIgniter->runController(Object(App\Controllers\FlashCard))
#5 E:\KULIAH\SEMESTER 5\RPL\UTS-UAS PROJECT\siratu\system\CodeIgniter.php(315): CodeIgniter\CodeIgniter->handleRequest(NULL, Object(Config\Cache), false)
#6 E:\KULIAH\SEMESTER 5\RPL\UTS-UAS PROJECT\siratu\public\index.php(45): CodeIgniter\CodeIgniter->run()
#7 E:\KULIAH\SEMESTER 5\RPL\UTS-UAS PROJECT\siratu\system\Commands\Server\rewrite.php(34): require_once('E:\\KULIAH\\SEMES...')
#8 {main}
CRITICAL - 2020-11-30 05:58:04 --> Undefined property: CodeIgniter\View\View::$uri
#0 E:\KULIAH\SEMESTER 5\RPL\UTS-UAS PROJECT\siratu\app\Views\template.php(39): CodeIgniter\Debug\Exceptions->errorHandler(8, 'Undefined prope...', 'E:\\KULIAH\\SEMES...', 39, Array)
#1 E:\KULIAH\SEMESTER 5\RPL\UTS-UAS PROJECT\siratu\system\View\View.php(246): include('E:\\KULIAH\\SEMES...')
#2 E:\KULIAH\SEMESTER 5\RPL\UTS-UAS PROJECT\siratu\system\View\View.php(257): CodeIgniter\View\View->render('template', Array, true)
#3 E:\KULIAH\SEMESTER 5\RPL\UTS-UAS PROJECT\siratu\system\Common.php(1119): CodeIgniter\View\View->render('flashcard_v.php', Array, true)
#4 E:\KULIAH\SEMESTER 5\RPL\UTS-UAS PROJECT\siratu\app\Controllers\FlashCard.php(9): view('flashcard_v.php', Array)
#5 E:\KULIAH\SEMESTER 5\RPL\UTS-UAS PROJECT\siratu\system\CodeIgniter.php(921): App\Controllers\FlashCard->kartu()
#6 E:\KULIAH\SEMESTER 5\RPL\UTS-UAS PROJECT\siratu\system\CodeIgniter.php(407): CodeIgniter\CodeIgniter->runController(Object(App\Controllers\FlashCard))
#7 E:\KULIAH\SEMESTER 5\RPL\UTS-UAS PROJECT\siratu\system\CodeIgniter.php(315): CodeIgniter\CodeIgniter->handleRequest(NULL, Object(Config\Cache), false)
#8 E:\KULIAH\SEMESTER 5\RPL\UTS-UAS PROJECT\siratu\public\index.php(45): CodeIgniter\CodeIgniter->run()
#9 E:\KULIAH\SEMESTER 5\RPL\UTS-UAS PROJECT\siratu\system\Commands\Server\rewrite.php(34): require_once('E:\\KULIAH\\SEMES...')
#10 {main}
CRITICAL - 2020-11-30 05:59:39 --> Undefined property: CodeIgniter\View\View::$uri
#0 E:\KULIAH\SEMESTER 5\RPL\UTS-UAS PROJECT\siratu\app\Views\template.php(39): CodeIgniter\Debug\Exceptions->errorHandler(8, 'Undefined prope...', 'E:\\KULIAH\\SEMES...', 39, Array)
#1 E:\KULIAH\SEMESTER 5\RPL\UTS-UAS PROJECT\siratu\system\View\View.php(246): include('E:\\KULIAH\\SEMES...')
#2 E:\KULIAH\SEMESTER 5\RPL\UTS-UAS PROJECT\siratu\system\View\View.php(257): CodeIgniter\View\View->render('template', Array, true)
#3 E:\KULIAH\SEMESTER 5\RPL\UTS-UAS PROJECT\siratu\system\Common.php(1119): CodeIgniter\View\View->render('flashcard_v.php', Array, true)
#4 E:\KULIAH\SEMESTER 5\RPL\UTS-UAS PROJECT\siratu\app\Controllers\FlashCard.php(9): view('flashcard_v.php', Array)
#5 E:\KULIAH\SEMESTER 5\RPL\UTS-UAS PROJECT\siratu\system\CodeIgniter.php(921): App\Controllers\FlashCard->kartu()
#6 E:\KULIAH\SEMESTER 5\RPL\UTS-UAS PROJECT\siratu\system\CodeIgniter.php(407): CodeIgniter\CodeIgniter->runController(Object(App\Controllers\FlashCard))
#7 E:\KULIAH\SEMESTER 5\RPL\UTS-UAS PROJECT\siratu\system\CodeIgniter.php(315): CodeIgniter\CodeIgniter->handleRequest(NULL, Object(Config\Cache), false)
#8 E:\KULIAH\SEMESTER 5\RPL\UTS-UAS PROJECT\siratu\public\index.php(45): CodeIgniter\CodeIgniter->run()
#9 E:\KULIAH\SEMESTER 5\RPL\UTS-UAS PROJECT\siratu\system\Commands\Server\rewrite.php(34): require_once('E:\\KULIAH\\SEMES...')
#10 {main}
CRITICAL - 2020-11-30 06:16:51 --> syntax error, unexpected '$autoload' (T_VARIABLE), expecting function (T_FUNCTION) or const (T_CONST)
#0 E:\KULIAH\SEMESTER 5\RPL\UTS-UAS PROJECT\siratu\system\Autoloader\Autoloader.php(296): CodeIgniter\Autoloader\Autoloader->requireFile('E:\\KULIAH\\SEMES...')
#1 E:\KULIAH\SEMESTER 5\RPL\UTS-UAS PROJECT\siratu\system\Autoloader\Autoloader.php(258): CodeIgniter\Autoloader\Autoloader->loadInNamespace('App\\Controllers...')
#2 [internal function]: CodeIgniter\Autoloader\Autoloader->loadClass('App\\Controllers...')
#3 E:\KULIAH\SEMESTER 5\RPL\UTS-UAS PROJECT\siratu\app\Controllers\FlashCard.php(3): spl_autoload_call('App\\Controllers...')
#4 E:\KULIAH\SEMESTER 5\RPL\UTS-UAS PROJECT\siratu\system\Router\Router.php(583): include_once('E:\\KULIAH\\SEMES...')
#5 E:\KULIAH\SEMESTER 5\RPL\UTS-UAS PROJECT\siratu\system\Router\Router.php(195): CodeIgniter\Router\Router->autoRoute('FlashCard/kartu')
#6 E:\KULIAH\SEMESTER 5\RPL\UTS-UAS PROJECT\siratu\system\CodeIgniter.php(796): CodeIgniter\Router\Router->handle('FlashCard/kartu')
#7 E:\KULIAH\SEMESTER 5\RPL\UTS-UAS PROJECT\siratu\system\CodeIgniter.php(367): CodeIgniter\CodeIgniter->tryToRouteIt(Object(CodeIgniter\Router\RouteCollection))
#8 E:\KULIAH\SEMESTER 5\RPL\UTS-UAS PROJECT\siratu\system\CodeIgniter.php(315): CodeIgniter\CodeIgniter->handleRequest(NULL, Object(Config\Cache), false)
#9 E:\KULIAH\SEMESTER 5\RPL\UTS-UAS PROJECT\siratu\public\index.php(45): CodeIgniter\CodeIgniter->run()
#10 E:\KULIAH\SEMESTER 5\RPL\UTS-UAS PROJECT\siratu\system\Commands\Server\rewrite.php(34): require_once('E:\\KULIAH\\SEMES...')
#11 {main}
CRITICAL - 2020-11-30 06:20:26 --> Undefined property: CodeIgniter\View\View::$uri
#0 E:\KULIAH\SEMESTER 5\RPL\UTS-UAS PROJECT\siratu\app\Views\template.php(40): CodeIgniter\Debug\Exceptions->errorHandler(8, 'Undefined prope...', 'E:\\KULIAH\\SEMES...', 40, Array)
#1 E:\KULIAH\SEMESTER 5\RPL\UTS-UAS PROJECT\siratu\system\View\View.php(246): include('E:\\KULIAH\\SEMES...')
#2 E:\KULIAH\SEMESTER 5\RPL\UTS-UAS PROJECT\siratu\system\View\View.php(257): CodeIgniter\View\View->render('template', Array, true)
#3 E:\KULIAH\SEMESTER 5\RPL\UTS-UAS PROJECT\siratu\system\Common.php(1119): CodeIgniter\View\View->render('flashcard_v.php', Array, true)
#4 E:\KULIAH\SEMESTER 5\RPL\UTS-UAS PROJECT\siratu\app\Controllers\FlashCard.php(11): view('flashcard_v.php', Array)
#5 E:\KULIAH\SEMESTER 5\RPL\UTS-UAS PROJECT\siratu\system\CodeIgniter.php(921): App\Controllers\FlashCard->kartu()
#6 E:\KULIAH\SEMESTER 5\RPL\UTS-UAS PROJECT\siratu\system\CodeIgniter.php(407): CodeIgniter\CodeIgniter->runController(Object(App\Controllers\FlashCard))
#7 E:\KULIAH\SEMESTER 5\RPL\UTS-UAS PROJECT\siratu\system\CodeIgniter.php(315): CodeIgniter\CodeIgniter->handleRequest(NULL, Object(Config\Cache), false)
#8 E:\KULIAH\SEMESTER 5\RPL\UTS-UAS PROJECT\siratu\public\index.php(45): CodeIgniter\CodeIgniter->run()
#9 E:\KULIAH\SEMESTER 5\RPL\UTS-UAS PROJECT\siratu\system\Commands\Server\rewrite.php(34): require_once('E:\\KULIAH\\SEMES...')
#10 {main}
CRITICAL - 2020-11-30 06:21:54 --> Undefined property: CodeIgniter\View\View::$uri
#0 E:\KULIAH\SEMESTER 5\RPL\UTS-UAS PROJECT\siratu\app\Views\template.php(40): CodeIgniter\Debug\Exceptions->errorHandler(8, 'Undefined prope...', 'E:\\KULIAH\\SEMES...', 40, Array)
#1 E:\KULIAH\SEMESTER 5\RPL\UTS-UAS PROJECT\siratu\system\View\View.php(246): include('E:\\KULIAH\\SEMES...')
#2 E:\KULIAH\SEMESTER 5\RPL\UTS-UAS PROJECT\siratu\system\View\View.php(257): CodeIgniter\View\View->render('template', Array, true)
#3 E:\KULIAH\SEMESTER 5\RPL\UTS-UAS PROJECT\siratu\system\Common.php(1119): CodeIgniter\View\View->render('flashcard_v.php', Array, true)
#4 E:\KULIAH\SEMESTER 5\RPL\UTS-UAS PROJECT\siratu\app\Controllers\FlashCard.php(11): view('flashcard_v.php', Array)
#5 E:\KULIAH\SEMESTER 5\RPL\UTS-UAS PROJECT\siratu\system\CodeIgniter.php(921): App\Controllers\FlashCard->kartu()
#6 E:\KULIAH\SEMESTER 5\RPL\UTS-UAS PROJECT\siratu\system\CodeIgniter.php(407): CodeIgniter\CodeIgniter->runController(Object(App\Controllers\FlashCard))
#7 E:\KULIAH\SEMESTER 5\RPL\UTS-UAS PROJECT\siratu\system\CodeIgniter.php(315): CodeIgniter\CodeIgniter->handleRequest(NULL, Object(Config\Cache), false)
#8 E:\KULIAH\SEMESTER 5\RPL\UTS-UAS PROJECT\siratu\public\index.php(45): CodeIgniter\CodeIgniter->run()
#9 E:\KULIAH\SEMESTER 5\RPL\UTS-UAS PROJECT\siratu\system\Commands\Server\rewrite.php(34): require_once('E:\\KULIAH\\SEMES...')
#10 {main}
CRITICAL - 2020-11-30 06:23:07 --> Undefined property: CodeIgniter\View\View::$uri
#0 E:\KULIAH\SEMESTER 5\RPL\UTS-UAS PROJECT\siratu\app\Views\template.php(40): CodeIgniter\Debug\Exceptions->errorHandler(8, 'Undefined prope...', 'E:\\KULIAH\\SEMES...', 40, Array)
#1 E:\KULIAH\SEMESTER 5\RPL\UTS-UAS PROJECT\siratu\system\View\View.php(246): include('E:\\KULIAH\\SEMES...')
#2 E:\KULIAH\SEMESTER 5\RPL\UTS-UAS PROJECT\siratu\system\View\View.php(257): CodeIgniter\View\View->render('template', Array, true)
#3 E:\KULIAH\SEMESTER 5\RPL\UTS-UAS PROJECT\siratu\system\Common.php(1119): CodeIgniter\View\View->render('flashcard_v.php', Array, true)
#4 E:\KULIAH\SEMESTER 5\RPL\UTS-UAS PROJECT\siratu\app\Controllers\FlashCard.php(11): view('flashcard_v.php', Array)
#5 E:\KULIAH\SEMESTER 5\RPL\UTS-UAS PROJECT\siratu\system\CodeIgniter.php(921): App\Controllers\FlashCard->kartu()
#6 E:\KULIAH\SEMESTER 5\RPL\UTS-UAS PROJECT\siratu\system\CodeIgniter.php(407): CodeIgniter\CodeIgniter->runController(Object(App\Controllers\FlashCard))
#7 E:\KULIAH\SEMESTER 5\RPL\UTS-UAS PROJECT\siratu\system\CodeIgniter.php(315): CodeIgniter\CodeIgniter->handleRequest(NULL, Object(Config\Cache), false)
#8 E:\KULIAH\SEMESTER 5\RPL\UTS-UAS PROJECT\siratu\public\index.php(45): CodeIgniter\CodeIgniter->run()
#9 E:\KULIAH\SEMESTER 5\RPL\UTS-UAS PROJECT\siratu\system\Commands\Server\rewrite.php(34): require_once('E:\\KULIAH\\SEMES...')
#10 {main}
CRITICAL - 2020-11-30 06:32:31 --> Undefined property: CodeIgniter\View\View::$uri
#0 E:\KULIAH\SEMESTER 5\RPL\UTS-UAS PROJECT\siratu\app\Views\template.php(40): CodeIgniter\Debug\Exceptions->errorHandler(8, 'Undefined prope...', 'E:\\KULIAH\\SEMES...', 40, Array)
#1 E:\KULIAH\SEMESTER 5\RPL\UTS-UAS PROJECT\siratu\system\View\View.php(246): include('E:\\KULIAH\\SEMES...')
#2 E:\KULIAH\SEMESTER 5\RPL\UTS-UAS PROJECT\siratu\system\View\View.php(257): CodeIgniter\View\View->render('template', Array, true)
#3 E:\KULIAH\SEMESTER 5\RPL\UTS-UAS PROJECT\siratu\system\Common.php(1119): CodeIgniter\View\View->render('flashcard_v.php', Array, true)
#4 E:\KULIAH\SEMESTER 5\RPL\UTS-UAS PROJECT\siratu\app\Controllers\FlashCard.php(11): view('flashcard_v.php', Array)
#5 E:\KULIAH\SEMESTER 5\RPL\UTS-UAS PROJECT\siratu\system\CodeIgniter.php(921): App\Controllers\FlashCard->kartu()
#6 E:\KULIAH\SEMESTER 5\RPL\UTS-UAS PROJECT\siratu\system\CodeIgniter.php(407): CodeIgniter\CodeIgniter->runController(Object(App\Controllers\FlashCard))
#7 E:\KULIAH\SEMESTER 5\RPL\UTS-UAS PROJECT\siratu\system\CodeIgniter.php(315): CodeIgniter\CodeIgniter->handleRequest(NULL, Object(Config\Cache), false)
#8 E:\KULIAH\SEMESTER 5\RPL\UTS-UAS PROJECT\siratu\public\index.php(45): CodeIgniter\CodeIgniter->run()
#9 E:\KULIAH\SEMESTER 5\RPL\UTS-UAS PROJECT\siratu\system\Commands\Server\rewrite.php(34): require_once('E:\\KULIAH\\SEMES...')
#10 {main}
CRITICAL - 2020-11-30 06:36:36 --> Undefined property: CodeIgniter\View\View::$uri
#0 E:\KULIAH\SEMESTER 5\RPL\UTS-UAS PROJECT\siratu\app\Views\template.php(40): CodeIgniter\Debug\Exceptions->errorHandler(8, 'Undefined prope...', 'E:\\KULIAH\\SEMES...', 40, Array)
#1 E:\KULIAH\SEMESTER 5\RPL\UTS-UAS PROJECT\siratu\system\View\View.php(246): include('E:\\KULIAH\\SEMES...')
#2 E:\KULIAH\SEMESTER 5\RPL\UTS-UAS PROJECT\siratu\system\View\View.php(257): CodeIgniter\View\View->render('template', Array, true)
#3 E:\KULIAH\SEMESTER 5\RPL\UTS-UAS PROJECT\siratu\system\Common.php(1119): CodeIgniter\View\View->render('flashcard_v.php', Array, true)
#4 E:\KULIAH\SEMESTER 5\RPL\UTS-UAS PROJECT\siratu\app\Controllers\FlashCard.php(11): view('flashcard_v.php', Array)
#5 E:\KULIAH\SEMESTER 5\RPL\UTS-UAS PROJECT\siratu\system\CodeIgniter.php(921): App\Controllers\FlashCard->kartu()
#6 E:\KULIAH\SEMESTER 5\RPL\UTS-UAS PROJECT\siratu\system\CodeIgniter.php(407): CodeIgniter\CodeIgniter->runController(Object(App\Controllers\FlashCard))
#7 E:\KULIAH\SEMESTER 5\RPL\UTS-UAS PROJECT\siratu\system\CodeIgniter.php(315): CodeIgniter\CodeIgniter->handleRequest(NULL, Object(Config\Cache), false)
#8 E:\KULIAH\SEMESTER 5\RPL\UTS-UAS PROJECT\siratu\public\index.php(45): CodeIgniter\CodeIgniter->run()
#9 E:\KULIAH\SEMESTER 5\RPL\UTS-UAS PROJECT\siratu\system\Commands\Server\rewrite.php(34): require_once('E:\\KULIAH\\SEMES...')
#10 {main}
CRITICAL - 2020-11-30 06:36:47 --> syntax error, unexpected '?>'
#0 E:\KULIAH\SEMESTER 5\RPL\UTS-UAS PROJECT\siratu\system\View\View.php(257): CodeIgniter\View\View->render('template', Array, true)
#1 E:\KULIAH\SEMESTER 5\RPL\UTS-UAS PROJECT\siratu\system\Common.php(1119): CodeIgniter\View\View->render('flashcard_v.php', Array, true)
#2 E:\KULIAH\SEMESTER 5\RPL\UTS-UAS PROJECT\siratu\app\Controllers\FlashCard.php(11): view('flashcard_v.php', Array)
#3 E:\KULIAH\SEMESTER 5\RPL\UTS-UAS PROJECT\siratu\system\CodeIgniter.php(921): App\Controllers\FlashCard->kartu()
#4 E:\KULIAH\SEMESTER 5\RPL\UTS-UAS PROJECT\siratu\system\CodeIgniter.php(407): CodeIgniter\CodeIgniter->runController(Object(App\Controllers\FlashCard))
#5 E:\KULIAH\SEMESTER 5\RPL\UTS-UAS PROJECT\siratu\system\CodeIgniter.php(315): CodeIgniter\CodeIgniter->handleRequest(NULL, Object(Config\Cache), false)
#6 E:\KULIAH\SEMESTER 5\RPL\UTS-UAS PROJECT\siratu\public\index.php(45): CodeIgniter\CodeIgniter->run()
#7 E:\KULIAH\SEMESTER 5\RPL\UTS-UAS PROJECT\siratu\system\Commands\Server\rewrite.php(34): require_once('E:\\KULIAH\\SEMES...')
#8 {main}
CRITICAL - 2020-11-30 06:37:12 --> syntax error, unexpected '?>'
#0 E:\KULIAH\SEMESTER 5\RPL\UTS-UAS PROJECT\siratu\system\View\View.php(257): CodeIgniter\View\View->render('template', Array, true)
#1 E:\KULIAH\SEMESTER 5\RPL\UTS-UAS PROJECT\siratu\system\Common.php(1119): CodeIgniter\View\View->render('flashcard_v.php', Array, true)
#2 E:\KULIAH\SEMESTER 5\RPL\UTS-UAS PROJECT\siratu\app\Controllers\FlashCard.php(11): view('flashcard_v.php', Array)
#3 E:\KULIAH\SEMESTER 5\RPL\UTS-UAS PROJECT\siratu\system\CodeIgniter.php(921): App\Controllers\FlashCard->kartu()
#4 E:\KULIAH\SEMESTER 5\RPL\UTS-UAS PROJECT\siratu\system\CodeIgniter.php(407): CodeIgniter\CodeIgniter->runController(Object(App\Controllers\FlashCard))
#5 E:\KULIAH\SEMESTER 5\RPL\UTS-UAS PROJECT\siratu\system\CodeIgniter.php(315): CodeIgniter\CodeIgniter->handleRequest(NULL, Object(Config\Cache), false)
#6 E:\KULIAH\SEMESTER 5\RPL\UTS-UAS PROJECT\siratu\public\index.php(45): CodeIgniter\CodeIgniter->run()
#7 E:\KULIAH\SEMESTER 5\RPL\UTS-UAS PROJECT\siratu\system\Commands\Server\rewrite.php(34): require_once('E:\\KULIAH\\SEMES...')
#8 {main}
CRITICAL - 2020-11-30 06:37:25 --> syntax error, unexpected '?>'
#0 E:\KULIAH\SEMESTER 5\RPL\UTS-UAS PROJECT\siratu\system\View\View.php(257): CodeIgniter\View\View->render('template', Array, true)
#1 E:\KULIAH\SEMESTER 5\RPL\UTS-UAS PROJECT\siratu\system\Common.php(1119): CodeIgniter\View\View->render('flashcard_v.php', Array, true)
#2 E:\KULIAH\SEMESTER 5\RPL\UTS-UAS PROJECT\siratu\app\Controllers\FlashCard.php(11): view('flashcard_v.php', Array)
#3 E:\KULIAH\SEMESTER 5\RPL\UTS-UAS PROJECT\siratu\system\CodeIgniter.php(921): App\Controllers\FlashCard->kartu()
#4 E:\KULIAH\SEMESTER 5\RPL\UTS-UAS PROJECT\siratu\system\CodeIgniter.php(407): CodeIgniter\CodeIgniter->runController(Object(App\Controllers\FlashCard))
#5 E:\KULIAH\SEMESTER 5\RPL\UTS-UAS PROJECT\siratu\system\CodeIgniter.php(315): CodeIgniter\CodeIgniter->handleRequest(NULL, Object(Config\Cache), false)
#6 E:\KULIAH\SEMESTER 5\RPL\UTS-UAS PROJECT\siratu\public\index.php(45): CodeIgniter\CodeIgniter->run()
#7 E:\KULIAH\SEMESTER 5\RPL\UTS-UAS PROJECT\siratu\system\Commands\Server\rewrite.php(34): require_once('E:\\KULIAH\\SEMES...')
#8 {main}
CRITICAL - 2020-11-30 06:37:34 --> syntax error, unexpected '?>'
#0 E:\KULIAH\SEMESTER 5\RPL\UTS-UAS PROJECT\siratu\system\View\View.php(257): CodeIgniter\View\View->render('template', Array, true)
#1 E:\KULIAH\SEMESTER 5\RPL\UTS-UAS PROJECT\siratu\system\Common.php(1119): CodeIgniter\View\View->render('flashcard_v.php', Array, true)
#2 E:\KULIAH\SEMESTER 5\RPL\UTS-UAS PROJECT\siratu\app\Controllers\FlashCard.php(11): view('flashcard_v.php', Array)
#3 E:\KULIAH\SEMESTER 5\RPL\UTS-UAS PROJECT\siratu\system\CodeIgniter.php(921): App\Controllers\FlashCard->kartu()
#4 E:\KULIAH\SEMESTER 5\RPL\UTS-UAS PROJECT\siratu\system\CodeIgniter.php(407): CodeIgniter\CodeIgniter->runController(Object(App\Controllers\FlashCard))
#5 E:\KULIAH\SEMESTER 5\RPL\UTS-UAS PROJECT\siratu\system\CodeIgniter.php(315): CodeIgniter\CodeIgniter->handleRequest(NULL, Object(Config\Cache), false)
#6 E:\KULIAH\SEMESTER 5\RPL\UTS-UAS PROJECT\siratu\public\index.php(45): CodeIgniter\CodeIgniter->run()
#7 E:\KULIAH\SEMESTER 5\RPL\UTS-UAS PROJECT\siratu\system\Commands\Server\rewrite.php(34): require_once('E:\\KULIAH\\SEMES...')
#8 {main}
CRITICAL - 2020-11-30 06:38:06 --> syntax error, unexpected '?>'
#0 E:\KULIAH\SEMESTER 5\RPL\UTS-UAS PROJECT\siratu\system\View\View.php(257): CodeIgniter\View\View->render('template', Array, true)
#1 E:\KULIAH\SEMESTER 5\RPL\UTS-UAS PROJECT\siratu\system\Common.php(1119): CodeIgniter\View\View->render('flashcard_v.php', Array, true)
#2 E:\KULIAH\SEMESTER 5\RPL\UTS-UAS PROJECT\siratu\app\Controllers\FlashCard.php(11): view('flashcard_v.php', Array)
#3 E:\KULIAH\SEMESTER 5\RPL\UTS-UAS PROJECT\siratu\system\CodeIgniter.php(921): App\Controllers\FlashCard->kartu()
#4 E:\KULIAH\SEMESTER 5\RPL\UTS-UAS PROJECT\siratu\system\CodeIgniter.php(407): CodeIgniter\CodeIgniter->runController(Object(App\Controllers\FlashCard))
#5 E:\KULIAH\SEMESTER 5\RPL\UTS-UAS PROJECT\siratu\system\CodeIgniter.php(315): CodeIgniter\CodeIgniter->handleRequest(NULL, Object(Config\Cache), false)
#6 E:\KULIAH\SEMESTER 5\RPL\UTS-UAS PROJECT\siratu\public\index.php(45): CodeIgniter\CodeIgniter->run()
#7 E:\KULIAH\SEMESTER 5\RPL\UTS-UAS PROJECT\siratu\system\Commands\Server\rewrite.php(34): require_once('E:\\KULIAH\\SEMES...')
#8 {main}
CRITICAL - 2020-11-30 06:38:27 --> syntax error, unexpected '<'
#0 E:\KULIAH\SEMESTER 5\RPL\UTS-UAS PROJECT\siratu\system\View\View.php(257): CodeIgniter\View\View->render('template', Array, true)
#1 E:\KULIAH\SEMESTER 5\RPL\UTS-UAS PROJECT\siratu\system\Common.php(1119): CodeIgniter\View\View->render('flashcard_v.php', Array, true)
#2 E:\KULIAH\SEMESTER 5\RPL\UTS-UAS PROJECT\siratu\app\Controllers\FlashCard.php(11): view('flashcard_v.php', Array)
#3 E:\KULIAH\SEMESTER 5\RPL\UTS-UAS PROJECT\siratu\system\CodeIgniter.php(921): App\Controllers\FlashCard->kartu()
#4 E:\KULIAH\SEMESTER 5\RPL\UTS-UAS PROJECT\siratu\system\CodeIgniter.php(407): CodeIgniter\CodeIgniter->runController(Object(App\Controllers\FlashCard))
#5 E:\KULIAH\SEMESTER 5\RPL\UTS-UAS PROJECT\siratu\system\CodeIgniter.php(315): CodeIgniter\CodeIgniter->handleRequest(NULL, Object(Config\Cache), false)
#6 E:\KULIAH\SEMESTER 5\RPL\UTS-UAS PROJECT\siratu\public\index.php(45): CodeIgniter\CodeIgniter->run()
#7 E:\KULIAH\SEMESTER 5\RPL\UTS-UAS PROJECT\siratu\system\Commands\Server\rewrite.php(34): require_once('E:\\KULIAH\\SEMES...')
#8 {main}
CRITICAL - 2020-11-30 06:50:23 --> Undefined property: CodeIgniter\View\View::$title
#0 E:\KULIAH\SEMESTER 5\RPL\UTS-UAS PROJECT\siratu\app\Views\template.php(37): CodeIgniter\Debug\Exceptions->errorHandler(8, 'Undefined prope...', 'E:\\KULIAH\\SEMES...', 37, Array)
#1 E:\KULIAH\SEMESTER 5\RPL\UTS-UAS PROJECT\siratu\system\View\View.php(246): include('E:\\KULIAH\\SEMES...')
#2 E:\KULIAH\SEMESTER 5\RPL\UTS-UAS PROJECT\siratu\system\View\View.php(257): CodeIgniter\View\View->render('template', Array, true)
#3 E:\KULIAH\SEMESTER 5\RPL\UTS-UAS PROJECT\siratu\system\Common.php(1119): CodeIgniter\View\View->render('log_in_user_v', Array, true)
#4 E:\KULIAH\SEMESTER 5\RPL\UTS-UAS PROJECT\siratu\app\Controllers\Index.php(16): view('log_in_user_v', Array)
#5 E:\KULIAH\SEMESTER 5\RPL\UTS-UAS PROJECT\siratu\system\CodeIgniter.php(921): App\Controllers\Index->loginuser()
#6 E:\KULIAH\SEMESTER 5\RPL\UTS-UAS PROJECT\siratu\system\CodeIgniter.php(407): CodeIgniter\CodeIgniter->runController(Object(App\Controllers\Index))
#7 E:\KULIAH\SEMESTER 5\RPL\UTS-UAS PROJECT\siratu\system\CodeIgniter.php(315): CodeIgniter\CodeIgniter->handleRequest(NULL, Object(Config\Cache), false)
#8 E:\KULIAH\SEMESTER 5\RPL\UTS-UAS PROJECT\siratu\public\index.php(45): CodeIgniter\CodeIgniter->run()
#9 E:\KULIAH\SEMESTER 5\RPL\UTS-UAS PROJECT\siratu\system\Commands\Server\rewrite.php(34): require_once('E:\\KULIAH\\SEMES...')
#10 {main}
