CRITICAL - 2020-11-15 23:57:51 --> syntax error, unexpected ']'
#0 E:\KULIAH\SEMESTER 5\PBW\framework\system\Database\MigrationRunner.php(223): CodeIgniter\Database\MigrationRunner->migrate('up', Object(stdClass))
#1 E:\KULIAH\SEMESTER 5\PBW\framework\system\Commands\Database\Migrate.php(128): CodeIgniter\Database\MigrationRunner->latest(NULL)
#2 E:\KULIAH\SEMESTER 5\PBW\framework\system\CLI\Commands.php(100): CodeIgniter\Commands\Database\Migrate->run(Array)
#3 E:\KULIAH\SEMESTER 5\PBW\framework\system\CLI\CommandRunner.php(107): CodeIgniter\CLI\Commands->run('migrate', Array)
#4 E:\KULIAH\SEMESTER 5\PBW\framework\system\CLI\CommandRunner.php(85): CodeIgniter\CLI\CommandRunner->index(Array)
#5 E:\KULIAH\SEMESTER 5\PBW\framework\system\CodeIgniter.php(917): CodeIgniter\CLI\CommandRunner->_remap('index', 'migrate')
#6 E:\KULIAH\SEMESTER 5\PBW\framework\system\CodeIgniter.php(407): CodeIgniter\CodeIgniter->runController(Object(CodeIgniter\CLI\CommandRunner))
#7 E:\KULIAH\SEMESTER 5\PBW\framework\system\CodeIgniter.php(315): CodeIgniter\CodeIgniter->handleRequest(NULL, Object(Config\Cache), false)
#8 E:\KULIAH\SEMESTER 5\PBW\framework\system\CLI\Console.php(86): CodeIgniter\CodeIgniter->run()
#9 E:\KULIAH\SEMESTER 5\PBW\framework\spark(57): CodeIgniter\CLI\Console->run()
#10 {main}
CRITICAL - 2020-11-15 23:58:18 --> Field `{0}` not found.
#0 E:\KULIAH\SEMESTER 5\PBW\framework\app\Database\Migrations\2020-11-16-054654_HobiMahasiswa.php(29): CodeIgniter\Database\Forge->addForeignKey('kdoe_hobi', 'hobi', 'kode_hobi', 'CASCADE', 'CASCADE')
#1 E:\KULIAH\SEMESTER 5\PBW\framework\system\Database\MigrationRunner.php(1060): App\Database\Migrations\HobiMahasiswa->up()
#2 E:\KULIAH\SEMESTER 5\PBW\framework\system\Database\MigrationRunner.php(223): CodeIgniter\Database\MigrationRunner->migrate('up', Object(stdClass))
#3 E:\KULIAH\SEMESTER 5\PBW\framework\system\Commands\Database\Migrate.php(128): CodeIgniter\Database\MigrationRunner->latest(NULL)
#4 E:\KULIAH\SEMESTER 5\PBW\framework\system\CLI\Commands.php(100): CodeIgniter\Commands\Database\Migrate->run(Array)
#5 E:\KULIAH\SEMESTER 5\PBW\framework\system\CLI\CommandRunner.php(107): CodeIgniter\CLI\Commands->run('migrate', Array)
#6 E:\KULIAH\SEMESTER 5\PBW\framework\system\CLI\CommandRunner.php(85): CodeIgniter\CLI\CommandRunner->index(Array)
#7 E:\KULIAH\SEMESTER 5\PBW\framework\system\CodeIgniter.php(917): CodeIgniter\CLI\CommandRunner->_remap('index', 'migrate')
#8 E:\KULIAH\SEMESTER 5\PBW\framework\system\CodeIgniter.php(407): CodeIgniter\CodeIgniter->runController(Object(CodeIgniter\CLI\CommandRunner))
#9 E:\KULIAH\SEMESTER 5\PBW\framework\system\CodeIgniter.php(315): CodeIgniter\CodeIgniter->handleRequest(NULL, Object(Config\Cache), false)
#10 E:\KULIAH\SEMESTER 5\PBW\framework\system\CLI\Console.php(86): CodeIgniter\CodeIgniter->run()
#11 E:\KULIAH\SEMESTER 5\PBW\framework\spark(57): CodeIgniter\CLI\Console->run()
#12 {main}
CRITICAL - 2020-11-15 23:59:56 --> Field `{0}` not found.
#0 E:\KULIAH\SEMESTER 5\PBW\framework\app\Database\Migrations\2020-11-16-051637_Mahasiswa.php(45): CodeIgniter\Database\Forge->addForeignKey('kdoe_agama', 'agama', 'kode_agama', 'CASCADE', 'CASCADE')
#1 E:\KULIAH\SEMESTER 5\PBW\framework\system\Database\MigrationRunner.php(1060): App\Database\Migrations\Mahasiswa->up()
#2 E:\KULIAH\SEMESTER 5\PBW\framework\system\Database\MigrationRunner.php(223): CodeIgniter\Database\MigrationRunner->migrate('up', Object(stdClass))
#3 E:\KULIAH\SEMESTER 5\PBW\framework\system\Commands\Database\Migrate.php(128): CodeIgniter\Database\MigrationRunner->latest(NULL)
#4 E:\KULIAH\SEMESTER 5\PBW\framework\system\CLI\Commands.php(100): CodeIgniter\Commands\Database\Migrate->run(Array)
#5 E:\KULIAH\SEMESTER 5\PBW\framework\system\CLI\BaseCommand.php(155): CodeIgniter\CLI\Commands->run('migrate', Array)
#6 E:\KULIAH\SEMESTER 5\PBW\framework\system\Commands\Database\MigrateRefresh.php(124): CodeIgniter\CLI\BaseCommand->call('migrate')
#7 E:\KULIAH\SEMESTER 5\PBW\framework\system\CLI\Commands.php(100): CodeIgniter\Commands\Database\MigrateRefresh->run(Array)
#8 E:\KULIAH\SEMESTER 5\PBW\framework\system\CLI\CommandRunner.php(107): CodeIgniter\CLI\Commands->run('migrate:refresh', Array)
#9 E:\KULIAH\SEMESTER 5\PBW\framework\system\CLI\CommandRunner.php(85): CodeIgniter\CLI\CommandRunner->index(Array)
#10 E:\KULIAH\SEMESTER 5\PBW\framework\system\CodeIgniter.php(917): CodeIgniter\CLI\CommandRunner->_remap('index', 'migrate:refresh')
#11 E:\KULIAH\SEMESTER 5\PBW\framework\system\CodeIgniter.php(407): CodeIgniter\CodeIgniter->runController(Object(CodeIgniter\CLI\CommandRunner))
#12 E:\KULIAH\SEMESTER 5\PBW\framework\system\CodeIgniter.php(315): CodeIgniter\CodeIgniter->handleRequest(NULL, Object(Config\Cache), false)
#13 E:\KULIAH\SEMESTER 5\PBW\framework\system\CLI\Console.php(86): CodeIgniter\CodeIgniter->run()
#14 E:\KULIAH\SEMESTER 5\PBW\framework\spark(57): CodeIgniter\CLI\Console->run()
#15 {main}
