CRITICAL - 2020-12-01 03:25:44 --> Call to undefined function form_open()
#0 E:\KULIAH\SEMESTER 5\RPL\UTS-UAS PROJECT\rakatu\system\View\View.php(246): include()
#1 E:\KULIAH\SEMESTER 5\RPL\UTS-UAS PROJECT\rakatu\system\Common.php(1119): CodeIgniter\View\View->render('log_in_user_v', Array, true)
#2 E:\KULIAH\SEMESTER 5\RPL\UTS-UAS PROJECT\rakatu\app\Controllers\Index.php(16): view('log_in_user_v', Array)
#3 E:\KULIAH\SEMESTER 5\RPL\UTS-UAS PROJECT\rakatu\system\CodeIgniter.php(921): App\Controllers\Index->loginuser()
#4 E:\KULIAH\SEMESTER 5\RPL\UTS-UAS PROJECT\rakatu\system\CodeIgniter.php(407): CodeIgniter\CodeIgniter->runController(Object(App\Controllers\Index))
#5 E:\KULIAH\SEMESTER 5\RPL\UTS-UAS PROJECT\rakatu\system\CodeIgniter.php(315): CodeIgniter\CodeIgniter->handleRequest(NULL, Object(Config\Cache), false)
#6 E:\KULIAH\SEMESTER 5\RPL\UTS-UAS PROJECT\rakatu\public\index.php(45): CodeIgniter\CodeIgniter->run()
#7 E:\KULIAH\SEMESTER 5\RPL\UTS-UAS PROJECT\rakatu\system\Commands\Server\rewrite.php(34): require_once('E:\\KULIAH\\SEMES...')
#8 {main}
CRITICAL - 2020-12-01 03:31:46 --> Call to undefined function form_open()
#0 E:\KULIAH\SEMESTER 5\RPL\UTS-UAS PROJECT\rakatu\system\View\View.php(246): include()
#1 E:\KULIAH\SEMESTER 5\RPL\UTS-UAS PROJECT\rakatu\system\Common.php(1119): CodeIgniter\View\View->render('log_in_user_v', Array, true)
#2 E:\KULIAH\SEMESTER 5\RPL\UTS-UAS PROJECT\rakatu\app\Controllers\Index.php(16): view('log_in_user_v', Array)
#3 E:\KULIAH\SEMESTER 5\RPL\UTS-UAS PROJECT\rakatu\system\CodeIgniter.php(921): App\Controllers\Index->loginuser()
#4 E:\KULIAH\SEMESTER 5\RPL\UTS-UAS PROJECT\rakatu\system\CodeIgniter.php(407): CodeIgniter\CodeIgniter->runController(Object(App\Controllers\Index))
#5 E:\KULIAH\SEMESTER 5\RPL\UTS-UAS PROJECT\rakatu\system\CodeIgniter.php(315): CodeIgniter\CodeIgniter->handleRequest(NULL, Object(Config\Cache), false)
#6 E:\KULIAH\SEMESTER 5\RPL\UTS-UAS PROJECT\rakatu\public\index.php(45): CodeIgniter\CodeIgniter->run()
#7 E:\KULIAH\SEMESTER 5\RPL\UTS-UAS PROJECT\rakatu\system\Commands\Server\rewrite.php(34): require_once('E:\\KULIAH\\SEMES...')
#8 {main}
CRITICAL - 2020-12-01 03:40:18 --> Undefined property: App\Controllers\Login::$LoginModel
#0 E:\KULIAH\SEMESTER 5\RPL\UTS-UAS PROJECT\rakatu\app\Controllers\Login.php(19): CodeIgniter\Debug\Exceptions->errorHandler(8, 'Undefined prope...', 'E:\\KULIAH\\SEMES...', 19, Array)
#1 E:\KULIAH\SEMESTER 5\RPL\UTS-UAS PROJECT\rakatu\system\CodeIgniter.php(921): App\Controllers\Login->cek_login()
#2 E:\KULIAH\SEMESTER 5\RPL\UTS-UAS PROJECT\rakatu\system\CodeIgniter.php(407): CodeIgniter\CodeIgniter->runController(Object(App\Controllers\Login))
#3 E:\KULIAH\SEMESTER 5\RPL\UTS-UAS PROJECT\rakatu\system\CodeIgniter.php(315): CodeIgniter\CodeIgniter->handleRequest(NULL, Object(Config\Cache), false)
#4 E:\KULIAH\SEMESTER 5\RPL\UTS-UAS PROJECT\rakatu\public\index.php(45): CodeIgniter\CodeIgniter->run()
#5 E:\KULIAH\SEMESTER 5\RPL\UTS-UAS PROJECT\rakatu\system\Commands\Server\rewrite.php(34): require_once('E:\\KULIAH\\SEMES...')
#6 {main}
CRITICAL - 2020-12-01 03:44:12 --> Class 'App\Models\LoginModel' not found
#0 E:\KULIAH\SEMESTER 5\RPL\UTS-UAS PROJECT\rakatu\system\CodeIgniter.php(893): App\Controllers\Login->__construct()
#1 E:\KULIAH\SEMESTER 5\RPL\UTS-UAS PROJECT\rakatu\system\CodeIgniter.php(402): CodeIgniter\CodeIgniter->createController()
#2 E:\KULIAH\SEMESTER 5\RPL\UTS-UAS PROJECT\rakatu\system\CodeIgniter.php(315): CodeIgniter\CodeIgniter->handleRequest(NULL, Object(Config\Cache), false)
#3 E:\KULIAH\SEMESTER 5\RPL\UTS-UAS PROJECT\rakatu\public\index.php(45): CodeIgniter\CodeIgniter->run()
#4 E:\KULIAH\SEMESTER 5\RPL\UTS-UAS PROJECT\rakatu\system\Commands\Server\rewrite.php(34): require_once('E:\\KULIAH\\SEMES...')
#5 {main}
CRITICAL - 2020-12-01 03:44:52 --> Trying to access array offset on value of type null
#0 E:\KULIAH\SEMESTER 5\RPL\UTS-UAS PROJECT\rakatu\app\Controllers\Login.php(22): CodeIgniter\Debug\Exceptions->errorHandler(8, 'Trying to acces...', 'E:\\KULIAH\\SEMES...', 22, Array)
#1 E:\KULIAH\SEMESTER 5\RPL\UTS-UAS PROJECT\rakatu\system\CodeIgniter.php(921): App\Controllers\Login->cek_login()
#2 E:\KULIAH\SEMESTER 5\RPL\UTS-UAS PROJECT\rakatu\system\CodeIgniter.php(407): CodeIgniter\CodeIgniter->runController(Object(App\Controllers\Login))
#3 E:\KULIAH\SEMESTER 5\RPL\UTS-UAS PROJECT\rakatu\system\CodeIgniter.php(315): CodeIgniter\CodeIgniter->handleRequest(NULL, Object(Config\Cache), false)
#4 E:\KULIAH\SEMESTER 5\RPL\UTS-UAS PROJECT\rakatu\public\index.php(45): CodeIgniter\CodeIgniter->run()
#5 E:\KULIAH\SEMESTER 5\RPL\UTS-UAS PROJECT\rakatu\system\Commands\Server\rewrite.php(34): require_once('E:\\KULIAH\\SEMES...')
#6 {main}
CRITICAL - 2020-12-01 03:51:04 --> Unknown column 'username' in 'where clause'
#0 E:\KULIAH\SEMESTER 5\RPL\UTS-UAS PROJECT\rakatu\system\Database\MySQLi\Connection.php(331): mysqli->query('SELECT *\nFROM `...')
#1 E:\KULIAH\SEMESTER 5\RPL\UTS-UAS PROJECT\rakatu\system\Database\BaseConnection.php(741): CodeIgniter\Database\MySQLi\Connection->execute('SELECT *\nFROM `...')
#2 E:\KULIAH\SEMESTER 5\RPL\UTS-UAS PROJECT\rakatu\system\Database\BaseConnection.php(669): CodeIgniter\Database\BaseConnection->simpleQuery('SELECT *\nFROM `...')
#3 E:\KULIAH\SEMESTER 5\RPL\UTS-UAS PROJECT\rakatu\system\Database\BaseBuilder.php(1860): CodeIgniter\Database\BaseConnection->query('SELECT *\nFROM `...', Array, false)
#4 E:\KULIAH\SEMESTER 5\RPL\UTS-UAS PROJECT\rakatu\app\Models\LoginModel.php(10): CodeIgniter\Database\BaseBuilder->get()
#5 E:\KULIAH\SEMESTER 5\RPL\UTS-UAS PROJECT\rakatu\app\Controllers\Login.php(20): App\Models\LoginModel->cek_login(NULL, NULL)
#6 E:\KULIAH\SEMESTER 5\RPL\UTS-UAS PROJECT\rakatu\system\CodeIgniter.php(921): App\Controllers\Login->cek_login()
#7 E:\KULIAH\SEMESTER 5\RPL\UTS-UAS PROJECT\rakatu\system\CodeIgniter.php(407): CodeIgniter\CodeIgniter->runController(Object(App\Controllers\Login))
#8 E:\KULIAH\SEMESTER 5\RPL\UTS-UAS PROJECT\rakatu\system\CodeIgniter.php(315): CodeIgniter\CodeIgniter->handleRequest(NULL, Object(Config\Cache), false)
#9 E:\KULIAH\SEMESTER 5\RPL\UTS-UAS PROJECT\rakatu\public\index.php(45): CodeIgniter\CodeIgniter->run()
#10 E:\KULIAH\SEMESTER 5\RPL\UTS-UAS PROJECT\rakatu\system\Commands\Server\rewrite.php(34): require_once('E:\\KULIAH\\SEMES...')
#11 {main}
CRITICAL - 2020-12-01 03:51:36 --> Trying to access array offset on value of type null
#0 E:\KULIAH\SEMESTER 5\RPL\UTS-UAS PROJECT\rakatu\app\Controllers\Login.php(22): CodeIgniter\Debug\Exceptions->errorHandler(8, 'Trying to acces...', 'E:\\KULIAH\\SEMES...', 22, Array)
#1 E:\KULIAH\SEMESTER 5\RPL\UTS-UAS PROJECT\rakatu\system\CodeIgniter.php(921): App\Controllers\Login->cek_login()
#2 E:\KULIAH\SEMESTER 5\RPL\UTS-UAS PROJECT\rakatu\system\CodeIgniter.php(407): CodeIgniter\CodeIgniter->runController(Object(App\Controllers\Login))
#3 E:\KULIAH\SEMESTER 5\RPL\UTS-UAS PROJECT\rakatu\system\CodeIgniter.php(315): CodeIgniter\CodeIgniter->handleRequest(NULL, Object(Config\Cache), false)
#4 E:\KULIAH\SEMESTER 5\RPL\UTS-UAS PROJECT\rakatu\public\index.php(45): CodeIgniter\CodeIgniter->run()
#5 E:\KULIAH\SEMESTER 5\RPL\UTS-UAS PROJECT\rakatu\system\Commands\Server\rewrite.php(34): require_once('E:\\KULIAH\\SEMES...')
#6 {main}
CRITICAL - 2020-12-01 03:52:08 --> Trying to access array offset on value of type null
#0 E:\KULIAH\SEMESTER 5\RPL\UTS-UAS PROJECT\rakatu\app\Controllers\Login.php(22): CodeIgniter\Debug\Exceptions->errorHandler(8, 'Trying to acces...', 'E:\\KULIAH\\SEMES...', 22, Array)
#1 E:\KULIAH\SEMESTER 5\RPL\UTS-UAS PROJECT\rakatu\system\CodeIgniter.php(921): App\Controllers\Login->cek_login()
#2 E:\KULIAH\SEMESTER 5\RPL\UTS-UAS PROJECT\rakatu\system\CodeIgniter.php(407): CodeIgniter\CodeIgniter->runController(Object(App\Controllers\Login))
#3 E:\KULIAH\SEMESTER 5\RPL\UTS-UAS PROJECT\rakatu\system\CodeIgniter.php(315): CodeIgniter\CodeIgniter->handleRequest(NULL, Object(Config\Cache), false)
#4 E:\KULIAH\SEMESTER 5\RPL\UTS-UAS PROJECT\rakatu\public\index.php(45): CodeIgniter\CodeIgniter->run()
#5 E:\KULIAH\SEMESTER 5\RPL\UTS-UAS PROJECT\rakatu\system\Commands\Server\rewrite.php(34): require_once('E:\\KULIAH\\SEMES...')
#6 {main}
CRITICAL - 2020-12-01 04:10:22 --> syntax error, unexpected '->' (T_OBJECT_OPERATOR)
#0 E:\KULIAH\SEMESTER 5\RPL\UTS-UAS PROJECT\rakatu\system\Autoloader\Autoloader.php(296): CodeIgniter\Autoloader\Autoloader->requireFile('E:\\KULIAH\\SEMES...')
#1 E:\KULIAH\SEMESTER 5\RPL\UTS-UAS PROJECT\rakatu\system\Autoloader\Autoloader.php(258): CodeIgniter\Autoloader\Autoloader->loadInNamespace('App\\Models\\Logi...')
#2 [internal function]: CodeIgniter\Autoloader\Autoloader->loadClass('App\\Models\\Logi...')
#3 E:\KULIAH\SEMESTER 5\RPL\UTS-UAS PROJECT\rakatu\app\Controllers\Login.php(9): spl_autoload_call('App\\Models\\Logi...')
#4 E:\KULIAH\SEMESTER 5\RPL\UTS-UAS PROJECT\rakatu\system\CodeIgniter.php(893): App\Controllers\Login->__construct()
#5 E:\KULIAH\SEMESTER 5\RPL\UTS-UAS PROJECT\rakatu\system\CodeIgniter.php(402): CodeIgniter\CodeIgniter->createController()
#6 E:\KULIAH\SEMESTER 5\RPL\UTS-UAS PROJECT\rakatu\system\CodeIgniter.php(315): CodeIgniter\CodeIgniter->handleRequest(NULL, Object(Config\Cache), false)
#7 E:\KULIAH\SEMESTER 5\RPL\UTS-UAS PROJECT\rakatu\public\index.php(45): CodeIgniter\CodeIgniter->run()
#8 E:\KULIAH\SEMESTER 5\RPL\UTS-UAS PROJECT\rakatu\system\Commands\Server\rewrite.php(34): require_once('E:\\KULIAH\\SEMES...')
#9 {main}
CRITICAL - 2020-12-01 04:11:46 --> Call to undefined method CodeIgniter\Database\MySQLi\Result::row_array()
#0 E:\KULIAH\SEMESTER 5\RPL\UTS-UAS PROJECT\rakatu\app\Controllers\Login.php(20): App\Models\LoginModel->cek_login(NULL, NULL)
#1 E:\KULIAH\SEMESTER 5\RPL\UTS-UAS PROJECT\rakatu\system\CodeIgniter.php(921): App\Controllers\Login->cek_login()
#2 E:\KULIAH\SEMESTER 5\RPL\UTS-UAS PROJECT\rakatu\system\CodeIgniter.php(407): CodeIgniter\CodeIgniter->runController(Object(App\Controllers\Login))
#3 E:\KULIAH\SEMESTER 5\RPL\UTS-UAS PROJECT\rakatu\system\CodeIgniter.php(315): CodeIgniter\CodeIgniter->handleRequest(NULL, Object(Config\Cache), false)
#4 E:\KULIAH\SEMESTER 5\RPL\UTS-UAS PROJECT\rakatu\public\index.php(45): CodeIgniter\CodeIgniter->run()
#5 E:\KULIAH\SEMESTER 5\RPL\UTS-UAS PROJECT\rakatu\system\Commands\Server\rewrite.php(34): require_once('E:\\KULIAH\\SEMES...')
#6 {main}
CRITICAL - 2020-12-01 04:14:00 --> syntax error, unexpected '$hasil' (T_VARIABLE), expecting ';'
#0 E:\KULIAH\SEMESTER 5\RPL\UTS-UAS PROJECT\rakatu\system\Autoloader\Autoloader.php(296): CodeIgniter\Autoloader\Autoloader->requireFile('E:\\KULIAH\\SEMES...')
#1 E:\KULIAH\SEMESTER 5\RPL\UTS-UAS PROJECT\rakatu\system\Autoloader\Autoloader.php(258): CodeIgniter\Autoloader\Autoloader->loadInNamespace('App\\Models\\Logi...')
#2 [internal function]: CodeIgniter\Autoloader\Autoloader->loadClass('App\\Models\\Logi...')
#3 E:\KULIAH\SEMESTER 5\RPL\UTS-UAS PROJECT\rakatu\app\Controllers\Login.php(9): spl_autoload_call('App\\Models\\Logi...')
#4 E:\KULIAH\SEMESTER 5\RPL\UTS-UAS PROJECT\rakatu\system\CodeIgniter.php(893): App\Controllers\Login->__construct()
#5 E:\KULIAH\SEMESTER 5\RPL\UTS-UAS PROJECT\rakatu\system\CodeIgniter.php(402): CodeIgniter\CodeIgniter->createController()
#6 E:\KULIAH\SEMESTER 5\RPL\UTS-UAS PROJECT\rakatu\system\CodeIgniter.php(315): CodeIgniter\CodeIgniter->handleRequest(NULL, Object(Config\Cache), false)
#7 E:\KULIAH\SEMESTER 5\RPL\UTS-UAS PROJECT\rakatu\public\index.php(45): CodeIgniter\CodeIgniter->run()
#8 E:\KULIAH\SEMESTER 5\RPL\UTS-UAS PROJECT\rakatu\system\Commands\Server\rewrite.php(34): require_once('E:\\KULIAH\\SEMES...')
#9 {main}
CRITICAL - 2020-12-01 04:15:55 --> Call to undefined method CodeIgniter\Database\MySQLi\Builder::row_array()
#0 E:\KULIAH\SEMESTER 5\RPL\UTS-UAS PROJECT\rakatu\app\Controllers\Login.php(20): App\Models\LoginModel->cek_login(NULL, NULL)
#1 E:\KULIAH\SEMESTER 5\RPL\UTS-UAS PROJECT\rakatu\system\CodeIgniter.php(921): App\Controllers\Login->cek_login()
#2 E:\KULIAH\SEMESTER 5\RPL\UTS-UAS PROJECT\rakatu\system\CodeIgniter.php(407): CodeIgniter\CodeIgniter->runController(Object(App\Controllers\Login))
#3 E:\KULIAH\SEMESTER 5\RPL\UTS-UAS PROJECT\rakatu\system\CodeIgniter.php(315): CodeIgniter\CodeIgniter->handleRequest(NULL, Object(Config\Cache), false)
#4 E:\KULIAH\SEMESTER 5\RPL\UTS-UAS PROJECT\rakatu\public\index.php(45): CodeIgniter\CodeIgniter->run()
#5 E:\KULIAH\SEMESTER 5\RPL\UTS-UAS PROJECT\rakatu\system\Commands\Server\rewrite.php(34): require_once('E:\\KULIAH\\SEMES...')
#6 {main}
CRITICAL - 2020-12-01 04:16:16 --> Call to undefined method CodeIgniter\Database\MySQLi\Builder::getRowArray()
#0 E:\KULIAH\SEMESTER 5\RPL\UTS-UAS PROJECT\rakatu\app\Controllers\Login.php(20): App\Models\LoginModel->cek_login(NULL, NULL)
#1 E:\KULIAH\SEMESTER 5\RPL\UTS-UAS PROJECT\rakatu\system\CodeIgniter.php(921): App\Controllers\Login->cek_login()
#2 E:\KULIAH\SEMESTER 5\RPL\UTS-UAS PROJECT\rakatu\system\CodeIgniter.php(407): CodeIgniter\CodeIgniter->runController(Object(App\Controllers\Login))
#3 E:\KULIAH\SEMESTER 5\RPL\UTS-UAS PROJECT\rakatu\system\CodeIgniter.php(315): CodeIgniter\CodeIgniter->handleRequest(NULL, Object(Config\Cache), false)
#4 E:\KULIAH\SEMESTER 5\RPL\UTS-UAS PROJECT\rakatu\public\index.php(45): CodeIgniter\CodeIgniter->run()
#5 E:\KULIAH\SEMESTER 5\RPL\UTS-UAS PROJECT\rakatu\system\Commands\Server\rewrite.php(34): require_once('E:\\KULIAH\\SEMES...')
#6 {main}
CRITICAL - 2020-12-01 04:20:43 --> Argument 2 passed to CodeIgniter\Database\BaseBuilder::getWhere() must be of the type int or null, array given, called in E:\KULIAH\SEMESTER 5\RPL\UTS-UAS PROJECT\rakatu\app\Models\LoginModel.php on line 7
#0 E:\KULIAH\SEMESTER 5\RPL\UTS-UAS PROJECT\rakatu\app\Models\LoginModel.php(7): CodeIgniter\Database\BaseBuilder->getWhere(Array, Array)
#1 E:\KULIAH\SEMESTER 5\RPL\UTS-UAS PROJECT\rakatu\app\Controllers\Login.php(20): App\Models\LoginModel->cek_login(NULL, NULL)
#2 E:\KULIAH\SEMESTER 5\RPL\UTS-UAS PROJECT\rakatu\system\CodeIgniter.php(921): App\Controllers\Login->cek_login()
#3 E:\KULIAH\SEMESTER 5\RPL\UTS-UAS PROJECT\rakatu\system\CodeIgniter.php(407): CodeIgniter\CodeIgniter->runController(Object(App\Controllers\Login))
#4 E:\KULIAH\SEMESTER 5\RPL\UTS-UAS PROJECT\rakatu\system\CodeIgniter.php(315): CodeIgniter\CodeIgniter->handleRequest(NULL, Object(Config\Cache), false)
#5 E:\KULIAH\SEMESTER 5\RPL\UTS-UAS PROJECT\rakatu\public\index.php(45): CodeIgniter\CodeIgniter->run()
#6 E:\KULIAH\SEMESTER 5\RPL\UTS-UAS PROJECT\rakatu\system\Commands\Server\rewrite.php(34): require_once('E:\\KULIAH\\SEMES...')
#7 {main}
CRITICAL - 2020-12-01 07:00:34 --> syntax error, unexpected 'public' (T_PUBLIC)
#0 E:\KULIAH\SEMESTER 5\RPL\UTS-UAS PROJECT\rakatu\system\Router\Router.php(195): CodeIgniter\Router\Router->autoRoute('Login/cek_login')
#1 E:\KULIAH\SEMESTER 5\RPL\UTS-UAS PROJECT\rakatu\system\CodeIgniter.php(796): CodeIgniter\Router\Router->handle('Login/cek_login')
#2 E:\KULIAH\SEMESTER 5\RPL\UTS-UAS PROJECT\rakatu\system\CodeIgniter.php(367): CodeIgniter\CodeIgniter->tryToRouteIt(Object(CodeIgniter\Router\RouteCollection))
#3 E:\KULIAH\SEMESTER 5\RPL\UTS-UAS PROJECT\rakatu\system\CodeIgniter.php(315): CodeIgniter\CodeIgniter->handleRequest(NULL, Object(Config\Cache), false)
#4 E:\KULIAH\SEMESTER 5\RPL\UTS-UAS PROJECT\rakatu\public\index.php(45): CodeIgniter\CodeIgniter->run()
#5 E:\KULIAH\SEMESTER 5\RPL\UTS-UAS PROJECT\rakatu\system\Commands\Server\rewrite.php(34): require_once('E:\\KULIAH\\SEMES...')
#6 {main}
CRITICAL - 2020-12-01 07:03:44 --> Undefined variable: model
#0 E:\KULIAH\SEMESTER 5\RPL\UTS-UAS PROJECT\rakatu\app\Controllers\Login.php(20): CodeIgniter\Debug\Exceptions->errorHandler(8, 'Undefined varia...', 'E:\\KULIAH\\SEMES...', 20, Array)
#1 E:\KULIAH\SEMESTER 5\RPL\UTS-UAS PROJECT\rakatu\system\CodeIgniter.php(921): App\Controllers\Login->auth()
#2 E:\KULIAH\SEMESTER 5\RPL\UTS-UAS PROJECT\rakatu\system\CodeIgniter.php(407): CodeIgniter\CodeIgniter->runController(Object(App\Controllers\Login))
#3 E:\KULIAH\SEMESTER 5\RPL\UTS-UAS PROJECT\rakatu\system\CodeIgniter.php(315): CodeIgniter\CodeIgniter->handleRequest(NULL, Object(Config\Cache), false)
#4 E:\KULIAH\SEMESTER 5\RPL\UTS-UAS PROJECT\rakatu\public\index.php(45): CodeIgniter\CodeIgniter->run()
#5 E:\KULIAH\SEMESTER 5\RPL\UTS-UAS PROJECT\rakatu\system\Commands\Server\rewrite.php(34): require_once('E:\\KULIAH\\SEMES...')
#6 {main}
CRITICAL - 2020-12-01 07:04:19 --> You must set the database table to be used with your query.
#0 E:\KULIAH\SEMESTER 5\RPL\UTS-UAS PROJECT\rakatu\system\Model.php(1237): CodeIgniter\Database\BaseConnection->table(NULL)
#1 E:\KULIAH\SEMESTER 5\RPL\UTS-UAS PROJECT\rakatu\system\Model.php(1816): CodeIgniter\Model->builder()
#2 E:\KULIAH\SEMESTER 5\RPL\UTS-UAS PROJECT\rakatu\app\Controllers\Login.php(21): CodeIgniter\Model->__call('where', Array)
#3 E:\KULIAH\SEMESTER 5\RPL\UTS-UAS PROJECT\rakatu\system\CodeIgniter.php(921): App\Controllers\Login->auth()
#4 E:\KULIAH\SEMESTER 5\RPL\UTS-UAS PROJECT\rakatu\system\CodeIgniter.php(407): CodeIgniter\CodeIgniter->runController(Object(App\Controllers\Login))
#5 E:\KULIAH\SEMESTER 5\RPL\UTS-UAS PROJECT\rakatu\system\CodeIgniter.php(315): CodeIgniter\CodeIgniter->handleRequest(NULL, Object(Config\Cache), false)
#6 E:\KULIAH\SEMESTER 5\RPL\UTS-UAS PROJECT\rakatu\public\index.php(45): CodeIgniter\CodeIgniter->run()
#7 E:\KULIAH\SEMESTER 5\RPL\UTS-UAS PROJECT\rakatu\system\Commands\Server\rewrite.php(34): require_once('E:\\KULIAH\\SEMES...')
#8 {main}
CRITICAL - 2020-12-01 07:05:23 --> Class 'App\Controllers\UserModel' not found
#0 E:\KULIAH\SEMESTER 5\RPL\UTS-UAS PROJECT\rakatu\system\CodeIgniter.php(921): App\Controllers\Login->auth()
#1 E:\KULIAH\SEMESTER 5\RPL\UTS-UAS PROJECT\rakatu\system\CodeIgniter.php(407): CodeIgniter\CodeIgniter->runController(Object(App\Controllers\Login))
#2 E:\KULIAH\SEMESTER 5\RPL\UTS-UAS PROJECT\rakatu\system\CodeIgniter.php(315): CodeIgniter\CodeIgniter->handleRequest(NULL, Object(Config\Cache), false)
#3 E:\KULIAH\SEMESTER 5\RPL\UTS-UAS PROJECT\rakatu\public\index.php(45): CodeIgniter\CodeIgniter->run()
#4 E:\KULIAH\SEMESTER 5\RPL\UTS-UAS PROJECT\rakatu\system\Commands\Server\rewrite.php(34): require_once('E:\\KULIAH\\SEMES...')
#5 {main}
CRITICAL - 2020-12-01 07:05:46 --> Class 'App\Controllers\LoginModel' not found
#0 E:\KULIAH\SEMESTER 5\RPL\UTS-UAS PROJECT\rakatu\system\CodeIgniter.php(893): App\Controllers\Login->__construct()
#1 E:\KULIAH\SEMESTER 5\RPL\UTS-UAS PROJECT\rakatu\system\CodeIgniter.php(402): CodeIgniter\CodeIgniter->createController()
#2 E:\KULIAH\SEMESTER 5\RPL\UTS-UAS PROJECT\rakatu\system\CodeIgniter.php(315): CodeIgniter\CodeIgniter->handleRequest(NULL, Object(Config\Cache), false)
#3 E:\KULIAH\SEMESTER 5\RPL\UTS-UAS PROJECT\rakatu\public\index.php(45): CodeIgniter\CodeIgniter->run()
#4 E:\KULIAH\SEMESTER 5\RPL\UTS-UAS PROJECT\rakatu\system\Commands\Server\rewrite.php(34): require_once('E:\\KULIAH\\SEMES...')
#5 {main}
CRITICAL - 2020-12-01 07:35:38 --> The "email" field cannot be used to validate credentials.
#0 E:\KULIAH\SEMESTER 5\RPL\UTS-UAS PROJECT\rakatu\vendor\myth\auth\src\Authentication\LocalAuthenticator.php(151): Myth\Auth\Exceptions\AuthException::forInvalidFields('email')
#1 E:\KULIAH\SEMESTER 5\RPL\UTS-UAS PROJECT\rakatu\vendor\myth\auth\src\Authentication\LocalAuthenticator.php(20): Myth\Auth\Authentication\LocalAuthenticator->validate(Array, true)
#2 E:\KULIAH\SEMESTER 5\RPL\UTS-UAS PROJECT\rakatu\vendor\myth\auth\src\Controllers\AuthController.php(86): Myth\Auth\Authentication\LocalAuthenticator->attempt(Array, false)
#3 E:\KULIAH\SEMESTER 5\RPL\UTS-UAS PROJECT\rakatu\system\CodeIgniter.php(921): Myth\Auth\Controllers\AuthController->attemptLogin()
#4 E:\KULIAH\SEMESTER 5\RPL\UTS-UAS PROJECT\rakatu\system\CodeIgniter.php(407): CodeIgniter\CodeIgniter->runController(Object(Myth\Auth\Controllers\AuthController))
#5 E:\KULIAH\SEMESTER 5\RPL\UTS-UAS PROJECT\rakatu\system\CodeIgniter.php(315): CodeIgniter\CodeIgniter->handleRequest(NULL, Object(Config\Cache), false)
#6 E:\KULIAH\SEMESTER 5\RPL\UTS-UAS PROJECT\rakatu\public\index.php(45): CodeIgniter\CodeIgniter->run()
#7 E:\KULIAH\SEMESTER 5\RPL\UTS-UAS PROJECT\rakatu\system\Commands\Server\rewrite.php(34): require_once('E:\\KULIAH\\SEMES...')
#8 {main}
CRITICAL - 2020-12-01 07:36:42 --> Undefined variable: title
#0 E:\KULIAH\SEMESTER 5\RPL\UTS-UAS PROJECT\rakatu\app\Views\template.php(23): CodeIgniter\Debug\Exceptions->errorHandler(8, 'Undefined varia...', 'E:\\KULIAH\\SEMES...', 23, Array)
#1 E:\KULIAH\SEMESTER 5\RPL\UTS-UAS PROJECT\rakatu\system\View\View.php(246): include('E:\\KULIAH\\SEMES...')
#2 E:\KULIAH\SEMESTER 5\RPL\UTS-UAS PROJECT\rakatu\system\View\View.php(257): CodeIgniter\View\View->render('template', Array, true)
#3 E:\KULIAH\SEMESTER 5\RPL\UTS-UAS PROJECT\rakatu\system\Common.php(1119): CodeIgniter\View\View->render('log_in_user_v', Array, true)
#4 E:\KULIAH\SEMESTER 5\RPL\UTS-UAS PROJECT\rakatu\app\Controllers\Login.php(13): view('log_in_user_v')
#5 E:\KULIAH\SEMESTER 5\RPL\UTS-UAS PROJECT\rakatu\system\CodeIgniter.php(921): App\Controllers\Login->index()
#6 E:\KULIAH\SEMESTER 5\RPL\UTS-UAS PROJECT\rakatu\system\CodeIgniter.php(407): CodeIgniter\CodeIgniter->runController(Object(App\Controllers\Login))
#7 E:\KULIAH\SEMESTER 5\RPL\UTS-UAS PROJECT\rakatu\system\CodeIgniter.php(315): CodeIgniter\CodeIgniter->handleRequest(NULL, Object(Config\Cache), false)
#8 E:\KULIAH\SEMESTER 5\RPL\UTS-UAS PROJECT\rakatu\public\index.php(45): CodeIgniter\CodeIgniter->run()
#9 E:\KULIAH\SEMESTER 5\RPL\UTS-UAS PROJECT\rakatu\system\Commands\Server\rewrite.php(34): require_once('E:\\KULIAH\\SEMES...')
#10 {main}
CRITICAL - 2020-12-01 07:37:48 --> Undefined variable: title
#0 E:\KULIAH\SEMESTER 5\RPL\UTS-UAS PROJECT\rakatu\app\Views\template.php(23): CodeIgniter\Debug\Exceptions->errorHandler(8, 'Undefined varia...', 'E:\\KULIAH\\SEMES...', 23, Array)
#1 E:\KULIAH\SEMESTER 5\RPL\UTS-UAS PROJECT\rakatu\system\View\View.php(246): include('E:\\KULIAH\\SEMES...')
#2 E:\KULIAH\SEMESTER 5\RPL\UTS-UAS PROJECT\rakatu\system\View\View.php(257): CodeIgniter\View\View->render('template', Array, true)
#3 E:\KULIAH\SEMESTER 5\RPL\UTS-UAS PROJECT\rakatu\system\Common.php(1119): CodeIgniter\View\View->render('log_in_user_v', Array, true)
#4 E:\KULIAH\SEMESTER 5\RPL\UTS-UAS PROJECT\rakatu\app\Controllers\Login.php(16): view('log_in_user_v')
#5 E:\KULIAH\SEMESTER 5\RPL\UTS-UAS PROJECT\rakatu\system\CodeIgniter.php(921): App\Controllers\Login->index()
#6 E:\KULIAH\SEMESTER 5\RPL\UTS-UAS PROJECT\rakatu\system\CodeIgniter.php(407): CodeIgniter\CodeIgniter->runController(Object(App\Controllers\Login))
#7 E:\KULIAH\SEMESTER 5\RPL\UTS-UAS PROJECT\rakatu\system\CodeIgniter.php(315): CodeIgniter\CodeIgniter->handleRequest(NULL, Object(Config\Cache), false)
#8 E:\KULIAH\SEMESTER 5\RPL\UTS-UAS PROJECT\rakatu\public\index.php(45): CodeIgniter\CodeIgniter->run()
#9 E:\KULIAH\SEMESTER 5\RPL\UTS-UAS PROJECT\rakatu\system\Commands\Server\rewrite.php(34): require_once('E:\\KULIAH\\SEMES...')
#10 {main}
CRITICAL - 2020-12-01 07:40:18 --> Undefined variable: title
#0 E:\KULIAH\SEMESTER 5\RPL\UTS-UAS PROJECT\rakatu\app\Views\template.php(23): CodeIgniter\Debug\Exceptions->errorHandler(8, 'Undefined varia...', 'E:\\KULIAH\\SEMES...', 23, Array)
#1 E:\KULIAH\SEMESTER 5\RPL\UTS-UAS PROJECT\rakatu\system\View\View.php(246): include('E:\\KULIAH\\SEMES...')
#2 E:\KULIAH\SEMESTER 5\RPL\UTS-UAS PROJECT\rakatu\system\View\View.php(257): CodeIgniter\View\View->render('template', Array, true)
#3 E:\KULIAH\SEMESTER 5\RPL\UTS-UAS PROJECT\rakatu\system\Common.php(1119): CodeIgniter\View\View->render('log_in_user_v', Array, true)
#4 E:\KULIAH\SEMESTER 5\RPL\UTS-UAS PROJECT\rakatu\app\Controllers\Login.php(16): view('log_in_user_v')
#5 E:\KULIAH\SEMESTER 5\RPL\UTS-UAS PROJECT\rakatu\system\CodeIgniter.php(921): App\Controllers\Login->index()
#6 E:\KULIAH\SEMESTER 5\RPL\UTS-UAS PROJECT\rakatu\system\CodeIgniter.php(407): CodeIgniter\CodeIgniter->runController(Object(App\Controllers\Login))
#7 E:\KULIAH\SEMESTER 5\RPL\UTS-UAS PROJECT\rakatu\system\CodeIgniter.php(315): CodeIgniter\CodeIgniter->handleRequest(NULL, Object(Config\Cache), false)
#8 E:\KULIAH\SEMESTER 5\RPL\UTS-UAS PROJECT\rakatu\public\index.php(45): CodeIgniter\CodeIgniter->run()
#9 E:\KULIAH\SEMESTER 5\RPL\UTS-UAS PROJECT\rakatu\system\Commands\Server\rewrite.php(34): require_once('E:\\KULIAH\\SEMES...')
#10 {main}
CRITICAL - 2020-12-01 08:09:18 --> Undefined variable: cel
#0 E:\KULIAH\SEMESTER 5\RPL\UTS-UAS PROJECT\rakatu\app\Controllers\Login.php(36): CodeIgniter\Debug\Exceptions->errorHandler(8, 'Undefined varia...', 'E:\\KULIAH\\SEMES...', 36, Array)
#1 E:\KULIAH\SEMESTER 5\RPL\UTS-UAS PROJECT\rakatu\system\CodeIgniter.php(921): App\Controllers\Login->auth()
#2 E:\KULIAH\SEMESTER 5\RPL\UTS-UAS PROJECT\rakatu\system\CodeIgniter.php(407): CodeIgniter\CodeIgniter->runController(Object(App\Controllers\Login))
#3 E:\KULIAH\SEMESTER 5\RPL\UTS-UAS PROJECT\rakatu\system\CodeIgniter.php(315): CodeIgniter\CodeIgniter->handleRequest(NULL, Object(Config\Cache), false)
#4 E:\KULIAH\SEMESTER 5\RPL\UTS-UAS PROJECT\rakatu\public\index.php(45): CodeIgniter\CodeIgniter->run()
#5 E:\KULIAH\SEMESTER 5\RPL\UTS-UAS PROJECT\rakatu\system\Commands\Server\rewrite.php(34): require_once('E:\\KULIAH\\SEMES...')
#6 {main}
CRITICAL - 2020-12-01 08:10:36 --> Undefined variable: title
#0 E:\KULIAH\SEMESTER 5\RPL\UTS-UAS PROJECT\rakatu\app\Views\template.php(23): CodeIgniter\Debug\Exceptions->errorHandler(8, 'Undefined varia...', 'E:\\KULIAH\\SEMES...', 23, Array)
#1 E:\KULIAH\SEMESTER 5\RPL\UTS-UAS PROJECT\rakatu\system\View\View.php(246): include('E:\\KULIAH\\SEMES...')
#2 E:\KULIAH\SEMESTER 5\RPL\UTS-UAS PROJECT\rakatu\system\View\View.php(257): CodeIgniter\View\View->render('template', Array, true)
#3 E:\KULIAH\SEMESTER 5\RPL\UTS-UAS PROJECT\rakatu\system\Common.php(1119): CodeIgniter\View\View->render('log_in_user_v', Array, true)
#4 E:\KULIAH\SEMESTER 5\RPL\UTS-UAS PROJECT\rakatu\app\Controllers\Login.php(16): view('log_in_user_v')
#5 E:\KULIAH\SEMESTER 5\RPL\UTS-UAS PROJECT\rakatu\system\CodeIgniter.php(921): App\Controllers\Login->index()
#6 E:\KULIAH\SEMESTER 5\RPL\UTS-UAS PROJECT\rakatu\system\CodeIgniter.php(407): CodeIgniter\CodeIgniter->runController(Object(App\Controllers\Login))
#7 E:\KULIAH\SEMESTER 5\RPL\UTS-UAS PROJECT\rakatu\system\CodeIgniter.php(315): CodeIgniter\CodeIgniter->handleRequest(NULL, Object(Config\Cache), false)
#8 E:\KULIAH\SEMESTER 5\RPL\UTS-UAS PROJECT\rakatu\public\index.php(45): CodeIgniter\CodeIgniter->run()
#9 E:\KULIAH\SEMESTER 5\RPL\UTS-UAS PROJECT\rakatu\system\Commands\Server\rewrite.php(34): require_once('E:\\KULIAH\\SEMES...')
#10 {main}
CRITICAL - 2020-12-01 08:17:15 --> Undefined variable: password
#0 E:\KULIAH\SEMESTER 5\RPL\UTS-UAS PROJECT\rakatu\app\Controllers\Login.php(34): CodeIgniter\Debug\Exceptions->errorHandler(8, 'Undefined varia...', 'E:\\KULIAH\\SEMES...', 34, Array)
#1 E:\KULIAH\SEMESTER 5\RPL\UTS-UAS PROJECT\rakatu\system\CodeIgniter.php(921): App\Controllers\Login->auth()
#2 E:\KULIAH\SEMESTER 5\RPL\UTS-UAS PROJECT\rakatu\system\CodeIgniter.php(407): CodeIgniter\CodeIgniter->runController(Object(App\Controllers\Login))
#3 E:\KULIAH\SEMESTER 5\RPL\UTS-UAS PROJECT\rakatu\system\CodeIgniter.php(315): CodeIgniter\CodeIgniter->handleRequest(NULL, Object(Config\Cache), false)
#4 E:\KULIAH\SEMESTER 5\RPL\UTS-UAS PROJECT\rakatu\public\index.php(45): CodeIgniter\CodeIgniter->run()
#5 E:\KULIAH\SEMESTER 5\RPL\UTS-UAS PROJECT\rakatu\system\Commands\Server\rewrite.php(34): require_once('E:\\KULIAH\\SEMES...')
#6 {main}
CRITICAL - 2020-12-01 08:22:16 --> Argument 2 passed to view() must be of the type array, string given, called in E:\KULIAH\SEMESTER 5\RPL\UTS-UAS PROJECT\rakatu\app\Controllers\Dashboard.php on line 9
#0 E:\KULIAH\SEMESTER 5\RPL\UTS-UAS PROJECT\rakatu\app\Controllers\Dashboard.php(9): view('index_v', 'DIANFARRA')
#1 E:\KULIAH\SEMESTER 5\RPL\UTS-UAS PROJECT\rakatu\system\CodeIgniter.php(921): App\Controllers\Dashboard->index()
#2 E:\KULIAH\SEMESTER 5\RPL\UTS-UAS PROJECT\rakatu\system\CodeIgniter.php(407): CodeIgniter\CodeIgniter->runController(Object(App\Controllers\Dashboard))
#3 E:\KULIAH\SEMESTER 5\RPL\UTS-UAS PROJECT\rakatu\system\CodeIgniter.php(315): CodeIgniter\CodeIgniter->handleRequest(NULL, Object(Config\Cache), false)
#4 E:\KULIAH\SEMESTER 5\RPL\UTS-UAS PROJECT\rakatu\public\index.php(45): CodeIgniter\CodeIgniter->run()
#5 E:\KULIAH\SEMESTER 5\RPL\UTS-UAS PROJECT\rakatu\system\Commands\Server\rewrite.php(34): require_once('E:\\KULIAH\\SEMES...')
#6 {main}
CRITICAL - 2020-12-01 08:23:42 --> syntax error, unexpected 'namadepan' (T_STRING), expecting ']'
#0 E:\KULIAH\SEMESTER 5\RPL\UTS-UAS PROJECT\rakatu\system\Router\Router.php(195): CodeIgniter\Router\Router->autoRoute('dashboard')
#1 E:\KULIAH\SEMESTER 5\RPL\UTS-UAS PROJECT\rakatu\system\CodeIgniter.php(796): CodeIgniter\Router\Router->handle('dashboard')
#2 E:\KULIAH\SEMESTER 5\RPL\UTS-UAS PROJECT\rakatu\system\CodeIgniter.php(367): CodeIgniter\CodeIgniter->tryToRouteIt(Object(CodeIgniter\Router\RouteCollection))
#3 E:\KULIAH\SEMESTER 5\RPL\UTS-UAS PROJECT\rakatu\system\CodeIgniter.php(315): CodeIgniter\CodeIgniter->handleRequest(NULL, Object(Config\Cache), false)
#4 E:\KULIAH\SEMESTER 5\RPL\UTS-UAS PROJECT\rakatu\public\index.php(45): CodeIgniter\CodeIgniter->run()
#5 E:\KULIAH\SEMESTER 5\RPL\UTS-UAS PROJECT\rakatu\system\Commands\Server\rewrite.php(34): require_once('E:\\KULIAH\\SEMES...')
#6 {main}
CRITICAL - 2020-12-01 08:27:22 --> Undefined variable: session
#0 E:\KULIAH\SEMESTER 5\RPL\UTS-UAS PROJECT\rakatu\app\Controllers\Dashboard.php(7): CodeIgniter\Debug\Exceptions->errorHandler(8, 'Undefined varia...', 'E:\\KULIAH\\SEMES...', 7, Array)
#1 E:\KULIAH\SEMESTER 5\RPL\UTS-UAS PROJECT\rakatu\system\CodeIgniter.php(921): App\Controllers\Dashboard->index()
#2 E:\KULIAH\SEMESTER 5\RPL\UTS-UAS PROJECT\rakatu\system\CodeIgniter.php(407): CodeIgniter\CodeIgniter->runController(Object(App\Controllers\Dashboard))
#3 E:\KULIAH\SEMESTER 5\RPL\UTS-UAS PROJECT\rakatu\system\CodeIgniter.php(315): CodeIgniter\CodeIgniter->handleRequest(NULL, Object(Config\Cache), false)
#4 E:\KULIAH\SEMESTER 5\RPL\UTS-UAS PROJECT\rakatu\public\index.php(45): CodeIgniter\CodeIgniter->run()
#5 E:\KULIAH\SEMESTER 5\RPL\UTS-UAS PROJECT\rakatu\system\Commands\Server\rewrite.php(34): require_once('E:\\KULIAH\\SEMES...')
#6 {main}
CRITICAL - 2020-12-01 08:27:51 --> Undefined variable: nama
#0 E:\KULIAH\SEMESTER 5\RPL\UTS-UAS PROJECT\rakatu\app\Views\index_v.php(11): CodeIgniter\Debug\Exceptions->errorHandler(8, 'Undefined varia...', 'E:\\KULIAH\\SEMES...', 11, Array)
#1 E:\KULIAH\SEMESTER 5\RPL\UTS-UAS PROJECT\rakatu\system\View\View.php(246): include('E:\\KULIAH\\SEMES...')
#2 E:\KULIAH\SEMESTER 5\RPL\UTS-UAS PROJECT\rakatu\system\Common.php(1119): CodeIgniter\View\View->render('index_v', Array, true)
#3 E:\KULIAH\SEMESTER 5\RPL\UTS-UAS PROJECT\rakatu\app\Controllers\Index.php(10): view('index_v', Array)
#4 E:\KULIAH\SEMESTER 5\RPL\UTS-UAS PROJECT\rakatu\system\CodeIgniter.php(921): App\Controllers\Index->index()
#5 E:\KULIAH\SEMESTER 5\RPL\UTS-UAS PROJECT\rakatu\system\CodeIgniter.php(407): CodeIgniter\CodeIgniter->runController(Object(App\Controllers\Index))
#6 E:\KULIAH\SEMESTER 5\RPL\UTS-UAS PROJECT\rakatu\system\CodeIgniter.php(315): CodeIgniter\CodeIgniter->handleRequest(NULL, Object(Config\Cache), false)
#7 E:\KULIAH\SEMESTER 5\RPL\UTS-UAS PROJECT\rakatu\public\index.php(45): CodeIgniter\CodeIgniter->run()
#8 E:\KULIAH\SEMESTER 5\RPL\UTS-UAS PROJECT\rakatu\system\Commands\Server\rewrite.php(34): require_once('E:\\KULIAH\\SEMES...')
#9 {main}
CRITICAL - 2020-12-01 08:28:34 --> syntax error, unexpected '=>' (T_DOUBLE_ARROW)
#0 E:\KULIAH\SEMESTER 5\RPL\UTS-UAS PROJECT\rakatu\system\Autoloader\Autoloader.php(296): CodeIgniter\Autoloader\Autoloader->requireFile('E:\\KULIAH\\SEMES...')
#1 E:\KULIAH\SEMESTER 5\RPL\UTS-UAS PROJECT\rakatu\system\Autoloader\Autoloader.php(258): CodeIgniter\Autoloader\Autoloader->loadInNamespace('App\\Controllers...')
#2 [internal function]: CodeIgniter\Autoloader\Autoloader->loadClass('App\\Controllers...')
#3 [internal function]: spl_autoload_call('App\\Controllers...')
#4 E:\KULIAH\SEMESTER 5\RPL\UTS-UAS PROJECT\rakatu\system\CodeIgniter.php(872): class_exists('\\App\\Controller...', true)
#5 E:\KULIAH\SEMESTER 5\RPL\UTS-UAS PROJECT\rakatu\system\CodeIgniter.php(397): CodeIgniter\CodeIgniter->startController()
#6 E:\KULIAH\SEMESTER 5\RPL\UTS-UAS PROJECT\rakatu\system\CodeIgniter.php(315): CodeIgniter\CodeIgniter->handleRequest(NULL, Object(Config\Cache), false)
#7 E:\KULIAH\SEMESTER 5\RPL\UTS-UAS PROJECT\rakatu\public\index.php(45): CodeIgniter\CodeIgniter->run()
#8 E:\KULIAH\SEMESTER 5\RPL\UTS-UAS PROJECT\rakatu\system\Commands\Server\rewrite.php(34): require_once('E:\\KULIAH\\SEMES...')
#9 {main}
CRITICAL - 2020-12-01 08:28:59 --> Argument 3 passed to view() must be of the type array, string given, called in E:\KULIAH\SEMESTER 5\RPL\UTS-UAS PROJECT\rakatu\app\Controllers\Index.php on line 12
#0 E:\KULIAH\SEMESTER 5\RPL\UTS-UAS PROJECT\rakatu\app\Controllers\Index.php(12): view('index_v', Array, '')
#1 E:\KULIAH\SEMESTER 5\RPL\UTS-UAS PROJECT\rakatu\system\CodeIgniter.php(921): App\Controllers\Index->index()
#2 E:\KULIAH\SEMESTER 5\RPL\UTS-UAS PROJECT\rakatu\system\CodeIgniter.php(407): CodeIgniter\CodeIgniter->runController(Object(App\Controllers\Index))
#3 E:\KULIAH\SEMESTER 5\RPL\UTS-UAS PROJECT\rakatu\system\CodeIgniter.php(315): CodeIgniter\CodeIgniter->handleRequest(NULL, Object(Config\Cache), false)
#4 E:\KULIAH\SEMESTER 5\RPL\UTS-UAS PROJECT\rakatu\public\index.php(45): CodeIgniter\CodeIgniter->run()
#5 E:\KULIAH\SEMESTER 5\RPL\UTS-UAS PROJECT\rakatu\system\Commands\Server\rewrite.php(34): require_once('E:\\KULIAH\\SEMES...')
#6 {main}
CRITICAL - 2020-12-01 08:35:35 --> Argument 3 passed to view() must be of the type array, string given, called in E:\KULIAH\SEMESTER 5\RPL\UTS-UAS PROJECT\rakatu\app\Controllers\Index.php on line 12
#0 E:\KULIAH\SEMESTER 5\RPL\UTS-UAS PROJECT\rakatu\app\Controllers\Index.php(12): view('index_v', Array, '')
#1 E:\KULIAH\SEMESTER 5\RPL\UTS-UAS PROJECT\rakatu\system\CodeIgniter.php(921): App\Controllers\Index->index()
#2 E:\KULIAH\SEMESTER 5\RPL\UTS-UAS PROJECT\rakatu\system\CodeIgniter.php(407): CodeIgniter\CodeIgniter->runController(Object(App\Controllers\Index))
#3 E:\KULIAH\SEMESTER 5\RPL\UTS-UAS PROJECT\rakatu\system\CodeIgniter.php(315): CodeIgniter\CodeIgniter->handleRequest(NULL, Object(Config\Cache), false)
#4 E:\KULIAH\SEMESTER 5\RPL\UTS-UAS PROJECT\rakatu\public\index.php(45): CodeIgniter\CodeIgniter->run()
#5 E:\KULIAH\SEMESTER 5\RPL\UTS-UAS PROJECT\rakatu\system\Commands\Server\rewrite.php(34): require_once('E:\\KULIAH\\SEMES...')
#6 {main}
CRITICAL - 2020-12-01 08:35:50 --> Undefined variable: nm
#0 E:\KULIAH\SEMESTER 5\RPL\UTS-UAS PROJECT\rakatu\app\Controllers\Index.php(12): CodeIgniter\Debug\Exceptions->errorHandler(8, 'Undefined varia...', 'E:\\KULIAH\\SEMES...', 12, Array)
#1 E:\KULIAH\SEMESTER 5\RPL\UTS-UAS PROJECT\rakatu\system\CodeIgniter.php(921): App\Controllers\Index->index()
#2 E:\KULIAH\SEMESTER 5\RPL\UTS-UAS PROJECT\rakatu\system\CodeIgniter.php(407): CodeIgniter\CodeIgniter->runController(Object(App\Controllers\Index))
#3 E:\KULIAH\SEMESTER 5\RPL\UTS-UAS PROJECT\rakatu\system\CodeIgniter.php(315): CodeIgniter\CodeIgniter->handleRequest(NULL, Object(Config\Cache), false)
#4 E:\KULIAH\SEMESTER 5\RPL\UTS-UAS PROJECT\rakatu\public\index.php(45): CodeIgniter\CodeIgniter->run()
#5 E:\KULIAH\SEMESTER 5\RPL\UTS-UAS PROJECT\rakatu\system\Commands\Server\rewrite.php(34): require_once('E:\\KULIAH\\SEMES...')
#6 {main}
CRITICAL - 2020-12-01 08:43:57 --> syntax error, unexpected 'if' (T_IF)
#0 E:\KULIAH\SEMESTER 5\RPL\UTS-UAS PROJECT\rakatu\system\Common.php(1119): CodeIgniter\View\View->render('index_v', Array, true)
#1 E:\KULIAH\SEMESTER 5\RPL\UTS-UAS PROJECT\rakatu\app\Controllers\Index.php(12): view('index_v', Array)
#2 E:\KULIAH\SEMESTER 5\RPL\UTS-UAS PROJECT\rakatu\system\CodeIgniter.php(921): App\Controllers\Index->index()
#3 E:\KULIAH\SEMESTER 5\RPL\UTS-UAS PROJECT\rakatu\system\CodeIgniter.php(407): CodeIgniter\CodeIgniter->runController(Object(App\Controllers\Index))
#4 E:\KULIAH\SEMESTER 5\RPL\UTS-UAS PROJECT\rakatu\system\CodeIgniter.php(315): CodeIgniter\CodeIgniter->handleRequest(NULL, Object(Config\Cache), false)
#5 E:\KULIAH\SEMESTER 5\RPL\UTS-UAS PROJECT\rakatu\public\index.php(45): CodeIgniter\CodeIgniter->run()
#6 E:\KULIAH\SEMESTER 5\RPL\UTS-UAS PROJECT\rakatu\system\Commands\Server\rewrite.php(34): require_once('E:\\KULIAH\\SEMES...')
#7 {main}
CRITICAL - 2020-12-01 08:44:08 --> syntax error, unexpected '}'
#0 E:\KULIAH\SEMESTER 5\RPL\UTS-UAS PROJECT\rakatu\system\Common.php(1119): CodeIgniter\View\View->render('index_v', Array, true)
#1 E:\KULIAH\SEMESTER 5\RPL\UTS-UAS PROJECT\rakatu\app\Controllers\Index.php(12): view('index_v', Array)
#2 E:\KULIAH\SEMESTER 5\RPL\UTS-UAS PROJECT\rakatu\system\CodeIgniter.php(921): App\Controllers\Index->index()
#3 E:\KULIAH\SEMESTER 5\RPL\UTS-UAS PROJECT\rakatu\system\CodeIgniter.php(407): CodeIgniter\CodeIgniter->runController(Object(App\Controllers\Index))
#4 E:\KULIAH\SEMESTER 5\RPL\UTS-UAS PROJECT\rakatu\system\CodeIgniter.php(315): CodeIgniter\CodeIgniter->handleRequest(NULL, Object(Config\Cache), false)
#5 E:\KULIAH\SEMESTER 5\RPL\UTS-UAS PROJECT\rakatu\public\index.php(45): CodeIgniter\CodeIgniter->run()
#6 E:\KULIAH\SEMESTER 5\RPL\UTS-UAS PROJECT\rakatu\system\Commands\Server\rewrite.php(34): require_once('E:\\KULIAH\\SEMES...')
#7 {main}
CRITICAL - 2020-12-01 08:44:18 --> syntax error, unexpected '?>'
#0 E:\KULIAH\SEMESTER 5\RPL\UTS-UAS PROJECT\rakatu\system\Common.php(1119): CodeIgniter\View\View->render('index_v', Array, true)
#1 E:\KULIAH\SEMESTER 5\RPL\UTS-UAS PROJECT\rakatu\app\Controllers\Index.php(12): view('index_v', Array)
#2 E:\KULIAH\SEMESTER 5\RPL\UTS-UAS PROJECT\rakatu\system\CodeIgniter.php(921): App\Controllers\Index->index()
#3 E:\KULIAH\SEMESTER 5\RPL\UTS-UAS PROJECT\rakatu\system\CodeIgniter.php(407): CodeIgniter\CodeIgniter->runController(Object(App\Controllers\Index))
#4 E:\KULIAH\SEMESTER 5\RPL\UTS-UAS PROJECT\rakatu\system\CodeIgniter.php(315): CodeIgniter\CodeIgniter->handleRequest(NULL, Object(Config\Cache), false)
#5 E:\KULIAH\SEMESTER 5\RPL\UTS-UAS PROJECT\rakatu\public\index.php(45): CodeIgniter\CodeIgniter->run()
#6 E:\KULIAH\SEMESTER 5\RPL\UTS-UAS PROJECT\rakatu\system\Commands\Server\rewrite.php(34): require_once('E:\\KULIAH\\SEMES...')
#7 {main}
CRITICAL - 2020-12-01 08:45:17 --> syntax error, unexpected ';'
#0 E:\KULIAH\SEMESTER 5\RPL\UTS-UAS PROJECT\rakatu\system\Common.php(1119): CodeIgniter\View\View->render('index_v', Array, true)
#1 E:\KULIAH\SEMESTER 5\RPL\UTS-UAS PROJECT\rakatu\app\Controllers\Index.php(12): view('index_v', Array)
#2 E:\KULIAH\SEMESTER 5\RPL\UTS-UAS PROJECT\rakatu\system\CodeIgniter.php(921): App\Controllers\Index->index()
#3 E:\KULIAH\SEMESTER 5\RPL\UTS-UAS PROJECT\rakatu\system\CodeIgniter.php(407): CodeIgniter\CodeIgniter->runController(Object(App\Controllers\Index))
#4 E:\KULIAH\SEMESTER 5\RPL\UTS-UAS PROJECT\rakatu\system\CodeIgniter.php(315): CodeIgniter\CodeIgniter->handleRequest(NULL, Object(Config\Cache), false)
#5 E:\KULIAH\SEMESTER 5\RPL\UTS-UAS PROJECT\rakatu\public\index.php(45): CodeIgniter\CodeIgniter->run()
#6 E:\KULIAH\SEMESTER 5\RPL\UTS-UAS PROJECT\rakatu\system\Commands\Server\rewrite.php(34): require_once('E:\\KULIAH\\SEMES...')
#7 {main}
CRITICAL - 2020-12-01 09:04:04 --> syntax error, unexpected 'endif' (T_ENDIF)
#0 E:\KULIAH\SEMESTER 5\RPL\UTS-UAS PROJECT\rakatu\system\View\View.php(257): CodeIgniter\View\View->render('template', Array, true)
#1 E:\KULIAH\SEMESTER 5\RPL\UTS-UAS PROJECT\rakatu\system\Common.php(1119): CodeIgniter\View\View->render('index_v', Array, true)
#2 E:\KULIAH\SEMESTER 5\RPL\UTS-UAS PROJECT\rakatu\app\Controllers\Dashboard.php(10): view('index_v', Array)
#3 E:\KULIAH\SEMESTER 5\RPL\UTS-UAS PROJECT\rakatu\system\CodeIgniter.php(921): App\Controllers\Dashboard->index()
#4 E:\KULIAH\SEMESTER 5\RPL\UTS-UAS PROJECT\rakatu\system\CodeIgniter.php(407): CodeIgniter\CodeIgniter->runController(Object(App\Controllers\Dashboard))
#5 E:\KULIAH\SEMESTER 5\RPL\UTS-UAS PROJECT\rakatu\system\CodeIgniter.php(315): CodeIgniter\CodeIgniter->handleRequest(NULL, Object(Config\Cache), false)
#6 E:\KULIAH\SEMESTER 5\RPL\UTS-UAS PROJECT\rakatu\public\index.php(45): CodeIgniter\CodeIgniter->run()
#7 E:\KULIAH\SEMESTER 5\RPL\UTS-UAS PROJECT\rakatu\system\Commands\Server\rewrite.php(34): require_once('E:\\KULIAH\\SEMES...')
#8 {main}
CRITICAL - 2020-12-01 09:04:31 --> syntax error, unexpected 'endif' (T_ENDIF), expecting end of file
#0 E:\KULIAH\SEMESTER 5\RPL\UTS-UAS PROJECT\rakatu\system\View\View.php(257): CodeIgniter\View\View->render('template', Array, true)
#1 E:\KULIAH\SEMESTER 5\RPL\UTS-UAS PROJECT\rakatu\system\Common.php(1119): CodeIgniter\View\View->render('index_v', Array, true)
#2 E:\KULIAH\SEMESTER 5\RPL\UTS-UAS PROJECT\rakatu\app\Controllers\Dashboard.php(10): view('index_v', Array)
#3 E:\KULIAH\SEMESTER 5\RPL\UTS-UAS PROJECT\rakatu\system\CodeIgniter.php(921): App\Controllers\Dashboard->index()
#4 E:\KULIAH\SEMESTER 5\RPL\UTS-UAS PROJECT\rakatu\system\CodeIgniter.php(407): CodeIgniter\CodeIgniter->runController(Object(App\Controllers\Dashboard))
#5 E:\KULIAH\SEMESTER 5\RPL\UTS-UAS PROJECT\rakatu\system\CodeIgniter.php(315): CodeIgniter\CodeIgniter->handleRequest(NULL, Object(Config\Cache), false)
#6 E:\KULIAH\SEMESTER 5\RPL\UTS-UAS PROJECT\rakatu\public\index.php(45): CodeIgniter\CodeIgniter->run()
#7 E:\KULIAH\SEMESTER 5\RPL\UTS-UAS PROJECT\rakatu\system\Commands\Server\rewrite.php(34): require_once('E:\\KULIAH\\SEMES...')
#8 {main}
CRITICAL - 2020-12-01 09:04:43 --> syntax error, unexpected 'endif' (T_ENDIF), expecting end of file
#0 E:\KULIAH\SEMESTER 5\RPL\UTS-UAS PROJECT\rakatu\system\View\View.php(257): CodeIgniter\View\View->render('template', Array, true)
#1 E:\KULIAH\SEMESTER 5\RPL\UTS-UAS PROJECT\rakatu\system\Common.php(1119): CodeIgniter\View\View->render('index_v', Array, true)
#2 E:\KULIAH\SEMESTER 5\RPL\UTS-UAS PROJECT\rakatu\app\Controllers\Dashboard.php(10): view('index_v', Array)
#3 E:\KULIAH\SEMESTER 5\RPL\UTS-UAS PROJECT\rakatu\system\CodeIgniter.php(921): App\Controllers\Dashboard->index()
#4 E:\KULIAH\SEMESTER 5\RPL\UTS-UAS PROJECT\rakatu\system\CodeIgniter.php(407): CodeIgniter\CodeIgniter->runController(Object(App\Controllers\Dashboard))
#5 E:\KULIAH\SEMESTER 5\RPL\UTS-UAS PROJECT\rakatu\system\CodeIgniter.php(315): CodeIgniter\CodeIgniter->handleRequest(NULL, Object(Config\Cache), false)
#6 E:\KULIAH\SEMESTER 5\RPL\UTS-UAS PROJECT\rakatu\public\index.php(45): CodeIgniter\CodeIgniter->run()
#7 E:\KULIAH\SEMESTER 5\RPL\UTS-UAS PROJECT\rakatu\system\Commands\Server\rewrite.php(34): require_once('E:\\KULIAH\\SEMES...')
#8 {main}
CRITICAL - 2020-12-01 09:04:46 --> syntax error, unexpected 'endif' (T_ENDIF), expecting end of file
#0 E:\KULIAH\SEMESTER 5\RPL\UTS-UAS PROJECT\rakatu\system\View\View.php(257): CodeIgniter\View\View->render('template', Array, true)
#1 E:\KULIAH\SEMESTER 5\RPL\UTS-UAS PROJECT\rakatu\system\Common.php(1119): CodeIgniter\View\View->render('index_v', Array, true)
#2 E:\KULIAH\SEMESTER 5\RPL\UTS-UAS PROJECT\rakatu\app\Controllers\Dashboard.php(10): view('index_v', Array)
#3 E:\KULIAH\SEMESTER 5\RPL\UTS-UAS PROJECT\rakatu\system\CodeIgniter.php(921): App\Controllers\Dashboard->index()
#4 E:\KULIAH\SEMESTER 5\RPL\UTS-UAS PROJECT\rakatu\system\CodeIgniter.php(407): CodeIgniter\CodeIgniter->runController(Object(App\Controllers\Dashboard))
#5 E:\KULIAH\SEMESTER 5\RPL\UTS-UAS PROJECT\rakatu\system\CodeIgniter.php(315): CodeIgniter\CodeIgniter->handleRequest(NULL, Object(Config\Cache), false)
#6 E:\KULIAH\SEMESTER 5\RPL\UTS-UAS PROJECT\rakatu\public\index.php(45): CodeIgniter\CodeIgniter->run()
#7 E:\KULIAH\SEMESTER 5\RPL\UTS-UAS PROJECT\rakatu\system\Commands\Server\rewrite.php(34): require_once('E:\\KULIAH\\SEMES...')
#8 {main}
CRITICAL - 2020-12-01 09:08:06 --> syntax error, unexpected '}', expecting end of file
#0 E:\KULIAH\SEMESTER 5\RPL\UTS-UAS PROJECT\rakatu\system\View\View.php(257): CodeIgniter\View\View->render('template', Array, true)
#1 E:\KULIAH\SEMESTER 5\RPL\UTS-UAS PROJECT\rakatu\system\Common.php(1119): CodeIgniter\View\View->render('index_v', Array, true)
#2 E:\KULIAH\SEMESTER 5\RPL\UTS-UAS PROJECT\rakatu\app\Controllers\Dashboard.php(10): view('index_v', Array)
#3 E:\KULIAH\SEMESTER 5\RPL\UTS-UAS PROJECT\rakatu\system\CodeIgniter.php(921): App\Controllers\Dashboard->index()
#4 E:\KULIAH\SEMESTER 5\RPL\UTS-UAS PROJECT\rakatu\system\CodeIgniter.php(407): CodeIgniter\CodeIgniter->runController(Object(App\Controllers\Dashboard))
#5 E:\KULIAH\SEMESTER 5\RPL\UTS-UAS PROJECT\rakatu\system\CodeIgniter.php(315): CodeIgniter\CodeIgniter->handleRequest(NULL, Object(Config\Cache), false)
#6 E:\KULIAH\SEMESTER 5\RPL\UTS-UAS PROJECT\rakatu\public\index.php(45): CodeIgniter\CodeIgniter->run()
#7 E:\KULIAH\SEMESTER 5\RPL\UTS-UAS PROJECT\rakatu\system\Commands\Server\rewrite.php(34): require_once('E:\\KULIAH\\SEMES...')
#8 {main}
