CRITICAL - 2020-11-28 02:38:16 --> syntax error, unexpected end of file, expecting elseif (T_ELSEIF) or else (T_ELSE) or endif (T_ENDIF)
#0 E:\KULIAH\SEMESTER 5\RPL\UTS-UAS PROJECT\siratu\system\Common.php(1119): CodeIgniter\View\View->render('sign_up_v', Array, true)
#1 E:\KULIAH\SEMESTER 5\RPL\UTS-UAS PROJECT\siratu\app\Controllers\Index.php(22): view('sign_up_v', Array)
#2 E:\KULIAH\SEMESTER 5\RPL\UTS-UAS PROJECT\siratu\system\CodeIgniter.php(921): App\Controllers\Index->signup()
#3 E:\KULIAH\SEMESTER 5\RPL\UTS-UAS PROJECT\siratu\system\CodeIgniter.php(407): CodeIgniter\CodeIgniter->runController(Object(App\Controllers\Index))
#4 E:\KULIAH\SEMESTER 5\RPL\UTS-UAS PROJECT\siratu\system\CodeIgniter.php(315): CodeIgniter\CodeIgniter->handleRequest(NULL, Object(Config\Cache), false)
#5 E:\KULIAH\SEMESTER 5\RPL\UTS-UAS PROJECT\siratu\public\index.php(45): CodeIgniter\CodeIgniter->run()
#6 E:\KULIAH\SEMESTER 5\RPL\UTS-UAS PROJECT\siratu\system\Commands\Server\rewrite.php(34): require_once('E:\\KULIAH\\SEMES...')
#7 {main}
CRITICAL - 2020-11-28 02:47:42 --> Unable to connect to the database.
#0 E:\KULIAH\SEMESTER 5\RPL\UTS-UAS PROJECT\siratu\system\Database\BaseConnection.php(646): CodeIgniter\Database\BaseConnection->initialize()
#1 E:\KULIAH\SEMESTER 5\RPL\UTS-UAS PROJECT\siratu\system\Database\BaseBuilder.php(1860): CodeIgniter\Database\BaseConnection->query('SELECT 1\nFROM `...', Array, false)
#2 E:\KULIAH\SEMESTER 5\RPL\UTS-UAS PROJECT\siratu\system\Validation\Rules.php(240): CodeIgniter\Database\BaseBuilder->get()
#3 E:\KULIAH\SEMESTER 5\RPL\UTS-UAS PROJECT\siratu\system\Validation\Validation.php(325): CodeIgniter\Validation\Rules->is_unique('dian123@gmail.c...', 'email', Array, NULL)
#4 E:\KULIAH\SEMESTER 5\RPL\UTS-UAS PROJECT\siratu\system\Validation\Validation.php(189): CodeIgniter\Validation\Validation->processRules('email', 'email', 'dian123@gmail.c...', Array, Array)
#5 E:\KULIAH\SEMESTER 5\RPL\UTS-UAS PROJECT\siratu\system\Controller.php(219): CodeIgniter\Validation\Validation->run()
#6 E:\KULIAH\SEMESTER 5\RPL\UTS-UAS PROJECT\siratu\app\Controllers\Form.php(21): CodeIgniter\Controller->validate(Array)
#7 E:\KULIAH\SEMESTER 5\RPL\UTS-UAS PROJECT\siratu\system\CodeIgniter.php(921): App\Controllers\Form->register()
#8 E:\KULIAH\SEMESTER 5\RPL\UTS-UAS PROJECT\siratu\system\CodeIgniter.php(407): CodeIgniter\CodeIgniter->runController(Object(App\Controllers\Form))
#9 E:\KULIAH\SEMESTER 5\RPL\UTS-UAS PROJECT\siratu\system\CodeIgniter.php(315): CodeIgniter\CodeIgniter->handleRequest(NULL, Object(Config\Cache), false)
#10 E:\KULIAH\SEMESTER 5\RPL\UTS-UAS PROJECT\siratu\public\index.php(45): CodeIgniter\CodeIgniter->run()
#11 E:\KULIAH\SEMESTER 5\RPL\UTS-UAS PROJECT\siratu\system\Commands\Server\rewrite.php(34): require_once('E:\\KULIAH\\SEMES...')
#12 {main}
CRITICAL - 2020-11-28 05:18:22 --> syntax error, unexpected '}', expecting ';'
#0 E:\KULIAH\SEMESTER 5\RPL\UTS-UAS PROJECT\siratu\system\Router\Router.php(195): CodeIgniter\Router\Router->autoRoute('Form/register')
#1 E:\KULIAH\SEMESTER 5\RPL\UTS-UAS PROJECT\siratu\system\CodeIgniter.php(796): CodeIgniter\Router\Router->handle('Form/register')
#2 E:\KULIAH\SEMESTER 5\RPL\UTS-UAS PROJECT\siratu\system\CodeIgniter.php(367): CodeIgniter\CodeIgniter->tryToRouteIt(Object(CodeIgniter\Router\RouteCollection))
#3 E:\KULIAH\SEMESTER 5\RPL\UTS-UAS PROJECT\siratu\system\CodeIgniter.php(315): CodeIgniter\CodeIgniter->handleRequest(NULL, Object(Config\Cache), false)
#4 E:\KULIAH\SEMESTER 5\RPL\UTS-UAS PROJECT\siratu\public\index.php(45): CodeIgniter\CodeIgniter->run()
#5 E:\KULIAH\SEMESTER 5\RPL\UTS-UAS PROJECT\siratu\system\Commands\Server\rewrite.php(34): require_once('E:\\KULIAH\\SEMES...')
#6 {main}
CRITICAL - 2020-11-28 05:18:52 --> Unknown column 'username' in 'where clause'
#0 E:\KULIAH\SEMESTER 5\RPL\UTS-UAS PROJECT\siratu\system\Database\MySQLi\Connection.php(331): mysqli->query('SELECT 1\nFROM `...')
#1 E:\KULIAH\SEMESTER 5\RPL\UTS-UAS PROJECT\siratu\system\Database\BaseConnection.php(741): CodeIgniter\Database\MySQLi\Connection->execute('SELECT 1\nFROM `...')
#2 E:\KULIAH\SEMESTER 5\RPL\UTS-UAS PROJECT\siratu\system\Database\BaseConnection.php(669): CodeIgniter\Database\BaseConnection->simpleQuery('SELECT 1\nFROM `...')
#3 E:\KULIAH\SEMESTER 5\RPL\UTS-UAS PROJECT\siratu\system\Database\BaseBuilder.php(1860): CodeIgniter\Database\BaseConnection->query('SELECT 1\nFROM `...', Array, false)
#4 E:\KULIAH\SEMESTER 5\RPL\UTS-UAS PROJECT\siratu\system\Validation\Rules.php(240): CodeIgniter\Database\BaseBuilder->get()
#5 E:\KULIAH\SEMESTER 5\RPL\UTS-UAS PROJECT\siratu\system\Validation\Validation.php(325): CodeIgniter\Validation\Rules->is_unique('J3D118069', 'username', Array, NULL)
#6 E:\KULIAH\SEMESTER 5\RPL\UTS-UAS PROJECT\siratu\system\Validation\Validation.php(189): CodeIgniter\Validation\Validation->processRules('username', 'username', 'J3D118069', Array, Array)
#7 E:\KULIAH\SEMESTER 5\RPL\UTS-UAS PROJECT\siratu\system\Controller.php(219): CodeIgniter\Validation\Validation->run()
#8 E:\KULIAH\SEMESTER 5\RPL\UTS-UAS PROJECT\siratu\app\Controllers\Form.php(23): CodeIgniter\Controller->validate(Array)
#9 E:\KULIAH\SEMESTER 5\RPL\UTS-UAS PROJECT\siratu\system\CodeIgniter.php(921): App\Controllers\Form->register()
#10 E:\KULIAH\SEMESTER 5\RPL\UTS-UAS PROJECT\siratu\system\CodeIgniter.php(407): CodeIgniter\CodeIgniter->runController(Object(App\Controllers\Form))
#11 E:\KULIAH\SEMESTER 5\RPL\UTS-UAS PROJECT\siratu\system\CodeIgniter.php(315): CodeIgniter\CodeIgniter->handleRequest(NULL, Object(Config\Cache), false)
#12 E:\KULIAH\SEMESTER 5\RPL\UTS-UAS PROJECT\siratu\public\index.php(45): CodeIgniter\CodeIgniter->run()
#13 E:\KULIAH\SEMESTER 5\RPL\UTS-UAS PROJECT\siratu\system\Commands\Server\rewrite.php(34): require_once('E:\\KULIAH\\SEMES...')
#14 {main}
CRITICAL - 2020-11-28 05:20:22 --> Undefined variable: title
#0 E:\KULIAH\SEMESTER 5\RPL\UTS-UAS PROJECT\siratu\app\Views\template.php(24): CodeIgniter\Debug\Exceptions->errorHandler(8, 'Undefined varia...', 'E:\\KULIAH\\SEMES...', 24, Array)
#1 E:\KULIAH\SEMESTER 5\RPL\UTS-UAS PROJECT\siratu\system\View\View.php(246): include('E:\\KULIAH\\SEMES...')
#2 E:\KULIAH\SEMESTER 5\RPL\UTS-UAS PROJECT\siratu\system\View\View.php(257): CodeIgniter\View\View->render('template', Array, true)
#3 E:\KULIAH\SEMESTER 5\RPL\UTS-UAS PROJECT\siratu\system\Common.php(1119): CodeIgniter\View\View->render('index_v', Array, true)
#4 E:\KULIAH\SEMESTER 5\RPL\UTS-UAS PROJECT\siratu\app\Controllers\Form.php(44): view('index_v', Array)
#5 E:\KULIAH\SEMESTER 5\RPL\UTS-UAS PROJECT\siratu\system\CodeIgniter.php(921): App\Controllers\Form->register()
#6 E:\KULIAH\SEMESTER 5\RPL\UTS-UAS PROJECT\siratu\system\CodeIgniter.php(407): CodeIgniter\CodeIgniter->runController(Object(App\Controllers\Form))
#7 E:\KULIAH\SEMESTER 5\RPL\UTS-UAS PROJECT\siratu\system\CodeIgniter.php(315): CodeIgniter\CodeIgniter->handleRequest(NULL, Object(Config\Cache), false)
#8 E:\KULIAH\SEMESTER 5\RPL\UTS-UAS PROJECT\siratu\public\index.php(45): CodeIgniter\CodeIgniter->run()
#9 E:\KULIAH\SEMESTER 5\RPL\UTS-UAS PROJECT\siratu\system\Commands\Server\rewrite.php(34): require_once('E:\\KULIAH\\SEMES...')
#10 {main}
CRITICAL - 2020-11-28 06:20:29 --> Call to undefined function App\Controllers\ddd()
#0 E:\KULIAH\SEMESTER 5\RPL\UTS-UAS PROJECT\siratu\system\CodeIgniter.php(921): App\Controllers\Form->register()
#1 E:\KULIAH\SEMESTER 5\RPL\UTS-UAS PROJECT\siratu\system\CodeIgniter.php(407): CodeIgniter\CodeIgniter->runController(Object(App\Controllers\Form))
#2 E:\KULIAH\SEMESTER 5\RPL\UTS-UAS PROJECT\siratu\system\CodeIgniter.php(315): CodeIgniter\CodeIgniter->handleRequest(NULL, Object(Config\Cache), false)
#3 E:\KULIAH\SEMESTER 5\RPL\UTS-UAS PROJECT\siratu\public\index.php(45): CodeIgniter\CodeIgniter->run()
#4 E:\KULIAH\SEMESTER 5\RPL\UTS-UAS PROJECT\siratu\system\Commands\Server\rewrite.php(34): require_once('E:\\KULIAH\\SEMES...')
#5 {main}
CRITICAL - 2020-11-28 06:51:07 --> Undefined variable: title
#0 E:\KULIAH\SEMESTER 5\RPL\UTS-UAS PROJECT\siratu\app\Views\template.php(24): CodeIgniter\Debug\Exceptions->errorHandler(8, 'Undefined varia...', 'E:\\KULIAH\\SEMES...', 24, Array)
#1 E:\KULIAH\SEMESTER 5\RPL\UTS-UAS PROJECT\siratu\system\View\View.php(246): include('E:\\KULIAH\\SEMES...')
#2 E:\KULIAH\SEMESTER 5\RPL\UTS-UAS PROJECT\siratu\system\View\View.php(257): CodeIgniter\View\View->render('template', Array, true)
#3 E:\KULIAH\SEMESTER 5\RPL\UTS-UAS PROJECT\siratu\system\Common.php(1119): CodeIgniter\View\View->render('sign_up_v', Array, true)
#4 E:\KULIAH\SEMESTER 5\RPL\UTS-UAS PROJECT\siratu\app\Controllers\Form.php(40): view('sign_up_v', Array)
#5 E:\KULIAH\SEMESTER 5\RPL\UTS-UAS PROJECT\siratu\system\CodeIgniter.php(921): App\Controllers\Form->register()
#6 E:\KULIAH\SEMESTER 5\RPL\UTS-UAS PROJECT\siratu\system\CodeIgniter.php(407): CodeIgniter\CodeIgniter->runController(Object(App\Controllers\Form))
#7 E:\KULIAH\SEMESTER 5\RPL\UTS-UAS PROJECT\siratu\system\CodeIgniter.php(315): CodeIgniter\CodeIgniter->handleRequest(NULL, Object(Config\Cache), false)
#8 E:\KULIAH\SEMESTER 5\RPL\UTS-UAS PROJECT\siratu\public\index.php(45): CodeIgniter\CodeIgniter->run()
#9 E:\KULIAH\SEMESTER 5\RPL\UTS-UAS PROJECT\siratu\system\Commands\Server\rewrite.php(34): require_once('E:\\KULIAH\\SEMES...')
#10 {main}
CRITICAL - 2020-11-28 06:53:04 --> Undefined variable: title
#0 E:\KULIAH\SEMESTER 5\RPL\UTS-UAS PROJECT\siratu\app\Views\template.php(24): CodeIgniter\Debug\Exceptions->errorHandler(8, 'Undefined varia...', 'E:\\KULIAH\\SEMES...', 24, Array)
#1 E:\KULIAH\SEMESTER 5\RPL\UTS-UAS PROJECT\siratu\system\View\View.php(246): include('E:\\KULIAH\\SEMES...')
#2 E:\KULIAH\SEMESTER 5\RPL\UTS-UAS PROJECT\siratu\system\View\View.php(257): CodeIgniter\View\View->render('template', Array, true)
#3 E:\KULIAH\SEMESTER 5\RPL\UTS-UAS PROJECT\siratu\system\Common.php(1119): CodeIgniter\View\View->render('sign_up_v', Array, true)
#4 E:\KULIAH\SEMESTER 5\RPL\UTS-UAS PROJECT\siratu\app\Controllers\Form.php(42): view('sign_up_v', Array, Array)
#5 E:\KULIAH\SEMESTER 5\RPL\UTS-UAS PROJECT\siratu\system\CodeIgniter.php(921): App\Controllers\Form->register()
#6 E:\KULIAH\SEMESTER 5\RPL\UTS-UAS PROJECT\siratu\system\CodeIgniter.php(407): CodeIgniter\CodeIgniter->runController(Object(App\Controllers\Form))
#7 E:\KULIAH\SEMESTER 5\RPL\UTS-UAS PROJECT\siratu\system\CodeIgniter.php(315): CodeIgniter\CodeIgniter->handleRequest(NULL, Object(Config\Cache), false)
#8 E:\KULIAH\SEMESTER 5\RPL\UTS-UAS PROJECT\siratu\public\index.php(45): CodeIgniter\CodeIgniter->run()
#9 E:\KULIAH\SEMESTER 5\RPL\UTS-UAS PROJECT\siratu\system\Commands\Server\rewrite.php(34): require_once('E:\\KULIAH\\SEMES...')
#10 {main}
CRITICAL - 2020-11-28 06:59:29 --> Undefined variable: title
#0 E:\KULIAH\SEMESTER 5\RPL\UTS-UAS PROJECT\siratu\app\Views\template.php(24): CodeIgniter\Debug\Exceptions->errorHandler(8, 'Undefined varia...', 'E:\\KULIAH\\SEMES...', 24, Array)
#1 E:\KULIAH\SEMESTER 5\RPL\UTS-UAS PROJECT\siratu\system\View\View.php(246): include('E:\\KULIAH\\SEMES...')
#2 E:\KULIAH\SEMESTER 5\RPL\UTS-UAS PROJECT\siratu\system\View\View.php(257): CodeIgniter\View\View->render('template', Array, true)
#3 E:\KULIAH\SEMESTER 5\RPL\UTS-UAS PROJECT\siratu\system\Common.php(1119): CodeIgniter\View\View->render('sign_up_v', Array, true)
#4 E:\KULIAH\SEMESTER 5\RPL\UTS-UAS PROJECT\siratu\app\Controllers\Form.php(43): view('sign_up_v', Array)
#5 E:\KULIAH\SEMESTER 5\RPL\UTS-UAS PROJECT\siratu\system\CodeIgniter.php(921): App\Controllers\Form->register()
#6 E:\KULIAH\SEMESTER 5\RPL\UTS-UAS PROJECT\siratu\system\CodeIgniter.php(407): CodeIgniter\CodeIgniter->runController(Object(App\Controllers\Form))
#7 E:\KULIAH\SEMESTER 5\RPL\UTS-UAS PROJECT\siratu\system\CodeIgniter.php(315): CodeIgniter\CodeIgniter->handleRequest(NULL, Object(Config\Cache), false)
#8 E:\KULIAH\SEMESTER 5\RPL\UTS-UAS PROJECT\siratu\public\index.php(45): CodeIgniter\CodeIgniter->run()
#9 E:\KULIAH\SEMESTER 5\RPL\UTS-UAS PROJECT\siratu\system\Commands\Server\rewrite.php(34): require_once('E:\\KULIAH\\SEMES...')
#10 {main}
CRITICAL - 2020-11-28 07:11:34 --> syntax error, unexpected '}', expecting ';'
#0 E:\KULIAH\SEMESTER 5\RPL\UTS-UAS PROJECT\siratu\system\Router\Router.php(195): CodeIgniter\Router\Router->autoRoute('Form/register')
#1 E:\KULIAH\SEMESTER 5\RPL\UTS-UAS PROJECT\siratu\system\CodeIgniter.php(796): CodeIgniter\Router\Router->handle('Form/register')
#2 E:\KULIAH\SEMESTER 5\RPL\UTS-UAS PROJECT\siratu\system\CodeIgniter.php(367): CodeIgniter\CodeIgniter->tryToRouteIt(Object(CodeIgniter\Router\RouteCollection))
#3 E:\KULIAH\SEMESTER 5\RPL\UTS-UAS PROJECT\siratu\system\CodeIgniter.php(315): CodeIgniter\CodeIgniter->handleRequest(NULL, Object(Config\Cache), false)
#4 E:\KULIAH\SEMESTER 5\RPL\UTS-UAS PROJECT\siratu\public\index.php(45): CodeIgniter\CodeIgniter->run()
#5 E:\KULIAH\SEMESTER 5\RPL\UTS-UAS PROJECT\siratu\system\Commands\Server\rewrite.php(34): require_once('E:\\KULIAH\\SEMES...')
#6 {main}
CRITICAL - 2020-11-28 07:26:38 --> syntax error, unexpected 'else' (T_ELSE)
#0 E:\KULIAH\SEMESTER 5\RPL\UTS-UAS PROJECT\siratu\system\Router\Router.php(195): CodeIgniter\Router\Router->autoRoute('Form/register')
#1 E:\KULIAH\SEMESTER 5\RPL\UTS-UAS PROJECT\siratu\system\CodeIgniter.php(796): CodeIgniter\Router\Router->handle('Form/register')
#2 E:\KULIAH\SEMESTER 5\RPL\UTS-UAS PROJECT\siratu\system\CodeIgniter.php(367): CodeIgniter\CodeIgniter->tryToRouteIt(Object(CodeIgniter\Router\RouteCollection))
#3 E:\KULIAH\SEMESTER 5\RPL\UTS-UAS PROJECT\siratu\system\CodeIgniter.php(315): CodeIgniter\CodeIgniter->handleRequest(NULL, Object(Config\Cache), false)
#4 E:\KULIAH\SEMESTER 5\RPL\UTS-UAS PROJECT\siratu\public\index.php(45): CodeIgniter\CodeIgniter->run()
#5 E:\KULIAH\SEMESTER 5\RPL\UTS-UAS PROJECT\siratu\system\Commands\Server\rewrite.php(34): require_once('E:\\KULIAH\\SEMES...')
#6 {main}
CRITICAL - 2020-11-28 07:26:49 --> Call to a member function run() on bool
#0 E:\KULIAH\SEMESTER 5\RPL\UTS-UAS PROJECT\siratu\system\CodeIgniter.php(921): App\Controllers\Form->register()
#1 E:\KULIAH\SEMESTER 5\RPL\UTS-UAS PROJECT\siratu\system\CodeIgniter.php(407): CodeIgniter\CodeIgniter->runController(Object(App\Controllers\Form))
#2 E:\KULIAH\SEMESTER 5\RPL\UTS-UAS PROJECT\siratu\system\CodeIgniter.php(315): CodeIgniter\CodeIgniter->handleRequest(NULL, Object(Config\Cache), false)
#3 E:\KULIAH\SEMESTER 5\RPL\UTS-UAS PROJECT\siratu\public\index.php(45): CodeIgniter\CodeIgniter->run()
#4 E:\KULIAH\SEMESTER 5\RPL\UTS-UAS PROJECT\siratu\system\Commands\Server\rewrite.php(34): require_once('E:\\KULIAH\\SEMES...')
#5 {main}
CRITICAL - 2020-11-28 07:35:25 --> Call to a member function getErrors() on bool
#0 E:\KULIAH\SEMESTER 5\RPL\UTS-UAS PROJECT\siratu\system\CodeIgniter.php(921): App\Controllers\Form->register()
#1 E:\KULIAH\SEMESTER 5\RPL\UTS-UAS PROJECT\siratu\system\CodeIgniter.php(407): CodeIgniter\CodeIgniter->runController(Object(App\Controllers\Form))
#2 E:\KULIAH\SEMESTER 5\RPL\UTS-UAS PROJECT\siratu\system\CodeIgniter.php(315): CodeIgniter\CodeIgniter->handleRequest(NULL, Object(Config\Cache), false)
#3 E:\KULIAH\SEMESTER 5\RPL\UTS-UAS PROJECT\siratu\public\index.php(45): CodeIgniter\CodeIgniter->run()
#4 E:\KULIAH\SEMESTER 5\RPL\UTS-UAS PROJECT\siratu\system\Commands\Server\rewrite.php(34): require_once('E:\\KULIAH\\SEMES...')
#5 {main}
CRITICAL - 2020-11-28 07:38:29 --> syntax error, unexpected '$dataerr' (T_VARIABLE)
#0 E:\KULIAH\SEMESTER 5\RPL\UTS-UAS PROJECT\siratu\system\Router\Router.php(195): CodeIgniter\Router\Router->autoRoute('Form/register')
#1 E:\KULIAH\SEMESTER 5\RPL\UTS-UAS PROJECT\siratu\system\CodeIgniter.php(796): CodeIgniter\Router\Router->handle('Form/register')
#2 E:\KULIAH\SEMESTER 5\RPL\UTS-UAS PROJECT\siratu\system\CodeIgniter.php(367): CodeIgniter\CodeIgniter->tryToRouteIt(Object(CodeIgniter\Router\RouteCollection))
#3 E:\KULIAH\SEMESTER 5\RPL\UTS-UAS PROJECT\siratu\system\CodeIgniter.php(315): CodeIgniter\CodeIgniter->handleRequest(NULL, Object(Config\Cache), false)
#4 E:\KULIAH\SEMESTER 5\RPL\UTS-UAS PROJECT\siratu\public\index.php(45): CodeIgniter\CodeIgniter->run()
#5 E:\KULIAH\SEMESTER 5\RPL\UTS-UAS PROJECT\siratu\system\Commands\Server\rewrite.php(34): require_once('E:\\KULIAH\\SEMES...')
#6 {main}
CRITICAL - 2020-11-28 07:46:29 --> syntax error, unexpected 'protected' (T_PROTECTED), expecting end of file
#0 E:\KULIAH\SEMESTER 5\RPL\UTS-UAS PROJECT\siratu\system\Autoloader\Autoloader.php(296): CodeIgniter\Autoloader\Autoloader->requireFile('E:\\KULIAH\\SEMES...')
#1 E:\KULIAH\SEMESTER 5\RPL\UTS-UAS PROJECT\siratu\system\Autoloader\Autoloader.php(258): CodeIgniter\Autoloader\Autoloader->loadInNamespace('App\\Models\\User...')
#2 [internal function]: CodeIgniter\Autoloader\Autoloader->loadClass('App\\Models\\User...')
#3 E:\KULIAH\SEMESTER 5\RPL\UTS-UAS PROJECT\siratu\app\Controllers\Form.php(48): spl_autoload_call('App\\Models\\User...')
#4 E:\KULIAH\SEMESTER 5\RPL\UTS-UAS PROJECT\siratu\system\CodeIgniter.php(921): App\Controllers\Form->register()
#5 E:\KULIAH\SEMESTER 5\RPL\UTS-UAS PROJECT\siratu\system\CodeIgniter.php(407): CodeIgniter\CodeIgniter->runController(Object(App\Controllers\Form))
#6 E:\KULIAH\SEMESTER 5\RPL\UTS-UAS PROJECT\siratu\system\CodeIgniter.php(315): CodeIgniter\CodeIgniter->handleRequest(NULL, Object(Config\Cache), false)
#7 E:\KULIAH\SEMESTER 5\RPL\UTS-UAS PROJECT\siratu\public\index.php(45): CodeIgniter\CodeIgniter->run()
#8 E:\KULIAH\SEMESTER 5\RPL\UTS-UAS PROJECT\siratu\system\Commands\Server\rewrite.php(34): require_once('E:\\KULIAH\\SEMES...')
#9 {main}
CRITICAL - 2020-11-28 07:48:07 --> syntax error, unexpected end of file, expecting function (T_FUNCTION) or const (T_CONST)
#0 E:\KULIAH\SEMESTER 5\RPL\UTS-UAS PROJECT\siratu\system\Autoloader\Autoloader.php(296): CodeIgniter\Autoloader\Autoloader->requireFile('E:\\KULIAH\\SEMES...')
#1 E:\KULIAH\SEMESTER 5\RPL\UTS-UAS PROJECT\siratu\system\Autoloader\Autoloader.php(258): CodeIgniter\Autoloader\Autoloader->loadInNamespace('App\\Models\\User...')
#2 [internal function]: CodeIgniter\Autoloader\Autoloader->loadClass('App\\Models\\User...')
#3 E:\KULIAH\SEMESTER 5\RPL\UTS-UAS PROJECT\siratu\app\Controllers\Form.php(48): spl_autoload_call('App\\Models\\User...')
#4 E:\KULIAH\SEMESTER 5\RPL\UTS-UAS PROJECT\siratu\system\CodeIgniter.php(921): App\Controllers\Form->register()
#5 E:\KULIAH\SEMESTER 5\RPL\UTS-UAS PROJECT\siratu\system\CodeIgniter.php(407): CodeIgniter\CodeIgniter->runController(Object(App\Controllers\Form))
#6 E:\KULIAH\SEMESTER 5\RPL\UTS-UAS PROJECT\siratu\system\CodeIgniter.php(315): CodeIgniter\CodeIgniter->handleRequest(NULL, Object(Config\Cache), false)
#7 E:\KULIAH\SEMESTER 5\RPL\UTS-UAS PROJECT\siratu\public\index.php(45): CodeIgniter\CodeIgniter->run()
#8 E:\KULIAH\SEMESTER 5\RPL\UTS-UAS PROJECT\siratu\system\Commands\Server\rewrite.php(34): require_once('E:\\KULIAH\\SEMES...')
#9 {main}
CRITICAL - 2020-11-28 07:48:32 --> Undefined variable: title
#0 E:\KULIAH\SEMESTER 5\RPL\UTS-UAS PROJECT\siratu\app\Views\template.php(24): CodeIgniter\Debug\Exceptions->errorHandler(8, 'Undefined varia...', 'E:\\KULIAH\\SEMES...', 24, Array)
#1 E:\KULIAH\SEMESTER 5\RPL\UTS-UAS PROJECT\siratu\system\View\View.php(246): include('E:\\KULIAH\\SEMES...')
#2 E:\KULIAH\SEMESTER 5\RPL\UTS-UAS PROJECT\siratu\system\View\View.php(257): CodeIgniter\View\View->render('template', Array, true)
#3 E:\KULIAH\SEMESTER 5\RPL\UTS-UAS PROJECT\siratu\system\Common.php(1119): CodeIgniter\View\View->render('index_v', Array, true)
#4 E:\KULIAH\SEMESTER 5\RPL\UTS-UAS PROJECT\siratu\app\Controllers\Form.php(18): view('index_v', Array)
#5 E:\KULIAH\SEMESTER 5\RPL\UTS-UAS PROJECT\siratu\system\CodeIgniter.php(921): App\Controllers\Form->index('login')
#6 E:\KULIAH\SEMESTER 5\RPL\UTS-UAS PROJECT\siratu\system\CodeIgniter.php(407): CodeIgniter\CodeIgniter->runController(Object(App\Controllers\Form))
#7 E:\KULIAH\SEMESTER 5\RPL\UTS-UAS PROJECT\siratu\system\CodeIgniter.php(315): CodeIgniter\CodeIgniter->handleRequest(NULL, Object(Config\Cache), false)
#8 E:\KULIAH\SEMESTER 5\RPL\UTS-UAS PROJECT\siratu\public\index.php(45): CodeIgniter\CodeIgniter->run()
#9 E:\KULIAH\SEMESTER 5\RPL\UTS-UAS PROJECT\siratu\system\Commands\Server\rewrite.php(34): require_once('E:\\KULIAH\\SEMES...')
#10 {main}
CRITICAL - 2020-11-28 07:50:16 --> Undefined variable: title
#0 E:\KULIAH\SEMESTER 5\RPL\UTS-UAS PROJECT\siratu\app\Views\template.php(24): CodeIgniter\Debug\Exceptions->errorHandler(8, 'Undefined varia...', 'E:\\KULIAH\\SEMES...', 24, Array)
#1 E:\KULIAH\SEMESTER 5\RPL\UTS-UAS PROJECT\siratu\system\View\View.php(246): include('E:\\KULIAH\\SEMES...')
#2 E:\KULIAH\SEMESTER 5\RPL\UTS-UAS PROJECT\siratu\system\View\View.php(257): CodeIgniter\View\View->render('template', Array, true)
#3 E:\KULIAH\SEMESTER 5\RPL\UTS-UAS PROJECT\siratu\system\Common.php(1119): CodeIgniter\View\View->render('index_v', Array, true)
#4 E:\KULIAH\SEMESTER 5\RPL\UTS-UAS PROJECT\siratu\app\Controllers\Form.php(18): view('index_v', Array)
#5 E:\KULIAH\SEMESTER 5\RPL\UTS-UAS PROJECT\siratu\system\CodeIgniter.php(921): App\Controllers\Form->index('login')
#6 E:\KULIAH\SEMESTER 5\RPL\UTS-UAS PROJECT\siratu\system\CodeIgniter.php(407): CodeIgniter\CodeIgniter->runController(Object(App\Controllers\Form))
#7 E:\KULIAH\SEMESTER 5\RPL\UTS-UAS PROJECT\siratu\system\CodeIgniter.php(315): CodeIgniter\CodeIgniter->handleRequest(NULL, Object(Config\Cache), false)
#8 E:\KULIAH\SEMESTER 5\RPL\UTS-UAS PROJECT\siratu\public\index.php(45): CodeIgniter\CodeIgniter->run()
#9 E:\KULIAH\SEMESTER 5\RPL\UTS-UAS PROJECT\siratu\system\Commands\Server\rewrite.php(34): require_once('E:\\KULIAH\\SEMES...')
#10 {main}
CRITICAL - 2020-11-28 07:50:47 --> Undefined variable: title
#0 E:\KULIAH\SEMESTER 5\RPL\UTS-UAS PROJECT\siratu\app\Views\template.php(24): CodeIgniter\Debug\Exceptions->errorHandler(8, 'Undefined varia...', 'E:\\KULIAH\\SEMES...', 24, Array)
#1 E:\KULIAH\SEMESTER 5\RPL\UTS-UAS PROJECT\siratu\system\View\View.php(246): include('E:\\KULIAH\\SEMES...')
#2 E:\KULIAH\SEMESTER 5\RPL\UTS-UAS PROJECT\siratu\system\View\View.php(257): CodeIgniter\View\View->render('template', Array, true)
#3 E:\KULIAH\SEMESTER 5\RPL\UTS-UAS PROJECT\siratu\system\Common.php(1119): CodeIgniter\View\View->render('index_v', Array, true)
#4 E:\KULIAH\SEMESTER 5\RPL\UTS-UAS PROJECT\siratu\app\Controllers\Form.php(18): view('index_v', Array)
#5 E:\KULIAH\SEMESTER 5\RPL\UTS-UAS PROJECT\siratu\system\CodeIgniter.php(921): App\Controllers\Form->index('login')
#6 E:\KULIAH\SEMESTER 5\RPL\UTS-UAS PROJECT\siratu\system\CodeIgniter.php(407): CodeIgniter\CodeIgniter->runController(Object(App\Controllers\Form))
#7 E:\KULIAH\SEMESTER 5\RPL\UTS-UAS PROJECT\siratu\system\CodeIgniter.php(315): CodeIgniter\CodeIgniter->handleRequest(NULL, Object(Config\Cache), false)
#8 E:\KULIAH\SEMESTER 5\RPL\UTS-UAS PROJECT\siratu\public\index.php(45): CodeIgniter\CodeIgniter->run()
#9 E:\KULIAH\SEMESTER 5\RPL\UTS-UAS PROJECT\siratu\system\Commands\Server\rewrite.php(34): require_once('E:\\KULIAH\\SEMES...')
#10 {main}
CRITICAL - 2020-11-28 07:52:43 --> Undefined variable: title
#0 E:\KULIAH\SEMESTER 5\RPL\UTS-UAS PROJECT\siratu\app\Views\template.php(24): CodeIgniter\Debug\Exceptions->errorHandler(8, 'Undefined varia...', 'E:\\KULIAH\\SEMES...', 24, Array)
#1 E:\KULIAH\SEMESTER 5\RPL\UTS-UAS PROJECT\siratu\system\View\View.php(246): include('E:\\KULIAH\\SEMES...')
#2 E:\KULIAH\SEMESTER 5\RPL\UTS-UAS PROJECT\siratu\system\View\View.php(257): CodeIgniter\View\View->render('template', Array, true)
#3 E:\KULIAH\SEMESTER 5\RPL\UTS-UAS PROJECT\siratu\system\Common.php(1119): CodeIgniter\View\View->render('index_v', Array, true)
#4 E:\KULIAH\SEMESTER 5\RPL\UTS-UAS PROJECT\siratu\app\Controllers\Form.php(18): view('index_v', Array)
#5 E:\KULIAH\SEMESTER 5\RPL\UTS-UAS PROJECT\siratu\system\CodeIgniter.php(921): App\Controllers\Form->index('login')
#6 E:\KULIAH\SEMESTER 5\RPL\UTS-UAS PROJECT\siratu\system\CodeIgniter.php(407): CodeIgniter\CodeIgniter->runController(Object(App\Controllers\Form))
#7 E:\KULIAH\SEMESTER 5\RPL\UTS-UAS PROJECT\siratu\system\CodeIgniter.php(315): CodeIgniter\CodeIgniter->handleRequest(NULL, Object(Config\Cache), false)
#8 E:\KULIAH\SEMESTER 5\RPL\UTS-UAS PROJECT\siratu\public\index.php(45): CodeIgniter\CodeIgniter->run()
#9 E:\KULIAH\SEMESTER 5\RPL\UTS-UAS PROJECT\siratu\system\Commands\Server\rewrite.php(34): require_once('E:\\KULIAH\\SEMES...')
#10 {main}
CRITICAL - 2020-11-28 07:53:26 --> Undefined variable: title
#0 E:\KULIAH\SEMESTER 5\RPL\UTS-UAS PROJECT\siratu\app\Views\template.php(24): CodeIgniter\Debug\Exceptions->errorHandler(8, 'Undefined varia...', 'E:\\KULIAH\\SEMES...', 24, Array)
#1 E:\KULIAH\SEMESTER 5\RPL\UTS-UAS PROJECT\siratu\system\View\View.php(246): include('E:\\KULIAH\\SEMES...')
#2 E:\KULIAH\SEMESTER 5\RPL\UTS-UAS PROJECT\siratu\system\View\View.php(257): CodeIgniter\View\View->render('template', Array, true)
#3 E:\KULIAH\SEMESTER 5\RPL\UTS-UAS PROJECT\siratu\system\Common.php(1119): CodeIgniter\View\View->render('index_v', Array, true)
#4 E:\KULIAH\SEMESTER 5\RPL\UTS-UAS PROJECT\siratu\app\Controllers\Form.php(18): view('index_v', Array)
#5 E:\KULIAH\SEMESTER 5\RPL\UTS-UAS PROJECT\siratu\system\CodeIgniter.php(921): App\Controllers\Form->index('login')
#6 E:\KULIAH\SEMESTER 5\RPL\UTS-UAS PROJECT\siratu\system\CodeIgniter.php(407): CodeIgniter\CodeIgniter->runController(Object(App\Controllers\Form))
#7 E:\KULIAH\SEMESTER 5\RPL\UTS-UAS PROJECT\siratu\system\CodeIgniter.php(315): CodeIgniter\CodeIgniter->handleRequest(NULL, Object(Config\Cache), false)
#8 E:\KULIAH\SEMESTER 5\RPL\UTS-UAS PROJECT\siratu\public\index.php(45): CodeIgniter\CodeIgniter->run()
#9 E:\KULIAH\SEMESTER 5\RPL\UTS-UAS PROJECT\siratu\system\Commands\Server\rewrite.php(34): require_once('E:\\KULIAH\\SEMES...')
#10 {main}
CRITICAL - 2020-11-28 07:58:55 --> syntax error, unexpected ';', expecting ')'
#0 E:\KULIAH\SEMESTER 5\RPL\UTS-UAS PROJECT\siratu\system\Router\Router.php(195): CodeIgniter\Router\Router->autoRoute('Form/register')
#1 E:\KULIAH\SEMESTER 5\RPL\UTS-UAS PROJECT\siratu\system\CodeIgniter.php(796): CodeIgniter\Router\Router->handle('Form/register')
#2 E:\KULIAH\SEMESTER 5\RPL\UTS-UAS PROJECT\siratu\system\CodeIgniter.php(367): CodeIgniter\CodeIgniter->tryToRouteIt(Object(CodeIgniter\Router\RouteCollection))
#3 E:\KULIAH\SEMESTER 5\RPL\UTS-UAS PROJECT\siratu\system\CodeIgniter.php(315): CodeIgniter\CodeIgniter->handleRequest(NULL, Object(Config\Cache), false)
#4 E:\KULIAH\SEMESTER 5\RPL\UTS-UAS PROJECT\siratu\public\index.php(45): CodeIgniter\CodeIgniter->run()
#5 E:\KULIAH\SEMESTER 5\RPL\UTS-UAS PROJECT\siratu\system\Commands\Server\rewrite.php(34): require_once('E:\\KULIAH\\SEMES...')
#6 {main}
CRITICAL - 2020-11-28 08:05:17 --> Undefined variable: title
#0 E:\KULIAH\SEMESTER 5\RPL\UTS-UAS PROJECT\siratu\app\Views\template.php(24): CodeIgniter\Debug\Exceptions->errorHandler(8, 'Undefined varia...', 'E:\\KULIAH\\SEMES...', 24, Array)
#1 E:\KULIAH\SEMESTER 5\RPL\UTS-UAS PROJECT\siratu\system\View\View.php(246): include('E:\\KULIAH\\SEMES...')
#2 E:\KULIAH\SEMESTER 5\RPL\UTS-UAS PROJECT\siratu\system\View\View.php(257): CodeIgniter\View\View->render('template', Array, true)
#3 E:\KULIAH\SEMESTER 5\RPL\UTS-UAS PROJECT\siratu\system\Common.php(1119): CodeIgniter\View\View->render('index_v', Array, true)
#4 E:\KULIAH\SEMESTER 5\RPL\UTS-UAS PROJECT\siratu\app\Controllers\Form.php(18): view('index_v', Array)
#5 E:\KULIAH\SEMESTER 5\RPL\UTS-UAS PROJECT\siratu\system\CodeIgniter.php(921): App\Controllers\Form->index('loginuser')
#6 E:\KULIAH\SEMESTER 5\RPL\UTS-UAS PROJECT\siratu\system\CodeIgniter.php(407): CodeIgniter\CodeIgniter->runController(Object(App\Controllers\Form))
#7 E:\KULIAH\SEMESTER 5\RPL\UTS-UAS PROJECT\siratu\system\CodeIgniter.php(315): CodeIgniter\CodeIgniter->handleRequest(NULL, Object(Config\Cache), false)
#8 E:\KULIAH\SEMESTER 5\RPL\UTS-UAS PROJECT\siratu\public\index.php(45): CodeIgniter\CodeIgniter->run()
#9 E:\KULIAH\SEMESTER 5\RPL\UTS-UAS PROJECT\siratu\system\Commands\Server\rewrite.php(34): require_once('E:\\KULIAH\\SEMES...')
#10 {main}
CRITICAL - 2020-11-28 08:06:04 --> Undefined variable: title
#0 E:\KULIAH\SEMESTER 5\RPL\UTS-UAS PROJECT\siratu\app\Views\template.php(24): CodeIgniter\Debug\Exceptions->errorHandler(8, 'Undefined varia...', 'E:\\KULIAH\\SEMES...', 24, Array)
#1 E:\KULIAH\SEMESTER 5\RPL\UTS-UAS PROJECT\siratu\system\View\View.php(246): include('E:\\KULIAH\\SEMES...')
#2 E:\KULIAH\SEMESTER 5\RPL\UTS-UAS PROJECT\siratu\system\View\View.php(257): CodeIgniter\View\View->render('template', Array, true)
#3 E:\KULIAH\SEMESTER 5\RPL\UTS-UAS PROJECT\siratu\system\Common.php(1119): CodeIgniter\View\View->render('index_v', Array, true)
#4 E:\KULIAH\SEMESTER 5\RPL\UTS-UAS PROJECT\siratu\app\Controllers\Form.php(18): view('index_v', Array)
#5 E:\KULIAH\SEMESTER 5\RPL\UTS-UAS PROJECT\siratu\system\CodeIgniter.php(921): App\Controllers\Form->index('loginuser')
#6 E:\KULIAH\SEMESTER 5\RPL\UTS-UAS PROJECT\siratu\system\CodeIgniter.php(407): CodeIgniter\CodeIgniter->runController(Object(App\Controllers\Form))
#7 E:\KULIAH\SEMESTER 5\RPL\UTS-UAS PROJECT\siratu\system\CodeIgniter.php(315): CodeIgniter\CodeIgniter->handleRequest(NULL, Object(Config\Cache), false)
#8 E:\KULIAH\SEMESTER 5\RPL\UTS-UAS PROJECT\siratu\public\index.php(45): CodeIgniter\CodeIgniter->run()
#9 E:\KULIAH\SEMESTER 5\RPL\UTS-UAS PROJECT\siratu\system\Commands\Server\rewrite.php(34): require_once('E:\\KULIAH\\SEMES...')
#10 {main}
CRITICAL - 2020-11-28 08:06:27 --> Undefined variable: title
#0 E:\KULIAH\SEMESTER 5\RPL\UTS-UAS PROJECT\siratu\app\Views\template.php(24): CodeIgniter\Debug\Exceptions->errorHandler(8, 'Undefined varia...', 'E:\\KULIAH\\SEMES...', 24, Array)
#1 E:\KULIAH\SEMESTER 5\RPL\UTS-UAS PROJECT\siratu\system\View\View.php(246): include('E:\\KULIAH\\SEMES...')
#2 E:\KULIAH\SEMESTER 5\RPL\UTS-UAS PROJECT\siratu\system\View\View.php(257): CodeIgniter\View\View->render('template', Array, true)
#3 E:\KULIAH\SEMESTER 5\RPL\UTS-UAS PROJECT\siratu\system\Common.php(1119): CodeIgniter\View\View->render('index_v', Array, true)
#4 E:\KULIAH\SEMESTER 5\RPL\UTS-UAS PROJECT\siratu\app\Controllers\Form.php(18): view('index_v', Array)
#5 E:\KULIAH\SEMESTER 5\RPL\UTS-UAS PROJECT\siratu\system\CodeIgniter.php(921): App\Controllers\Form->index('loginuser')
#6 E:\KULIAH\SEMESTER 5\RPL\UTS-UAS PROJECT\siratu\system\CodeIgniter.php(407): CodeIgniter\CodeIgniter->runController(Object(App\Controllers\Form))
#7 E:\KULIAH\SEMESTER 5\RPL\UTS-UAS PROJECT\siratu\system\CodeIgniter.php(315): CodeIgniter\CodeIgniter->handleRequest(NULL, Object(Config\Cache), false)
#8 E:\KULIAH\SEMESTER 5\RPL\UTS-UAS PROJECT\siratu\public\index.php(45): CodeIgniter\CodeIgniter->run()
#9 E:\KULIAH\SEMESTER 5\RPL\UTS-UAS PROJECT\siratu\system\Commands\Server\rewrite.php(34): require_once('E:\\KULIAH\\SEMES...')
#10 {main}
CRITICAL - 2020-11-28 08:07:04 --> Undefined variable: title
#0 E:\KULIAH\SEMESTER 5\RPL\UTS-UAS PROJECT\siratu\app\Views\template.php(24): CodeIgniter\Debug\Exceptions->errorHandler(8, 'Undefined varia...', 'E:\\KULIAH\\SEMES...', 24, Array)
#1 E:\KULIAH\SEMESTER 5\RPL\UTS-UAS PROJECT\siratu\system\View\View.php(246): include('E:\\KULIAH\\SEMES...')
#2 E:\KULIAH\SEMESTER 5\RPL\UTS-UAS PROJECT\siratu\system\View\View.php(257): CodeIgniter\View\View->render('template', Array, true)
#3 E:\KULIAH\SEMESTER 5\RPL\UTS-UAS PROJECT\siratu\system\Common.php(1119): CodeIgniter\View\View->render('index_v', Array, true)
#4 E:\KULIAH\SEMESTER 5\RPL\UTS-UAS PROJECT\siratu\app\Controllers\Form.php(18): view('index_v', Array)
#5 E:\KULIAH\SEMESTER 5\RPL\UTS-UAS PROJECT\siratu\system\CodeIgniter.php(921): App\Controllers\Form->index('loginuser')
#6 E:\KULIAH\SEMESTER 5\RPL\UTS-UAS PROJECT\siratu\system\CodeIgniter.php(407): CodeIgniter\CodeIgniter->runController(Object(App\Controllers\Form))
#7 E:\KULIAH\SEMESTER 5\RPL\UTS-UAS PROJECT\siratu\system\CodeIgniter.php(315): CodeIgniter\CodeIgniter->handleRequest(NULL, Object(Config\Cache), false)
#8 E:\KULIAH\SEMESTER 5\RPL\UTS-UAS PROJECT\siratu\public\index.php(45): CodeIgniter\CodeIgniter->run()
#9 E:\KULIAH\SEMESTER 5\RPL\UTS-UAS PROJECT\siratu\system\Commands\Server\rewrite.php(34): require_once('E:\\KULIAH\\SEMES...')
#10 {main}
CRITICAL - 2020-11-28 08:07:07 --> Undefined variable: title
#0 E:\KULIAH\SEMESTER 5\RPL\UTS-UAS PROJECT\siratu\app\Views\template.php(24): CodeIgniter\Debug\Exceptions->errorHandler(8, 'Undefined varia...', 'E:\\KULIAH\\SEMES...', 24, Array)
#1 E:\KULIAH\SEMESTER 5\RPL\UTS-UAS PROJECT\siratu\system\View\View.php(246): include('E:\\KULIAH\\SEMES...')
#2 E:\KULIAH\SEMESTER 5\RPL\UTS-UAS PROJECT\siratu\system\View\View.php(257): CodeIgniter\View\View->render('template', Array, true)
#3 E:\KULIAH\SEMESTER 5\RPL\UTS-UAS PROJECT\siratu\system\Common.php(1119): CodeIgniter\View\View->render('index_v', Array, true)
#4 E:\KULIAH\SEMESTER 5\RPL\UTS-UAS PROJECT\siratu\app\Controllers\Form.php(18): view('index_v', Array)
#5 E:\KULIAH\SEMESTER 5\RPL\UTS-UAS PROJECT\siratu\system\CodeIgniter.php(921): App\Controllers\Form->index('loginuser')
#6 E:\KULIAH\SEMESTER 5\RPL\UTS-UAS PROJECT\siratu\system\CodeIgniter.php(407): CodeIgniter\CodeIgniter->runController(Object(App\Controllers\Form))
#7 E:\KULIAH\SEMESTER 5\RPL\UTS-UAS PROJECT\siratu\system\CodeIgniter.php(315): CodeIgniter\CodeIgniter->handleRequest(NULL, Object(Config\Cache), false)
#8 E:\KULIAH\SEMESTER 5\RPL\UTS-UAS PROJECT\siratu\public\index.php(45): CodeIgniter\CodeIgniter->run()
#9 E:\KULIAH\SEMESTER 5\RPL\UTS-UAS PROJECT\siratu\system\Commands\Server\rewrite.php(34): require_once('E:\\KULIAH\\SEMES...')
#10 {main}
CRITICAL - 2020-11-28 08:16:35 --> Undefined variable: title
#0 E:\KULIAH\SEMESTER 5\RPL\UTS-UAS PROJECT\siratu\app\Views\template.php(24): CodeIgniter\Debug\Exceptions->errorHandler(8, 'Undefined varia...', 'E:\\KULIAH\\SEMES...', 24, Array)
#1 E:\KULIAH\SEMESTER 5\RPL\UTS-UAS PROJECT\siratu\system\View\View.php(246): include('E:\\KULIAH\\SEMES...')
#2 E:\KULIAH\SEMESTER 5\RPL\UTS-UAS PROJECT\siratu\system\View\View.php(257): CodeIgniter\View\View->render('template', Array, true)
#3 E:\KULIAH\SEMESTER 5\RPL\UTS-UAS PROJECT\siratu\system\Common.php(1119): CodeIgniter\View\View->render('sign_up_v', Array, true)
#4 E:\KULIAH\SEMESTER 5\RPL\UTS-UAS PROJECT\siratu\app\Controllers\Form.php(53): view('sign_up_v', Array)
#5 E:\KULIAH\SEMESTER 5\RPL\UTS-UAS PROJECT\siratu\system\CodeIgniter.php(921): App\Controllers\Form->register()
#6 E:\KULIAH\SEMESTER 5\RPL\UTS-UAS PROJECT\siratu\system\CodeIgniter.php(407): CodeIgniter\CodeIgniter->runController(Object(App\Controllers\Form))
#7 E:\KULIAH\SEMESTER 5\RPL\UTS-UAS PROJECT\siratu\system\CodeIgniter.php(315): CodeIgniter\CodeIgniter->handleRequest(NULL, Object(Config\Cache), false)
#8 E:\KULIAH\SEMESTER 5\RPL\UTS-UAS PROJECT\siratu\public\index.php(45): CodeIgniter\CodeIgniter->run()
#9 E:\KULIAH\SEMESTER 5\RPL\UTS-UAS PROJECT\siratu\system\Commands\Server\rewrite.php(34): require_once('E:\\KULIAH\\SEMES...')
#10 {main}
CRITICAL - 2020-11-28 08:17:17 --> Undefined variable: title
#0 E:\KULIAH\SEMESTER 5\RPL\UTS-UAS PROJECT\siratu\app\Views\template.php(24): CodeIgniter\Debug\Exceptions->errorHandler(8, 'Undefined varia...', 'E:\\KULIAH\\SEMES...', 24, Array)
#1 E:\KULIAH\SEMESTER 5\RPL\UTS-UAS PROJECT\siratu\system\View\View.php(246): include('E:\\KULIAH\\SEMES...')
#2 E:\KULIAH\SEMESTER 5\RPL\UTS-UAS PROJECT\siratu\system\View\View.php(257): CodeIgniter\View\View->render('template', Array, true)
#3 E:\KULIAH\SEMESTER 5\RPL\UTS-UAS PROJECT\siratu\system\Common.php(1119): CodeIgniter\View\View->render('index_v', Array, true)
#4 E:\KULIAH\SEMESTER 5\RPL\UTS-UAS PROJECT\siratu\app\Controllers\Form.php(18): view('index_v', Array)
#5 E:\KULIAH\SEMESTER 5\RPL\UTS-UAS PROJECT\siratu\system\CodeIgniter.php(921): App\Controllers\Form->index('login')
#6 E:\KULIAH\SEMESTER 5\RPL\UTS-UAS PROJECT\siratu\system\CodeIgniter.php(407): CodeIgniter\CodeIgniter->runController(Object(App\Controllers\Form))
#7 E:\KULIAH\SEMESTER 5\RPL\UTS-UAS PROJECT\siratu\system\CodeIgniter.php(315): CodeIgniter\CodeIgniter->handleRequest(NULL, Object(Config\Cache), false)
#8 E:\KULIAH\SEMESTER 5\RPL\UTS-UAS PROJECT\siratu\public\index.php(45): CodeIgniter\CodeIgniter->run()
#9 E:\KULIAH\SEMESTER 5\RPL\UTS-UAS PROJECT\siratu\system\Commands\Server\rewrite.php(34): require_once('E:\\KULIAH\\SEMES...')
#10 {main}
CRITICAL - 2020-11-28 08:18:04 --> Undefined variable: title
#0 E:\KULIAH\SEMESTER 5\RPL\UTS-UAS PROJECT\siratu\app\Views\template.php(24): CodeIgniter\Debug\Exceptions->errorHandler(8, 'Undefined varia...', 'E:\\KULIAH\\SEMES...', 24, Array)
#1 E:\KULIAH\SEMESTER 5\RPL\UTS-UAS PROJECT\siratu\system\View\View.php(246): include('E:\\KULIAH\\SEMES...')
#2 E:\KULIAH\SEMESTER 5\RPL\UTS-UAS PROJECT\siratu\system\View\View.php(257): CodeIgniter\View\View->render('template', Array, true)
#3 E:\KULIAH\SEMESTER 5\RPL\UTS-UAS PROJECT\siratu\system\Common.php(1119): CodeIgniter\View\View->render('index_v', Array, true)
#4 E:\KULIAH\SEMESTER 5\RPL\UTS-UAS PROJECT\siratu\app\Controllers\Form.php(18): view('index_v', Array)
#5 E:\KULIAH\SEMESTER 5\RPL\UTS-UAS PROJECT\siratu\system\CodeIgniter.php(921): App\Controllers\Form->index('login')
#6 E:\KULIAH\SEMESTER 5\RPL\UTS-UAS PROJECT\siratu\system\CodeIgniter.php(407): CodeIgniter\CodeIgniter->runController(Object(App\Controllers\Form))
#7 E:\KULIAH\SEMESTER 5\RPL\UTS-UAS PROJECT\siratu\system\CodeIgniter.php(315): CodeIgniter\CodeIgniter->handleRequest(NULL, Object(Config\Cache), false)
#8 E:\KULIAH\SEMESTER 5\RPL\UTS-UAS PROJECT\siratu\public\index.php(45): CodeIgniter\CodeIgniter->run()
#9 E:\KULIAH\SEMESTER 5\RPL\UTS-UAS PROJECT\siratu\system\Commands\Server\rewrite.php(34): require_once('E:\\KULIAH\\SEMES...')
#10 {main}
CRITICAL - 2020-11-28 08:18:12 --> Undefined variable: title
#0 E:\KULIAH\SEMESTER 5\RPL\UTS-UAS PROJECT\siratu\app\Views\template.php(24): CodeIgniter\Debug\Exceptions->errorHandler(8, 'Undefined varia...', 'E:\\KULIAH\\SEMES...', 24, Array)
#1 E:\KULIAH\SEMESTER 5\RPL\UTS-UAS PROJECT\siratu\system\View\View.php(246): include('E:\\KULIAH\\SEMES...')
#2 E:\KULIAH\SEMESTER 5\RPL\UTS-UAS PROJECT\siratu\system\View\View.php(257): CodeIgniter\View\View->render('template', Array, true)
#3 E:\KULIAH\SEMESTER 5\RPL\UTS-UAS PROJECT\siratu\system\Common.php(1119): CodeIgniter\View\View->render('index_v', Array, true)
#4 E:\KULIAH\SEMESTER 5\RPL\UTS-UAS PROJECT\siratu\app\Controllers\Form.php(18): view('index_v', Array)
#5 E:\KULIAH\SEMESTER 5\RPL\UTS-UAS PROJECT\siratu\system\CodeIgniter.php(921): App\Controllers\Form->index('login')
#6 E:\KULIAH\SEMESTER 5\RPL\UTS-UAS PROJECT\siratu\system\CodeIgniter.php(407): CodeIgniter\CodeIgniter->runController(Object(App\Controllers\Form))
#7 E:\KULIAH\SEMESTER 5\RPL\UTS-UAS PROJECT\siratu\system\CodeIgniter.php(315): CodeIgniter\CodeIgniter->handleRequest(NULL, Object(Config\Cache), false)
#8 E:\KULIAH\SEMESTER 5\RPL\UTS-UAS PROJECT\siratu\public\index.php(45): CodeIgniter\CodeIgniter->run()
#9 E:\KULIAH\SEMESTER 5\RPL\UTS-UAS PROJECT\siratu\system\Commands\Server\rewrite.php(34): require_once('E:\\KULIAH\\SEMES...')
#10 {main}
CRITICAL - 2020-11-28 08:18:14 --> Undefined variable: title
#0 E:\KULIAH\SEMESTER 5\RPL\UTS-UAS PROJECT\siratu\app\Views\template.php(24): CodeIgniter\Debug\Exceptions->errorHandler(8, 'Undefined varia...', 'E:\\KULIAH\\SEMES...', 24, Array)
#1 E:\KULIAH\SEMESTER 5\RPL\UTS-UAS PROJECT\siratu\system\View\View.php(246): include('E:\\KULIAH\\SEMES...')
#2 E:\KULIAH\SEMESTER 5\RPL\UTS-UAS PROJECT\siratu\system\View\View.php(257): CodeIgniter\View\View->render('template', Array, true)
#3 E:\KULIAH\SEMESTER 5\RPL\UTS-UAS PROJECT\siratu\system\Common.php(1119): CodeIgniter\View\View->render('index_v', Array, true)
#4 E:\KULIAH\SEMESTER 5\RPL\UTS-UAS PROJECT\siratu\app\Controllers\Form.php(18): view('index_v', Array)
#5 E:\KULIAH\SEMESTER 5\RPL\UTS-UAS PROJECT\siratu\system\CodeIgniter.php(921): App\Controllers\Form->index('login')
#6 E:\KULIAH\SEMESTER 5\RPL\UTS-UAS PROJECT\siratu\system\CodeIgniter.php(407): CodeIgniter\CodeIgniter->runController(Object(App\Controllers\Form))
#7 E:\KULIAH\SEMESTER 5\RPL\UTS-UAS PROJECT\siratu\system\CodeIgniter.php(315): CodeIgniter\CodeIgniter->handleRequest(NULL, Object(Config\Cache), false)
#8 E:\KULIAH\SEMESTER 5\RPL\UTS-UAS PROJECT\siratu\public\index.php(45): CodeIgniter\CodeIgniter->run()
#9 E:\KULIAH\SEMESTER 5\RPL\UTS-UAS PROJECT\siratu\system\Commands\Server\rewrite.php(34): require_once('E:\\KULIAH\\SEMES...')
#10 {main}
CRITICAL - 2020-11-28 08:18:23 --> Undefined variable: title
#0 E:\KULIAH\SEMESTER 5\RPL\UTS-UAS PROJECT\siratu\app\Views\template.php(24): CodeIgniter\Debug\Exceptions->errorHandler(8, 'Undefined varia...', 'E:\\KULIAH\\SEMES...', 24, Array)
#1 E:\KULIAH\SEMESTER 5\RPL\UTS-UAS PROJECT\siratu\system\View\View.php(246): include('E:\\KULIAH\\SEMES...')
#2 E:\KULIAH\SEMESTER 5\RPL\UTS-UAS PROJECT\siratu\system\View\View.php(257): CodeIgniter\View\View->render('template', Array, true)
#3 E:\KULIAH\SEMESTER 5\RPL\UTS-UAS PROJECT\siratu\system\Common.php(1119): CodeIgniter\View\View->render('index_v', Array, true)
#4 E:\KULIAH\SEMESTER 5\RPL\UTS-UAS PROJECT\siratu\app\Controllers\Form.php(18): view('index_v', Array)
#5 E:\KULIAH\SEMESTER 5\RPL\UTS-UAS PROJECT\siratu\system\CodeIgniter.php(921): App\Controllers\Form->index('login')
#6 E:\KULIAH\SEMESTER 5\RPL\UTS-UAS PROJECT\siratu\system\CodeIgniter.php(407): CodeIgniter\CodeIgniter->runController(Object(App\Controllers\Form))
#7 E:\KULIAH\SEMESTER 5\RPL\UTS-UAS PROJECT\siratu\system\CodeIgniter.php(315): CodeIgniter\CodeIgniter->handleRequest(NULL, Object(Config\Cache), false)
#8 E:\KULIAH\SEMESTER 5\RPL\UTS-UAS PROJECT\siratu\public\index.php(45): CodeIgniter\CodeIgniter->run()
#9 E:\KULIAH\SEMESTER 5\RPL\UTS-UAS PROJECT\siratu\system\Commands\Server\rewrite.php(34): require_once('E:\\KULIAH\\SEMES...')
#10 {main}
CRITICAL - 2020-11-28 08:19:16 --> Argument 2 passed to CodeIgniter\HTTP\RedirectResponse::to() must be of the type int or null, array given, called in E:\KULIAH\SEMESTER 5\RPL\UTS-UAS PROJECT\siratu\app\Controllers\Form.php on line 74
#0 E:\KULIAH\SEMESTER 5\RPL\UTS-UAS PROJECT\siratu\app\Controllers\Form.php(74): CodeIgniter\HTTP\RedirectResponse->to('Index/login', Array)
#1 E:\KULIAH\SEMESTER 5\RPL\UTS-UAS PROJECT\siratu\system\CodeIgniter.php(921): App\Controllers\Form->register()
#2 E:\KULIAH\SEMESTER 5\RPL\UTS-UAS PROJECT\siratu\system\CodeIgniter.php(407): CodeIgniter\CodeIgniter->runController(Object(App\Controllers\Form))
#3 E:\KULIAH\SEMESTER 5\RPL\UTS-UAS PROJECT\siratu\system\CodeIgniter.php(315): CodeIgniter\CodeIgniter->handleRequest(NULL, Object(Config\Cache), false)
#4 E:\KULIAH\SEMESTER 5\RPL\UTS-UAS PROJECT\siratu\public\index.php(45): CodeIgniter\CodeIgniter->run()
#5 E:\KULIAH\SEMESTER 5\RPL\UTS-UAS PROJECT\siratu\system\Commands\Server\rewrite.php(34): require_once('E:\\KULIAH\\SEMES...')
#6 {main}
CRITICAL - 2020-11-28 08:19:49 --> Undefined variable: title
#0 E:\KULIAH\SEMESTER 5\RPL\UTS-UAS PROJECT\siratu\app\Views\template.php(24): CodeIgniter\Debug\Exceptions->errorHandler(8, 'Undefined varia...', 'E:\\KULIAH\\SEMES...', 24, Array)
#1 E:\KULIAH\SEMESTER 5\RPL\UTS-UAS PROJECT\siratu\system\View\View.php(246): include('E:\\KULIAH\\SEMES...')
#2 E:\KULIAH\SEMESTER 5\RPL\UTS-UAS PROJECT\siratu\system\View\View.php(257): CodeIgniter\View\View->render('template', Array, true)
#3 E:\KULIAH\SEMESTER 5\RPL\UTS-UAS PROJECT\siratu\system\Common.php(1119): CodeIgniter\View\View->render('sign_up_v', Array, true)
#4 E:\KULIAH\SEMESTER 5\RPL\UTS-UAS PROJECT\siratu\app\Controllers\Form.php(53): view('sign_up_v', Array)
#5 E:\KULIAH\SEMESTER 5\RPL\UTS-UAS PROJECT\siratu\system\CodeIgniter.php(921): App\Controllers\Form->register()
#6 E:\KULIAH\SEMESTER 5\RPL\UTS-UAS PROJECT\siratu\system\CodeIgniter.php(407): CodeIgniter\CodeIgniter->runController(Object(App\Controllers\Form))
#7 E:\KULIAH\SEMESTER 5\RPL\UTS-UAS PROJECT\siratu\system\CodeIgniter.php(315): CodeIgniter\CodeIgniter->handleRequest(NULL, Object(Config\Cache), false)
#8 E:\KULIAH\SEMESTER 5\RPL\UTS-UAS PROJECT\siratu\public\index.php(45): CodeIgniter\CodeIgniter->run()
#9 E:\KULIAH\SEMESTER 5\RPL\UTS-UAS PROJECT\siratu\system\Commands\Server\rewrite.php(34): require_once('E:\\KULIAH\\SEMES...')
#10 {main}
CRITICAL - 2020-11-28 08:20:27 --> Undefined variable: title
#0 E:\KULIAH\SEMESTER 5\RPL\UTS-UAS PROJECT\siratu\app\Views\template.php(24): CodeIgniter\Debug\Exceptions->errorHandler(8, 'Undefined varia...', 'E:\\KULIAH\\SEMES...', 24, Array)
#1 E:\KULIAH\SEMESTER 5\RPL\UTS-UAS PROJECT\siratu\system\View\View.php(246): include('E:\\KULIAH\\SEMES...')
#2 E:\KULIAH\SEMESTER 5\RPL\UTS-UAS PROJECT\siratu\system\View\View.php(257): CodeIgniter\View\View->render('template', Array, true)
#3 E:\KULIAH\SEMESTER 5\RPL\UTS-UAS PROJECT\siratu\system\Common.php(1119): CodeIgniter\View\View->render('index_v', Array, true)
#4 E:\KULIAH\SEMESTER 5\RPL\UTS-UAS PROJECT\siratu\app\Controllers\Form.php(18): view('index_v', Array)
#5 E:\KULIAH\SEMESTER 5\RPL\UTS-UAS PROJECT\siratu\system\CodeIgniter.php(921): App\Controllers\Form->index('loginuser')
#6 E:\KULIAH\SEMESTER 5\RPL\UTS-UAS PROJECT\siratu\system\CodeIgniter.php(407): CodeIgniter\CodeIgniter->runController(Object(App\Controllers\Form))
#7 E:\KULIAH\SEMESTER 5\RPL\UTS-UAS PROJECT\siratu\system\CodeIgniter.php(315): CodeIgniter\CodeIgniter->handleRequest(NULL, Object(Config\Cache), false)
#8 E:\KULIAH\SEMESTER 5\RPL\UTS-UAS PROJECT\siratu\public\index.php(45): CodeIgniter\CodeIgniter->run()
#9 E:\KULIAH\SEMESTER 5\RPL\UTS-UAS PROJECT\siratu\system\Commands\Server\rewrite.php(34): require_once('E:\\KULIAH\\SEMES...')
#10 {main}
CRITICAL - 2020-11-28 08:22:23 --> Undefined variable: title
#0 E:\KULIAH\SEMESTER 5\RPL\UTS-UAS PROJECT\siratu\app\Views\template.php(28): CodeIgniter\Debug\Exceptions->errorHandler(8, 'Undefined varia...', 'E:\\KULIAH\\SEMES...', 28, Array)
#1 E:\KULIAH\SEMESTER 5\RPL\UTS-UAS PROJECT\siratu\system\View\View.php(246): include('E:\\KULIAH\\SEMES...')
#2 E:\KULIAH\SEMESTER 5\RPL\UTS-UAS PROJECT\siratu\system\View\View.php(257): CodeIgniter\View\View->render('template', Array, true)
#3 E:\KULIAH\SEMESTER 5\RPL\UTS-UAS PROJECT\siratu\system\Common.php(1119): CodeIgniter\View\View->render('index_v', Array, true)
#4 E:\KULIAH\SEMESTER 5\RPL\UTS-UAS PROJECT\siratu\app\Controllers\Form.php(18): view('index_v', Array)
#5 E:\KULIAH\SEMESTER 5\RPL\UTS-UAS PROJECT\siratu\system\CodeIgniter.php(921): App\Controllers\Form->index('loginuser')
#6 E:\KULIAH\SEMESTER 5\RPL\UTS-UAS PROJECT\siratu\system\CodeIgniter.php(407): CodeIgniter\CodeIgniter->runController(Object(App\Controllers\Form))
#7 E:\KULIAH\SEMESTER 5\RPL\UTS-UAS PROJECT\siratu\system\CodeIgniter.php(315): CodeIgniter\CodeIgniter->handleRequest(NULL, Object(Config\Cache), false)
#8 E:\KULIAH\SEMESTER 5\RPL\UTS-UAS PROJECT\siratu\public\index.php(45): CodeIgniter\CodeIgniter->run()
#9 E:\KULIAH\SEMESTER 5\RPL\UTS-UAS PROJECT\siratu\system\Commands\Server\rewrite.php(34): require_once('E:\\KULIAH\\SEMES...')
#10 {main}
CRITICAL - 2020-11-28 10:40:33 --> syntax error, unexpected '}'
#0 E:\KULIAH\SEMESTER 5\RPL\UTS-UAS PROJECT\siratu\system\Common.php(1119): CodeIgniter\View\View->render('log_in_user_v', Array, true)
#1 E:\KULIAH\SEMESTER 5\RPL\UTS-UAS PROJECT\siratu\app\Controllers\Form.php(75): view('log_in_user_v', Array)
#2 E:\KULIAH\SEMESTER 5\RPL\UTS-UAS PROJECT\siratu\system\CodeIgniter.php(921): App\Controllers\Form->register()
#3 E:\KULIAH\SEMESTER 5\RPL\UTS-UAS PROJECT\siratu\system\CodeIgniter.php(407): CodeIgniter\CodeIgniter->runController(Object(App\Controllers\Form))
#4 E:\KULIAH\SEMESTER 5\RPL\UTS-UAS PROJECT\siratu\system\CodeIgniter.php(315): CodeIgniter\CodeIgniter->handleRequest(NULL, Object(Config\Cache), false)
#5 E:\KULIAH\SEMESTER 5\RPL\UTS-UAS PROJECT\siratu\public\index.php(45): CodeIgniter\CodeIgniter->run()
#6 E:\KULIAH\SEMESTER 5\RPL\UTS-UAS PROJECT\siratu\system\Commands\Server\rewrite.php(34): require_once('E:\\KULIAH\\SEMES...')
#7 {main}
CRITICAL - 2020-11-28 10:44:20 --> syntax error, unexpected '!'
#0 E:\KULIAH\SEMESTER 5\RPL\UTS-UAS PROJECT\siratu\system\Common.php(1119): CodeIgniter\View\View->render('log_in_user_v', Array, true)
#1 E:\KULIAH\SEMESTER 5\RPL\UTS-UAS PROJECT\siratu\app\Controllers\Form.php(75): view('log_in_user_v', Array)
#2 E:\KULIAH\SEMESTER 5\RPL\UTS-UAS PROJECT\siratu\system\CodeIgniter.php(921): App\Controllers\Form->register()
#3 E:\KULIAH\SEMESTER 5\RPL\UTS-UAS PROJECT\siratu\system\CodeIgniter.php(407): CodeIgniter\CodeIgniter->runController(Object(App\Controllers\Form))
#4 E:\KULIAH\SEMESTER 5\RPL\UTS-UAS PROJECT\siratu\system\CodeIgniter.php(315): CodeIgniter\CodeIgniter->handleRequest(NULL, Object(Config\Cache), false)
#5 E:\KULIAH\SEMESTER 5\RPL\UTS-UAS PROJECT\siratu\public\index.php(45): CodeIgniter\CodeIgniter->run()
#6 E:\KULIAH\SEMESTER 5\RPL\UTS-UAS PROJECT\siratu\system\Commands\Server\rewrite.php(34): require_once('E:\\KULIAH\\SEMES...')
#7 {main}
CRITICAL - 2020-11-28 10:45:17 --> syntax error, unexpected '}'
#0 E:\KULIAH\SEMESTER 5\RPL\UTS-UAS PROJECT\siratu\system\Common.php(1119): CodeIgniter\View\View->render('log_in_user_v', Array, true)
#1 E:\KULIAH\SEMESTER 5\RPL\UTS-UAS PROJECT\siratu\app\Controllers\Form.php(75): view('log_in_user_v', Array)
#2 E:\KULIAH\SEMESTER 5\RPL\UTS-UAS PROJECT\siratu\system\CodeIgniter.php(921): App\Controllers\Form->register()
#3 E:\KULIAH\SEMESTER 5\RPL\UTS-UAS PROJECT\siratu\system\CodeIgniter.php(407): CodeIgniter\CodeIgniter->runController(Object(App\Controllers\Form))
#4 E:\KULIAH\SEMESTER 5\RPL\UTS-UAS PROJECT\siratu\system\CodeIgniter.php(315): CodeIgniter\CodeIgniter->handleRequest(NULL, Object(Config\Cache), false)
#5 E:\KULIAH\SEMESTER 5\RPL\UTS-UAS PROJECT\siratu\public\index.php(45): CodeIgniter\CodeIgniter->run()
#6 E:\KULIAH\SEMESTER 5\RPL\UTS-UAS PROJECT\siratu\system\Commands\Server\rewrite.php(34): require_once('E:\\KULIAH\\SEMES...')
#7 {main}
CRITICAL - 2020-11-28 10:49:29 --> syntax error, unexpected 'endif' (T_ENDIF), expecting end of file
#0 E:\KULIAH\SEMESTER 5\RPL\UTS-UAS PROJECT\siratu\system\Common.php(1119): CodeIgniter\View\View->render('log_in_user_v', Array, true)
#1 E:\KULIAH\SEMESTER 5\RPL\UTS-UAS PROJECT\siratu\app\Controllers\Form.php(75): view('log_in_user_v', Array)
#2 E:\KULIAH\SEMESTER 5\RPL\UTS-UAS PROJECT\siratu\system\CodeIgniter.php(921): App\Controllers\Form->register()
#3 E:\KULIAH\SEMESTER 5\RPL\UTS-UAS PROJECT\siratu\system\CodeIgniter.php(407): CodeIgniter\CodeIgniter->runController(Object(App\Controllers\Form))
#4 E:\KULIAH\SEMESTER 5\RPL\UTS-UAS PROJECT\siratu\system\CodeIgniter.php(315): CodeIgniter\CodeIgniter->handleRequest(NULL, Object(Config\Cache), false)
#5 E:\KULIAH\SEMESTER 5\RPL\UTS-UAS PROJECT\siratu\public\index.php(45): CodeIgniter\CodeIgniter->run()
#6 E:\KULIAH\SEMESTER 5\RPL\UTS-UAS PROJECT\siratu\system\Commands\Server\rewrite.php(34): require_once('E:\\KULIAH\\SEMES...')
#7 {main}
