CRITICAL - 2020-12-04 00:12:27 --> Too few arguments to function App\Controllers\Dashboard::updateuser(), 0 passed in E:\KULIAH\SEMESTER 5\RPL\UTS-UAS PROJECT\rakatu\system\CodeIgniter.php on line 921 and exactly 1 expected
#0 E:\KULIAH\SEMESTER 5\RPL\UTS-UAS PROJECT\rakatu\system\CodeIgniter.php(921): App\Controllers\Dashboard->updateuser()
#1 E:\KULIAH\SEMESTER 5\RPL\UTS-UAS PROJECT\rakatu\system\CodeIgniter.php(407): CodeIgniter\CodeIgniter->runController(Object(App\Controllers\Dashboard))
#2 E:\KULIAH\SEMESTER 5\RPL\UTS-UAS PROJECT\rakatu\system\CodeIgniter.php(315): CodeIgniter\CodeIgniter->handleRequest(NULL, Object(Config\Cache), false)
#3 E:\KULIAH\SEMESTER 5\RPL\UTS-UAS PROJECT\rakatu\public\index.php(45): CodeIgniter\CodeIgniter->run()
#4 E:\KULIAH\SEMESTER 5\RPL\UTS-UAS PROJECT\rakatu\system\Commands\Server\rewrite.php(34): require_once('E:\\KULIAH\\SEMES...')
#5 {main}
CRITICAL - 2020-12-04 00:13:13 --> Too few arguments to function App\Controllers\Dashboard::updateuser(), 0 passed in E:\KULIAH\SEMESTER 5\RPL\UTS-UAS PROJECT\rakatu\system\CodeIgniter.php on line 921 and exactly 1 expected
#0 E:\KULIAH\SEMESTER 5\RPL\UTS-UAS PROJECT\rakatu\system\CodeIgniter.php(921): App\Controllers\Dashboard->updateuser()
#1 E:\KULIAH\SEMESTER 5\RPL\UTS-UAS PROJECT\rakatu\system\CodeIgniter.php(407): CodeIgniter\CodeIgniter->runController(Object(App\Controllers\Dashboard))
#2 E:\KULIAH\SEMESTER 5\RPL\UTS-UAS PROJECT\rakatu\system\CodeIgniter.php(315): CodeIgniter\CodeIgniter->handleRequest(NULL, Object(Config\Cache), false)
#3 E:\KULIAH\SEMESTER 5\RPL\UTS-UAS PROJECT\rakatu\public\index.php(45): CodeIgniter\CodeIgniter->run()
#4 E:\KULIAH\SEMESTER 5\RPL\UTS-UAS PROJECT\rakatu\system\Commands\Server\rewrite.php(34): require_once('E:\\KULIAH\\SEMES...')
#5 {main}
CRITICAL - 2020-12-04 00:14:11 --> Too few arguments to function App\Controllers\Dashboard::updateuser(), 0 passed in E:\KULIAH\SEMESTER 5\RPL\UTS-UAS PROJECT\rakatu\system\CodeIgniter.php on line 921 and exactly 1 expected
#0 E:\KULIAH\SEMESTER 5\RPL\UTS-UAS PROJECT\rakatu\system\CodeIgniter.php(921): App\Controllers\Dashboard->updateuser()
#1 E:\KULIAH\SEMESTER 5\RPL\UTS-UAS PROJECT\rakatu\system\CodeIgniter.php(407): CodeIgniter\CodeIgniter->runController(Object(App\Controllers\Dashboard))
#2 E:\KULIAH\SEMESTER 5\RPL\UTS-UAS PROJECT\rakatu\system\CodeIgniter.php(315): CodeIgniter\CodeIgniter->handleRequest(NULL, Object(Config\Cache), false)
#3 E:\KULIAH\SEMESTER 5\RPL\UTS-UAS PROJECT\rakatu\public\index.php(45): CodeIgniter\CodeIgniter->run()
#4 E:\KULIAH\SEMESTER 5\RPL\UTS-UAS PROJECT\rakatu\system\Commands\Server\rewrite.php(34): require_once('E:\\KULIAH\\SEMES...')
#5 {main}
CRITICAL - 2020-12-04 02:03:32 --> syntax error, unexpected 'public' (T_PUBLIC)
#0 E:\KULIAH\SEMESTER 5\RPL\UTS-UAS PROJECT\rakatu\system\Router\Router.php(195): CodeIgniter\Router\Router->autoRoute('Dashboard/Profi...')
#1 E:\KULIAH\SEMESTER 5\RPL\UTS-UAS PROJECT\rakatu\system\CodeIgniter.php(796): CodeIgniter\Router\Router->handle('Dashboard/Profi...')
#2 E:\KULIAH\SEMESTER 5\RPL\UTS-UAS PROJECT\rakatu\system\CodeIgniter.php(367): CodeIgniter\CodeIgniter->tryToRouteIt(Object(CodeIgniter\Router\RouteCollection))
#3 E:\KULIAH\SEMESTER 5\RPL\UTS-UAS PROJECT\rakatu\system\CodeIgniter.php(315): CodeIgniter\CodeIgniter->handleRequest(NULL, Object(Config\Cache), false)
#4 E:\KULIAH\SEMESTER 5\RPL\UTS-UAS PROJECT\rakatu\public\index.php(45): CodeIgniter\CodeIgniter->run()
#5 E:\KULIAH\SEMESTER 5\RPL\UTS-UAS PROJECT\rakatu\system\Commands\Server\rewrite.php(34): require_once('E:\\KULIAH\\SEMES...')
#6 {main}
CRITICAL - 2020-12-04 02:03:34 --> syntax error, unexpected 'public' (T_PUBLIC)
#0 E:\KULIAH\SEMESTER 5\RPL\UTS-UAS PROJECT\rakatu\system\Router\Router.php(195): CodeIgniter\Router\Router->autoRoute('Dashboard/Profi...')
#1 E:\KULIAH\SEMESTER 5\RPL\UTS-UAS PROJECT\rakatu\system\CodeIgniter.php(796): CodeIgniter\Router\Router->handle('Dashboard/Profi...')
#2 E:\KULIAH\SEMESTER 5\RPL\UTS-UAS PROJECT\rakatu\system\CodeIgniter.php(367): CodeIgniter\CodeIgniter->tryToRouteIt(Object(CodeIgniter\Router\RouteCollection))
#3 E:\KULIAH\SEMESTER 5\RPL\UTS-UAS PROJECT\rakatu\system\CodeIgniter.php(315): CodeIgniter\CodeIgniter->handleRequest(NULL, Object(Config\Cache), false)
#4 E:\KULIAH\SEMESTER 5\RPL\UTS-UAS PROJECT\rakatu\public\index.php(45): CodeIgniter\CodeIgniter->run()
#5 E:\KULIAH\SEMESTER 5\RPL\UTS-UAS PROJECT\rakatu\system\Commands\Server\rewrite.php(34): require_once('E:\\KULIAH\\SEMES...')
#6 {main}
CRITICAL - 2020-12-04 02:06:32 --> Undefined variable: id
#0 E:\KULIAH\SEMESTER 5\RPL\UTS-UAS PROJECT\rakatu\app\Controllers\Dashboard.php(113): CodeIgniter\Debug\Exceptions->errorHandler(8, 'Undefined varia...', 'E:\\KULIAH\\SEMES...', 113, Array)
#1 E:\KULIAH\SEMESTER 5\RPL\UTS-UAS PROJECT\rakatu\system\CodeIgniter.php(921): App\Controllers\Dashboard->updateuser()
#2 E:\KULIAH\SEMESTER 5\RPL\UTS-UAS PROJECT\rakatu\system\CodeIgniter.php(407): CodeIgniter\CodeIgniter->runController(Object(App\Controllers\Dashboard))
#3 E:\KULIAH\SEMESTER 5\RPL\UTS-UAS PROJECT\rakatu\system\CodeIgniter.php(315): CodeIgniter\CodeIgniter->handleRequest(NULL, Object(Config\Cache), false)
#4 E:\KULIAH\SEMESTER 5\RPL\UTS-UAS PROJECT\rakatu\public\index.php(45): CodeIgniter\CodeIgniter->run()
#5 E:\KULIAH\SEMESTER 5\RPL\UTS-UAS PROJECT\rakatu\system\Commands\Server\rewrite.php(34): require_once('E:\\KULIAH\\SEMES...')
#6 {main}
CRITICAL - 2020-12-04 02:26:16 --> Unknown column 'username' in 'field list'
#0 E:\KULIAH\SEMESTER 5\RPL\UTS-UAS PROJECT\rakatu\system\Database\MySQLi\Connection.php(331): mysqli->query('UPDATE `user` S...')
#1 E:\KULIAH\SEMESTER 5\RPL\UTS-UAS PROJECT\rakatu\system\Database\BaseConnection.php(741): CodeIgniter\Database\MySQLi\Connection->execute('UPDATE `user` S...')
#2 E:\KULIAH\SEMESTER 5\RPL\UTS-UAS PROJECT\rakatu\system\Database\BaseConnection.php(669): CodeIgniter\Database\BaseConnection->simpleQuery('UPDATE `user` S...')
#3 E:\KULIAH\SEMESTER 5\RPL\UTS-UAS PROJECT\rakatu\system\Database\BaseBuilder.php(2456): CodeIgniter\Database\BaseConnection->query('UPDATE `user` S...', Array, false)
#4 E:\KULIAH\SEMESTER 5\RPL\UTS-UAS PROJECT\rakatu\app\Models\UserModel.php(41): CodeIgniter\Database\BaseBuilder->update(Array, NULL)
#5 E:\KULIAH\SEMESTER 5\RPL\UTS-UAS PROJECT\rakatu\app\Controllers\Dashboard.php(115): App\Models\UserModel->update_data(Array, NULL)
#6 E:\KULIAH\SEMESTER 5\RPL\UTS-UAS PROJECT\rakatu\system\CodeIgniter.php(921): App\Controllers\Dashboard->updateuser()
#7 E:\KULIAH\SEMESTER 5\RPL\UTS-UAS PROJECT\rakatu\system\CodeIgniter.php(407): CodeIgniter\CodeIgniter->runController(Object(App\Controllers\Dashboard))
#8 E:\KULIAH\SEMESTER 5\RPL\UTS-UAS PROJECT\rakatu\system\CodeIgniter.php(315): CodeIgniter\CodeIgniter->handleRequest(NULL, Object(Config\Cache), false)
#9 E:\KULIAH\SEMESTER 5\RPL\UTS-UAS PROJECT\rakatu\public\index.php(45): CodeIgniter\CodeIgniter->run()
#10 E:\KULIAH\SEMESTER 5\RPL\UTS-UAS PROJECT\rakatu\system\Commands\Server\rewrite.php(34): require_once('E:\\KULIAH\\SEMES...')
#11 {main}
CRITICAL - 2020-12-04 02:31:30 --> Unknown column 'username' in 'field list'
#0 E:\KULIAH\SEMESTER 5\RPL\UTS-UAS PROJECT\rakatu\system\Database\MySQLi\Connection.php(331): mysqli->query('UPDATE `user` S...')
#1 E:\KULIAH\SEMESTER 5\RPL\UTS-UAS PROJECT\rakatu\system\Database\BaseConnection.php(741): CodeIgniter\Database\MySQLi\Connection->execute('UPDATE `user` S...')
#2 E:\KULIAH\SEMESTER 5\RPL\UTS-UAS PROJECT\rakatu\system\Database\BaseConnection.php(669): CodeIgniter\Database\BaseConnection->simpleQuery('UPDATE `user` S...')
#3 E:\KULIAH\SEMESTER 5\RPL\UTS-UAS PROJECT\rakatu\system\Database\BaseBuilder.php(2456): CodeIgniter\Database\BaseConnection->query('UPDATE `user` S...', Array, false)
#4 E:\KULIAH\SEMESTER 5\RPL\UTS-UAS PROJECT\rakatu\app\Models\UserModel.php(41): CodeIgniter\Database\BaseBuilder->update(Array, NULL)
#5 E:\KULIAH\SEMESTER 5\RPL\UTS-UAS PROJECT\rakatu\app\Controllers\Dashboard.php(115): App\Models\UserModel->update_data(Array, NULL)
#6 E:\KULIAH\SEMESTER 5\RPL\UTS-UAS PROJECT\rakatu\system\CodeIgniter.php(921): App\Controllers\Dashboard->updateuser()
#7 E:\KULIAH\SEMESTER 5\RPL\UTS-UAS PROJECT\rakatu\system\CodeIgniter.php(407): CodeIgniter\CodeIgniter->runController(Object(App\Controllers\Dashboard))
#8 E:\KULIAH\SEMESTER 5\RPL\UTS-UAS PROJECT\rakatu\system\CodeIgniter.php(315): CodeIgniter\CodeIgniter->handleRequest(NULL, Object(Config\Cache), false)
#9 E:\KULIAH\SEMESTER 5\RPL\UTS-UAS PROJECT\rakatu\public\index.php(45): CodeIgniter\CodeIgniter->run()
#10 E:\KULIAH\SEMESTER 5\RPL\UTS-UAS PROJECT\rakatu\system\Commands\Server\rewrite.php(34): require_once('E:\\KULIAH\\SEMES...')
#11 {main}
CRITICAL - 2020-12-04 02:31:50 --> Unknown column 'username' in 'field list'
#0 E:\KULIAH\SEMESTER 5\RPL\UTS-UAS PROJECT\rakatu\system\Database\MySQLi\Connection.php(331): mysqli->query('UPDATE `user` S...')
#1 E:\KULIAH\SEMESTER 5\RPL\UTS-UAS PROJECT\rakatu\system\Database\BaseConnection.php(741): CodeIgniter\Database\MySQLi\Connection->execute('UPDATE `user` S...')
#2 E:\KULIAH\SEMESTER 5\RPL\UTS-UAS PROJECT\rakatu\system\Database\BaseConnection.php(669): CodeIgniter\Database\BaseConnection->simpleQuery('UPDATE `user` S...')
#3 E:\KULIAH\SEMESTER 5\RPL\UTS-UAS PROJECT\rakatu\system\Database\BaseBuilder.php(2456): CodeIgniter\Database\BaseConnection->query('UPDATE `user` S...', Array, false)
#4 E:\KULIAH\SEMESTER 5\RPL\UTS-UAS PROJECT\rakatu\app\Models\UserModel.php(41): CodeIgniter\Database\BaseBuilder->update(Array, NULL)
#5 E:\KULIAH\SEMESTER 5\RPL\UTS-UAS PROJECT\rakatu\app\Controllers\Dashboard.php(115): App\Models\UserModel->update_data(Array, NULL)
#6 E:\KULIAH\SEMESTER 5\RPL\UTS-UAS PROJECT\rakatu\system\CodeIgniter.php(921): App\Controllers\Dashboard->updateuser()
#7 E:\KULIAH\SEMESTER 5\RPL\UTS-UAS PROJECT\rakatu\system\CodeIgniter.php(407): CodeIgniter\CodeIgniter->runController(Object(App\Controllers\Dashboard))
#8 E:\KULIAH\SEMESTER 5\RPL\UTS-UAS PROJECT\rakatu\system\CodeIgniter.php(315): CodeIgniter\CodeIgniter->handleRequest(NULL, Object(Config\Cache), false)
#9 E:\KULIAH\SEMESTER 5\RPL\UTS-UAS PROJECT\rakatu\public\index.php(45): CodeIgniter\CodeIgniter->run()
#10 E:\KULIAH\SEMESTER 5\RPL\UTS-UAS PROJECT\rakatu\system\Commands\Server\rewrite.php(34): require_once('E:\\KULIAH\\SEMES...')
#11 {main}
CRITICAL - 2020-12-04 02:32:06 --> Unknown column 'username' in 'field list'
#0 E:\KULIAH\SEMESTER 5\RPL\UTS-UAS PROJECT\rakatu\system\Database\MySQLi\Connection.php(331): mysqli->query('UPDATE `user` S...')
#1 E:\KULIAH\SEMESTER 5\RPL\UTS-UAS PROJECT\rakatu\system\Database\BaseConnection.php(741): CodeIgniter\Database\MySQLi\Connection->execute('UPDATE `user` S...')
#2 E:\KULIAH\SEMESTER 5\RPL\UTS-UAS PROJECT\rakatu\system\Database\BaseConnection.php(669): CodeIgniter\Database\BaseConnection->simpleQuery('UPDATE `user` S...')
#3 E:\KULIAH\SEMESTER 5\RPL\UTS-UAS PROJECT\rakatu\system\Database\BaseBuilder.php(2456): CodeIgniter\Database\BaseConnection->query('UPDATE `user` S...', Array, false)
#4 E:\KULIAH\SEMESTER 5\RPL\UTS-UAS PROJECT\rakatu\app\Models\UserModel.php(41): CodeIgniter\Database\BaseBuilder->update(Array, NULL)
#5 E:\KULIAH\SEMESTER 5\RPL\UTS-UAS PROJECT\rakatu\app\Controllers\Dashboard.php(115): App\Models\UserModel->update_data(Array, NULL)
#6 E:\KULIAH\SEMESTER 5\RPL\UTS-UAS PROJECT\rakatu\system\CodeIgniter.php(921): App\Controllers\Dashboard->updateuser()
#7 E:\KULIAH\SEMESTER 5\RPL\UTS-UAS PROJECT\rakatu\system\CodeIgniter.php(407): CodeIgniter\CodeIgniter->runController(Object(App\Controllers\Dashboard))
#8 E:\KULIAH\SEMESTER 5\RPL\UTS-UAS PROJECT\rakatu\system\CodeIgniter.php(315): CodeIgniter\CodeIgniter->handleRequest(NULL, Object(Config\Cache), false)
#9 E:\KULIAH\SEMESTER 5\RPL\UTS-UAS PROJECT\rakatu\public\index.php(45): CodeIgniter\CodeIgniter->run()
#10 E:\KULIAH\SEMESTER 5\RPL\UTS-UAS PROJECT\rakatu\system\Commands\Server\rewrite.php(34): require_once('E:\\KULIAH\\SEMES...')
#11 {main}
CRITICAL - 2020-12-04 02:58:58 --> Undefined variable: id
#0 E:\KULIAH\SEMESTER 5\RPL\UTS-UAS PROJECT\rakatu\app\Controllers\Dashboard.php(40): CodeIgniter\Debug\Exceptions->errorHandler(8, 'Undefined varia...', 'E:\\KULIAH\\SEMES...', 40, Array)
#1 E:\KULIAH\SEMESTER 5\RPL\UTS-UAS PROJECT\rakatu\system\CodeIgniter.php(921): App\Controllers\Dashboard->ProfilUser()
#2 E:\KULIAH\SEMESTER 5\RPL\UTS-UAS PROJECT\rakatu\system\CodeIgniter.php(407): CodeIgniter\CodeIgniter->runController(Object(App\Controllers\Dashboard))
#3 E:\KULIAH\SEMESTER 5\RPL\UTS-UAS PROJECT\rakatu\system\CodeIgniter.php(315): CodeIgniter\CodeIgniter->handleRequest(NULL, Object(Config\Cache), false)
#4 E:\KULIAH\SEMESTER 5\RPL\UTS-UAS PROJECT\rakatu\public\index.php(45): CodeIgniter\CodeIgniter->run()
#5 E:\KULIAH\SEMESTER 5\RPL\UTS-UAS PROJECT\rakatu\system\Commands\Server\rewrite.php(34): require_once('E:\\KULIAH\\SEMES...')
#6 {main}
CRITICAL - 2020-12-04 02:59:18 --> Call to a member function get() on null
#0 E:\KULIAH\SEMESTER 5\RPL\UTS-UAS PROJECT\rakatu\system\CodeIgniter.php(921): App\Controllers\Dashboard->ProfilUser()
#1 E:\KULIAH\SEMESTER 5\RPL\UTS-UAS PROJECT\rakatu\system\CodeIgniter.php(407): CodeIgniter\CodeIgniter->runController(Object(App\Controllers\Dashboard))
#2 E:\KULIAH\SEMESTER 5\RPL\UTS-UAS PROJECT\rakatu\system\CodeIgniter.php(315): CodeIgniter\CodeIgniter->handleRequest(NULL, Object(Config\Cache), false)
#3 E:\KULIAH\SEMESTER 5\RPL\UTS-UAS PROJECT\rakatu\public\index.php(45): CodeIgniter\CodeIgniter->run()
#4 E:\KULIAH\SEMESTER 5\RPL\UTS-UAS PROJECT\rakatu\system\Commands\Server\rewrite.php(34): require_once('E:\\KULIAH\\SEMES...')
#5 {main}
CRITICAL - 2020-12-04 03:06:12 --> Undefined variable: nama
#0 E:\KULIAH\SEMESTER 5\RPL\UTS-UAS PROJECT\rakatu\app\Views\profil_user_v.php(41): CodeIgniter\Debug\Exceptions->errorHandler(8, 'Undefined varia...', 'E:\\KULIAH\\SEMES...', 41, Array)
#1 E:\KULIAH\SEMESTER 5\RPL\UTS-UAS PROJECT\rakatu\system\View\View.php(246): include('E:\\KULIAH\\SEMES...')
#2 E:\KULIAH\SEMESTER 5\RPL\UTS-UAS PROJECT\rakatu\system\Common.php(1119): CodeIgniter\View\View->render('profil_user_v', Array, true)
#3 E:\KULIAH\SEMESTER 5\RPL\UTS-UAS PROJECT\rakatu\app\Controllers\Dashboard.php(43): view('profil_user_v', Array)
#4 E:\KULIAH\SEMESTER 5\RPL\UTS-UAS PROJECT\rakatu\system\CodeIgniter.php(921): App\Controllers\Dashboard->ProfilUser()
#5 E:\KULIAH\SEMESTER 5\RPL\UTS-UAS PROJECT\rakatu\system\CodeIgniter.php(407): CodeIgniter\CodeIgniter->runController(Object(App\Controllers\Dashboard))
#6 E:\KULIAH\SEMESTER 5\RPL\UTS-UAS PROJECT\rakatu\system\CodeIgniter.php(315): CodeIgniter\CodeIgniter->handleRequest(NULL, Object(Config\Cache), false)
#7 E:\KULIAH\SEMESTER 5\RPL\UTS-UAS PROJECT\rakatu\public\index.php(45): CodeIgniter\CodeIgniter->run()
#8 E:\KULIAH\SEMESTER 5\RPL\UTS-UAS PROJECT\rakatu\system\Commands\Server\rewrite.php(34): require_once('E:\\KULIAH\\SEMES...')
#9 {main}
CRITICAL - 2020-12-04 03:07:12 --> Undefined variable: data
#0 E:\KULIAH\SEMESTER 5\RPL\UTS-UAS PROJECT\rakatu\app\Views\profil_user_v.php(36): CodeIgniter\Debug\Exceptions->errorHandler(8, 'Undefined varia...', 'E:\\KULIAH\\SEMES...', 36, Array)
#1 E:\KULIAH\SEMESTER 5\RPL\UTS-UAS PROJECT\rakatu\system\View\View.php(246): include('E:\\KULIAH\\SEMES...')
#2 E:\KULIAH\SEMESTER 5\RPL\UTS-UAS PROJECT\rakatu\system\Common.php(1119): CodeIgniter\View\View->render('profil_user_v', Array, true)
#3 E:\KULIAH\SEMESTER 5\RPL\UTS-UAS PROJECT\rakatu\app\Controllers\Dashboard.php(43): view('profil_user_v', Array)
#4 E:\KULIAH\SEMESTER 5\RPL\UTS-UAS PROJECT\rakatu\system\CodeIgniter.php(921): App\Controllers\Dashboard->ProfilUser()
#5 E:\KULIAH\SEMESTER 5\RPL\UTS-UAS PROJECT\rakatu\system\CodeIgniter.php(407): CodeIgniter\CodeIgniter->runController(Object(App\Controllers\Dashboard))
#6 E:\KULIAH\SEMESTER 5\RPL\UTS-UAS PROJECT\rakatu\system\CodeIgniter.php(315): CodeIgniter\CodeIgniter->handleRequest(NULL, Object(Config\Cache), false)
#7 E:\KULIAH\SEMESTER 5\RPL\UTS-UAS PROJECT\rakatu\public\index.php(45): CodeIgniter\CodeIgniter->run()
#8 E:\KULIAH\SEMESTER 5\RPL\UTS-UAS PROJECT\rakatu\system\Commands\Server\rewrite.php(34): require_once('E:\\KULIAH\\SEMES...')
#9 {main}
CRITICAL - 2020-12-04 03:08:03 --> Undefined variable: data
#0 E:\KULIAH\SEMESTER 5\RPL\UTS-UAS PROJECT\rakatu\app\Views\profil_user_v.php(41): CodeIgniter\Debug\Exceptions->errorHandler(8, 'Undefined varia...', 'E:\\KULIAH\\SEMES...', 41, Array)
#1 E:\KULIAH\SEMESTER 5\RPL\UTS-UAS PROJECT\rakatu\system\View\View.php(246): include('E:\\KULIAH\\SEMES...')
#2 E:\KULIAH\SEMESTER 5\RPL\UTS-UAS PROJECT\rakatu\system\Common.php(1119): CodeIgniter\View\View->render('profil_user_v', Array, true)
#3 E:\KULIAH\SEMESTER 5\RPL\UTS-UAS PROJECT\rakatu\app\Controllers\Dashboard.php(43): view('profil_user_v', Array)
#4 E:\KULIAH\SEMESTER 5\RPL\UTS-UAS PROJECT\rakatu\system\CodeIgniter.php(921): App\Controllers\Dashboard->ProfilUser()
#5 E:\KULIAH\SEMESTER 5\RPL\UTS-UAS PROJECT\rakatu\system\CodeIgniter.php(407): CodeIgniter\CodeIgniter->runController(Object(App\Controllers\Dashboard))
#6 E:\KULIAH\SEMESTER 5\RPL\UTS-UAS PROJECT\rakatu\system\CodeIgniter.php(315): CodeIgniter\CodeIgniter->handleRequest(NULL, Object(Config\Cache), false)
#7 E:\KULIAH\SEMESTER 5\RPL\UTS-UAS PROJECT\rakatu\public\index.php(45): CodeIgniter\CodeIgniter->run()
#8 E:\KULIAH\SEMESTER 5\RPL\UTS-UAS PROJECT\rakatu\system\Commands\Server\rewrite.php(34): require_once('E:\\KULIAH\\SEMES...')
#9 {main}
CRITICAL - 2020-12-04 03:09:13 --> Undefined variable: nama
#0 E:\KULIAH\SEMESTER 5\RPL\UTS-UAS PROJECT\rakatu\app\Views\template.php(57): CodeIgniter\Debug\Exceptions->errorHandler(8, 'Undefined varia...', 'E:\\KULIAH\\SEMES...', 57, Array)
#1 E:\KULIAH\SEMESTER 5\RPL\UTS-UAS PROJECT\rakatu\system\View\View.php(246): include('E:\\KULIAH\\SEMES...')
#2 E:\KULIAH\SEMESTER 5\RPL\UTS-UAS PROJECT\rakatu\system\View\View.php(257): CodeIgniter\View\View->render('template', Array, true)
#3 E:\KULIAH\SEMESTER 5\RPL\UTS-UAS PROJECT\rakatu\system\Common.php(1119): CodeIgniter\View\View->render('profil_user_v', Array, true)
#4 E:\KULIAH\SEMESTER 5\RPL\UTS-UAS PROJECT\rakatu\app\Controllers\Dashboard.php(43): view('profil_user_v', Array)
#5 E:\KULIAH\SEMESTER 5\RPL\UTS-UAS PROJECT\rakatu\system\CodeIgniter.php(921): App\Controllers\Dashboard->ProfilUser()
#6 E:\KULIAH\SEMESTER 5\RPL\UTS-UAS PROJECT\rakatu\system\CodeIgniter.php(407): CodeIgniter\CodeIgniter->runController(Object(App\Controllers\Dashboard))
#7 E:\KULIAH\SEMESTER 5\RPL\UTS-UAS PROJECT\rakatu\system\CodeIgniter.php(315): CodeIgniter\CodeIgniter->handleRequest(NULL, Object(Config\Cache), false)
#8 E:\KULIAH\SEMESTER 5\RPL\UTS-UAS PROJECT\rakatu\public\index.php(45): CodeIgniter\CodeIgniter->run()
#9 E:\KULIAH\SEMESTER 5\RPL\UTS-UAS PROJECT\rakatu\system\Commands\Server\rewrite.php(34): require_once('E:\\KULIAH\\SEMES...')
#10 {main}
CRITICAL - 2020-12-04 03:11:46 --> Undefined variable: data
#0 E:\KULIAH\SEMESTER 5\RPL\UTS-UAS PROJECT\rakatu\app\Views\edit_profil_user_v.php(39): CodeIgniter\Debug\Exceptions->errorHandler(8, 'Undefined varia...', 'E:\\KULIAH\\SEMES...', 39, Array)
#1 E:\KULIAH\SEMESTER 5\RPL\UTS-UAS PROJECT\rakatu\system\View\View.php(246): include('E:\\KULIAH\\SEMES...')
#2 E:\KULIAH\SEMESTER 5\RPL\UTS-UAS PROJECT\rakatu\system\Common.php(1119): CodeIgniter\View\View->render('edit_profil_use...', Array, true)
#3 E:\KULIAH\SEMESTER 5\RPL\UTS-UAS PROJECT\rakatu\app\Controllers\Dashboard.php(70): view('edit_profil_use...', Array)
#4 E:\KULIAH\SEMESTER 5\RPL\UTS-UAS PROJECT\rakatu\system\CodeIgniter.php(921): App\Controllers\Dashboard->editProfilUser()
#5 E:\KULIAH\SEMESTER 5\RPL\UTS-UAS PROJECT\rakatu\system\CodeIgniter.php(407): CodeIgniter\CodeIgniter->runController(Object(App\Controllers\Dashboard))
#6 E:\KULIAH\SEMESTER 5\RPL\UTS-UAS PROJECT\rakatu\system\CodeIgniter.php(315): CodeIgniter\CodeIgniter->handleRequest(NULL, Object(Config\Cache), false)
#7 E:\KULIAH\SEMESTER 5\RPL\UTS-UAS PROJECT\rakatu\public\index.php(45): CodeIgniter\CodeIgniter->run()
#8 E:\KULIAH\SEMESTER 5\RPL\UTS-UAS PROJECT\rakatu\system\Commands\Server\rewrite.php(34): require_once('E:\\KULIAH\\SEMES...')
#9 {main}
CRITICAL - 2020-12-04 03:12:53 --> syntax error, unexpected '']=="perempuan") {echo '' (T_CONSTANT_ENCAPSED_STRING)
#0 E:\KULIAH\SEMESTER 5\RPL\UTS-UAS PROJECT\rakatu\system\Common.php(1119): CodeIgniter\View\View->render('edit_profil_use...', Array, true)
#1 E:\KULIAH\SEMESTER 5\RPL\UTS-UAS PROJECT\rakatu\app\Controllers\Dashboard.php(70): view('edit_profil_use...', Array)
#2 E:\KULIAH\SEMESTER 5\RPL\UTS-UAS PROJECT\rakatu\system\CodeIgniter.php(921): App\Controllers\Dashboard->editProfilUser()
#3 E:\KULIAH\SEMESTER 5\RPL\UTS-UAS PROJECT\rakatu\system\CodeIgniter.php(407): CodeIgniter\CodeIgniter->runController(Object(App\Controllers\Dashboard))
#4 E:\KULIAH\SEMESTER 5\RPL\UTS-UAS PROJECT\rakatu\system\CodeIgniter.php(315): CodeIgniter\CodeIgniter->handleRequest(NULL, Object(Config\Cache), false)
#5 E:\KULIAH\SEMESTER 5\RPL\UTS-UAS PROJECT\rakatu\public\index.php(45): CodeIgniter\CodeIgniter->run()
#6 E:\KULIAH\SEMESTER 5\RPL\UTS-UAS PROJECT\rakatu\system\Commands\Server\rewrite.php(34): require_once('E:\\KULIAH\\SEMES...')
#7 {main}
CRITICAL - 2020-12-04 03:13:37 --> syntax error, unexpected '']=="perempuan") {echo '' (T_CONSTANT_ENCAPSED_STRING)
#0 E:\KULIAH\SEMESTER 5\RPL\UTS-UAS PROJECT\rakatu\system\Common.php(1119): CodeIgniter\View\View->render('edit_profil_use...', Array, true)
#1 E:\KULIAH\SEMESTER 5\RPL\UTS-UAS PROJECT\rakatu\app\Controllers\Dashboard.php(74): view('edit_profil_use...', Array)
#2 E:\KULIAH\SEMESTER 5\RPL\UTS-UAS PROJECT\rakatu\system\CodeIgniter.php(921): App\Controllers\Dashboard->editProfilUser()
#3 E:\KULIAH\SEMESTER 5\RPL\UTS-UAS PROJECT\rakatu\system\CodeIgniter.php(407): CodeIgniter\CodeIgniter->runController(Object(App\Controllers\Dashboard))
#4 E:\KULIAH\SEMESTER 5\RPL\UTS-UAS PROJECT\rakatu\system\CodeIgniter.php(315): CodeIgniter\CodeIgniter->handleRequest(NULL, Object(Config\Cache), false)
#5 E:\KULIAH\SEMESTER 5\RPL\UTS-UAS PROJECT\rakatu\public\index.php(45): CodeIgniter\CodeIgniter->run()
#6 E:\KULIAH\SEMESTER 5\RPL\UTS-UAS PROJECT\rakatu\system\Commands\Server\rewrite.php(34): require_once('E:\\KULIAH\\SEMES...')
#7 {main}
CRITICAL - 2020-12-04 03:14:10 --> Undefined variable: pass
#0 E:\KULIAH\SEMESTER 5\RPL\UTS-UAS PROJECT\rakatu\app\Views\edit_profil_user_v.php(69): CodeIgniter\Debug\Exceptions->errorHandler(8, 'Undefined varia...', 'E:\\KULIAH\\SEMES...', 69, Array)
#1 E:\KULIAH\SEMESTER 5\RPL\UTS-UAS PROJECT\rakatu\system\View\View.php(246): include('E:\\KULIAH\\SEMES...')
#2 E:\KULIAH\SEMESTER 5\RPL\UTS-UAS PROJECT\rakatu\system\Common.php(1119): CodeIgniter\View\View->render('edit_profil_use...', Array, true)
#3 E:\KULIAH\SEMESTER 5\RPL\UTS-UAS PROJECT\rakatu\app\Controllers\Dashboard.php(74): view('edit_profil_use...', Array)
#4 E:\KULIAH\SEMESTER 5\RPL\UTS-UAS PROJECT\rakatu\system\CodeIgniter.php(921): App\Controllers\Dashboard->editProfilUser()
#5 E:\KULIAH\SEMESTER 5\RPL\UTS-UAS PROJECT\rakatu\system\CodeIgniter.php(407): CodeIgniter\CodeIgniter->runController(Object(App\Controllers\Dashboard))
#6 E:\KULIAH\SEMESTER 5\RPL\UTS-UAS PROJECT\rakatu\system\CodeIgniter.php(315): CodeIgniter\CodeIgniter->handleRequest(NULL, Object(Config\Cache), false)
#7 E:\KULIAH\SEMESTER 5\RPL\UTS-UAS PROJECT\rakatu\public\index.php(45): CodeIgniter\CodeIgniter->run()
#8 E:\KULIAH\SEMESTER 5\RPL\UTS-UAS PROJECT\rakatu\system\Commands\Server\rewrite.php(34): require_once('E:\\KULIAH\\SEMES...')
#9 {main}
CRITICAL - 2020-12-04 03:14:30 --> Undefined variable: pass
#0 E:\KULIAH\SEMESTER 5\RPL\UTS-UAS PROJECT\rakatu\app\Views\edit_profil_user_v.php(73): CodeIgniter\Debug\Exceptions->errorHandler(8, 'Undefined varia...', 'E:\\KULIAH\\SEMES...', 73, Array)
#1 E:\KULIAH\SEMESTER 5\RPL\UTS-UAS PROJECT\rakatu\system\View\View.php(246): include('E:\\KULIAH\\SEMES...')
#2 E:\KULIAH\SEMESTER 5\RPL\UTS-UAS PROJECT\rakatu\system\Common.php(1119): CodeIgniter\View\View->render('edit_profil_use...', Array, true)
#3 E:\KULIAH\SEMESTER 5\RPL\UTS-UAS PROJECT\rakatu\app\Controllers\Dashboard.php(74): view('edit_profil_use...', Array)
#4 E:\KULIAH\SEMESTER 5\RPL\UTS-UAS PROJECT\rakatu\system\CodeIgniter.php(921): App\Controllers\Dashboard->editProfilUser()
#5 E:\KULIAH\SEMESTER 5\RPL\UTS-UAS PROJECT\rakatu\system\CodeIgniter.php(407): CodeIgniter\CodeIgniter->runController(Object(App\Controllers\Dashboard))
#6 E:\KULIAH\SEMESTER 5\RPL\UTS-UAS PROJECT\rakatu\system\CodeIgniter.php(315): CodeIgniter\CodeIgniter->handleRequest(NULL, Object(Config\Cache), false)
#7 E:\KULIAH\SEMESTER 5\RPL\UTS-UAS PROJECT\rakatu\public\index.php(45): CodeIgniter\CodeIgniter->run()
#8 E:\KULIAH\SEMESTER 5\RPL\UTS-UAS PROJECT\rakatu\system\Commands\Server\rewrite.php(34): require_once('E:\\KULIAH\\SEMES...')
#9 {main}
CRITICAL - 2020-12-04 03:14:59 --> Undefined variable: pass
#0 E:\KULIAH\SEMESTER 5\RPL\UTS-UAS PROJECT\rakatu\app\Views\edit_profil_user_v.php(79): CodeIgniter\Debug\Exceptions->errorHandler(8, 'Undefined varia...', 'E:\\KULIAH\\SEMES...', 79, Array)
#1 E:\KULIAH\SEMESTER 5\RPL\UTS-UAS PROJECT\rakatu\system\View\View.php(246): include('E:\\KULIAH\\SEMES...')
#2 E:\KULIAH\SEMESTER 5\RPL\UTS-UAS PROJECT\rakatu\system\Common.php(1119): CodeIgniter\View\View->render('edit_profil_use...', Array, true)
#3 E:\KULIAH\SEMESTER 5\RPL\UTS-UAS PROJECT\rakatu\app\Controllers\Dashboard.php(74): view('edit_profil_use...', Array)
#4 E:\KULIAH\SEMESTER 5\RPL\UTS-UAS PROJECT\rakatu\system\CodeIgniter.php(921): App\Controllers\Dashboard->editProfilUser()
#5 E:\KULIAH\SEMESTER 5\RPL\UTS-UAS PROJECT\rakatu\system\CodeIgniter.php(407): CodeIgniter\CodeIgniter->runController(Object(App\Controllers\Dashboard))
#6 E:\KULIAH\SEMESTER 5\RPL\UTS-UAS PROJECT\rakatu\system\CodeIgniter.php(315): CodeIgniter\CodeIgniter->handleRequest(NULL, Object(Config\Cache), false)
#7 E:\KULIAH\SEMESTER 5\RPL\UTS-UAS PROJECT\rakatu\public\index.php(45): CodeIgniter\CodeIgniter->run()
#8 E:\KULIAH\SEMESTER 5\RPL\UTS-UAS PROJECT\rakatu\system\Commands\Server\rewrite.php(34): require_once('E:\\KULIAH\\SEMES...')
#9 {main}
CRITICAL - 2020-12-04 03:42:35 --> Cannot redeclare App\Controllers\Dashboard::ProfilUser()
#0 [internal function]: CodeIgniter\Debug\Exceptions->shutdownHandler()
#1 {main}
CRITICAL - 2020-12-04 03:44:15 --> Undefined variable: namadepan
#0 E:\KULIAH\SEMESTER 5\RPL\UTS-UAS PROJECT\rakatu\app\Views\template.php(57): CodeIgniter\Debug\Exceptions->errorHandler(8, 'Undefined varia...', 'E:\\KULIAH\\SEMES...', 57, Array)
#1 E:\KULIAH\SEMESTER 5\RPL\UTS-UAS PROJECT\rakatu\system\View\View.php(246): include('E:\\KULIAH\\SEMES...')
#2 E:\KULIAH\SEMESTER 5\RPL\UTS-UAS PROJECT\rakatu\system\View\View.php(257): CodeIgniter\View\View->render('template', Array, true)
#3 E:\KULIAH\SEMESTER 5\RPL\UTS-UAS PROJECT\rakatu\system\Common.php(1119): CodeIgniter\View\View->render('index_v', Array, true)
#4 E:\KULIAH\SEMESTER 5\RPL\UTS-UAS PROJECT\rakatu\app\Controllers\Index.php(17): view('index_v', Array)
#5 E:\KULIAH\SEMESTER 5\RPL\UTS-UAS PROJECT\rakatu\system\CodeIgniter.php(921): App\Controllers\Index->index()
#6 E:\KULIAH\SEMESTER 5\RPL\UTS-UAS PROJECT\rakatu\system\CodeIgniter.php(407): CodeIgniter\CodeIgniter->runController(Object(App\Controllers\Index))
#7 E:\KULIAH\SEMESTER 5\RPL\UTS-UAS PROJECT\rakatu\system\CodeIgniter.php(315): CodeIgniter\CodeIgniter->handleRequest(NULL, Object(Config\Cache), false)
#8 E:\KULIAH\SEMESTER 5\RPL\UTS-UAS PROJECT\rakatu\public\index.php(45): CodeIgniter\CodeIgniter->run()
#9 E:\KULIAH\SEMESTER 5\RPL\UTS-UAS PROJECT\rakatu\system\Commands\Server\rewrite.php(34): require_once('E:\\KULIAH\\SEMES...')
#10 {main}
CRITICAL - 2020-12-04 03:48:23 --> Undefined variable: namadepan
#0 E:\KULIAH\SEMESTER 5\RPL\UTS-UAS PROJECT\rakatu\app\Views\template.php(57): CodeIgniter\Debug\Exceptions->errorHandler(8, 'Undefined varia...', 'E:\\KULIAH\\SEMES...', 57, Array)
#1 E:\KULIAH\SEMESTER 5\RPL\UTS-UAS PROJECT\rakatu\system\View\View.php(246): include('E:\\KULIAH\\SEMES...')
#2 E:\KULIAH\SEMESTER 5\RPL\UTS-UAS PROJECT\rakatu\system\View\View.php(257): CodeIgniter\View\View->render('template', Array, true)
#3 E:\KULIAH\SEMESTER 5\RPL\UTS-UAS PROJECT\rakatu\system\Common.php(1119): CodeIgniter\View\View->render('index_v', Array, true)
#4 E:\KULIAH\SEMESTER 5\RPL\UTS-UAS PROJECT\rakatu\app\Controllers\Index.php(17): view('index_v', Array)
#5 E:\KULIAH\SEMESTER 5\RPL\UTS-UAS PROJECT\rakatu\system\CodeIgniter.php(921): App\Controllers\Index->index()
#6 E:\KULIAH\SEMESTER 5\RPL\UTS-UAS PROJECT\rakatu\system\CodeIgniter.php(407): CodeIgniter\CodeIgniter->runController(Object(App\Controllers\Index))
#7 E:\KULIAH\SEMESTER 5\RPL\UTS-UAS PROJECT\rakatu\system\CodeIgniter.php(315): CodeIgniter\CodeIgniter->handleRequest(NULL, Object(Config\Cache), false)
#8 E:\KULIAH\SEMESTER 5\RPL\UTS-UAS PROJECT\rakatu\public\index.php(45): CodeIgniter\CodeIgniter->run()
#9 E:\KULIAH\SEMESTER 5\RPL\UTS-UAS PROJECT\rakatu\system\Commands\Server\rewrite.php(34): require_once('E:\\KULIAH\\SEMES...')
#10 {main}
CRITICAL - 2020-12-04 03:49:22 --> Undefined variable: namadepan
#0 E:\KULIAH\SEMESTER 5\RPL\UTS-UAS PROJECT\rakatu\app\Views\template.php(57): CodeIgniter\Debug\Exceptions->errorHandler(8, 'Undefined varia...', 'E:\\KULIAH\\SEMES...', 57, Array)
#1 E:\KULIAH\SEMESTER 5\RPL\UTS-UAS PROJECT\rakatu\system\View\View.php(246): include('E:\\KULIAH\\SEMES...')
#2 E:\KULIAH\SEMESTER 5\RPL\UTS-UAS PROJECT\rakatu\system\View\View.php(257): CodeIgniter\View\View->render('template', Array, true)
#3 E:\KULIAH\SEMESTER 5\RPL\UTS-UAS PROJECT\rakatu\system\Common.php(1119): CodeIgniter\View\View->render('index_v', Array, true)
#4 E:\KULIAH\SEMESTER 5\RPL\UTS-UAS PROJECT\rakatu\app\Controllers\Index.php(17): view('index_v', Array)
#5 E:\KULIAH\SEMESTER 5\RPL\UTS-UAS PROJECT\rakatu\system\CodeIgniter.php(921): App\Controllers\Index->index()
#6 E:\KULIAH\SEMESTER 5\RPL\UTS-UAS PROJECT\rakatu\system\CodeIgniter.php(407): CodeIgniter\CodeIgniter->runController(Object(App\Controllers\Index))
#7 E:\KULIAH\SEMESTER 5\RPL\UTS-UAS PROJECT\rakatu\system\CodeIgniter.php(315): CodeIgniter\CodeIgniter->handleRequest(NULL, Object(Config\Cache), false)
#8 E:\KULIAH\SEMESTER 5\RPL\UTS-UAS PROJECT\rakatu\public\index.php(45): CodeIgniter\CodeIgniter->run()
#9 E:\KULIAH\SEMESTER 5\RPL\UTS-UAS PROJECT\rakatu\system\Commands\Server\rewrite.php(34): require_once('E:\\KULIAH\\SEMES...')
#10 {main}
CRITICAL - 2020-12-04 03:50:27 --> Undefined variable: namadepan
#0 E:\KULIAH\SEMESTER 5\RPL\UTS-UAS PROJECT\rakatu\app\Views\template.php(57): CodeIgniter\Debug\Exceptions->errorHandler(8, 'Undefined varia...', 'E:\\KULIAH\\SEMES...', 57, Array)
#1 E:\KULIAH\SEMESTER 5\RPL\UTS-UAS PROJECT\rakatu\system\View\View.php(246): include('E:\\KULIAH\\SEMES...')
#2 E:\KULIAH\SEMESTER 5\RPL\UTS-UAS PROJECT\rakatu\system\View\View.php(257): CodeIgniter\View\View->render('template', Array, true)
#3 E:\KULIAH\SEMESTER 5\RPL\UTS-UAS PROJECT\rakatu\system\Common.php(1119): CodeIgniter\View\View->render('index_v', Array, true)
#4 E:\KULIAH\SEMESTER 5\RPL\UTS-UAS PROJECT\rakatu\app\Controllers\Index.php(17): view('index_v', Array)
#5 E:\KULIAH\SEMESTER 5\RPL\UTS-UAS PROJECT\rakatu\system\CodeIgniter.php(921): App\Controllers\Index->index()
#6 E:\KULIAH\SEMESTER 5\RPL\UTS-UAS PROJECT\rakatu\system\CodeIgniter.php(407): CodeIgniter\CodeIgniter->runController(Object(App\Controllers\Index))
#7 E:\KULIAH\SEMESTER 5\RPL\UTS-UAS PROJECT\rakatu\system\CodeIgniter.php(315): CodeIgniter\CodeIgniter->handleRequest(NULL, Object(Config\Cache), false)
#8 E:\KULIAH\SEMESTER 5\RPL\UTS-UAS PROJECT\rakatu\public\index.php(45): CodeIgniter\CodeIgniter->run()
#9 E:\KULIAH\SEMESTER 5\RPL\UTS-UAS PROJECT\rakatu\system\Commands\Server\rewrite.php(34): require_once('E:\\KULIAH\\SEMES...')
#10 {main}
CRITICAL - 2020-12-04 03:50:45 --> syntax error, unexpected '=>' (T_DOUBLE_ARROW)
#0 E:\KULIAH\SEMESTER 5\RPL\UTS-UAS PROJECT\rakatu\system\Router\Router.php(195): CodeIgniter\Router\Router->autoRoute('Dashboard/Profi...')
#1 E:\KULIAH\SEMESTER 5\RPL\UTS-UAS PROJECT\rakatu\system\CodeIgniter.php(796): CodeIgniter\Router\Router->handle('Dashboard/Profi...')
#2 E:\KULIAH\SEMESTER 5\RPL\UTS-UAS PROJECT\rakatu\system\CodeIgniter.php(367): CodeIgniter\CodeIgniter->tryToRouteIt(Object(CodeIgniter\Router\RouteCollection))
#3 E:\KULIAH\SEMESTER 5\RPL\UTS-UAS PROJECT\rakatu\system\CodeIgniter.php(315): CodeIgniter\CodeIgniter->handleRequest(NULL, Object(Config\Cache), false)
#4 E:\KULIAH\SEMESTER 5\RPL\UTS-UAS PROJECT\rakatu\public\index.php(45): CodeIgniter\CodeIgniter->run()
#5 E:\KULIAH\SEMESTER 5\RPL\UTS-UAS PROJECT\rakatu\system\Commands\Server\rewrite.php(34): require_once('E:\\KULIAH\\SEMES...')
#6 {main}
CRITICAL - 2020-12-04 03:50:59 --> Undefined variable: namadepan
#0 E:\KULIAH\SEMESTER 5\RPL\UTS-UAS PROJECT\rakatu\app\Views\template.php(57): CodeIgniter\Debug\Exceptions->errorHandler(8, 'Undefined varia...', 'E:\\KULIAH\\SEMES...', 57, Array)
#1 E:\KULIAH\SEMESTER 5\RPL\UTS-UAS PROJECT\rakatu\system\View\View.php(246): include('E:\\KULIAH\\SEMES...')
#2 E:\KULIAH\SEMESTER 5\RPL\UTS-UAS PROJECT\rakatu\system\View\View.php(257): CodeIgniter\View\View->render('template', Array, true)
#3 E:\KULIAH\SEMESTER 5\RPL\UTS-UAS PROJECT\rakatu\system\Common.php(1119): CodeIgniter\View\View->render('index_v', Array, true)
#4 E:\KULIAH\SEMESTER 5\RPL\UTS-UAS PROJECT\rakatu\app\Controllers\Index.php(17): view('index_v', Array)
#5 E:\KULIAH\SEMESTER 5\RPL\UTS-UAS PROJECT\rakatu\system\CodeIgniter.php(921): App\Controllers\Index->index()
#6 E:\KULIAH\SEMESTER 5\RPL\UTS-UAS PROJECT\rakatu\system\CodeIgniter.php(407): CodeIgniter\CodeIgniter->runController(Object(App\Controllers\Index))
#7 E:\KULIAH\SEMESTER 5\RPL\UTS-UAS PROJECT\rakatu\system\CodeIgniter.php(315): CodeIgniter\CodeIgniter->handleRequest(NULL, Object(Config\Cache), false)
#8 E:\KULIAH\SEMESTER 5\RPL\UTS-UAS PROJECT\rakatu\public\index.php(45): CodeIgniter\CodeIgniter->run()
#9 E:\KULIAH\SEMESTER 5\RPL\UTS-UAS PROJECT\rakatu\system\Commands\Server\rewrite.php(34): require_once('E:\\KULIAH\\SEMES...')
#10 {main}
CRITICAL - 2020-12-04 03:51:58 --> Undefined variable: nama
#0 E:\KULIAH\SEMESTER 5\RPL\UTS-UAS PROJECT\rakatu\app\Views\index_v.php(11): CodeIgniter\Debug\Exceptions->errorHandler(8, 'Undefined varia...', 'E:\\KULIAH\\SEMES...', 11, Array)
#1 E:\KULIAH\SEMESTER 5\RPL\UTS-UAS PROJECT\rakatu\system\View\View.php(246): include('E:\\KULIAH\\SEMES...')
#2 E:\KULIAH\SEMESTER 5\RPL\UTS-UAS PROJECT\rakatu\system\Common.php(1119): CodeIgniter\View\View->render('index_v', Array, true)
#3 E:\KULIAH\SEMESTER 5\RPL\UTS-UAS PROJECT\rakatu\app\Controllers\Index.php(17): view('index_v', Array)
#4 E:\KULIAH\SEMESTER 5\RPL\UTS-UAS PROJECT\rakatu\system\CodeIgniter.php(921): App\Controllers\Index->index()
#5 E:\KULIAH\SEMESTER 5\RPL\UTS-UAS PROJECT\rakatu\system\CodeIgniter.php(407): CodeIgniter\CodeIgniter->runController(Object(App\Controllers\Index))
#6 E:\KULIAH\SEMESTER 5\RPL\UTS-UAS PROJECT\rakatu\system\CodeIgniter.php(315): CodeIgniter\CodeIgniter->handleRequest(NULL, Object(Config\Cache), false)
#7 E:\KULIAH\SEMESTER 5\RPL\UTS-UAS PROJECT\rakatu\public\index.php(45): CodeIgniter\CodeIgniter->run()
#8 E:\KULIAH\SEMESTER 5\RPL\UTS-UAS PROJECT\rakatu\system\Commands\Server\rewrite.php(34): require_once('E:\\KULIAH\\SEMES...')
#9 {main}
CRITICAL - 2020-12-04 04:57:17 --> Class 'App\Controllers\AdminModel' not found
#0 E:\KULIAH\SEMESTER 5\RPL\UTS-UAS PROJECT\rakatu\system\CodeIgniter.php(921): App\Controllers\Login->authadmin()
#1 E:\KULIAH\SEMESTER 5\RPL\UTS-UAS PROJECT\rakatu\system\CodeIgniter.php(407): CodeIgniter\CodeIgniter->runController(Object(App\Controllers\Login))
#2 E:\KULIAH\SEMESTER 5\RPL\UTS-UAS PROJECT\rakatu\system\CodeIgniter.php(315): CodeIgniter\CodeIgniter->handleRequest(NULL, Object(Config\Cache), false)
#3 E:\KULIAH\SEMESTER 5\RPL\UTS-UAS PROJECT\rakatu\public\index.php(45): CodeIgniter\CodeIgniter->run()
#4 E:\KULIAH\SEMESTER 5\RPL\UTS-UAS PROJECT\rakatu\system\Commands\Server\rewrite.php(34): require_once('E:\\KULIAH\\SEMES...')
#5 {main}
CRITICAL - 2020-12-04 04:58:06 --> Class 'App\Controllers\AdminModel' not found
#0 E:\KULIAH\SEMESTER 5\RPL\UTS-UAS PROJECT\rakatu\system\CodeIgniter.php(921): App\Controllers\Login->authadmin()
#1 E:\KULIAH\SEMESTER 5\RPL\UTS-UAS PROJECT\rakatu\system\CodeIgniter.php(407): CodeIgniter\CodeIgniter->runController(Object(App\Controllers\Login))
#2 E:\KULIAH\SEMESTER 5\RPL\UTS-UAS PROJECT\rakatu\system\CodeIgniter.php(315): CodeIgniter\CodeIgniter->handleRequest(NULL, Object(Config\Cache), false)
#3 E:\KULIAH\SEMESTER 5\RPL\UTS-UAS PROJECT\rakatu\public\index.php(45): CodeIgniter\CodeIgniter->run()
#4 E:\KULIAH\SEMESTER 5\RPL\UTS-UAS PROJECT\rakatu\system\Commands\Server\rewrite.php(34): require_once('E:\\KULIAH\\SEMES...')
#5 {main}
CRITICAL - 2020-12-04 04:58:34 --> Unknown column 'id_user' in 'where clause'
#0 E:\KULIAH\SEMESTER 5\RPL\UTS-UAS PROJECT\rakatu\system\Database\MySQLi\Connection.php(331): mysqli->query('SELECT *\nFROM `...')
#1 E:\KULIAH\SEMESTER 5\RPL\UTS-UAS PROJECT\rakatu\system\Database\BaseConnection.php(741): CodeIgniter\Database\MySQLi\Connection->execute('SELECT *\nFROM `...')
#2 E:\KULIAH\SEMESTER 5\RPL\UTS-UAS PROJECT\rakatu\system\Database\BaseConnection.php(669): CodeIgniter\Database\BaseConnection->simpleQuery('SELECT *\nFROM `...')
#3 E:\KULIAH\SEMESTER 5\RPL\UTS-UAS PROJECT\rakatu\system\Database\BaseBuilder.php(1860): CodeIgniter\Database\BaseConnection->query('SELECT *\nFROM `...', Array, false)
#4 E:\KULIAH\SEMESTER 5\RPL\UTS-UAS PROJECT\rakatu\system\Model.php(506): CodeIgniter\Database\BaseBuilder->get()
#5 E:\KULIAH\SEMESTER 5\RPL\UTS-UAS PROJECT\rakatu\app\Controllers\Login.php(67): CodeIgniter\Model->first()
#6 E:\KULIAH\SEMESTER 5\RPL\UTS-UAS PROJECT\rakatu\system\CodeIgniter.php(921): App\Controllers\Login->authadmin()
#7 E:\KULIAH\SEMESTER 5\RPL\UTS-UAS PROJECT\rakatu\system\CodeIgniter.php(407): CodeIgniter\CodeIgniter->runController(Object(App\Controllers\Login))
#8 E:\KULIAH\SEMESTER 5\RPL\UTS-UAS PROJECT\rakatu\system\CodeIgniter.php(315): CodeIgniter\CodeIgniter->handleRequest(NULL, Object(Config\Cache), false)
#9 E:\KULIAH\SEMESTER 5\RPL\UTS-UAS PROJECT\rakatu\public\index.php(45): CodeIgniter\CodeIgniter->run()
#10 E:\KULIAH\SEMESTER 5\RPL\UTS-UAS PROJECT\rakatu\system\Commands\Server\rewrite.php(34): require_once('E:\\KULIAH\\SEMES...')
#11 {main}
CRITICAL - 2020-12-04 04:59:14 --> syntax error, unexpected '=>' (T_DOUBLE_ARROW)
#0 E:\KULIAH\SEMESTER 5\RPL\UTS-UAS PROJECT\rakatu\system\Router\Router.php(195): CodeIgniter\Router\Router->autoRoute('Dashboard')
#1 E:\KULIAH\SEMESTER 5\RPL\UTS-UAS PROJECT\rakatu\system\CodeIgniter.php(796): CodeIgniter\Router\Router->handle('Dashboard')
#2 E:\KULIAH\SEMESTER 5\RPL\UTS-UAS PROJECT\rakatu\system\CodeIgniter.php(367): CodeIgniter\CodeIgniter->tryToRouteIt(Object(CodeIgniter\Router\RouteCollection))
#3 E:\KULIAH\SEMESTER 5\RPL\UTS-UAS PROJECT\rakatu\system\CodeIgniter.php(315): CodeIgniter\CodeIgniter->handleRequest(NULL, Object(Config\Cache), false)
#4 E:\KULIAH\SEMESTER 5\RPL\UTS-UAS PROJECT\rakatu\public\index.php(45): CodeIgniter\CodeIgniter->run()
#5 E:\KULIAH\SEMESTER 5\RPL\UTS-UAS PROJECT\rakatu\system\Commands\Server\rewrite.php(34): require_once('E:\\KULIAH\\SEMES...')
#6 {main}
CRITICAL - 2020-12-04 04:59:37 --> syntax error, unexpected '=>' (T_DOUBLE_ARROW)
#0 E:\KULIAH\SEMESTER 5\RPL\UTS-UAS PROJECT\rakatu\system\Router\Router.php(195): CodeIgniter\Router\Router->autoRoute('Dashboard')
#1 E:\KULIAH\SEMESTER 5\RPL\UTS-UAS PROJECT\rakatu\system\CodeIgniter.php(796): CodeIgniter\Router\Router->handle('Dashboard')
#2 E:\KULIAH\SEMESTER 5\RPL\UTS-UAS PROJECT\rakatu\system\CodeIgniter.php(367): CodeIgniter\CodeIgniter->tryToRouteIt(Object(CodeIgniter\Router\RouteCollection))
#3 E:\KULIAH\SEMESTER 5\RPL\UTS-UAS PROJECT\rakatu\system\CodeIgniter.php(315): CodeIgniter\CodeIgniter->handleRequest(NULL, Object(Config\Cache), false)
#4 E:\KULIAH\SEMESTER 5\RPL\UTS-UAS PROJECT\rakatu\public\index.php(45): CodeIgniter\CodeIgniter->run()
#5 E:\KULIAH\SEMESTER 5\RPL\UTS-UAS PROJECT\rakatu\system\Commands\Server\rewrite.php(34): require_once('E:\\KULIAH\\SEMES...')
#6 {main}
CRITICAL - 2020-12-04 04:59:47 --> Undefined variable: namadepan
#0 E:\KULIAH\SEMESTER 5\RPL\UTS-UAS PROJECT\rakatu\app\Views\index_v.php(11): CodeIgniter\Debug\Exceptions->errorHandler(8, 'Undefined varia...', 'E:\\KULIAH\\SEMES...', 11, Array)
#1 E:\KULIAH\SEMESTER 5\RPL\UTS-UAS PROJECT\rakatu\system\View\View.php(246): include('E:\\KULIAH\\SEMES...')
#2 E:\KULIAH\SEMESTER 5\RPL\UTS-UAS PROJECT\rakatu\system\Common.php(1119): CodeIgniter\View\View->render('index_v', Array, true)
#3 E:\KULIAH\SEMESTER 5\RPL\UTS-UAS PROJECT\rakatu\app\Controllers\Dashboard.php(17): view('index_v', Array)
#4 E:\KULIAH\SEMESTER 5\RPL\UTS-UAS PROJECT\rakatu\system\CodeIgniter.php(921): App\Controllers\Dashboard->index()
#5 E:\KULIAH\SEMESTER 5\RPL\UTS-UAS PROJECT\rakatu\system\CodeIgniter.php(407): CodeIgniter\CodeIgniter->runController(Object(App\Controllers\Dashboard))
#6 E:\KULIAH\SEMESTER 5\RPL\UTS-UAS PROJECT\rakatu\system\CodeIgniter.php(315): CodeIgniter\CodeIgniter->handleRequest(NULL, Object(Config\Cache), false)
#7 E:\KULIAH\SEMESTER 5\RPL\UTS-UAS PROJECT\rakatu\public\index.php(45): CodeIgniter\CodeIgniter->run()
#8 E:\KULIAH\SEMESTER 5\RPL\UTS-UAS PROJECT\rakatu\system\Commands\Server\rewrite.php(34): require_once('E:\\KULIAH\\SEMES...')
#9 {main}
CRITICAL - 2020-12-04 05:03:47 --> Undefined variable: namadepan
#0 E:\KULIAH\SEMESTER 5\RPL\UTS-UAS PROJECT\rakatu\app\Views\template.php(57): CodeIgniter\Debug\Exceptions->errorHandler(8, 'Undefined varia...', 'E:\\KULIAH\\SEMES...', 57, Array)
#1 E:\KULIAH\SEMESTER 5\RPL\UTS-UAS PROJECT\rakatu\system\View\View.php(246): include('E:\\KULIAH\\SEMES...')
#2 E:\KULIAH\SEMESTER 5\RPL\UTS-UAS PROJECT\rakatu\system\View\View.php(257): CodeIgniter\View\View->render('template', Array, true)
#3 E:\KULIAH\SEMESTER 5\RPL\UTS-UAS PROJECT\rakatu\system\Common.php(1119): CodeIgniter\View\View->render('log_in_admin_v', Array, true)
#4 E:\KULIAH\SEMESTER 5\RPL\UTS-UAS PROJECT\rakatu\app\Controllers\Index.php(35): view('log_in_admin_v', Array)
#5 E:\KULIAH\SEMESTER 5\RPL\UTS-UAS PROJECT\rakatu\system\CodeIgniter.php(921): App\Controllers\Index->loginadmin()
#6 E:\KULIAH\SEMESTER 5\RPL\UTS-UAS PROJECT\rakatu\system\CodeIgniter.php(407): CodeIgniter\CodeIgniter->runController(Object(App\Controllers\Index))
#7 E:\KULIAH\SEMESTER 5\RPL\UTS-UAS PROJECT\rakatu\system\CodeIgniter.php(315): CodeIgniter\CodeIgniter->handleRequest(NULL, Object(Config\Cache), false)
#8 E:\KULIAH\SEMESTER 5\RPL\UTS-UAS PROJECT\rakatu\public\index.php(45): CodeIgniter\CodeIgniter->run()
#9 E:\KULIAH\SEMESTER 5\RPL\UTS-UAS PROJECT\rakatu\system\Commands\Server\rewrite.php(34): require_once('E:\\KULIAH\\SEMES...')
#10 {main}
CRITICAL - 2020-12-04 05:03:48 --> Undefined variable: namadepan
#0 E:\KULIAH\SEMESTER 5\RPL\UTS-UAS PROJECT\rakatu\app\Views\template.php(57): CodeIgniter\Debug\Exceptions->errorHandler(8, 'Undefined varia...', 'E:\\KULIAH\\SEMES...', 57, Array)
#1 E:\KULIAH\SEMESTER 5\RPL\UTS-UAS PROJECT\rakatu\system\View\View.php(246): include('E:\\KULIAH\\SEMES...')
#2 E:\KULIAH\SEMESTER 5\RPL\UTS-UAS PROJECT\rakatu\system\View\View.php(257): CodeIgniter\View\View->render('template', Array, true)
#3 E:\KULIAH\SEMESTER 5\RPL\UTS-UAS PROJECT\rakatu\system\Common.php(1119): CodeIgniter\View\View->render('log_in_admin_v', Array, true)
#4 E:\KULIAH\SEMESTER 5\RPL\UTS-UAS PROJECT\rakatu\app\Controllers\Index.php(35): view('log_in_admin_v', Array)
#5 E:\KULIAH\SEMESTER 5\RPL\UTS-UAS PROJECT\rakatu\system\CodeIgniter.php(921): App\Controllers\Index->loginadmin()
#6 E:\KULIAH\SEMESTER 5\RPL\UTS-UAS PROJECT\rakatu\system\CodeIgniter.php(407): CodeIgniter\CodeIgniter->runController(Object(App\Controllers\Index))
#7 E:\KULIAH\SEMESTER 5\RPL\UTS-UAS PROJECT\rakatu\system\CodeIgniter.php(315): CodeIgniter\CodeIgniter->handleRequest(NULL, Object(Config\Cache), false)
#8 E:\KULIAH\SEMESTER 5\RPL\UTS-UAS PROJECT\rakatu\public\index.php(45): CodeIgniter\CodeIgniter->run()
#9 E:\KULIAH\SEMESTER 5\RPL\UTS-UAS PROJECT\rakatu\system\Commands\Server\rewrite.php(34): require_once('E:\\KULIAH\\SEMES...')
#10 {main}
CRITICAL - 2020-12-04 05:04:59 --> Undefined variable: namadepan
#0 E:\KULIAH\SEMESTER 5\RPL\UTS-UAS PROJECT\rakatu\app\Views\template.php(57): CodeIgniter\Debug\Exceptions->errorHandler(8, 'Undefined varia...', 'E:\\KULIAH\\SEMES...', 57, Array)
#1 E:\KULIAH\SEMESTER 5\RPL\UTS-UAS PROJECT\rakatu\system\View\View.php(246): include('E:\\KULIAH\\SEMES...')
#2 E:\KULIAH\SEMESTER 5\RPL\UTS-UAS PROJECT\rakatu\system\View\View.php(257): CodeIgniter\View\View->render('template', Array, true)
#3 E:\KULIAH\SEMESTER 5\RPL\UTS-UAS PROJECT\rakatu\system\Common.php(1119): CodeIgniter\View\View->render('log_in_admin_v', Array, true)
#4 E:\KULIAH\SEMESTER 5\RPL\UTS-UAS PROJECT\rakatu\app\Controllers\Index.php(35): view('log_in_admin_v', Array)
#5 E:\KULIAH\SEMESTER 5\RPL\UTS-UAS PROJECT\rakatu\system\CodeIgniter.php(921): App\Controllers\Index->loginadmin()
#6 E:\KULIAH\SEMESTER 5\RPL\UTS-UAS PROJECT\rakatu\system\CodeIgniter.php(407): CodeIgniter\CodeIgniter->runController(Object(App\Controllers\Index))
#7 E:\KULIAH\SEMESTER 5\RPL\UTS-UAS PROJECT\rakatu\system\CodeIgniter.php(315): CodeIgniter\CodeIgniter->handleRequest(NULL, Object(Config\Cache), false)
#8 E:\KULIAH\SEMESTER 5\RPL\UTS-UAS PROJECT\rakatu\public\index.php(45): CodeIgniter\CodeIgniter->run()
#9 E:\KULIAH\SEMESTER 5\RPL\UTS-UAS PROJECT\rakatu\system\Commands\Server\rewrite.php(34): require_once('E:\\KULIAH\\SEMES...')
#10 {main}
CRITICAL - 2020-12-04 05:05:03 --> Undefined variable: namadepan
#0 E:\KULIAH\SEMESTER 5\RPL\UTS-UAS PROJECT\rakatu\app\Views\template.php(57): CodeIgniter\Debug\Exceptions->errorHandler(8, 'Undefined varia...', 'E:\\KULIAH\\SEMES...', 57, Array)
#1 E:\KULIAH\SEMESTER 5\RPL\UTS-UAS PROJECT\rakatu\system\View\View.php(246): include('E:\\KULIAH\\SEMES...')
#2 E:\KULIAH\SEMESTER 5\RPL\UTS-UAS PROJECT\rakatu\system\View\View.php(257): CodeIgniter\View\View->render('template', Array, true)
#3 E:\KULIAH\SEMESTER 5\RPL\UTS-UAS PROJECT\rakatu\system\Common.php(1119): CodeIgniter\View\View->render('log_in_user_v', Array, true)
#4 E:\KULIAH\SEMESTER 5\RPL\UTS-UAS PROJECT\rakatu\app\Controllers\Index.php(26): view('log_in_user_v', Array)
#5 E:\KULIAH\SEMESTER 5\RPL\UTS-UAS PROJECT\rakatu\system\CodeIgniter.php(921): App\Controllers\Index->loginuser()
#6 E:\KULIAH\SEMESTER 5\RPL\UTS-UAS PROJECT\rakatu\system\CodeIgniter.php(407): CodeIgniter\CodeIgniter->runController(Object(App\Controllers\Index))
#7 E:\KULIAH\SEMESTER 5\RPL\UTS-UAS PROJECT\rakatu\system\CodeIgniter.php(315): CodeIgniter\CodeIgniter->handleRequest(NULL, Object(Config\Cache), false)
#8 E:\KULIAH\SEMESTER 5\RPL\UTS-UAS PROJECT\rakatu\public\index.php(45): CodeIgniter\CodeIgniter->run()
#9 E:\KULIAH\SEMESTER 5\RPL\UTS-UAS PROJECT\rakatu\system\Commands\Server\rewrite.php(34): require_once('E:\\KULIAH\\SEMES...')
#10 {main}
CRITICAL - 2020-12-04 05:05:27 --> Call to undefined method App\Models\AdminModel::getDataUser
#0 E:\KULIAH\SEMESTER 5\RPL\UTS-UAS PROJECT\rakatu\app\Controllers\Dashboard.php(25): CodeIgniter\Model->__call('getDataUser', Array)
#1 E:\KULIAH\SEMESTER 5\RPL\UTS-UAS PROJECT\rakatu\system\CodeIgniter.php(921): App\Controllers\Dashboard->index_admin()
#2 E:\KULIAH\SEMESTER 5\RPL\UTS-UAS PROJECT\rakatu\system\CodeIgniter.php(407): CodeIgniter\CodeIgniter->runController(Object(App\Controllers\Dashboard))
#3 E:\KULIAH\SEMESTER 5\RPL\UTS-UAS PROJECT\rakatu\system\CodeIgniter.php(315): CodeIgniter\CodeIgniter->handleRequest(NULL, Object(Config\Cache), false)
#4 E:\KULIAH\SEMESTER 5\RPL\UTS-UAS PROJECT\rakatu\public\index.php(45): CodeIgniter\CodeIgniter->run()
#5 E:\KULIAH\SEMESTER 5\RPL\UTS-UAS PROJECT\rakatu\system\Commands\Server\rewrite.php(34): require_once('E:\\KULIAH\\SEMES...')
#6 {main}
CRITICAL - 2020-12-04 05:06:12 --> Unknown column 'id_user' in 'where clause'
#0 E:\KULIAH\SEMESTER 5\RPL\UTS-UAS PROJECT\rakatu\system\Database\MySQLi\Connection.php(331): mysqli->query('SELECT *\nFROM `...')
#1 E:\KULIAH\SEMESTER 5\RPL\UTS-UAS PROJECT\rakatu\system\Database\BaseConnection.php(741): CodeIgniter\Database\MySQLi\Connection->execute('SELECT *\nFROM `...')
#2 E:\KULIAH\SEMESTER 5\RPL\UTS-UAS PROJECT\rakatu\system\Database\BaseConnection.php(669): CodeIgniter\Database\BaseConnection->simpleQuery('SELECT *\nFROM `...')
#3 E:\KULIAH\SEMESTER 5\RPL\UTS-UAS PROJECT\rakatu\system\Database\BaseBuilder.php(1860): CodeIgniter\Database\BaseConnection->query('SELECT *\nFROM `...', Array, false)
#4 E:\KULIAH\SEMESTER 5\RPL\UTS-UAS PROJECT\rakatu\system\Model.php(1818): CodeIgniter\Database\BaseBuilder->get()
#5 E:\KULIAH\SEMESTER 5\RPL\UTS-UAS PROJECT\rakatu\app\Models\AdminModel.php(36): CodeIgniter\Model->__call('get', Array)
#6 E:\KULIAH\SEMESTER 5\RPL\UTS-UAS PROJECT\rakatu\app\Controllers\Dashboard.php(25): App\Models\AdminModel->getDataAdmin('dian_farra28')
#7 E:\KULIAH\SEMESTER 5\RPL\UTS-UAS PROJECT\rakatu\system\CodeIgniter.php(921): App\Controllers\Dashboard->index_admin()
#8 E:\KULIAH\SEMESTER 5\RPL\UTS-UAS PROJECT\rakatu\system\CodeIgniter.php(407): CodeIgniter\CodeIgniter->runController(Object(App\Controllers\Dashboard))
#9 E:\KULIAH\SEMESTER 5\RPL\UTS-UAS PROJECT\rakatu\system\CodeIgniter.php(315): CodeIgniter\CodeIgniter->handleRequest(NULL, Object(Config\Cache), false)
#10 E:\KULIAH\SEMESTER 5\RPL\UTS-UAS PROJECT\rakatu\public\index.php(45): CodeIgniter\CodeIgniter->run()
#11 E:\KULIAH\SEMESTER 5\RPL\UTS-UAS PROJECT\rakatu\system\Commands\Server\rewrite.php(34): require_once('E:\\KULIAH\\SEMES...')
#12 {main}
CRITICAL - 2020-12-04 05:09:51 --> Undefined variable: namadepan
#0 E:\KULIAH\SEMESTER 5\RPL\UTS-UAS PROJECT\rakatu\app\Views\template.php(57): CodeIgniter\Debug\Exceptions->errorHandler(8, 'Undefined varia...', 'E:\\KULIAH\\SEMES...', 57, Array)
#1 E:\KULIAH\SEMESTER 5\RPL\UTS-UAS PROJECT\rakatu\system\View\View.php(246): include('E:\\KULIAH\\SEMES...')
#2 E:\KULIAH\SEMESTER 5\RPL\UTS-UAS PROJECT\rakatu\system\View\View.php(257): CodeIgniter\View\View->render('template', Array, true)
#3 E:\KULIAH\SEMESTER 5\RPL\UTS-UAS PROJECT\rakatu\system\Common.php(1119): CodeIgniter\View\View->render('materi_home_v', Array, true)
#4 E:\KULIAH\SEMESTER 5\RPL\UTS-UAS PROJECT\rakatu\app\Controllers\Dashboard.php(256): view('materi_home_v', Array)
#5 E:\KULIAH\SEMESTER 5\RPL\UTS-UAS PROJECT\rakatu\system\CodeIgniter.php(921): App\Controllers\Dashboard->materihome()
#6 E:\KULIAH\SEMESTER 5\RPL\UTS-UAS PROJECT\rakatu\system\CodeIgniter.php(407): CodeIgniter\CodeIgniter->runController(Object(App\Controllers\Dashboard))
#7 E:\KULIAH\SEMESTER 5\RPL\UTS-UAS PROJECT\rakatu\system\CodeIgniter.php(315): CodeIgniter\CodeIgniter->handleRequest(NULL, Object(Config\Cache), false)
#8 E:\KULIAH\SEMESTER 5\RPL\UTS-UAS PROJECT\rakatu\public\index.php(45): CodeIgniter\CodeIgniter->run()
#9 E:\KULIAH\SEMESTER 5\RPL\UTS-UAS PROJECT\rakatu\system\Commands\Server\rewrite.php(34): require_once('E:\\KULIAH\\SEMES...')
#10 {main}
CRITICAL - 2020-12-04 05:10:30 --> Undefined variable: nama
#0 E:\KULIAH\SEMESTER 5\RPL\UTS-UAS PROJECT\rakatu\app\Controllers\Dashboard.php(253): CodeIgniter\Debug\Exceptions->errorHandler(8, 'Undefined varia...', 'E:\\KULIAH\\SEMES...', 253, Array)
#1 E:\KULIAH\SEMESTER 5\RPL\UTS-UAS PROJECT\rakatu\system\CodeIgniter.php(921): App\Controllers\Dashboard->materihome()
#2 E:\KULIAH\SEMESTER 5\RPL\UTS-UAS PROJECT\rakatu\system\CodeIgniter.php(407): CodeIgniter\CodeIgniter->runController(Object(App\Controllers\Dashboard))
#3 E:\KULIAH\SEMESTER 5\RPL\UTS-UAS PROJECT\rakatu\system\CodeIgniter.php(315): CodeIgniter\CodeIgniter->handleRequest(NULL, Object(Config\Cache), false)
#4 E:\KULIAH\SEMESTER 5\RPL\UTS-UAS PROJECT\rakatu\public\index.php(45): CodeIgniter\CodeIgniter->run()
#5 E:\KULIAH\SEMESTER 5\RPL\UTS-UAS PROJECT\rakatu\system\Commands\Server\rewrite.php(34): require_once('E:\\KULIAH\\SEMES...')
#6 {main}
CRITICAL - 2020-12-04 05:54:08 --> Cannot redeclare App\Controllers\Dashboard::index_admin()
#0 [internal function]: CodeIgniter\Debug\Exceptions->shutdownHandler()
#1 {main}
CRITICAL - 2020-12-04 05:56:23 --> Invalid file: index_admin_v.php
#0 E:\KULIAH\SEMESTER 5\RPL\UTS-UAS PROJECT\rakatu\system\View\View.php(228): CodeIgniter\Exceptions\FrameworkException::forInvalidFile('index_admin_v.p...')
#1 E:\KULIAH\SEMESTER 5\RPL\UTS-UAS PROJECT\rakatu\system\Common.php(1119): CodeIgniter\View\View->render('index_admin_v', Array, true)
#2 E:\KULIAH\SEMESTER 5\RPL\UTS-UAS PROJECT\rakatu\app\Controllers\Dashboard.php(148): view('index_admin_v', Array)
#3 E:\KULIAH\SEMESTER 5\RPL\UTS-UAS PROJECT\rakatu\system\CodeIgniter.php(921): App\Controllers\Dashboard->index_admin()
#4 E:\KULIAH\SEMESTER 5\RPL\UTS-UAS PROJECT\rakatu\system\CodeIgniter.php(407): CodeIgniter\CodeIgniter->runController(Object(App\Controllers\Dashboard))
#5 E:\KULIAH\SEMESTER 5\RPL\UTS-UAS PROJECT\rakatu\system\CodeIgniter.php(315): CodeIgniter\CodeIgniter->handleRequest(NULL, Object(Config\Cache), false)
#6 E:\KULIAH\SEMESTER 5\RPL\UTS-UAS PROJECT\rakatu\public\index.php(45): CodeIgniter\CodeIgniter->run()
#7 E:\KULIAH\SEMESTER 5\RPL\UTS-UAS PROJECT\rakatu\system\Commands\Server\rewrite.php(34): require_once('E:\\KULIAH\\SEMES...')
#8 {main}
CRITICAL - 2020-12-04 05:59:26 --> syntax error, unexpected end of file
#0 E:\KULIAH\SEMESTER 5\RPL\UTS-UAS PROJECT\rakatu\system\Common.php(1119): CodeIgniter\View\View->render('index_v_admin', Array, true)
#1 E:\KULIAH\SEMESTER 5\RPL\UTS-UAS PROJECT\rakatu\app\Controllers\Dashboard.php(148): view('index_v_admin', Array)
#2 E:\KULIAH\SEMESTER 5\RPL\UTS-UAS PROJECT\rakatu\system\CodeIgniter.php(921): App\Controllers\Dashboard->index_admin()
#3 E:\KULIAH\SEMESTER 5\RPL\UTS-UAS PROJECT\rakatu\system\CodeIgniter.php(407): CodeIgniter\CodeIgniter->runController(Object(App\Controllers\Dashboard))
#4 E:\KULIAH\SEMESTER 5\RPL\UTS-UAS PROJECT\rakatu\system\CodeIgniter.php(315): CodeIgniter\CodeIgniter->handleRequest(NULL, Object(Config\Cache), false)
#5 E:\KULIAH\SEMESTER 5\RPL\UTS-UAS PROJECT\rakatu\public\index.php(45): CodeIgniter\CodeIgniter->run()
#6 E:\KULIAH\SEMESTER 5\RPL\UTS-UAS PROJECT\rakatu\system\Commands\Server\rewrite.php(34): require_once('E:\\KULIAH\\SEMES...')
#7 {main}
