CRITICAL - 2020-12-06 01:26:28 --> syntax error, unexpected '/'
#0 E:\KULIAH\SEMESTER 5\RPL\UTS-UAS PROJECT\rakatu\system\View\View.php(257): CodeIgniter\View\View->render('template', Array, true)
#1 E:\KULIAH\SEMESTER 5\RPL\UTS-UAS PROJECT\rakatu\system\Common.php(1119): CodeIgniter\View\View->render('index_v', Array, true)
#2 E:\KULIAH\SEMESTER 5\RPL\UTS-UAS PROJECT\rakatu\app\Controllers\Dashboard.php(20): view('index_v', Array)
#3 E:\KULIAH\SEMESTER 5\RPL\UTS-UAS PROJECT\rakatu\system\CodeIgniter.php(921): App\Controllers\Dashboard->index()
#4 E:\KULIAH\SEMESTER 5\RPL\UTS-UAS PROJECT\rakatu\system\CodeIgniter.php(407): CodeIgniter\CodeIgniter->runController(Object(App\Controllers\Dashboard))
#5 E:\KULIAH\SEMESTER 5\RPL\UTS-UAS PROJECT\rakatu\system\CodeIgniter.php(315): CodeIgniter\CodeIgniter->handleRequest(NULL, Object(Config\Cache), false)
#6 E:\KULIAH\SEMESTER 5\RPL\UTS-UAS PROJECT\rakatu\public\index.php(45): CodeIgniter\CodeIgniter->run()
#7 E:\KULIAH\SEMESTER 5\RPL\UTS-UAS PROJECT\rakatu\system\Commands\Server\rewrite.php(34): require_once('E:\\KULIAH\\SEMES...')
#8 {main}
CRITICAL - 2020-12-06 01:26:43 --> Undefined variable: foto
#0 E:\KULIAH\SEMESTER 5\RPL\UTS-UAS PROJECT\rakatu\app\Views\template.php(60): CodeIgniter\Debug\Exceptions->errorHandler(8, 'Undefined varia...', 'E:\\KULIAH\\SEMES...', 60, Array)
#1 E:\KULIAH\SEMESTER 5\RPL\UTS-UAS PROJECT\rakatu\system\View\View.php(246): include('E:\\KULIAH\\SEMES...')
#2 E:\KULIAH\SEMESTER 5\RPL\UTS-UAS PROJECT\rakatu\system\View\View.php(257): CodeIgniter\View\View->render('template', Array, true)
#3 E:\KULIAH\SEMESTER 5\RPL\UTS-UAS PROJECT\rakatu\system\Common.php(1119): CodeIgniter\View\View->render('index_v', Array, true)
#4 E:\KULIAH\SEMESTER 5\RPL\UTS-UAS PROJECT\rakatu\app\Controllers\Dashboard.php(20): view('index_v', Array)
#5 E:\KULIAH\SEMESTER 5\RPL\UTS-UAS PROJECT\rakatu\system\CodeIgniter.php(921): App\Controllers\Dashboard->index()
#6 E:\KULIAH\SEMESTER 5\RPL\UTS-UAS PROJECT\rakatu\system\CodeIgniter.php(407): CodeIgniter\CodeIgniter->runController(Object(App\Controllers\Dashboard))
#7 E:\KULIAH\SEMESTER 5\RPL\UTS-UAS PROJECT\rakatu\system\CodeIgniter.php(315): CodeIgniter\CodeIgniter->handleRequest(NULL, Object(Config\Cache), false)
#8 E:\KULIAH\SEMESTER 5\RPL\UTS-UAS PROJECT\rakatu\public\index.php(45): CodeIgniter\CodeIgniter->run()
#9 E:\KULIAH\SEMESTER 5\RPL\UTS-UAS PROJECT\rakatu\system\Commands\Server\rewrite.php(34): require_once('E:\\KULIAH\\SEMES...')
#10 {main}
CRITICAL - 2020-12-06 01:28:16 --> Undefined variable: foto
#0 E:\KULIAH\SEMESTER 5\RPL\UTS-UAS PROJECT\rakatu\app\Views\template.php(60): CodeIgniter\Debug\Exceptions->errorHandler(8, 'Undefined varia...', 'E:\\KULIAH\\SEMES...', 60, Array)
#1 E:\KULIAH\SEMESTER 5\RPL\UTS-UAS PROJECT\rakatu\system\View\View.php(246): include('E:\\KULIAH\\SEMES...')
#2 E:\KULIAH\SEMESTER 5\RPL\UTS-UAS PROJECT\rakatu\system\View\View.php(257): CodeIgniter\View\View->render('template', Array, true)
#3 E:\KULIAH\SEMESTER 5\RPL\UTS-UAS PROJECT\rakatu\system\Common.php(1119): CodeIgniter\View\View->render('index_v', Array, true)
#4 E:\KULIAH\SEMESTER 5\RPL\UTS-UAS PROJECT\rakatu\app\Controllers\Dashboard.php(20): view('index_v', Array)
#5 E:\KULIAH\SEMESTER 5\RPL\UTS-UAS PROJECT\rakatu\system\CodeIgniter.php(921): App\Controllers\Dashboard->index()
#6 E:\KULIAH\SEMESTER 5\RPL\UTS-UAS PROJECT\rakatu\system\CodeIgniter.php(407): CodeIgniter\CodeIgniter->runController(Object(App\Controllers\Dashboard))
#7 E:\KULIAH\SEMESTER 5\RPL\UTS-UAS PROJECT\rakatu\system\CodeIgniter.php(315): CodeIgniter\CodeIgniter->handleRequest(NULL, Object(Config\Cache), false)
#8 E:\KULIAH\SEMESTER 5\RPL\UTS-UAS PROJECT\rakatu\public\index.php(45): CodeIgniter\CodeIgniter->run()
#9 E:\KULIAH\SEMESTER 5\RPL\UTS-UAS PROJECT\rakatu\system\Commands\Server\rewrite.php(34): require_once('E:\\KULIAH\\SEMES...')
#10 {main}
CRITICAL - 2020-12-06 01:29:42 --> Undefined variable: foto
#0 E:\KULIAH\SEMESTER 5\RPL\UTS-UAS PROJECT\rakatu\app\Views\template.php(60): CodeIgniter\Debug\Exceptions->errorHandler(8, 'Undefined varia...', 'E:\\KULIAH\\SEMES...', 60, Array)
#1 E:\KULIAH\SEMESTER 5\RPL\UTS-UAS PROJECT\rakatu\system\View\View.php(246): include('E:\\KULIAH\\SEMES...')
#2 E:\KULIAH\SEMESTER 5\RPL\UTS-UAS PROJECT\rakatu\system\View\View.php(257): CodeIgniter\View\View->render('template', Array, true)
#3 E:\KULIAH\SEMESTER 5\RPL\UTS-UAS PROJECT\rakatu\system\Common.php(1119): CodeIgniter\View\View->render('index_v', Array, true)
#4 E:\KULIAH\SEMESTER 5\RPL\UTS-UAS PROJECT\rakatu\app\Controllers\Dashboard.php(20): view('index_v', Array)
#5 E:\KULIAH\SEMESTER 5\RPL\UTS-UAS PROJECT\rakatu\system\CodeIgniter.php(921): App\Controllers\Dashboard->index()
#6 E:\KULIAH\SEMESTER 5\RPL\UTS-UAS PROJECT\rakatu\system\CodeIgniter.php(407): CodeIgniter\CodeIgniter->runController(Object(App\Controllers\Dashboard))
#7 E:\KULIAH\SEMESTER 5\RPL\UTS-UAS PROJECT\rakatu\system\CodeIgniter.php(315): CodeIgniter\CodeIgniter->handleRequest(NULL, Object(Config\Cache), false)
#8 E:\KULIAH\SEMESTER 5\RPL\UTS-UAS PROJECT\rakatu\public\index.php(45): CodeIgniter\CodeIgniter->run()
#9 E:\KULIAH\SEMESTER 5\RPL\UTS-UAS PROJECT\rakatu\system\Commands\Server\rewrite.php(34): require_once('E:\\KULIAH\\SEMES...')
#10 {main}
CRITICAL - 2020-12-06 01:29:47 --> Undefined variable: foto
#0 E:\KULIAH\SEMESTER 5\RPL\UTS-UAS PROJECT\rakatu\app\Views\template.php(60): CodeIgniter\Debug\Exceptions->errorHandler(8, 'Undefined varia...', 'E:\\KULIAH\\SEMES...', 60, Array)
#1 E:\KULIAH\SEMESTER 5\RPL\UTS-UAS PROJECT\rakatu\system\View\View.php(246): include('E:\\KULIAH\\SEMES...')
#2 E:\KULIAH\SEMESTER 5\RPL\UTS-UAS PROJECT\rakatu\system\View\View.php(257): CodeIgniter\View\View->render('template', Array, true)
#3 E:\KULIAH\SEMESTER 5\RPL\UTS-UAS PROJECT\rakatu\system\Common.php(1119): CodeIgniter\View\View->render('index_v', Array, true)
#4 E:\KULIAH\SEMESTER 5\RPL\UTS-UAS PROJECT\rakatu\app\Controllers\Index.php(17): view('index_v', Array)
#5 E:\KULIAH\SEMESTER 5\RPL\UTS-UAS PROJECT\rakatu\system\CodeIgniter.php(921): App\Controllers\Index->index()
#6 E:\KULIAH\SEMESTER 5\RPL\UTS-UAS PROJECT\rakatu\system\CodeIgniter.php(407): CodeIgniter\CodeIgniter->runController(Object(App\Controllers\Index))
#7 E:\KULIAH\SEMESTER 5\RPL\UTS-UAS PROJECT\rakatu\system\CodeIgniter.php(315): CodeIgniter\CodeIgniter->handleRequest(NULL, Object(Config\Cache), false)
#8 E:\KULIAH\SEMESTER 5\RPL\UTS-UAS PROJECT\rakatu\public\index.php(45): CodeIgniter\CodeIgniter->run()
#9 E:\KULIAH\SEMESTER 5\RPL\UTS-UAS PROJECT\rakatu\system\Commands\Server\rewrite.php(34): require_once('E:\\KULIAH\\SEMES...')
#10 {main}
CRITICAL - 2020-12-06 05:51:11 --> Undefined variable: foto
#0 E:\KULIAH\SEMESTER 5\RPL\UTS-UAS PROJECT\rakatu\app\Views\template.php(60): CodeIgniter\Debug\Exceptions->errorHandler(8, 'Undefined varia...', 'E:\\KULIAH\\SEMES...', 60, Array)
#1 E:\KULIAH\SEMESTER 5\RPL\UTS-UAS PROJECT\rakatu\system\View\View.php(246): include('E:\\KULIAH\\SEMES...')
#2 E:\KULIAH\SEMESTER 5\RPL\UTS-UAS PROJECT\rakatu\system\View\View.php(257): CodeIgniter\View\View->render('template', Array, true)
#3 E:\KULIAH\SEMESTER 5\RPL\UTS-UAS PROJECT\rakatu\system\Common.php(1119): CodeIgniter\View\View->render('index_v', Array, true)
#4 E:\KULIAH\SEMESTER 5\RPL\UTS-UAS PROJECT\rakatu\app\Controllers\Dashboard.php(20): view('index_v', Array)
#5 E:\KULIAH\SEMESTER 5\RPL\UTS-UAS PROJECT\rakatu\system\CodeIgniter.php(921): App\Controllers\Dashboard->index()
#6 E:\KULIAH\SEMESTER 5\RPL\UTS-UAS PROJECT\rakatu\system\CodeIgniter.php(407): CodeIgniter\CodeIgniter->runController(Object(App\Controllers\Dashboard))
#7 E:\KULIAH\SEMESTER 5\RPL\UTS-UAS PROJECT\rakatu\system\CodeIgniter.php(315): CodeIgniter\CodeIgniter->handleRequest(NULL, Object(Config\Cache), false)
#8 E:\KULIAH\SEMESTER 5\RPL\UTS-UAS PROJECT\rakatu\public\index.php(45): CodeIgniter\CodeIgniter->run()
#9 E:\KULIAH\SEMESTER 5\RPL\UTS-UAS PROJECT\rakatu\system\Commands\Server\rewrite.php(34): require_once('E:\\KULIAH\\SEMES...')
#10 {main}
CRITICAL - 2020-12-06 06:09:39 --> Undefined variable: foto
#0 E:\KULIAH\SEMESTER 5\RPL\UTS-UAS PROJECT\rakatu\app\Views\template.php(60): CodeIgniter\Debug\Exceptions->errorHandler(8, 'Undefined varia...', 'E:\\KULIAH\\SEMES...', 60, Array)
#1 E:\KULIAH\SEMESTER 5\RPL\UTS-UAS PROJECT\rakatu\system\View\View.php(246): include('E:\\KULIAH\\SEMES...')
#2 E:\KULIAH\SEMESTER 5\RPL\UTS-UAS PROJECT\rakatu\system\View\View.php(257): CodeIgniter\View\View->render('template', Array, true)
#3 E:\KULIAH\SEMESTER 5\RPL\UTS-UAS PROJECT\rakatu\system\Common.php(1119): CodeIgniter\View\View->render('materi_home_v', Array, true)
#4 E:\KULIAH\SEMESTER 5\RPL\UTS-UAS PROJECT\rakatu\app\Controllers\Dashboard.php(284): view('materi_home_v', Array)
#5 E:\KULIAH\SEMESTER 5\RPL\UTS-UAS PROJECT\rakatu\system\CodeIgniter.php(921): App\Controllers\Dashboard->materihome()
#6 E:\KULIAH\SEMESTER 5\RPL\UTS-UAS PROJECT\rakatu\system\CodeIgniter.php(407): CodeIgniter\CodeIgniter->runController(Object(App\Controllers\Dashboard))
#7 E:\KULIAH\SEMESTER 5\RPL\UTS-UAS PROJECT\rakatu\system\CodeIgniter.php(315): CodeIgniter\CodeIgniter->handleRequest(NULL, Object(Config\Cache), false)
#8 E:\KULIAH\SEMESTER 5\RPL\UTS-UAS PROJECT\rakatu\public\index.php(45): CodeIgniter\CodeIgniter->run()
#9 E:\KULIAH\SEMESTER 5\RPL\UTS-UAS PROJECT\rakatu\system\Commands\Server\rewrite.php(34): require_once('E:\\KULIAH\\SEMES...')
#10 {main}
CRITICAL - 2020-12-06 06:24:40 --> syntax error, unexpected '}', expecting variable (T_VARIABLE) or '{' or '$'
#0 E:\KULIAH\SEMESTER 5\RPL\UTS-UAS PROJECT\rakatu\system\Router\Router.php(195): CodeIgniter\Router\Router->autoRoute('Dashboard/index')
#1 E:\KULIAH\SEMESTER 5\RPL\UTS-UAS PROJECT\rakatu\system\CodeIgniter.php(796): CodeIgniter\Router\Router->handle('Dashboard/index')
#2 E:\KULIAH\SEMESTER 5\RPL\UTS-UAS PROJECT\rakatu\system\CodeIgniter.php(367): CodeIgniter\CodeIgniter->tryToRouteIt(Object(CodeIgniter\Router\RouteCollection))
#3 E:\KULIAH\SEMESTER 5\RPL\UTS-UAS PROJECT\rakatu\system\CodeIgniter.php(315): CodeIgniter\CodeIgniter->handleRequest(NULL, Object(Config\Cache), false)
#4 E:\KULIAH\SEMESTER 5\RPL\UTS-UAS PROJECT\rakatu\public\index.php(45): CodeIgniter\CodeIgniter->run()
#5 E:\KULIAH\SEMESTER 5\RPL\UTS-UAS PROJECT\rakatu\system\Commands\Server\rewrite.php(34): require_once('E:\\KULIAH\\SEMES...')
#6 {main}
CRITICAL - 2020-12-06 06:24:58 --> syntax error, unexpected '=>' (T_DOUBLE_ARROW)
#0 E:\KULIAH\SEMESTER 5\RPL\UTS-UAS PROJECT\rakatu\system\Router\Router.php(195): CodeIgniter\Router\Router->autoRoute('Dashboard/index')
#1 E:\KULIAH\SEMESTER 5\RPL\UTS-UAS PROJECT\rakatu\system\CodeIgniter.php(796): CodeIgniter\Router\Router->handle('Dashboard/index')
#2 E:\KULIAH\SEMESTER 5\RPL\UTS-UAS PROJECT\rakatu\system\CodeIgniter.php(367): CodeIgniter\CodeIgniter->tryToRouteIt(Object(CodeIgniter\Router\RouteCollection))
#3 E:\KULIAH\SEMESTER 5\RPL\UTS-UAS PROJECT\rakatu\system\CodeIgniter.php(315): CodeIgniter\CodeIgniter->handleRequest(NULL, Object(Config\Cache), false)
#4 E:\KULIAH\SEMESTER 5\RPL\UTS-UAS PROJECT\rakatu\public\index.php(45): CodeIgniter\CodeIgniter->run()
#5 E:\KULIAH\SEMESTER 5\RPL\UTS-UAS PROJECT\rakatu\system\Commands\Server\rewrite.php(34): require_once('E:\\KULIAH\\SEMES...')
#6 {main}
CRITICAL - 2020-12-06 06:53:01 --> Undefined variable: foto
#0 E:\KULIAH\SEMESTER 5\RPL\UTS-UAS PROJECT\rakatu\app\Views\template.php(60): CodeIgniter\Debug\Exceptions->errorHandler(8, 'Undefined varia...', 'E:\\KULIAH\\SEMES...', 60, Array)
#1 E:\KULIAH\SEMESTER 5\RPL\UTS-UAS PROJECT\rakatu\system\View\View.php(246): include('E:\\KULIAH\\SEMES...')
#2 E:\KULIAH\SEMESTER 5\RPL\UTS-UAS PROJECT\rakatu\system\View\View.php(257): CodeIgniter\View\View->render('template', Array, true)
#3 E:\KULIAH\SEMESTER 5\RPL\UTS-UAS PROJECT\rakatu\system\Common.php(1119): CodeIgniter\View\View->render('flashcard_v.php', Array, true)
#4 E:\KULIAH\SEMESTER 5\RPL\UTS-UAS PROJECT\rakatu\app\Controllers\FlashCard.php(11): view('flashcard_v.php', Array)
#5 E:\KULIAH\SEMESTER 5\RPL\UTS-UAS PROJECT\rakatu\system\CodeIgniter.php(921): App\Controllers\FlashCard->kartu()
#6 E:\KULIAH\SEMESTER 5\RPL\UTS-UAS PROJECT\rakatu\system\CodeIgniter.php(407): CodeIgniter\CodeIgniter->runController(Object(App\Controllers\FlashCard))
#7 E:\KULIAH\SEMESTER 5\RPL\UTS-UAS PROJECT\rakatu\system\CodeIgniter.php(315): CodeIgniter\CodeIgniter->handleRequest(NULL, Object(Config\Cache), false)
#8 E:\KULIAH\SEMESTER 5\RPL\UTS-UAS PROJECT\rakatu\public\index.php(45): CodeIgniter\CodeIgniter->run()
#9 E:\KULIAH\SEMESTER 5\RPL\UTS-UAS PROJECT\rakatu\system\Commands\Server\rewrite.php(34): require_once('E:\\KULIAH\\SEMES...')
#10 {main}
CRITICAL - 2020-12-06 06:53:26 --> Undefined variable: foto
#0 E:\KULIAH\SEMESTER 5\RPL\UTS-UAS PROJECT\rakatu\app\Views\template.php(60): CodeIgniter\Debug\Exceptions->errorHandler(8, 'Undefined varia...', 'E:\\KULIAH\\SEMES...', 60, Array)
#1 E:\KULIAH\SEMESTER 5\RPL\UTS-UAS PROJECT\rakatu\system\View\View.php(246): include('E:\\KULIAH\\SEMES...')
#2 E:\KULIAH\SEMESTER 5\RPL\UTS-UAS PROJECT\rakatu\system\View\View.php(257): CodeIgniter\View\View->render('template', Array, true)
#3 E:\KULIAH\SEMESTER 5\RPL\UTS-UAS PROJECT\rakatu\system\Common.php(1119): CodeIgniter\View\View->render('index_v', Array, true)
#4 E:\KULIAH\SEMESTER 5\RPL\UTS-UAS PROJECT\rakatu\app\Controllers\Index.php(17): view('index_v', Array)
#5 E:\KULIAH\SEMESTER 5\RPL\UTS-UAS PROJECT\rakatu\system\CodeIgniter.php(921): App\Controllers\Index->index()
#6 E:\KULIAH\SEMESTER 5\RPL\UTS-UAS PROJECT\rakatu\system\CodeIgniter.php(407): CodeIgniter\CodeIgniter->runController(Object(App\Controllers\Index))
#7 E:\KULIAH\SEMESTER 5\RPL\UTS-UAS PROJECT\rakatu\system\CodeIgniter.php(315): CodeIgniter\CodeIgniter->handleRequest(NULL, Object(Config\Cache), false)
#8 E:\KULIAH\SEMESTER 5\RPL\UTS-UAS PROJECT\rakatu\public\index.php(45): CodeIgniter\CodeIgniter->run()
#9 E:\KULIAH\SEMESTER 5\RPL\UTS-UAS PROJECT\rakatu\system\Commands\Server\rewrite.php(34): require_once('E:\\KULIAH\\SEMES...')
#10 {main}
CRITICAL - 2020-12-06 06:53:35 --> Undefined variable: foto
#0 E:\KULIAH\SEMESTER 5\RPL\UTS-UAS PROJECT\rakatu\app\Views\template.php(60): CodeIgniter\Debug\Exceptions->errorHandler(8, 'Undefined varia...', 'E:\\KULIAH\\SEMES...', 60, Array)
#1 E:\KULIAH\SEMESTER 5\RPL\UTS-UAS PROJECT\rakatu\system\View\View.php(246): include('E:\\KULIAH\\SEMES...')
#2 E:\KULIAH\SEMESTER 5\RPL\UTS-UAS PROJECT\rakatu\system\View\View.php(257): CodeIgniter\View\View->render('template', Array, true)
#3 E:\KULIAH\SEMESTER 5\RPL\UTS-UAS PROJECT\rakatu\system\Common.php(1119): CodeIgniter\View\View->render('index_v', Array, true)
#4 E:\KULIAH\SEMESTER 5\RPL\UTS-UAS PROJECT\rakatu\app\Controllers\Index.php(17): view('index_v', Array)
#5 E:\KULIAH\SEMESTER 5\RPL\UTS-UAS PROJECT\rakatu\system\CodeIgniter.php(921): App\Controllers\Index->index()
#6 E:\KULIAH\SEMESTER 5\RPL\UTS-UAS PROJECT\rakatu\system\CodeIgniter.php(407): CodeIgniter\CodeIgniter->runController(Object(App\Controllers\Index))
#7 E:\KULIAH\SEMESTER 5\RPL\UTS-UAS PROJECT\rakatu\system\CodeIgniter.php(315): CodeIgniter\CodeIgniter->handleRequest(NULL, Object(Config\Cache), false)
#8 E:\KULIAH\SEMESTER 5\RPL\UTS-UAS PROJECT\rakatu\public\index.php(45): CodeIgniter\CodeIgniter->run()
#9 E:\KULIAH\SEMESTER 5\RPL\UTS-UAS PROJECT\rakatu\system\Commands\Server\rewrite.php(34): require_once('E:\\KULIAH\\SEMES...')
#10 {main}
CRITICAL - 2020-12-06 06:57:11 --> Undefined variable: foto
#0 E:\KULIAH\SEMESTER 5\RPL\UTS-UAS PROJECT\rakatu\app\Views\template.php(60): CodeIgniter\Debug\Exceptions->errorHandler(8, 'Undefined varia...', 'E:\\KULIAH\\SEMES...', 60, Array)
#1 E:\KULIAH\SEMESTER 5\RPL\UTS-UAS PROJECT\rakatu\system\View\View.php(246): include('E:\\KULIAH\\SEMES...')
#2 E:\KULIAH\SEMESTER 5\RPL\UTS-UAS PROJECT\rakatu\system\View\View.php(257): CodeIgniter\View\View->render('template', Array, true)
#3 E:\KULIAH\SEMESTER 5\RPL\UTS-UAS PROJECT\rakatu\system\Common.php(1119): CodeIgniter\View\View->render('index_v', Array, true)
#4 E:\KULIAH\SEMESTER 5\RPL\UTS-UAS PROJECT\rakatu\app\Controllers\Index.php(17): view('index_v', Array)
#5 E:\KULIAH\SEMESTER 5\RPL\UTS-UAS PROJECT\rakatu\system\CodeIgniter.php(921): App\Controllers\Index->index()
#6 E:\KULIAH\SEMESTER 5\RPL\UTS-UAS PROJECT\rakatu\system\CodeIgniter.php(407): CodeIgniter\CodeIgniter->runController(Object(App\Controllers\Index))
#7 E:\KULIAH\SEMESTER 5\RPL\UTS-UAS PROJECT\rakatu\system\CodeIgniter.php(315): CodeIgniter\CodeIgniter->handleRequest(NULL, Object(Config\Cache), false)
#8 E:\KULIAH\SEMESTER 5\RPL\UTS-UAS PROJECT\rakatu\public\index.php(45): CodeIgniter\CodeIgniter->run()
#9 E:\KULIAH\SEMESTER 5\RPL\UTS-UAS PROJECT\rakatu\system\Commands\Server\rewrite.php(34): require_once('E:\\KULIAH\\SEMES...')
#10 {main}
CRITICAL - 2020-12-06 06:59:03 --> Undefined variable: model
#0 E:\KULIAH\SEMESTER 5\RPL\UTS-UAS PROJECT\rakatu\app\Controllers\Index.php(13): CodeIgniter\Debug\Exceptions->errorHandler(8, 'Undefined varia...', 'E:\\KULIAH\\SEMES...', 13, Array)
#1 E:\KULIAH\SEMESTER 5\RPL\UTS-UAS PROJECT\rakatu\system\CodeIgniter.php(921): App\Controllers\Index->index()
#2 E:\KULIAH\SEMESTER 5\RPL\UTS-UAS PROJECT\rakatu\system\CodeIgniter.php(407): CodeIgniter\CodeIgniter->runController(Object(App\Controllers\Index))
#3 E:\KULIAH\SEMESTER 5\RPL\UTS-UAS PROJECT\rakatu\system\CodeIgniter.php(315): CodeIgniter\CodeIgniter->handleRequest(NULL, Object(Config\Cache), false)
#4 E:\KULIAH\SEMESTER 5\RPL\UTS-UAS PROJECT\rakatu\public\index.php(45): CodeIgniter\CodeIgniter->run()
#5 E:\KULIAH\SEMESTER 5\RPL\UTS-UAS PROJECT\rakatu\system\Commands\Server\rewrite.php(34): require_once('E:\\KULIAH\\SEMES...')
#6 {main}
CRITICAL - 2020-12-06 06:59:54 --> Undefined variable: namadepan
#0 E:\KULIAH\SEMESTER 5\RPL\UTS-UAS PROJECT\rakatu\app\Views\index_v.php(11): CodeIgniter\Debug\Exceptions->errorHandler(8, 'Undefined varia...', 'E:\\KULIAH\\SEMES...', 11, Array)
#1 E:\KULIAH\SEMESTER 5\RPL\UTS-UAS PROJECT\rakatu\system\View\View.php(246): include('E:\\KULIAH\\SEMES...')
#2 E:\KULIAH\SEMESTER 5\RPL\UTS-UAS PROJECT\rakatu\system\Common.php(1119): CodeIgniter\View\View->render('index_v', Array, true)
#3 E:\KULIAH\SEMESTER 5\RPL\UTS-UAS PROJECT\rakatu\app\Controllers\Index.php(15): view('index_v', Array)
#4 E:\KULIAH\SEMESTER 5\RPL\UTS-UAS PROJECT\rakatu\system\CodeIgniter.php(921): App\Controllers\Index->index()
#5 E:\KULIAH\SEMESTER 5\RPL\UTS-UAS PROJECT\rakatu\system\CodeIgniter.php(407): CodeIgniter\CodeIgniter->runController(Object(App\Controllers\Index))
#6 E:\KULIAH\SEMESTER 5\RPL\UTS-UAS PROJECT\rakatu\system\CodeIgniter.php(315): CodeIgniter\CodeIgniter->handleRequest(NULL, Object(Config\Cache), false)
#7 E:\KULIAH\SEMESTER 5\RPL\UTS-UAS PROJECT\rakatu\public\index.php(45): CodeIgniter\CodeIgniter->run()
#8 E:\KULIAH\SEMESTER 5\RPL\UTS-UAS PROJECT\rakatu\system\Commands\Server\rewrite.php(34): require_once('E:\\KULIAH\\SEMES...')
#9 {main}
CRITICAL - 2020-12-06 07:01:22 --> Undefined variable: foto
#0 E:\KULIAH\SEMESTER 5\RPL\UTS-UAS PROJECT\rakatu\app\Views\template.php(60): CodeIgniter\Debug\Exceptions->errorHandler(8, 'Undefined varia...', 'E:\\KULIAH\\SEMES...', 60, Array)
#1 E:\KULIAH\SEMESTER 5\RPL\UTS-UAS PROJECT\rakatu\system\View\View.php(246): include('E:\\KULIAH\\SEMES...')
#2 E:\KULIAH\SEMESTER 5\RPL\UTS-UAS PROJECT\rakatu\system\View\View.php(257): CodeIgniter\View\View->render('template', Array, true)
#3 E:\KULIAH\SEMESTER 5\RPL\UTS-UAS PROJECT\rakatu\system\Common.php(1119): CodeIgniter\View\View->render('index_v', Array, true)
#4 E:\KULIAH\SEMESTER 5\RPL\UTS-UAS PROJECT\rakatu\app\Controllers\Index.php(17): view('index_v', Array)
#5 E:\KULIAH\SEMESTER 5\RPL\UTS-UAS PROJECT\rakatu\system\CodeIgniter.php(921): App\Controllers\Index->index()
#6 E:\KULIAH\SEMESTER 5\RPL\UTS-UAS PROJECT\rakatu\system\CodeIgniter.php(407): CodeIgniter\CodeIgniter->runController(Object(App\Controllers\Index))
#7 E:\KULIAH\SEMESTER 5\RPL\UTS-UAS PROJECT\rakatu\system\CodeIgniter.php(315): CodeIgniter\CodeIgniter->handleRequest(NULL, Object(Config\Cache), false)
#8 E:\KULIAH\SEMESTER 5\RPL\UTS-UAS PROJECT\rakatu\public\index.php(45): CodeIgniter\CodeIgniter->run()
#9 E:\KULIAH\SEMESTER 5\RPL\UTS-UAS PROJECT\rakatu\system\Commands\Server\rewrite.php(34): require_once('E:\\KULIAH\\SEMES...')
#10 {main}
CRITICAL - 2020-12-06 07:06:00 --> syntax error, unexpected 'if' (T_IF), expecting ']'
#0 E:\KULIAH\SEMESTER 5\RPL\UTS-UAS PROJECT\rakatu\system\Router\Router.php(195): CodeIgniter\Router\Router->autoRoute('Form/register')
#1 E:\KULIAH\SEMESTER 5\RPL\UTS-UAS PROJECT\rakatu\system\CodeIgniter.php(796): CodeIgniter\Router\Router->handle('Form/register')
#2 E:\KULIAH\SEMESTER 5\RPL\UTS-UAS PROJECT\rakatu\system\CodeIgniter.php(367): CodeIgniter\CodeIgniter->tryToRouteIt(Object(CodeIgniter\Router\RouteCollection))
#3 E:\KULIAH\SEMESTER 5\RPL\UTS-UAS PROJECT\rakatu\system\CodeIgniter.php(315): CodeIgniter\CodeIgniter->handleRequest(NULL, Object(Config\Cache), false)
#4 E:\KULIAH\SEMESTER 5\RPL\UTS-UAS PROJECT\rakatu\public\index.php(45): CodeIgniter\CodeIgniter->run()
#5 E:\KULIAH\SEMESTER 5\RPL\UTS-UAS PROJECT\rakatu\system\Commands\Server\rewrite.php(34): require_once('E:\\KULIAH\\SEMES...')
#6 {main}
CRITICAL - 2020-12-06 07:06:25 --> syntax error, unexpected 'if' (T_IF), expecting ']'
#0 E:\KULIAH\SEMESTER 5\RPL\UTS-UAS PROJECT\rakatu\system\Router\Router.php(195): CodeIgniter\Router\Router->autoRoute('Form/register')
#1 E:\KULIAH\SEMESTER 5\RPL\UTS-UAS PROJECT\rakatu\system\CodeIgniter.php(796): CodeIgniter\Router\Router->handle('Form/register')
#2 E:\KULIAH\SEMESTER 5\RPL\UTS-UAS PROJECT\rakatu\system\CodeIgniter.php(367): CodeIgniter\CodeIgniter->tryToRouteIt(Object(CodeIgniter\Router\RouteCollection))
#3 E:\KULIAH\SEMESTER 5\RPL\UTS-UAS PROJECT\rakatu\system\CodeIgniter.php(315): CodeIgniter\CodeIgniter->handleRequest(NULL, Object(Config\Cache), false)
#4 E:\KULIAH\SEMESTER 5\RPL\UTS-UAS PROJECT\rakatu\public\index.php(45): CodeIgniter\CodeIgniter->run()
#5 E:\KULIAH\SEMESTER 5\RPL\UTS-UAS PROJECT\rakatu\system\Commands\Server\rewrite.php(34): require_once('E:\\KULIAH\\SEMES...')
#6 {main}
CRITICAL - 2020-12-06 07:07:52 --> syntax error, unexpected '=>' (T_DOUBLE_ARROW)
#0 E:\KULIAH\SEMESTER 5\RPL\UTS-UAS PROJECT\rakatu\system\Router\Router.php(195): CodeIgniter\Router\Router->autoRoute('Form/register')
#1 E:\KULIAH\SEMESTER 5\RPL\UTS-UAS PROJECT\rakatu\system\CodeIgniter.php(796): CodeIgniter\Router\Router->handle('Form/register')
#2 E:\KULIAH\SEMESTER 5\RPL\UTS-UAS PROJECT\rakatu\system\CodeIgniter.php(367): CodeIgniter\CodeIgniter->tryToRouteIt(Object(CodeIgniter\Router\RouteCollection))
#3 E:\KULIAH\SEMESTER 5\RPL\UTS-UAS PROJECT\rakatu\system\CodeIgniter.php(315): CodeIgniter\CodeIgniter->handleRequest(NULL, Object(Config\Cache), false)
#4 E:\KULIAH\SEMESTER 5\RPL\UTS-UAS PROJECT\rakatu\public\index.php(45): CodeIgniter\CodeIgniter->run()
#5 E:\KULIAH\SEMESTER 5\RPL\UTS-UAS PROJECT\rakatu\system\Commands\Server\rewrite.php(34): require_once('E:\\KULIAH\\SEMES...')
#6 {main}
CRITICAL - 2020-12-06 07:13:45 --> Undefined variable: foto
#0 E:\KULIAH\SEMESTER 5\RPL\UTS-UAS PROJECT\rakatu\app\Views\template.php(60): CodeIgniter\Debug\Exceptions->errorHandler(8, 'Undefined varia...', 'E:\\KULIAH\\SEMES...', 60, Array)
#1 E:\KULIAH\SEMESTER 5\RPL\UTS-UAS PROJECT\rakatu\system\View\View.php(246): include('E:\\KULIAH\\SEMES...')
#2 E:\KULIAH\SEMESTER 5\RPL\UTS-UAS PROJECT\rakatu\system\View\View.php(257): CodeIgniter\View\View->render('template', Array, true)
#3 E:\KULIAH\SEMESTER 5\RPL\UTS-UAS PROJECT\rakatu\system\Common.php(1119): CodeIgniter\View\View->render('flashcard_v.php', Array, true)
#4 E:\KULIAH\SEMESTER 5\RPL\UTS-UAS PROJECT\rakatu\app\Controllers\FlashCard.php(11): view('flashcard_v.php', Array)
#5 E:\KULIAH\SEMESTER 5\RPL\UTS-UAS PROJECT\rakatu\system\CodeIgniter.php(921): App\Controllers\FlashCard->kartu()
#6 E:\KULIAH\SEMESTER 5\RPL\UTS-UAS PROJECT\rakatu\system\CodeIgniter.php(407): CodeIgniter\CodeIgniter->runController(Object(App\Controllers\FlashCard))
#7 E:\KULIAH\SEMESTER 5\RPL\UTS-UAS PROJECT\rakatu\system\CodeIgniter.php(315): CodeIgniter\CodeIgniter->handleRequest(NULL, Object(Config\Cache), false)
#8 E:\KULIAH\SEMESTER 5\RPL\UTS-UAS PROJECT\rakatu\public\index.php(45): CodeIgniter\CodeIgniter->run()
#9 E:\KULIAH\SEMESTER 5\RPL\UTS-UAS PROJECT\rakatu\system\Commands\Server\rewrite.php(34): require_once('E:\\KULIAH\\SEMES...')
#10 {main}
CRITICAL - 2020-12-06 07:16:39 --> Class 'App\Controllers\UserModel' not found
#0 E:\KULIAH\SEMESTER 5\RPL\UTS-UAS PROJECT\rakatu\system\CodeIgniter.php(921): App\Controllers\FlashCard->kartu()
#1 E:\KULIAH\SEMESTER 5\RPL\UTS-UAS PROJECT\rakatu\system\CodeIgniter.php(407): CodeIgniter\CodeIgniter->runController(Object(App\Controllers\FlashCard))
#2 E:\KULIAH\SEMESTER 5\RPL\UTS-UAS PROJECT\rakatu\system\CodeIgniter.php(315): CodeIgniter\CodeIgniter->handleRequest(NULL, Object(Config\Cache), false)
#3 E:\KULIAH\SEMESTER 5\RPL\UTS-UAS PROJECT\rakatu\public\index.php(45): CodeIgniter\CodeIgniter->run()
#4 E:\KULIAH\SEMESTER 5\RPL\UTS-UAS PROJECT\rakatu\system\Commands\Server\rewrite.php(34): require_once('E:\\KULIAH\\SEMES...')
#5 {main}
CRITICAL - 2020-12-06 07:16:57 --> syntax error, unexpected 'class' (T_CLASS), expecting ';' or ','
#0 E:\KULIAH\SEMESTER 5\RPL\UTS-UAS PROJECT\rakatu\system\Router\Router.php(195): CodeIgniter\Router\Router->autoRoute('FlashCard/kartu')
#1 E:\KULIAH\SEMESTER 5\RPL\UTS-UAS PROJECT\rakatu\system\CodeIgniter.php(796): CodeIgniter\Router\Router->handle('FlashCard/kartu')
#2 E:\KULIAH\SEMESTER 5\RPL\UTS-UAS PROJECT\rakatu\system\CodeIgniter.php(367): CodeIgniter\CodeIgniter->tryToRouteIt(Object(CodeIgniter\Router\RouteCollection))
#3 E:\KULIAH\SEMESTER 5\RPL\UTS-UAS PROJECT\rakatu\system\CodeIgniter.php(315): CodeIgniter\CodeIgniter->handleRequest(NULL, Object(Config\Cache), false)
#4 E:\KULIAH\SEMESTER 5\RPL\UTS-UAS PROJECT\rakatu\public\index.php(45): CodeIgniter\CodeIgniter->run()
#5 E:\KULIAH\SEMESTER 5\RPL\UTS-UAS PROJECT\rakatu\system\Commands\Server\rewrite.php(34): require_once('E:\\KULIAH\\SEMES...')
#6 {main}
CRITICAL - 2020-12-06 07:17:03 --> Undefined variable: username
#0 E:\KULIAH\SEMESTER 5\RPL\UTS-UAS PROJECT\rakatu\app\Controllers\FlashCard.php(10): CodeIgniter\Debug\Exceptions->errorHandler(8, 'Undefined varia...', 'E:\\KULIAH\\SEMES...', 10, Array)
#1 E:\KULIAH\SEMESTER 5\RPL\UTS-UAS PROJECT\rakatu\system\CodeIgniter.php(921): App\Controllers\FlashCard->kartu()
#2 E:\KULIAH\SEMESTER 5\RPL\UTS-UAS PROJECT\rakatu\system\CodeIgniter.php(407): CodeIgniter\CodeIgniter->runController(Object(App\Controllers\FlashCard))
#3 E:\KULIAH\SEMESTER 5\RPL\UTS-UAS PROJECT\rakatu\system\CodeIgniter.php(315): CodeIgniter\CodeIgniter->handleRequest(NULL, Object(Config\Cache), false)
#4 E:\KULIAH\SEMESTER 5\RPL\UTS-UAS PROJECT\rakatu\public\index.php(45): CodeIgniter\CodeIgniter->run()
#5 E:\KULIAH\SEMESTER 5\RPL\UTS-UAS PROJECT\rakatu\system\Commands\Server\rewrite.php(34): require_once('E:\\KULIAH\\SEMES...')
#6 {main}
CRITICAL - 2020-12-06 07:17:38 --> Undefined variable: session
#0 E:\KULIAH\SEMESTER 5\RPL\UTS-UAS PROJECT\rakatu\app\Controllers\FlashCard.php(10): CodeIgniter\Debug\Exceptions->errorHandler(8, 'Undefined varia...', 'E:\\KULIAH\\SEMES...', 10, Array)
#1 E:\KULIAH\SEMESTER 5\RPL\UTS-UAS PROJECT\rakatu\system\CodeIgniter.php(921): App\Controllers\FlashCard->kartu()
#2 E:\KULIAH\SEMESTER 5\RPL\UTS-UAS PROJECT\rakatu\system\CodeIgniter.php(407): CodeIgniter\CodeIgniter->runController(Object(App\Controllers\FlashCard))
#3 E:\KULIAH\SEMESTER 5\RPL\UTS-UAS PROJECT\rakatu\system\CodeIgniter.php(315): CodeIgniter\CodeIgniter->handleRequest(NULL, Object(Config\Cache), false)
#4 E:\KULIAH\SEMESTER 5\RPL\UTS-UAS PROJECT\rakatu\public\index.php(45): CodeIgniter\CodeIgniter->run()
#5 E:\KULIAH\SEMESTER 5\RPL\UTS-UAS PROJECT\rakatu\system\Commands\Server\rewrite.php(34): require_once('E:\\KULIAH\\SEMES...')
#6 {main}
CRITICAL - 2020-12-06 07:17:53 --> Undefined variable: nama
#0 E:\KULIAH\SEMESTER 5\RPL\UTS-UAS PROJECT\rakatu\app\Controllers\FlashCard.php(13): CodeIgniter\Debug\Exceptions->errorHandler(8, 'Undefined varia...', 'E:\\KULIAH\\SEMES...', 13, Array)
#1 E:\KULIAH\SEMESTER 5\RPL\UTS-UAS PROJECT\rakatu\system\CodeIgniter.php(921): App\Controllers\FlashCard->kartu()
#2 E:\KULIAH\SEMESTER 5\RPL\UTS-UAS PROJECT\rakatu\system\CodeIgniter.php(407): CodeIgniter\CodeIgniter->runController(Object(App\Controllers\FlashCard))
#3 E:\KULIAH\SEMESTER 5\RPL\UTS-UAS PROJECT\rakatu\system\CodeIgniter.php(315): CodeIgniter\CodeIgniter->handleRequest(NULL, Object(Config\Cache), false)
#4 E:\KULIAH\SEMESTER 5\RPL\UTS-UAS PROJECT\rakatu\public\index.php(45): CodeIgniter\CodeIgniter->run()
#5 E:\KULIAH\SEMESTER 5\RPL\UTS-UAS PROJECT\rakatu\system\Commands\Server\rewrite.php(34): require_once('E:\\KULIAH\\SEMES...')
#6 {main}
CRITICAL - 2020-12-06 07:21:33 --> syntax error, unexpected '}', expecting end of file
#0 E:\KULIAH\SEMESTER 5\RPL\UTS-UAS PROJECT\rakatu\system\Router\Router.php(195): CodeIgniter\Router\Router->autoRoute('FlashCard/kartu')
#1 E:\KULIAH\SEMESTER 5\RPL\UTS-UAS PROJECT\rakatu\system\CodeIgniter.php(796): CodeIgniter\Router\Router->handle('FlashCard/kartu')
#2 E:\KULIAH\SEMESTER 5\RPL\UTS-UAS PROJECT\rakatu\system\CodeIgniter.php(367): CodeIgniter\CodeIgniter->tryToRouteIt(Object(CodeIgniter\Router\RouteCollection))
#3 E:\KULIAH\SEMESTER 5\RPL\UTS-UAS PROJECT\rakatu\system\CodeIgniter.php(315): CodeIgniter\CodeIgniter->handleRequest(NULL, Object(Config\Cache), false)
#4 E:\KULIAH\SEMESTER 5\RPL\UTS-UAS PROJECT\rakatu\public\index.php(45): CodeIgniter\CodeIgniter->run()
#5 E:\KULIAH\SEMESTER 5\RPL\UTS-UAS PROJECT\rakatu\system\Commands\Server\rewrite.php(34): require_once('E:\\KULIAH\\SEMES...')
#6 {main}
CRITICAL - 2020-12-06 07:56:15 --> Undefined variable: namadepan
#0 E:\KULIAH\SEMESTER 5\RPL\UTS-UAS PROJECT\rakatu\app\Views\index_v.php(11): CodeIgniter\Debug\Exceptions->errorHandler(8, 'Undefined varia...', 'E:\\KULIAH\\SEMES...', 11, Array)
#1 E:\KULIAH\SEMESTER 5\RPL\UTS-UAS PROJECT\rakatu\system\View\View.php(246): include('E:\\KULIAH\\SEMES...')
#2 E:\KULIAH\SEMESTER 5\RPL\UTS-UAS PROJECT\rakatu\system\Common.php(1119): CodeIgniter\View\View->render('index_v', Array, true)
#3 E:\KULIAH\SEMESTER 5\RPL\UTS-UAS PROJECT\rakatu\app\Controllers\Dashboard.php(20): view('index_v', Array)
#4 E:\KULIAH\SEMESTER 5\RPL\UTS-UAS PROJECT\rakatu\system\CodeIgniter.php(921): App\Controllers\Dashboard->index()
#5 E:\KULIAH\SEMESTER 5\RPL\UTS-UAS PROJECT\rakatu\system\CodeIgniter.php(407): CodeIgniter\CodeIgniter->runController(Object(App\Controllers\Dashboard))
#6 E:\KULIAH\SEMESTER 5\RPL\UTS-UAS PROJECT\rakatu\system\CodeIgniter.php(315): CodeIgniter\CodeIgniter->handleRequest(NULL, Object(Config\Cache), false)
#7 E:\KULIAH\SEMESTER 5\RPL\UTS-UAS PROJECT\rakatu\public\index.php(45): CodeIgniter\CodeIgniter->run()
#8 E:\KULIAH\SEMESTER 5\RPL\UTS-UAS PROJECT\rakatu\system\Commands\Server\rewrite.php(34): require_once('E:\\KULIAH\\SEMES...')
#9 {main}
CRITICAL - 2020-12-06 08:00:29 --> Undefined variable: id_user
#0 E:\KULIAH\SEMESTER 5\RPL\UTS-UAS PROJECT\rakatu\app\Views\profil_admin_v.php(53): CodeIgniter\Debug\Exceptions->errorHandler(8, 'Undefined varia...', 'E:\\KULIAH\\SEMES...', 53, Array)
#1 E:\KULIAH\SEMESTER 5\RPL\UTS-UAS PROJECT\rakatu\system\View\View.php(246): include('E:\\KULIAH\\SEMES...')
#2 E:\KULIAH\SEMESTER 5\RPL\UTS-UAS PROJECT\rakatu\system\Common.php(1119): CodeIgniter\View\View->render('profil_admin_v', Array, true)
#3 E:\KULIAH\SEMESTER 5\RPL\UTS-UAS PROJECT\rakatu\app\Controllers\Dashboard.php(191): view('profil_admin_v', Array)
#4 E:\KULIAH\SEMESTER 5\RPL\UTS-UAS PROJECT\rakatu\system\CodeIgniter.php(921): App\Controllers\Dashboard->ProfilAdmin()
#5 E:\KULIAH\SEMESTER 5\RPL\UTS-UAS PROJECT\rakatu\system\CodeIgniter.php(407): CodeIgniter\CodeIgniter->runController(Object(App\Controllers\Dashboard))
#6 E:\KULIAH\SEMESTER 5\RPL\UTS-UAS PROJECT\rakatu\system\CodeIgniter.php(315): CodeIgniter\CodeIgniter->handleRequest(NULL, Object(Config\Cache), false)
#7 E:\KULIAH\SEMESTER 5\RPL\UTS-UAS PROJECT\rakatu\public\index.php(45): CodeIgniter\CodeIgniter->run()
#8 E:\KULIAH\SEMESTER 5\RPL\UTS-UAS PROJECT\rakatu\system\Commands\Server\rewrite.php(34): require_once('E:\\KULIAH\\SEMES...')
#9 {main}
CRITICAL - 2020-12-06 08:01:27 --> Undefined variable: foto
#0 E:\KULIAH\SEMESTER 5\RPL\UTS-UAS PROJECT\rakatu\app\Views\edit_profil_user_v.php(11): CodeIgniter\Debug\Exceptions->errorHandler(8, 'Undefined varia...', 'E:\\KULIAH\\SEMES...', 11, Array)
#1 E:\KULIAH\SEMESTER 5\RPL\UTS-UAS PROJECT\rakatu\system\View\View.php(246): include('E:\\KULIAH\\SEMES...')
#2 E:\KULIAH\SEMESTER 5\RPL\UTS-UAS PROJECT\rakatu\system\Common.php(1119): CodeIgniter\View\View->render('edit_profil_use...', Array, true)
#3 E:\KULIAH\SEMESTER 5\RPL\UTS-UAS PROJECT\rakatu\app\Controllers\Dashboard.php(80): view('edit_profil_use...', Array)
#4 E:\KULIAH\SEMESTER 5\RPL\UTS-UAS PROJECT\rakatu\system\CodeIgniter.php(921): App\Controllers\Dashboard->editProfilUser()
#5 E:\KULIAH\SEMESTER 5\RPL\UTS-UAS PROJECT\rakatu\system\CodeIgniter.php(407): CodeIgniter\CodeIgniter->runController(Object(App\Controllers\Dashboard))
#6 E:\KULIAH\SEMESTER 5\RPL\UTS-UAS PROJECT\rakatu\system\CodeIgniter.php(315): CodeIgniter\CodeIgniter->handleRequest(NULL, Object(Config\Cache), false)
#7 E:\KULIAH\SEMESTER 5\RPL\UTS-UAS PROJECT\rakatu\public\index.php(45): CodeIgniter\CodeIgniter->run()
#8 E:\KULIAH\SEMESTER 5\RPL\UTS-UAS PROJECT\rakatu\system\Commands\Server\rewrite.php(34): require_once('E:\\KULIAH\\SEMES...')
#9 {main}
CRITICAL - 2020-12-06 08:12:00 --> Undefined variable: namadepan
#0 E:\KULIAH\SEMESTER 5\RPL\UTS-UAS PROJECT\rakatu\app\Views\index_v.php(11): CodeIgniter\Debug\Exceptions->errorHandler(8, 'Undefined varia...', 'E:\\KULIAH\\SEMES...', 11, Array)
#1 E:\KULIAH\SEMESTER 5\RPL\UTS-UAS PROJECT\rakatu\system\View\View.php(246): include('E:\\KULIAH\\SEMES...')
#2 E:\KULIAH\SEMESTER 5\RPL\UTS-UAS PROJECT\rakatu\system\Common.php(1119): CodeIgniter\View\View->render('index_v', Array, true)
#3 E:\KULIAH\SEMESTER 5\RPL\UTS-UAS PROJECT\rakatu\app\Controllers\Dashboard.php(20): view('index_v', Array)
#4 E:\KULIAH\SEMESTER 5\RPL\UTS-UAS PROJECT\rakatu\system\CodeIgniter.php(921): App\Controllers\Dashboard->index()
#5 E:\KULIAH\SEMESTER 5\RPL\UTS-UAS PROJECT\rakatu\system\CodeIgniter.php(407): CodeIgniter\CodeIgniter->runController(Object(App\Controllers\Dashboard))
#6 E:\KULIAH\SEMESTER 5\RPL\UTS-UAS PROJECT\rakatu\system\CodeIgniter.php(315): CodeIgniter\CodeIgniter->handleRequest(NULL, Object(Config\Cache), false)
#7 E:\KULIAH\SEMESTER 5\RPL\UTS-UAS PROJECT\rakatu\public\index.php(45): CodeIgniter\CodeIgniter->run()
#8 E:\KULIAH\SEMESTER 5\RPL\UTS-UAS PROJECT\rakatu\system\Commands\Server\rewrite.php(34): require_once('E:\\KULIAH\\SEMES...')
#9 {main}
CRITICAL - 2020-12-06 08:12:51 --> Undefined variable: namadepan
#0 E:\KULIAH\SEMESTER 5\RPL\UTS-UAS PROJECT\rakatu\app\Views\index_v.php(11): CodeIgniter\Debug\Exceptions->errorHandler(8, 'Undefined varia...', 'E:\\KULIAH\\SEMES...', 11, Array)
#1 E:\KULIAH\SEMESTER 5\RPL\UTS-UAS PROJECT\rakatu\system\View\View.php(246): include('E:\\KULIAH\\SEMES...')
#2 E:\KULIAH\SEMESTER 5\RPL\UTS-UAS PROJECT\rakatu\system\Common.php(1119): CodeIgniter\View\View->render('index_v', Array, true)
#3 E:\KULIAH\SEMESTER 5\RPL\UTS-UAS PROJECT\rakatu\app\Controllers\Dashboard.php(20): view('index_v', Array)
#4 E:\KULIAH\SEMESTER 5\RPL\UTS-UAS PROJECT\rakatu\system\CodeIgniter.php(921): App\Controllers\Dashboard->index()
#5 E:\KULIAH\SEMESTER 5\RPL\UTS-UAS PROJECT\rakatu\system\CodeIgniter.php(407): CodeIgniter\CodeIgniter->runController(Object(App\Controllers\Dashboard))
#6 E:\KULIAH\SEMESTER 5\RPL\UTS-UAS PROJECT\rakatu\system\CodeIgniter.php(315): CodeIgniter\CodeIgniter->handleRequest(NULL, Object(Config\Cache), false)
#7 E:\KULIAH\SEMESTER 5\RPL\UTS-UAS PROJECT\rakatu\public\index.php(45): CodeIgniter\CodeIgniter->run()
#8 E:\KULIAH\SEMESTER 5\RPL\UTS-UAS PROJECT\rakatu\system\Commands\Server\rewrite.php(34): require_once('E:\\KULIAH\\SEMES...')
#9 {main}
CRITICAL - 2020-12-06 08:13:17 --> Undefined variable: namadepan
#0 E:\KULIAH\SEMESTER 5\RPL\UTS-UAS PROJECT\rakatu\app\Views\index_v.php(11): CodeIgniter\Debug\Exceptions->errorHandler(8, 'Undefined varia...', 'E:\\KULIAH\\SEMES...', 11, Array)
#1 E:\KULIAH\SEMESTER 5\RPL\UTS-UAS PROJECT\rakatu\system\View\View.php(246): include('E:\\KULIAH\\SEMES...')
#2 E:\KULIAH\SEMESTER 5\RPL\UTS-UAS PROJECT\rakatu\system\Common.php(1119): CodeIgniter\View\View->render('index_v', Array, true)
#3 E:\KULIAH\SEMESTER 5\RPL\UTS-UAS PROJECT\rakatu\app\Controllers\Dashboard.php(20): view('index_v', Array)
#4 E:\KULIAH\SEMESTER 5\RPL\UTS-UAS PROJECT\rakatu\system\CodeIgniter.php(921): App\Controllers\Dashboard->index()
#5 E:\KULIAH\SEMESTER 5\RPL\UTS-UAS PROJECT\rakatu\system\CodeIgniter.php(407): CodeIgniter\CodeIgniter->runController(Object(App\Controllers\Dashboard))
#6 E:\KULIAH\SEMESTER 5\RPL\UTS-UAS PROJECT\rakatu\system\CodeIgniter.php(315): CodeIgniter\CodeIgniter->handleRequest(NULL, Object(Config\Cache), false)
#7 E:\KULIAH\SEMESTER 5\RPL\UTS-UAS PROJECT\rakatu\public\index.php(45): CodeIgniter\CodeIgniter->run()
#8 E:\KULIAH\SEMESTER 5\RPL\UTS-UAS PROJECT\rakatu\system\Commands\Server\rewrite.php(34): require_once('E:\\KULIAH\\SEMES...')
#9 {main}
CRITICAL - 2020-12-06 08:13:21 --> Undefined variable: namadepan
#0 E:\KULIAH\SEMESTER 5\RPL\UTS-UAS PROJECT\rakatu\app\Views\index_v.php(11): CodeIgniter\Debug\Exceptions->errorHandler(8, 'Undefined varia...', 'E:\\KULIAH\\SEMES...', 11, Array)
#1 E:\KULIAH\SEMESTER 5\RPL\UTS-UAS PROJECT\rakatu\system\View\View.php(246): include('E:\\KULIAH\\SEMES...')
#2 E:\KULIAH\SEMESTER 5\RPL\UTS-UAS PROJECT\rakatu\system\Common.php(1119): CodeIgniter\View\View->render('index_v', Array, true)
#3 E:\KULIAH\SEMESTER 5\RPL\UTS-UAS PROJECT\rakatu\app\Controllers\Dashboard.php(20): view('index_v', Array)
#4 E:\KULIAH\SEMESTER 5\RPL\UTS-UAS PROJECT\rakatu\system\CodeIgniter.php(921): App\Controllers\Dashboard->index()
#5 E:\KULIAH\SEMESTER 5\RPL\UTS-UAS PROJECT\rakatu\system\CodeIgniter.php(407): CodeIgniter\CodeIgniter->runController(Object(App\Controllers\Dashboard))
#6 E:\KULIAH\SEMESTER 5\RPL\UTS-UAS PROJECT\rakatu\system\CodeIgniter.php(315): CodeIgniter\CodeIgniter->handleRequest(NULL, Object(Config\Cache), false)
#7 E:\KULIAH\SEMESTER 5\RPL\UTS-UAS PROJECT\rakatu\public\index.php(45): CodeIgniter\CodeIgniter->run()
#8 E:\KULIAH\SEMESTER 5\RPL\UTS-UAS PROJECT\rakatu\system\Commands\Server\rewrite.php(34): require_once('E:\\KULIAH\\SEMES...')
#9 {main}
CRITICAL - 2020-12-06 09:13:44 --> Undefined variable: foto
#0 E:\KULIAH\SEMESTER 5\RPL\UTS-UAS PROJECT\rakatu\app\Views\template.php(60): CodeIgniter\Debug\Exceptions->errorHandler(8, 'Undefined varia...', 'E:\\KULIAH\\SEMES...', 60, Array)
#1 E:\KULIAH\SEMESTER 5\RPL\UTS-UAS PROJECT\rakatu\system\View\View.php(246): include('E:\\KULIAH\\SEMES...')
#2 E:\KULIAH\SEMESTER 5\RPL\UTS-UAS PROJECT\rakatu\system\View\View.php(257): CodeIgniter\View\View->render('template', Array, true)
#3 E:\KULIAH\SEMESTER 5\RPL\UTS-UAS PROJECT\rakatu\system\Common.php(1119): CodeIgniter\View\View->render('flashcard_v.php', Array, true)
#4 E:\KULIAH\SEMESTER 5\RPL\UTS-UAS PROJECT\rakatu\app\Controllers\FlashCard.php(14): view('flashcard_v.php', Array)
#5 E:\KULIAH\SEMESTER 5\RPL\UTS-UAS PROJECT\rakatu\system\CodeIgniter.php(921): App\Controllers\FlashCard->kartu()
#6 E:\KULIAH\SEMESTER 5\RPL\UTS-UAS PROJECT\rakatu\system\CodeIgniter.php(407): CodeIgniter\CodeIgniter->runController(Object(App\Controllers\FlashCard))
#7 E:\KULIAH\SEMESTER 5\RPL\UTS-UAS PROJECT\rakatu\system\CodeIgniter.php(315): CodeIgniter\CodeIgniter->handleRequest(NULL, Object(Config\Cache), false)
#8 E:\KULIAH\SEMESTER 5\RPL\UTS-UAS PROJECT\rakatu\public\index.php(45): CodeIgniter\CodeIgniter->run()
#9 E:\KULIAH\SEMESTER 5\RPL\UTS-UAS PROJECT\rakatu\system\Commands\Server\rewrite.php(34): require_once('E:\\KULIAH\\SEMES...')
#10 {main}
CRITICAL - 2020-12-06 09:13:45 --> Undefined variable: foto
#0 E:\KULIAH\SEMESTER 5\RPL\UTS-UAS PROJECT\rakatu\app\Views\template.php(60): CodeIgniter\Debug\Exceptions->errorHandler(8, 'Undefined varia...', 'E:\\KULIAH\\SEMES...', 60, Array)
#1 E:\KULIAH\SEMESTER 5\RPL\UTS-UAS PROJECT\rakatu\system\View\View.php(246): include('E:\\KULIAH\\SEMES...')
#2 E:\KULIAH\SEMESTER 5\RPL\UTS-UAS PROJECT\rakatu\system\View\View.php(257): CodeIgniter\View\View->render('template', Array, true)
#3 E:\KULIAH\SEMESTER 5\RPL\UTS-UAS PROJECT\rakatu\system\Common.php(1119): CodeIgniter\View\View->render('flashcard_v.php', Array, true)
#4 E:\KULIAH\SEMESTER 5\RPL\UTS-UAS PROJECT\rakatu\app\Controllers\FlashCard.php(14): view('flashcard_v.php', Array)
#5 E:\KULIAH\SEMESTER 5\RPL\UTS-UAS PROJECT\rakatu\system\CodeIgniter.php(921): App\Controllers\FlashCard->kartu()
#6 E:\KULIAH\SEMESTER 5\RPL\UTS-UAS PROJECT\rakatu\system\CodeIgniter.php(407): CodeIgniter\CodeIgniter->runController(Object(App\Controllers\FlashCard))
#7 E:\KULIAH\SEMESTER 5\RPL\UTS-UAS PROJECT\rakatu\system\CodeIgniter.php(315): CodeIgniter\CodeIgniter->handleRequest(NULL, Object(Config\Cache), false)
#8 E:\KULIAH\SEMESTER 5\RPL\UTS-UAS PROJECT\rakatu\public\index.php(45): CodeIgniter\CodeIgniter->run()
#9 E:\KULIAH\SEMESTER 5\RPL\UTS-UAS PROJECT\rakatu\system\Commands\Server\rewrite.php(34): require_once('E:\\KULIAH\\SEMES...')
#10 {main}
CRITICAL - 2020-12-06 09:26:36 --> Undefined variable: foto
#0 E:\KULIAH\SEMESTER 5\RPL\UTS-UAS PROJECT\rakatu\app\Views\template.php(60): CodeIgniter\Debug\Exceptions->errorHandler(8, 'Undefined varia...', 'E:\\KULIAH\\SEMES...', 60, Array)
#1 E:\KULIAH\SEMESTER 5\RPL\UTS-UAS PROJECT\rakatu\system\View\View.php(246): include('E:\\KULIAH\\SEMES...')
#2 E:\KULIAH\SEMESTER 5\RPL\UTS-UAS PROJECT\rakatu\system\View\View.php(257): CodeIgniter\View\View->render('template', Array, true)
#3 E:\KULIAH\SEMESTER 5\RPL\UTS-UAS PROJECT\rakatu\system\Common.php(1119): CodeIgniter\View\View->render('flashcard_v.php', Array, true)
#4 E:\KULIAH\SEMESTER 5\RPL\UTS-UAS PROJECT\rakatu\app\Controllers\FlashCard.php(14): view('flashcard_v.php', Array)
#5 E:\KULIAH\SEMESTER 5\RPL\UTS-UAS PROJECT\rakatu\system\CodeIgniter.php(921): App\Controllers\FlashCard->kartu()
#6 E:\KULIAH\SEMESTER 5\RPL\UTS-UAS PROJECT\rakatu\system\CodeIgniter.php(407): CodeIgniter\CodeIgniter->runController(Object(App\Controllers\FlashCard))
#7 E:\KULIAH\SEMESTER 5\RPL\UTS-UAS PROJECT\rakatu\system\CodeIgniter.php(315): CodeIgniter\CodeIgniter->handleRequest(NULL, Object(Config\Cache), false)
#8 E:\KULIAH\SEMESTER 5\RPL\UTS-UAS PROJECT\rakatu\public\index.php(45): CodeIgniter\CodeIgniter->run()
#9 E:\KULIAH\SEMESTER 5\RPL\UTS-UAS PROJECT\rakatu\system\Commands\Server\rewrite.php(34): require_once('E:\\KULIAH\\SEMES...')
#10 {main}
CRITICAL - 2020-12-06 09:38:24 --> Undefined variable: foto
#0 E:\KULIAH\SEMESTER 5\RPL\UTS-UAS PROJECT\rakatu\app\Views\template.php(60): CodeIgniter\Debug\Exceptions->errorHandler(8, 'Undefined varia...', 'E:\\KULIAH\\SEMES...', 60, Array)
#1 E:\KULIAH\SEMESTER 5\RPL\UTS-UAS PROJECT\rakatu\system\View\View.php(246): include('E:\\KULIAH\\SEMES...')
#2 E:\KULIAH\SEMESTER 5\RPL\UTS-UAS PROJECT\rakatu\system\View\View.php(257): CodeIgniter\View\View->render('template', Array, true)
#3 E:\KULIAH\SEMESTER 5\RPL\UTS-UAS PROJECT\rakatu\system\Common.php(1119): CodeIgniter\View\View->render('flashcard_v.php', Array, true)
#4 E:\KULIAH\SEMESTER 5\RPL\UTS-UAS PROJECT\rakatu\app\Controllers\FlashCard.php(14): view('flashcard_v.php', Array)
#5 E:\KULIAH\SEMESTER 5\RPL\UTS-UAS PROJECT\rakatu\system\CodeIgniter.php(921): App\Controllers\FlashCard->kartu()
#6 E:\KULIAH\SEMESTER 5\RPL\UTS-UAS PROJECT\rakatu\system\CodeIgniter.php(407): CodeIgniter\CodeIgniter->runController(Object(App\Controllers\FlashCard))
#7 E:\KULIAH\SEMESTER 5\RPL\UTS-UAS PROJECT\rakatu\system\CodeIgniter.php(315): CodeIgniter\CodeIgniter->handleRequest(NULL, Object(Config\Cache), false)
#8 E:\KULIAH\SEMESTER 5\RPL\UTS-UAS PROJECT\rakatu\public\index.php(45): CodeIgniter\CodeIgniter->run()
#9 E:\KULIAH\SEMESTER 5\RPL\UTS-UAS PROJECT\rakatu\system\Commands\Server\rewrite.php(34): require_once('E:\\KULIAH\\SEMES...')
#10 {main}
